#017H T7  AB:004 DB:12          MREQ RD                    | Memory read from 004 -> 12
#020H T10 AB:005 DB:00          MREQ RD                    | Memory read from 005 -> 00
#053H T8  AB:0FF DB:FA          MREQ    WR                 | Memory write to  0FF <- FA
#056H T11 AB:0FE DB:BE          MREQ    WR                 | Memory write to  0FE <- BE
#017H T7  AB:004 DB:12          MREQ RD                    | Memory read from 004 -> 12
#020H T10 AB:005 DB:01          MREQ RD                    | Memory read from 005 -> 01
#053H T8  AB:0FF DB:FB          MREQ    WR                 | Memory write to  0FF <- FB
#056H T11 AB:0FE DB:BA          MREQ    WR                 | Memory write to  0FE <- BA
#017H T7  AB:004 DB:12          MREQ RD                    | Memory read from 004 -> 12
#020H T10 AB:005 DB:02          MREQ RD                    | Memory read from 005 -> 02
#053H T8  AB:0FF DB:FC          MREQ    WR                 | Memory write to  0FF <- FC
#056H T11 AB:0FE DB:BE          MREQ    WR                 | Memory write to  0FE <- BE
#017H T7  AB:004 DB:12          MREQ RD                    | Memory read from 004 -> 12
#020H T10 AB:005 DB:03          MREQ RD                    | Memory read from 005 -> 03
#053H T8  AB:0FF DB:FD          MREQ    WR                 | Memory write to  0FF <- FD
#056H T11 AB:0FE DB:BA          MREQ    WR                 | Memory write to  0FE <- BA
#017H T7  AB:004 DB:12          MREQ RD                    | Memory read from 004 -> 12
#020H T10 AB:005 DB:04          MREQ RD                    | Memory read from 005 -> 04
#053H T8  AB:0FF DB:FE          MREQ    WR                 | Memory write to  0FF <- FE
#056H T11 AB:0FE DB:BA          MREQ    WR                 | Memory write to  0FE <- BA
#017H T7  AB:004 DB:12          MREQ RD                    | Memory read from 004 -> 12
#020H T10 AB:005 DB:05          MREQ RD                    | Memory read from 005 -> 05
#053H T8  AB:0FF DB:FF          MREQ    WR                 | Memory write to  0FF <- FF
#056H T11 AB:0FE DB:BE          MREQ    WR                 | Memory write to  0FE <- BE
#017H T7  AB:004 DB:12          MREQ RD                    | Memory read from 004 -> 12
#020H T10 AB:005 DB:06          MREQ RD                    | Memory read from 005 -> 06
#053H T8  AB:0FF DB:00          MREQ    WR                 | Memory write to  0FF <- 00
#056H T11 AB:0FE DB:46          MREQ    WR                 | Memory write to  0FE <- 46
#017H T7  AB:004 DB:12          MREQ RD                    | Memory read from 004 -> 12
#020H T10 AB:005 DB:07          MREQ RD                    | Memory read from 005 -> 07
#053H T8  AB:0FF DB:01          MREQ    WR                 | Memory write to  0FF <- 01
#056H T11 AB:0FE DB:02          MREQ    WR                 | Memory write to  0FE <- 02
#017H T7  AB:004 DB:12          MREQ RD                    | Memory read from 004 -> 12
#020H T10 AB:005 DB:08          MREQ RD                    | Memory read from 005 -> 08
#053H T8  AB:0FF DB:02          MREQ    WR                 | Memory write to  0FF <- 02
#056H T11 AB:0FE DB:02          MREQ    WR                 | Memory write to  0FE <- 02
#017H T7  AB:004 DB:12          MREQ RD                    | Memory read from 004 -> 12
#020H T10 AB:005 DB:09          MREQ RD                    | Memory read from 005 -> 09
#053H T8  AB:0FF DB:03          MREQ    WR                 | Memory write to  0FF <- 03
#056H T11 AB:0FE DB:06          MREQ    WR                 | Memory write to  0FE <- 06
#017H T7  AB:004 DB:12          MREQ RD                    | Memory read from 004 -> 12
#020H T10 AB:005 DB:0A          MREQ RD                    | Memory read from 005 -> 0A
#053H T8  AB:0FF DB:04          MREQ    WR                 | Memory write to  0FF <- 04
#056H T11 AB:0FE DB:02          MREQ    WR                 | Memory write to  0FE <- 02
#017H T7  AB:004 DB:12          MREQ RD                    | Memory read from 004 -> 12
#020H T10 AB:005 DB:0B          MREQ RD                    | Memory read from 005 -> 0B
#053H T8  AB:0FF DB:05          MREQ    WR                 | Memory write to  0FF <- 05
#056H T11 AB:0FE DB:06          MREQ    WR                 | Memory write to  0FE <- 06
#017H T7  AB:004 DB:12          MREQ RD                    | Memory read from 004 -> 12
#020H T10 AB:005 DB:0C          MREQ RD                    | Memory read from 005 -> 0C
#053H T8  AB:0FF DB:06          MREQ    WR                 | Memory write to  0FF <- 06
#056H T11 AB:0FE DB:06          MREQ    WR                 | Memory write to  0FE <- 06
#017H T7  AB:004 DB:12          MREQ RD                    | Memory read from 004 -> 12
#020H T10 AB:005 DB:0D          MREQ RD                    | Memory read from 005 -> 0D
#053H T8  AB:0FF DB:07          MREQ    WR                 | Memory write to  0FF <- 07
#056H T11 AB:0FE DB:02          MREQ    WR                 | Memory write to  0FE <- 02
#017H T7  AB:004 DB:12          MREQ RD                    | Memory read from 004 -> 12
#020H T10 AB:005 DB:0E          MREQ RD                    | Memory read from 005 -> 0E
#053H T8  AB:0FF DB:08          MREQ    WR                 | Memory write to  0FF <- 08
#056H T11 AB:0FE DB:0A          MREQ    WR                 | Memory write to  0FE <- 0A
#017H T7  AB:004 DB:12          MREQ RD                    | Memory read from 004 -> 12
#020H T10 AB:005 DB:0F          MREQ RD                    | Memory read from 005 -> 0F
#053H T8  AB:0FF DB:09          MREQ    WR                 | Memory write to  0FF <- 09
#056H T11 AB:0FE DB:0E          MREQ    WR                 | Memory write to  0FE <- 0E
#017H T7  AB:004 DB:12          MREQ RD                    | Memory read from 004 -> 12
#020H T10 AB:005 DB:10          MREQ RD                    | Memory read from 005 -> 10
#053H T8  AB:0FF DB:0A          MREQ    WR                 | Memory write to  0FF <- 0A
#056H T11 AB:0FE DB:1E          MREQ    WR                 | Memory write to  0FE <- 1E
#017H T7  AB:004 DB:12          MREQ RD                    | Memory read from 004 -> 12
#020H T10 AB:005 DB:11          MREQ RD                    | Memory read from 005 -> 11
#053H T8  AB:0FF DB:0B          MREQ    WR                 | Memory write to  0FF <- 0B
#056H T11 AB:0FE DB:1A          MREQ    WR                 | Memory write to  0FE <- 1A
#017H T7  AB:004 DB:12          MREQ RD                    | Memory read from 004 -> 12
#020H T10 AB:005 DB:12          MREQ RD                    | Memory read from 005 -> 12
#053H T8  AB:0FF DB:0C          MREQ    WR                 | Memory write to  0FF <- 0C
#056H T11 AB:0FE DB:1E          MREQ    WR                 | Memory write to  0FE <- 1E
#017H T7  AB:004 DB:12          MREQ RD                    | Memory read from 004 -> 12
#020H T10 AB:005 DB:13          MREQ RD                    | Memory read from 005 -> 13
#053H T8  AB:0FF DB:0D          MREQ    WR                 | Memory write to  0FF <- 0D
#056H T11 AB:0FE DB:1A          MREQ    WR                 | Memory write to  0FE <- 1A
#017H T7  AB:004 DB:12          MREQ RD                    | Memory read from 004 -> 12
#020H T10 AB:005 DB:14          MREQ RD                    | Memory read from 005 -> 14
#053H T8  AB:0FF DB:0E          MREQ    WR                 | Memory write to  0FF <- 0E
#056H T11 AB:0FE DB:1A          MREQ    WR                 | Memory write to  0FE <- 1A
#017H T7  AB:004 DB:12          MREQ RD                    | Memory read from 004 -> 12
#020H T10 AB:005 DB:15          MREQ RD                    | Memory read from 005 -> 15
#053H T8  AB:0FF DB:0F          MREQ    WR                 | Memory write to  0FF <- 0F
#056H T11 AB:0FE DB:1E          MREQ    WR                 | Memory write to  0FE <- 1E
#017H T7  AB:004 DB:12          MREQ RD                    | Memory read from 004 -> 12
#020H T10 AB:005 DB:16          MREQ RD                    | Memory read from 005 -> 16
#053H T8  AB:0FF DB:10          MREQ    WR                 | Memory write to  0FF <- 10
#056H T11 AB:0FE DB:02          MREQ    WR                 | Memory write to  0FE <- 02
#017H T7  AB:004 DB:12          MREQ RD                    | Memory read from 004 -> 12
#020H T10 AB:005 DB:17          MREQ RD                    | Memory read from 005 -> 17
#053H T8  AB:0FF DB:11          MREQ    WR                 | Memory write to  0FF <- 11
#056H T11 AB:0FE DB:06          MREQ    WR                 | Memory write to  0FE <- 06
#017H T7  AB:004 DB:12          MREQ RD                    | Memory read from 004 -> 12
#020H T10 AB:005 DB:18          MREQ RD                    | Memory read from 005 -> 18
#053H T8  AB:0FF DB:12          MREQ    WR                 | Memory write to  0FF <- 12
#056H T11 AB:0FE DB:06          MREQ    WR                 | Memory write to  0FE <- 06
#017H T7  AB:004 DB:12          MREQ RD                    | Memory read from 004 -> 12
#020H T10 AB:005 DB:19          MREQ RD                    | Memory read from 005 -> 19
#053H T8  AB:0FF DB:13          MREQ    WR                 | Memory write to  0FF <- 13
#056H T11 AB:0FE DB:02          MREQ    WR                 | Memory write to  0FE <- 02
#017H T7  AB:004 DB:12          MREQ RD                    | Memory read from 004 -> 12
#020H T10 AB:005 DB:1A          MREQ RD                    | Memory read from 005 -> 1A
#053H T8  AB:0FF DB:14          MREQ    WR                 | Memory write to  0FF <- 14
#056H T11 AB:0FE DB:06          MREQ    WR                 | Memory write to  0FE <- 06
#017H T7  AB:004 DB:12          MREQ RD                    | Memory read from 004 -> 12
#020H T10 AB:005 DB:1B          MREQ RD                    | Memory read from 005 -> 1B
#053H T8  AB:0FF DB:15          MREQ    WR                 | Memory write to  0FF <- 15
#056H T11 AB:0FE DB:02          MREQ    WR                 | Memory write to  0FE <- 02
#017H T7  AB:004 DB:12          MREQ RD                    | Memory read from 004 -> 12
#020H T10 AB:005 DB:1C          MREQ RD                    | Memory read from 005 -> 1C
#053H T8  AB:0FF DB:16          MREQ    WR                 | Memory write to  0FF <- 16
#056H T11 AB:0FE DB:02          MREQ    WR                 | Memory write to  0FE <- 02
#017H T7  AB:004 DB:12          MREQ RD                    | Memory read from 004 -> 12
#020H T10 AB:005 DB:1D          MREQ RD                    | Memory read from 005 -> 1D
#053H T8  AB:0FF DB:17          MREQ    WR                 | Memory write to  0FF <- 17
#056H T11 AB:0FE DB:06          MREQ    WR                 | Memory write to  0FE <- 06
#017H T7  AB:004 DB:12          MREQ RD                    | Memory read from 004 -> 12
#020H T10 AB:005 DB:1E          MREQ RD                    | Memory read from 005 -> 1E
#053H T8  AB:0FF DB:18          MREQ    WR                 | Memory write to  0FF <- 18
#056H T11 AB:0FE DB:0E          MREQ    WR                 | Memory write to  0FE <- 0E
#017H T7  AB:004 DB:12          MREQ RD                    | Memory read from 004 -> 12
#020H T10 AB:005 DB:1F          MREQ RD                    | Memory read from 005 -> 1F
#053H T8  AB:0FF DB:19          MREQ    WR                 | Memory write to  0FF <- 19
#056H T11 AB:0FE DB:0A          MREQ    WR                 | Memory write to  0FE <- 0A
#017H T7  AB:004 DB:12          MREQ RD                    | Memory read from 004 -> 12
#020H T10 AB:005 DB:20          MREQ RD                    | Memory read from 005 -> 20
#053H T8  AB:0FF DB:1A          MREQ    WR                 | Memory write to  0FF <- 1A
#056H T11 AB:0FE DB:1A          MREQ    WR                 | Memory write to  0FE <- 1A
#017H T7  AB:004 DB:12          MREQ RD                    | Memory read from 004 -> 12
#020H T10 AB:005 DB:21          MREQ RD                    | Memory read from 005 -> 21
#053H T8  AB:0FF DB:1B          MREQ    WR                 | Memory write to  0FF <- 1B
#056H T11 AB:0FE DB:1E          MREQ    WR                 | Memory write to  0FE <- 1E
#017H T7  AB:004 DB:12          MREQ RD                    | Memory read from 004 -> 12
#020H T10 AB:005 DB:22          MREQ RD                    | Memory read from 005 -> 22
#053H T8  AB:0FF DB:1C          MREQ    WR                 | Memory write to  0FF <- 1C
#056H T11 AB:0FE DB:1A          MREQ    WR                 | Memory write to  0FE <- 1A
#017H T7  AB:004 DB:12          MREQ RD                    | Memory read from 004 -> 12
#020H T10 AB:005 DB:23          MREQ RD                    | Memory read from 005 -> 23
#053H T8  AB:0FF DB:1D          MREQ    WR                 | Memory write to  0FF <- 1D
#056H T11 AB:0FE DB:1E          MREQ    WR                 | Memory write to  0FE <- 1E
#017H T7  AB:004 DB:12          MREQ RD                    | Memory read from 004 -> 12
#020H T10 AB:005 DB:24          MREQ RD                    | Memory read from 005 -> 24
#053H T8  AB:0FF DB:1E          MREQ    WR                 | Memory write to  0FF <- 1E
#056H T11 AB:0FE DB:1E          MREQ    WR                 | Memory write to  0FE <- 1E
#017H T7  AB:004 DB:12          MREQ RD                    | Memory read from 004 -> 12
#020H T10 AB:005 DB:25          MREQ RD                    | Memory read from 005 -> 25
#053H T8  AB:0FF DB:1F          MREQ    WR                 | Memory write to  0FF <- 1F
#056H T11 AB:0FE DB:1A          MREQ    WR                 | Memory write to  0FE <- 1A
#017H T7  AB:004 DB:12          MREQ RD                    | Memory read from 004 -> 12
#020H T10 AB:005 DB:26          MREQ RD                    | Memory read from 005 -> 26
#053H T8  AB:0FF DB:20          MREQ    WR                 | Memory write to  0FF <- 20
#056H T11 AB:0FE DB:22          MREQ    WR                 | Memory write to  0FE <- 22
#017H T7  AB:004 DB:12          MREQ RD                    | Memory read from 004 -> 12
#020H T10 AB:005 DB:27          MREQ RD                    | Memory read from 005 -> 27
#053H T8  AB:0FF DB:21          MREQ    WR                 | Memory write to  0FF <- 21
#056H T11 AB:0FE DB:26          MREQ    WR                 | Memory write to  0FE <- 26
#017H T7  AB:004 DB:12          MREQ RD                    | Memory read from 004 -> 12
#020H T10 AB:005 DB:28          MREQ RD                    | Memory read from 005 -> 28
#053H T8  AB:0FF DB:22          MREQ    WR                 | Memory write to  0FF <- 22
#056H T11 AB:0FE DB:26          MREQ    WR                 | Memory write to  0FE <- 26
#017H T7  AB:004 DB:12          MREQ RD                    | Memory read from 004 -> 12
#020H T10 AB:005 DB:29          MREQ RD                    | Memory read from 005 -> 29
#053H T8  AB:0FF DB:23          MREQ    WR                 | Memory write to  0FF <- 23
#056H T11 AB:0FE DB:22          MREQ    WR                 | Memory write to  0FE <- 22
#017H T7  AB:004 DB:12          MREQ RD                    | Memory read from 004 -> 12
#020H T10 AB:005 DB:2A          MREQ RD                    | Memory read from 005 -> 2A
#053H T8  AB:0FF DB:24          MREQ    WR                 | Memory write to  0FF <- 24
#056H T11 AB:0FE DB:26          MREQ    WR                 | Memory write to  0FE <- 26
#017H T7  AB:004 DB:12          MREQ RD                    | Memory read from 004 -> 12
#020H T10 AB:005 DB:2B          MREQ RD                    | Memory read from 005 -> 2B
#053H T8  AB:0FF DB:25          MREQ    WR                 | Memory write to  0FF <- 25
#056H T11 AB:0FE DB:22          MREQ    WR                 | Memory write to  0FE <- 22
#017H T7  AB:004 DB:12          MREQ RD                    | Memory read from 004 -> 12
#020H T10 AB:005 DB:2C          MREQ RD                    | Memory read from 005 -> 2C
#053H T8  AB:0FF DB:26          MREQ    WR                 | Memory write to  0FF <- 26
#056H T11 AB:0FE DB:22          MREQ    WR                 | Memory write to  0FE <- 22
#017H T7  AB:004 DB:12          MREQ RD                    | Memory read from 004 -> 12
#020H T10 AB:005 DB:2D          MREQ RD                    | Memory read from 005 -> 2D
#053H T8  AB:0FF DB:27          MREQ    WR                 | Memory write to  0FF <- 27
#056H T11 AB:0FE DB:26          MREQ    WR                 | Memory write to  0FE <- 26
#017H T7  AB:004 DB:12          MREQ RD                    | Memory read from 004 -> 12
#020H T10 AB:005 DB:2E          MREQ RD                    | Memory read from 005 -> 2E
#053H T8  AB:0FF DB:28          MREQ    WR                 | Memory write to  0FF <- 28
#056H T11 AB:0FE DB:2E          MREQ    WR                 | Memory write to  0FE <- 2E
#017H T7  AB:004 DB:12          MREQ RD                    | Memory read from 004 -> 12
#020H T10 AB:005 DB:2F          MREQ RD                    | Memory read from 005 -> 2F
#053H T8  AB:0FF DB:29          MREQ    WR                 | Memory write to  0FF <- 29
#056H T11 AB:0FE DB:2A          MREQ    WR                 | Memory write to  0FE <- 2A
#017H T7  AB:004 DB:12          MREQ RD                    | Memory read from 004 -> 12
#020H T10 AB:005 DB:30          MREQ RD                    | Memory read from 005 -> 30
#053H T8  AB:0FF DB:2A          MREQ    WR                 | Memory write to  0FF <- 2A
#056H T11 AB:0FE DB:3A          MREQ    WR                 | Memory write to  0FE <- 3A
#017H T7  AB:004 DB:12          MREQ RD                    | Memory read from 004 -> 12
#020H T10 AB:005 DB:31          MREQ RD                    | Memory read from 005 -> 31
#053H T8  AB:0FF DB:2B          MREQ    WR                 | Memory write to  0FF <- 2B
#056H T11 AB:0FE DB:3E          MREQ    WR                 | Memory write to  0FE <- 3E
#017H T7  AB:004 DB:12          MREQ RD                    | Memory read from 004 -> 12
#020H T10 AB:005 DB:32          MREQ RD                    | Memory read from 005 -> 32
#053H T8  AB:0FF DB:2C          MREQ    WR                 | Memory write to  0FF <- 2C
#056H T11 AB:0FE DB:3A          MREQ    WR                 | Memory write to  0FE <- 3A
#017H T7  AB:004 DB:12          MREQ RD                    | Memory read from 004 -> 12
#020H T10 AB:005 DB:33          MREQ RD                    | Memory read from 005 -> 33
#053H T8  AB:0FF DB:2D          MREQ    WR                 | Memory write to  0FF <- 2D
#056H T11 AB:0FE DB:3E          MREQ    WR                 | Memory write to  0FE <- 3E
#017H T7  AB:004 DB:12          MREQ RD                    | Memory read from 004 -> 12
#020H T10 AB:005 DB:34          MREQ RD                    | Memory read from 005 -> 34
#053H T8  AB:0FF DB:2E          MREQ    WR                 | Memory write to  0FF <- 2E
#056H T11 AB:0FE DB:3E          MREQ    WR                 | Memory write to  0FE <- 3E
#017H T7  AB:004 DB:12          MREQ RD                    | Memory read from 004 -> 12
#020H T10 AB:005 DB:35          MREQ RD                    | Memory read from 005 -> 35
#053H T8  AB:0FF DB:2F          MREQ    WR                 | Memory write to  0FF <- 2F
#056H T11 AB:0FE DB:3A          MREQ    WR                 | Memory write to  0FE <- 3A
#017H T7  AB:004 DB:12          MREQ RD                    | Memory read from 004 -> 12
#020H T10 AB:005 DB:36          MREQ RD                    | Memory read from 005 -> 36
#053H T8  AB:0FF DB:30          MREQ    WR                 | Memory write to  0FF <- 30
#056H T11 AB:0FE DB:26          MREQ    WR                 | Memory write to  0FE <- 26
#017H T7  AB:004 DB:12          MREQ RD                    | Memory read from 004 -> 12
#020H T10 AB:005 DB:37          MREQ RD                    | Memory read from 005 -> 37
#053H T8  AB:0FF DB:31          MREQ    WR                 | Memory write to  0FF <- 31
#056H T11 AB:0FE DB:22          MREQ    WR                 | Memory write to  0FE <- 22
#017H T7  AB:004 DB:12          MREQ RD                    | Memory read from 004 -> 12
#020H T10 AB:005 DB:38          MREQ RD                    | Memory read from 005 -> 38
#053H T8  AB:0FF DB:32          MREQ    WR                 | Memory write to  0FF <- 32
#056H T11 AB:0FE DB:22          MREQ    WR                 | Memory write to  0FE <- 22
#017H T7  AB:004 DB:12          MREQ RD                    | Memory read from 004 -> 12
#020H T10 AB:005 DB:39          MREQ RD                    | Memory read from 005 -> 39
#053H T8  AB:0FF DB:33          MREQ    WR                 | Memory write to  0FF <- 33
#056H T11 AB:0FE DB:26          MREQ    WR                 | Memory write to  0FE <- 26
#017H T7  AB:004 DB:12          MREQ RD                    | Memory read from 004 -> 12
#020H T10 AB:005 DB:3A          MREQ RD                    | Memory read from 005 -> 3A
#053H T8  AB:0FF DB:34          MREQ    WR                 | Memory write to  0FF <- 34
#056H T11 AB:0FE DB:22          MREQ    WR                 | Memory write to  0FE <- 22
#017H T7  AB:004 DB:12          MREQ RD                    | Memory read from 004 -> 12
#020H T10 AB:005 DB:3B          MREQ RD                    | Memory read from 005 -> 3B
#053H T8  AB:0FF DB:35          MREQ    WR                 | Memory write to  0FF <- 35
#056H T11 AB:0FE DB:26          MREQ    WR                 | Memory write to  0FE <- 26
#017H T7  AB:004 DB:12          MREQ RD                    | Memory read from 004 -> 12
#020H T10 AB:005 DB:3C          MREQ RD                    | Memory read from 005 -> 3C
#053H T8  AB:0FF DB:36          MREQ    WR                 | Memory write to  0FF <- 36
#056H T11 AB:0FE DB:26          MREQ    WR                 | Memory write to  0FE <- 26
#017H T7  AB:004 DB:12          MREQ RD                    | Memory read from 004 -> 12
#020H T10 AB:005 DB:3D          MREQ RD                    | Memory read from 005 -> 3D
#053H T8  AB:0FF DB:37          MREQ    WR                 | Memory write to  0FF <- 37
#056H T11 AB:0FE DB:22          MREQ    WR                 | Memory write to  0FE <- 22
#017H T7  AB:004 DB:12          MREQ RD                    | Memory read from 004 -> 12
#020H T10 AB:005 DB:3E          MREQ RD                    | Memory read from 005 -> 3E
#053H T8  AB:0FF DB:38          MREQ    WR                 | Memory write to  0FF <- 38
#056H T11 AB:0FE DB:2A          MREQ    WR                 | Memory write to  0FE <- 2A
#017H T7  AB:004 DB:12          MREQ RD                    | Memory read from 004 -> 12
#020H T10 AB:005 DB:3F          MREQ RD                    | Memory read from 005 -> 3F
#053H T8  AB:0FF DB:39          MREQ    WR                 | Memory write to  0FF <- 39
#056H T11 AB:0FE DB:2E          MREQ    WR                 | Memory write to  0FE <- 2E
#017H T7  AB:004 DB:12          MREQ RD                    | Memory read from 004 -> 12
#020H T10 AB:005 DB:40          MREQ RD                    | Memory read from 005 -> 40
#053H T8  AB:0FF DB:3A          MREQ    WR                 | Memory write to  0FF <- 3A
#056H T11 AB:0FE DB:3E          MREQ    WR                 | Memory write to  0FE <- 3E
#017H T7  AB:004 DB:12          MREQ RD                    | Memory read from 004 -> 12
#020H T10 AB:005 DB:41          MREQ RD                    | Memory read from 005 -> 41
#053H T8  AB:0FF DB:3B          MREQ    WR                 | Memory write to  0FF <- 3B
#056H T11 AB:0FE DB:3A          MREQ    WR                 | Memory write to  0FE <- 3A
#017H T7  AB:004 DB:12          MREQ RD                    | Memory read from 004 -> 12
#020H T10 AB:005 DB:42          MREQ RD                    | Memory read from 005 -> 42
#053H T8  AB:0FF DB:3C          MREQ    WR                 | Memory write to  0FF <- 3C
#056H T11 AB:0FE DB:3E          MREQ    WR                 | Memory write to  0FE <- 3E
#017H T7  AB:004 DB:12          MREQ RD                    | Memory read from 004 -> 12
#020H T10 AB:005 DB:43          MREQ RD                    | Memory read from 005 -> 43
#053H T8  AB:0FF DB:3D          MREQ    WR                 | Memory write to  0FF <- 3D
#056H T11 AB:0FE DB:3A          MREQ    WR                 | Memory write to  0FE <- 3A
#017H T7  AB:004 DB:12          MREQ RD                    | Memory read from 004 -> 12
#020H T10 AB:005 DB:44          MREQ RD                    | Memory read from 005 -> 44
#053H T8  AB:0FF DB:3E          MREQ    WR                 | Memory write to  0FF <- 3E
#056H T11 AB:0FE DB:3A          MREQ    WR                 | Memory write to  0FE <- 3A
#017H T7  AB:004 DB:12          MREQ RD                    | Memory read from 004 -> 12
#020H T10 AB:005 DB:45          MREQ RD                    | Memory read from 005 -> 45
#053H T8  AB:0FF DB:3F          MREQ    WR                 | Memory write to  0FF <- 3F
#056H T11 AB:0FE DB:3E          MREQ    WR                 | Memory write to  0FE <- 3E
#017H T7  AB:004 DB:12          MREQ RD                    | Memory read from 004 -> 12
#020H T10 AB:005 DB:46          MREQ RD                    | Memory read from 005 -> 46
#053H T8  AB:0FF DB:40          MREQ    WR                 | Memory write to  0FF <- 40
#056H T11 AB:0FE DB:02          MREQ    WR                 | Memory write to  0FE <- 02
#017H T7  AB:004 DB:12          MREQ RD                    | Memory read from 004 -> 12
#020H T10 AB:005 DB:47          MREQ RD                    | Memory read from 005 -> 47
#053H T8  AB:0FF DB:41          MREQ    WR                 | Memory write to  0FF <- 41
#056H T11 AB:0FE DB:06          MREQ    WR                 | Memory write to  0FE <- 06
#017H T7  AB:004 DB:12          MREQ RD                    | Memory read from 004 -> 12
#020H T10 AB:005 DB:48          MREQ RD                    | Memory read from 005 -> 48
#053H T8  AB:0FF DB:42          MREQ    WR                 | Memory write to  0FF <- 42
#056H T11 AB:0FE DB:06          MREQ    WR                 | Memory write to  0FE <- 06
#017H T7  AB:004 DB:12          MREQ RD                    | Memory read from 004 -> 12
#020H T10 AB:005 DB:49          MREQ RD                    | Memory read from 005 -> 49
#053H T8  AB:0FF DB:43          MREQ    WR                 | Memory write to  0FF <- 43
#056H T11 AB:0FE DB:02          MREQ    WR                 | Memory write to  0FE <- 02
#017H T7  AB:004 DB:12          MREQ RD                    | Memory read from 004 -> 12
#020H T10 AB:005 DB:4A          MREQ RD                    | Memory read from 005 -> 4A
#053H T8  AB:0FF DB:44          MREQ    WR                 | Memory write to  0FF <- 44
#056H T11 AB:0FE DB:06          MREQ    WR                 | Memory write to  0FE <- 06
#017H T7  AB:004 DB:12          MREQ RD                    | Memory read from 004 -> 12
#020H T10 AB:005 DB:4B          MREQ RD                    | Memory read from 005 -> 4B
#053H T8  AB:0FF DB:45          MREQ    WR                 | Memory write to  0FF <- 45
#056H T11 AB:0FE DB:02          MREQ    WR                 | Memory write to  0FE <- 02
#017H T7  AB:004 DB:12          MREQ RD                    | Memory read from 004 -> 12
#020H T10 AB:005 DB:4C          MREQ RD                    | Memory read from 005 -> 4C
#053H T8  AB:0FF DB:46          MREQ    WR                 | Memory write to  0FF <- 46
#056H T11 AB:0FE DB:02          MREQ    WR                 | Memory write to  0FE <- 02
#017H T7  AB:004 DB:12          MREQ RD                    | Memory read from 004 -> 12
#020H T10 AB:005 DB:4D          MREQ RD                    | Memory read from 005 -> 4D
#053H T8  AB:0FF DB:47          MREQ    WR                 | Memory write to  0FF <- 47
#056H T11 AB:0FE DB:06          MREQ    WR                 | Memory write to  0FE <- 06
#017H T7  AB:004 DB:12          MREQ RD                    | Memory read from 004 -> 12
#020H T10 AB:005 DB:4E          MREQ RD                    | Memory read from 005 -> 4E
#053H T8  AB:0FF DB:48          MREQ    WR                 | Memory write to  0FF <- 48
#056H T11 AB:0FE DB:0E          MREQ    WR                 | Memory write to  0FE <- 0E
#017H T7  AB:004 DB:12          MREQ RD                    | Memory read from 004 -> 12
#020H T10 AB:005 DB:4F          MREQ RD                    | Memory read from 005 -> 4F
#053H T8  AB:0FF DB:49          MREQ    WR                 | Memory write to  0FF <- 49
#056H T11 AB:0FE DB:0A          MREQ    WR                 | Memory write to  0FE <- 0A
#017H T7  AB:004 DB:12          MREQ RD                    | Memory read from 004 -> 12
#020H T10 AB:005 DB:50          MREQ RD                    | Memory read from 005 -> 50
#053H T8  AB:0FF DB:4A          MREQ    WR                 | Memory write to  0FF <- 4A
#056H T11 AB:0FE DB:1A          MREQ    WR                 | Memory write to  0FE <- 1A
#017H T7  AB:004 DB:12          MREQ RD                    | Memory read from 004 -> 12
#020H T10 AB:005 DB:51          MREQ RD                    | Memory read from 005 -> 51
#053H T8  AB:0FF DB:4B          MREQ    WR                 | Memory write to  0FF <- 4B
#056H T11 AB:0FE DB:1E          MREQ    WR                 | Memory write to  0FE <- 1E
#017H T7  AB:004 DB:12          MREQ RD                    | Memory read from 004 -> 12
#020H T10 AB:005 DB:52          MREQ RD                    | Memory read from 005 -> 52
#053H T8  AB:0FF DB:4C          MREQ    WR                 | Memory write to  0FF <- 4C
#056H T11 AB:0FE DB:1A          MREQ    WR                 | Memory write to  0FE <- 1A
#017H T7  AB:004 DB:12          MREQ RD                    | Memory read from 004 -> 12
#020H T10 AB:005 DB:53          MREQ RD                    | Memory read from 005 -> 53
#053H T8  AB:0FF DB:4D          MREQ    WR                 | Memory write to  0FF <- 4D
#056H T11 AB:0FE DB:1E          MREQ    WR                 | Memory write to  0FE <- 1E
#017H T7  AB:004 DB:12          MREQ RD                    | Memory read from 004 -> 12
#020H T10 AB:005 DB:54          MREQ RD                    | Memory read from 005 -> 54
#053H T8  AB:0FF DB:4E          MREQ    WR                 | Memory write to  0FF <- 4E
#056H T11 AB:0FE DB:1E          MREQ    WR                 | Memory write to  0FE <- 1E
#017H T7  AB:004 DB:12          MREQ RD                    | Memory read from 004 -> 12
#020H T10 AB:005 DB:55          MREQ RD                    | Memory read from 005 -> 55
#053H T8  AB:0FF DB:4F          MREQ    WR                 | Memory write to  0FF <- 4F
#056H T11 AB:0FE DB:1A          MREQ    WR                 | Memory write to  0FE <- 1A
#017H T7  AB:004 DB:12          MREQ RD                    | Memory read from 004 -> 12
#020H T10 AB:005 DB:56          MREQ RD                    | Memory read from 005 -> 56
#053H T8  AB:0FF DB:50          MREQ    WR                 | Memory write to  0FF <- 50
#056H T11 AB:0FE DB:06          MREQ    WR                 | Memory write to  0FE <- 06
#017H T7  AB:004 DB:12          MREQ RD                    | Memory read from 004 -> 12
#020H T10 AB:005 DB:57          MREQ RD                    | Memory read from 005 -> 57
#053H T8  AB:0FF DB:51          MREQ    WR                 | Memory write to  0FF <- 51
#056H T11 AB:0FE DB:02          MREQ    WR                 | Memory write to  0FE <- 02
#017H T7  AB:004 DB:12          MREQ RD                    | Memory read from 004 -> 12
#020H T10 AB:005 DB:58          MREQ RD                    | Memory read from 005 -> 58
#053H T8  AB:0FF DB:52          MREQ    WR                 | Memory write to  0FF <- 52
#056H T11 AB:0FE DB:02          MREQ    WR                 | Memory write to  0FE <- 02
#017H T7  AB:004 DB:12          MREQ RD                    | Memory read from 004 -> 12
#020H T10 AB:005 DB:59          MREQ RD                    | Memory read from 005 -> 59
#053H T8  AB:0FF DB:53          MREQ    WR                 | Memory write to  0FF <- 53
#056H T11 AB:0FE DB:06          MREQ    WR                 | Memory write to  0FE <- 06
#017H T7  AB:004 DB:12          MREQ RD                    | Memory read from 004 -> 12
#020H T10 AB:005 DB:5A          MREQ RD                    | Memory read from 005 -> 5A
#053H T8  AB:0FF DB:54          MREQ    WR                 | Memory write to  0FF <- 54
#056H T11 AB:0FE DB:02          MREQ    WR                 | Memory write to  0FE <- 02
#017H T7  AB:004 DB:12          MREQ RD                    | Memory read from 004 -> 12
#020H T10 AB:005 DB:5B          MREQ RD                    | Memory read from 005 -> 5B
#053H T8  AB:0FF DB:55          MREQ    WR                 | Memory write to  0FF <- 55
#056H T11 AB:0FE DB:06          MREQ    WR                 | Memory write to  0FE <- 06
#017H T7  AB:004 DB:12          MREQ RD                    | Memory read from 004 -> 12
#020H T10 AB:005 DB:5C          MREQ RD                    | Memory read from 005 -> 5C
#053H T8  AB:0FF DB:56          MREQ    WR                 | Memory write to  0FF <- 56
#056H T11 AB:0FE DB:06          MREQ    WR                 | Memory write to  0FE <- 06
#017H T7  AB:004 DB:12          MREQ RD                    | Memory read from 004 -> 12
#020H T10 AB:005 DB:5D          MREQ RD                    | Memory read from 005 -> 5D
#053H T8  AB:0FF DB:57          MREQ    WR                 | Memory write to  0FF <- 57
#056H T11 AB:0FE DB:02          MREQ    WR                 | Memory write to  0FE <- 02
#017H T7  AB:004 DB:12          MREQ RD                    | Memory read from 004 -> 12
#020H T10 AB:005 DB:5E          MREQ RD                    | Memory read from 005 -> 5E
#053H T8  AB:0FF DB:58          MREQ    WR                 | Memory write to  0FF <- 58
#056H T11 AB:0FE DB:0A          MREQ    WR                 | Memory write to  0FE <- 0A
#017H T7  AB:004 DB:12          MREQ RD                    | Memory read from 004 -> 12
#020H T10 AB:005 DB:5F          MREQ RD                    | Memory read from 005 -> 5F
#053H T8  AB:0FF DB:59          MREQ    WR                 | Memory write to  0FF <- 59
#056H T11 AB:0FE DB:0E          MREQ    WR                 | Memory write to  0FE <- 0E
#017H T7  AB:004 DB:12          MREQ RD                    | Memory read from 004 -> 12
#020H T10 AB:005 DB:60          MREQ RD                    | Memory read from 005 -> 60
#053H T8  AB:0FF DB:5A          MREQ    WR                 | Memory write to  0FF <- 5A
#056H T11 AB:0FE DB:1E          MREQ    WR                 | Memory write to  0FE <- 1E
#017H T7  AB:004 DB:12          MREQ RD                    | Memory read from 004 -> 12
#020H T10 AB:005 DB:61          MREQ RD                    | Memory read from 005 -> 61
#053H T8  AB:0FF DB:5B          MREQ    WR                 | Memory write to  0FF <- 5B
#056H T11 AB:0FE DB:1A          MREQ    WR                 | Memory write to  0FE <- 1A
#017H T7  AB:004 DB:12          MREQ RD                    | Memory read from 004 -> 12
#020H T10 AB:005 DB:62          MREQ RD                    | Memory read from 005 -> 62
#053H T8  AB:0FF DB:5C          MREQ    WR                 | Memory write to  0FF <- 5C
#056H T11 AB:0FE DB:1E          MREQ    WR                 | Memory write to  0FE <- 1E
#017H T7  AB:004 DB:12          MREQ RD                    | Memory read from 004 -> 12
#020H T10 AB:005 DB:63          MREQ RD                    | Memory read from 005 -> 63
#053H T8  AB:0FF DB:5D          MREQ    WR                 | Memory write to  0FF <- 5D
#056H T11 AB:0FE DB:1A          MREQ    WR                 | Memory write to  0FE <- 1A
#017H T7  AB:004 DB:12          MREQ RD                    | Memory read from 004 -> 12
#020H T10 AB:005 DB:64          MREQ RD                    | Memory read from 005 -> 64
#053H T8  AB:0FF DB:5E          MREQ    WR                 | Memory write to  0FF <- 5E
#056H T11 AB:0FE DB:1A          MREQ    WR                 | Memory write to  0FE <- 1A
#017H T7  AB:004 DB:12          MREQ RD                    | Memory read from 004 -> 12
#020H T10 AB:005 DB:65          MREQ RD                    | Memory read from 005 -> 65
#053H T8  AB:0FF DB:5F          MREQ    WR                 | Memory write to  0FF <- 5F
#056H T11 AB:0FE DB:1E          MREQ    WR                 | Memory write to  0FE <- 1E
#017H T7  AB:004 DB:12          MREQ RD                    | Memory read from 004 -> 12
#020H T10 AB:005 DB:66          MREQ RD                    | Memory read from 005 -> 66
#053H T8  AB:0FF DB:60          MREQ    WR                 | Memory write to  0FF <- 60
#056H T11 AB:0FE DB:26          MREQ    WR                 | Memory write to  0FE <- 26
#017H T7  AB:004 DB:12          MREQ RD                    | Memory read from 004 -> 12
#020H T10 AB:005 DB:67          MREQ RD                    | Memory read from 005 -> 67
#053H T8  AB:0FF DB:61          MREQ    WR                 | Memory write to  0FF <- 61
#056H T11 AB:0FE DB:22          MREQ    WR                 | Memory write to  0FE <- 22
#017H T7  AB:004 DB:12          MREQ RD                    | Memory read from 004 -> 12
#020H T10 AB:005 DB:68          MREQ RD                    | Memory read from 005 -> 68
#053H T8  AB:0FF DB:62          MREQ    WR                 | Memory write to  0FF <- 62
#056H T11 AB:0FE DB:22          MREQ    WR                 | Memory write to  0FE <- 22
#017H T7  AB:004 DB:12          MREQ RD                    | Memory read from 004 -> 12
#020H T10 AB:005 DB:69          MREQ RD                    | Memory read from 005 -> 69
#053H T8  AB:0FF DB:63          MREQ    WR                 | Memory write to  0FF <- 63
#056H T11 AB:0FE DB:26          MREQ    WR                 | Memory write to  0FE <- 26
#017H T7  AB:004 DB:12          MREQ RD                    | Memory read from 004 -> 12
#020H T10 AB:005 DB:6A          MREQ RD                    | Memory read from 005 -> 6A
#053H T8  AB:0FF DB:64          MREQ    WR                 | Memory write to  0FF <- 64
#056H T11 AB:0FE DB:22          MREQ    WR                 | Memory write to  0FE <- 22
#017H T7  AB:004 DB:12          MREQ RD                    | Memory read from 004 -> 12
#020H T10 AB:005 DB:6B          MREQ RD                    | Memory read from 005 -> 6B
#053H T8  AB:0FF DB:65          MREQ    WR                 | Memory write to  0FF <- 65
#056H T11 AB:0FE DB:26          MREQ    WR                 | Memory write to  0FE <- 26
#017H T7  AB:004 DB:12          MREQ RD                    | Memory read from 004 -> 12
#020H T10 AB:005 DB:6C          MREQ RD                    | Memory read from 005 -> 6C
#053H T8  AB:0FF DB:66          MREQ    WR                 | Memory write to  0FF <- 66
#056H T11 AB:0FE DB:26          MREQ    WR                 | Memory write to  0FE <- 26
#017H T7  AB:004 DB:12          MREQ RD                    | Memory read from 004 -> 12
#020H T10 AB:005 DB:6D          MREQ RD                    | Memory read from 005 -> 6D
#053H T8  AB:0FF DB:67          MREQ    WR                 | Memory write to  0FF <- 67
#056H T11 AB:0FE DB:22          MREQ    WR                 | Memory write to  0FE <- 22
#017H T7  AB:004 DB:12          MREQ RD                    | Memory read from 004 -> 12
#020H T10 AB:005 DB:6E          MREQ RD                    | Memory read from 005 -> 6E
#053H T8  AB:0FF DB:68          MREQ    WR                 | Memory write to  0FF <- 68
#056H T11 AB:0FE DB:2A          MREQ    WR                 | Memory write to  0FE <- 2A
#017H T7  AB:004 DB:12          MREQ RD                    | Memory read from 004 -> 12
#020H T10 AB:005 DB:6F          MREQ RD                    | Memory read from 005 -> 6F
#053H T8  AB:0FF DB:69          MREQ    WR                 | Memory write to  0FF <- 69
#056H T11 AB:0FE DB:2E          MREQ    WR                 | Memory write to  0FE <- 2E
#017H T7  AB:004 DB:12          MREQ RD                    | Memory read from 004 -> 12
#020H T10 AB:005 DB:70          MREQ RD                    | Memory read from 005 -> 70
#053H T8  AB:0FF DB:6A          MREQ    WR                 | Memory write to  0FF <- 6A
#056H T11 AB:0FE DB:3E          MREQ    WR                 | Memory write to  0FE <- 3E
#017H T7  AB:004 DB:12          MREQ RD                    | Memory read from 004 -> 12
#020H T10 AB:005 DB:71          MREQ RD                    | Memory read from 005 -> 71
#053H T8  AB:0FF DB:6B          MREQ    WR                 | Memory write to  0FF <- 6B
#056H T11 AB:0FE DB:3A          MREQ    WR                 | Memory write to  0FE <- 3A
#017H T7  AB:004 DB:12          MREQ RD                    | Memory read from 004 -> 12
#020H T10 AB:005 DB:72          MREQ RD                    | Memory read from 005 -> 72
#053H T8  AB:0FF DB:6C          MREQ    WR                 | Memory write to  0FF <- 6C
#056H T11 AB:0FE DB:3E          MREQ    WR                 | Memory write to  0FE <- 3E
#017H T7  AB:004 DB:12          MREQ RD                    | Memory read from 004 -> 12
#020H T10 AB:005 DB:73          MREQ RD                    | Memory read from 005 -> 73
#053H T8  AB:0FF DB:6D          MREQ    WR                 | Memory write to  0FF <- 6D
#056H T11 AB:0FE DB:3A          MREQ    WR                 | Memory write to  0FE <- 3A
#017H T7  AB:004 DB:12          MREQ RD                    | Memory read from 004 -> 12
#020H T10 AB:005 DB:74          MREQ RD                    | Memory read from 005 -> 74
#053H T8  AB:0FF DB:6E          MREQ    WR                 | Memory write to  0FF <- 6E
#056H T11 AB:0FE DB:3A          MREQ    WR                 | Memory write to  0FE <- 3A
#017H T7  AB:004 DB:12          MREQ RD                    | Memory read from 004 -> 12
#020H T10 AB:005 DB:75          MREQ RD                    | Memory read from 005 -> 75
#053H T8  AB:0FF DB:6F          MREQ    WR                 | Memory write to  0FF <- 6F
#056H T11 AB:0FE DB:3E          MREQ    WR                 | Memory write to  0FE <- 3E
#017H T7  AB:004 DB:12          MREQ RD                    | Memory read from 004 -> 12
#020H T10 AB:005 DB:76          MREQ RD                    | Memory read from 005 -> 76
#053H T8  AB:0FF DB:70          MREQ    WR                 | Memory write to  0FF <- 70
#056H T11 AB:0FE DB:22          MREQ    WR                 | Memory write to  0FE <- 22
#017H T7  AB:004 DB:12          MREQ RD                    | Memory read from 004 -> 12
#020H T10 AB:005 DB:77          MREQ RD                    | Memory read from 005 -> 77
#053H T8  AB:0FF DB:71          MREQ    WR                 | Memory write to  0FF <- 71
#056H T11 AB:0FE DB:26          MREQ    WR                 | Memory write to  0FE <- 26
#017H T7  AB:004 DB:12          MREQ RD                    | Memory read from 004 -> 12
#020H T10 AB:005 DB:78          MREQ RD                    | Memory read from 005 -> 78
#053H T8  AB:0FF DB:72          MREQ    WR                 | Memory write to  0FF <- 72
#056H T11 AB:0FE DB:26          MREQ    WR                 | Memory write to  0FE <- 26
#017H T7  AB:004 DB:12          MREQ RD                    | Memory read from 004 -> 12
#020H T10 AB:005 DB:79          MREQ RD                    | Memory read from 005 -> 79
#053H T8  AB:0FF DB:73          MREQ    WR                 | Memory write to  0FF <- 73
#056H T11 AB:0FE DB:22          MREQ    WR                 | Memory write to  0FE <- 22
#017H T7  AB:004 DB:12          MREQ RD                    | Memory read from 004 -> 12
#020H T10 AB:005 DB:7A          MREQ RD                    | Memory read from 005 -> 7A
#053H T8  AB:0FF DB:74          MREQ    WR                 | Memory write to  0FF <- 74
#056H T11 AB:0FE DB:26          MREQ    WR                 | Memory write to  0FE <- 26
#017H T7  AB:004 DB:12          MREQ RD                    | Memory read from 004 -> 12
#020H T10 AB:005 DB:7B          MREQ RD                    | Memory read from 005 -> 7B
#053H T8  AB:0FF DB:75          MREQ    WR                 | Memory write to  0FF <- 75
#056H T11 AB:0FE DB:22          MREQ    WR                 | Memory write to  0FE <- 22
#017H T7  AB:004 DB:12          MREQ RD                    | Memory read from 004 -> 12
#020H T10 AB:005 DB:7C          MREQ RD                    | Memory read from 005 -> 7C
#053H T8  AB:0FF DB:76          MREQ    WR                 | Memory write to  0FF <- 76
#056H T11 AB:0FE DB:22          MREQ    WR                 | Memory write to  0FE <- 22
#017H T7  AB:004 DB:12          MREQ RD                    | Memory read from 004 -> 12
#020H T10 AB:005 DB:7D          MREQ RD                    | Memory read from 005 -> 7D
#053H T8  AB:0FF DB:77          MREQ    WR                 | Memory write to  0FF <- 77
#056H T11 AB:0FE DB:26          MREQ    WR                 | Memory write to  0FE <- 26
#017H T7  AB:004 DB:12          MREQ RD                    | Memory read from 004 -> 12
#020H T10 AB:005 DB:7E          MREQ RD                    | Memory read from 005 -> 7E
#053H T8  AB:0FF DB:78          MREQ    WR                 | Memory write to  0FF <- 78
#056H T11 AB:0FE DB:2E          MREQ    WR                 | Memory write to  0FE <- 2E
#017H T7  AB:004 DB:12          MREQ RD                    | Memory read from 004 -> 12
#020H T10 AB:005 DB:7F          MREQ RD                    | Memory read from 005 -> 7F
#053H T8  AB:0FF DB:79          MREQ    WR                 | Memory write to  0FF <- 79
#056H T11 AB:0FE DB:2A          MREQ    WR                 | Memory write to  0FE <- 2A
#017H T7  AB:004 DB:12          MREQ RD                    | Memory read from 004 -> 12
#020H T10 AB:005 DB:80          MREQ RD                    | Memory read from 005 -> 80
#053H T8  AB:0FF DB:7A          MREQ    WR                 | Memory write to  0FF <- 7A
#056H T11 AB:0FE DB:3A          MREQ    WR                 | Memory write to  0FE <- 3A
#017H T7  AB:004 DB:12          MREQ RD                    | Memory read from 004 -> 12
#020H T10 AB:005 DB:81          MREQ RD                    | Memory read from 005 -> 81
#053H T8  AB:0FF DB:7B          MREQ    WR                 | Memory write to  0FF <- 7B
#056H T11 AB:0FE DB:3E          MREQ    WR                 | Memory write to  0FE <- 3E
#017H T7  AB:004 DB:12          MREQ RD                    | Memory read from 004 -> 12
#020H T10 AB:005 DB:82          MREQ RD                    | Memory read from 005 -> 82
#053H T8  AB:0FF DB:7C          MREQ    WR                 | Memory write to  0FF <- 7C
#056H T11 AB:0FE DB:3A          MREQ    WR                 | Memory write to  0FE <- 3A
#017H T7  AB:004 DB:12          MREQ RD                    | Memory read from 004 -> 12
#020H T10 AB:005 DB:83          MREQ RD                    | Memory read from 005 -> 83
#053H T8  AB:0FF DB:7D          MREQ    WR                 | Memory write to  0FF <- 7D
#056H T11 AB:0FE DB:3E          MREQ    WR                 | Memory write to  0FE <- 3E
#017H T7  AB:004 DB:12          MREQ RD                    | Memory read from 004 -> 12
#020H T10 AB:005 DB:84          MREQ RD                    | Memory read from 005 -> 84
#053H T8  AB:0FF DB:7E          MREQ    WR                 | Memory write to  0FF <- 7E
#056H T11 AB:0FE DB:3E          MREQ    WR                 | Memory write to  0FE <- 3E
#017H T7  AB:004 DB:12          MREQ RD                    | Memory read from 004 -> 12
#020H T10 AB:005 DB:85          MREQ RD                    | Memory read from 005 -> 85
#053H T8  AB:0FF DB:7F          MREQ    WR                 | Memory write to  0FF <- 7F
#056H T11 AB:0FE DB:3A          MREQ    WR                 | Memory write to  0FE <- 3A
#017H T7  AB:004 DB:12          MREQ RD                    | Memory read from 004 -> 12
#020H T10 AB:005 DB:86          MREQ RD                    | Memory read from 005 -> 86
#053H T8  AB:0FF DB:80          MREQ    WR                 | Memory write to  0FF <- 80
#056H T11 AB:0FE DB:82          MREQ    WR                 | Memory write to  0FE <- 82
#017H T7  AB:004 DB:12          MREQ RD                    | Memory read from 004 -> 12
#020H T10 AB:005 DB:87          MREQ RD                    | Memory read from 005 -> 87
#053H T8  AB:0FF DB:81          MREQ    WR                 | Memory write to  0FF <- 81
#056H T11 AB:0FE DB:86          MREQ    WR                 | Memory write to  0FE <- 86
#017H T7  AB:004 DB:12          MREQ RD                    | Memory read from 004 -> 12
#020H T10 AB:005 DB:88          MREQ RD                    | Memory read from 005 -> 88
#053H T8  AB:0FF DB:82          MREQ    WR                 | Memory write to  0FF <- 82
#056H T11 AB:0FE DB:86          MREQ    WR                 | Memory write to  0FE <- 86
#017H T7  AB:004 DB:12          MREQ RD                    | Memory read from 004 -> 12
#020H T10 AB:005 DB:89          MREQ RD                    | Memory read from 005 -> 89
#053H T8  AB:0FF DB:83          MREQ    WR                 | Memory write to  0FF <- 83
#056H T11 AB:0FE DB:82          MREQ    WR                 | Memory write to  0FE <- 82
#017H T7  AB:004 DB:12          MREQ RD                    | Memory read from 004 -> 12
#020H T10 AB:005 DB:8A          MREQ RD                    | Memory read from 005 -> 8A
#053H T8  AB:0FF DB:84          MREQ    WR                 | Memory write to  0FF <- 84
#056H T11 AB:0FE DB:86          MREQ    WR                 | Memory write to  0FE <- 86
#017H T7  AB:004 DB:12          MREQ RD                    | Memory read from 004 -> 12
#020H T10 AB:005 DB:8B          MREQ RD                    | Memory read from 005 -> 8B
#053H T8  AB:0FF DB:85          MREQ    WR                 | Memory write to  0FF <- 85
#056H T11 AB:0FE DB:82          MREQ    WR                 | Memory write to  0FE <- 82
#017H T7  AB:004 DB:12          MREQ RD                    | Memory read from 004 -> 12
#020H T10 AB:005 DB:8C          MREQ RD                    | Memory read from 005 -> 8C
#053H T8  AB:0FF DB:86          MREQ    WR                 | Memory write to  0FF <- 86
#056H T11 AB:0FE DB:82          MREQ    WR                 | Memory write to  0FE <- 82
#017H T7  AB:004 DB:12          MREQ RD                    | Memory read from 004 -> 12
#020H T10 AB:005 DB:8D          MREQ RD                    | Memory read from 005 -> 8D
#053H T8  AB:0FF DB:87          MREQ    WR                 | Memory write to  0FF <- 87
#056H T11 AB:0FE DB:86          MREQ    WR                 | Memory write to  0FE <- 86
#017H T7  AB:004 DB:12          MREQ RD                    | Memory read from 004 -> 12
#020H T10 AB:005 DB:8E          MREQ RD                    | Memory read from 005 -> 8E
#053H T8  AB:0FF DB:88          MREQ    WR                 | Memory write to  0FF <- 88
#056H T11 AB:0FE DB:8E          MREQ    WR                 | Memory write to  0FE <- 8E
#017H T7  AB:004 DB:12          MREQ RD                    | Memory read from 004 -> 12
#020H T10 AB:005 DB:8F          MREQ RD                    | Memory read from 005 -> 8F
#053H T8  AB:0FF DB:89          MREQ    WR                 | Memory write to  0FF <- 89
#056H T11 AB:0FE DB:8A          MREQ    WR                 | Memory write to  0FE <- 8A
#017H T7  AB:004 DB:12          MREQ RD                    | Memory read from 004 -> 12
#020H T10 AB:005 DB:90          MREQ RD                    | Memory read from 005 -> 90
#053H T8  AB:0FF DB:8A          MREQ    WR                 | Memory write to  0FF <- 8A
#056H T11 AB:0FE DB:9A          MREQ    WR                 | Memory write to  0FE <- 9A
#017H T7  AB:004 DB:12          MREQ RD                    | Memory read from 004 -> 12
#020H T10 AB:005 DB:91          MREQ RD                    | Memory read from 005 -> 91
#053H T8  AB:0FF DB:8B          MREQ    WR                 | Memory write to  0FF <- 8B
#056H T11 AB:0FE DB:9E          MREQ    WR                 | Memory write to  0FE <- 9E
#017H T7  AB:004 DB:12          MREQ RD                    | Memory read from 004 -> 12
#020H T10 AB:005 DB:92          MREQ RD                    | Memory read from 005 -> 92
#053H T8  AB:0FF DB:8C          MREQ    WR                 | Memory write to  0FF <- 8C
#056H T11 AB:0FE DB:9A          MREQ    WR                 | Memory write to  0FE <- 9A
#017H T7  AB:004 DB:12          MREQ RD                    | Memory read from 004 -> 12
#020H T10 AB:005 DB:93          MREQ RD                    | Memory read from 005 -> 93
#053H T8  AB:0FF DB:8D          MREQ    WR                 | Memory write to  0FF <- 8D
#056H T11 AB:0FE DB:9E          MREQ    WR                 | Memory write to  0FE <- 9E
#017H T7  AB:004 DB:12          MREQ RD                    | Memory read from 004 -> 12
#020H T10 AB:005 DB:94          MREQ RD                    | Memory read from 005 -> 94
#053H T8  AB:0FF DB:8E          MREQ    WR                 | Memory write to  0FF <- 8E
#056H T11 AB:0FE DB:9E          MREQ    WR                 | Memory write to  0FE <- 9E
#017H T7  AB:004 DB:12          MREQ RD                    | Memory read from 004 -> 12
#020H T10 AB:005 DB:95          MREQ RD                    | Memory read from 005 -> 95
#053H T8  AB:0FF DB:8F          MREQ    WR                 | Memory write to  0FF <- 8F
#056H T11 AB:0FE DB:9A          MREQ    WR                 | Memory write to  0FE <- 9A
#017H T7  AB:004 DB:12          MREQ RD                    | Memory read from 004 -> 12
#020H T10 AB:005 DB:96          MREQ RD                    | Memory read from 005 -> 96
#053H T8  AB:0FF DB:90          MREQ    WR                 | Memory write to  0FF <- 90
#056H T11 AB:0FE DB:86          MREQ    WR                 | Memory write to  0FE <- 86
#017H T7  AB:004 DB:12          MREQ RD                    | Memory read from 004 -> 12
#020H T10 AB:005 DB:97          MREQ RD                    | Memory read from 005 -> 97
#053H T8  AB:0FF DB:91          MREQ    WR                 | Memory write to  0FF <- 91
#056H T11 AB:0FE DB:82          MREQ    WR                 | Memory write to  0FE <- 82
#017H T7  AB:004 DB:12          MREQ RD                    | Memory read from 004 -> 12
#020H T10 AB:005 DB:98          MREQ RD                    | Memory read from 005 -> 98
#053H T8  AB:0FF DB:92          MREQ    WR                 | Memory write to  0FF <- 92
#056H T11 AB:0FE DB:82          MREQ    WR                 | Memory write to  0FE <- 82
#017H T7  AB:004 DB:12          MREQ RD                    | Memory read from 004 -> 12
#020H T10 AB:005 DB:99          MREQ RD                    | Memory read from 005 -> 99
#053H T8  AB:0FF DB:93          MREQ    WR                 | Memory write to  0FF <- 93
#056H T11 AB:0FE DB:86          MREQ    WR                 | Memory write to  0FE <- 86
#017H T7  AB:004 DB:12          MREQ RD                    | Memory read from 004 -> 12
#020H T10 AB:005 DB:9A          MREQ RD                    | Memory read from 005 -> 9A
#053H T8  AB:0FF DB:34          MREQ    WR                 | Memory write to  0FF <- 34
#056H T11 AB:0FE DB:23          MREQ    WR                 | Memory write to  0FE <- 23
#017H T7  AB:004 DB:12          MREQ RD                    | Memory read from 004 -> 12
#020H T10 AB:005 DB:9B          MREQ RD                    | Memory read from 005 -> 9B
#053H T8  AB:0FF DB:35          MREQ    WR                 | Memory write to  0FF <- 35
#056H T11 AB:0FE DB:27          MREQ    WR                 | Memory write to  0FE <- 27
#017H T7  AB:004 DB:12          MREQ RD                    | Memory read from 004 -> 12
#020H T10 AB:005 DB:9C          MREQ RD                    | Memory read from 005 -> 9C
#053H T8  AB:0FF DB:36          MREQ    WR                 | Memory write to  0FF <- 36
#056H T11 AB:0FE DB:27          MREQ    WR                 | Memory write to  0FE <- 27
#017H T7  AB:004 DB:12          MREQ RD                    | Memory read from 004 -> 12
#020H T10 AB:005 DB:9D          MREQ RD                    | Memory read from 005 -> 9D
#053H T8  AB:0FF DB:37          MREQ    WR                 | Memory write to  0FF <- 37
#056H T11 AB:0FE DB:23          MREQ    WR                 | Memory write to  0FE <- 23
#017H T7  AB:004 DB:12          MREQ RD                    | Memory read from 004 -> 12
#020H T10 AB:005 DB:9E          MREQ RD                    | Memory read from 005 -> 9E
#053H T8  AB:0FF DB:38          MREQ    WR                 | Memory write to  0FF <- 38
#056H T11 AB:0FE DB:2B          MREQ    WR                 | Memory write to  0FE <- 2B
#017H T7  AB:004 DB:12          MREQ RD                    | Memory read from 004 -> 12
#020H T10 AB:005 DB:9F          MREQ RD                    | Memory read from 005 -> 9F
#053H T8  AB:0FF DB:39          MREQ    WR                 | Memory write to  0FF <- 39
#056H T11 AB:0FE DB:2F          MREQ    WR                 | Memory write to  0FE <- 2F
#017H T7  AB:004 DB:12          MREQ RD                    | Memory read from 004 -> 12
#020H T10 AB:005 DB:A0          MREQ RD                    | Memory read from 005 -> A0
#053H T8  AB:0FF DB:3A          MREQ    WR                 | Memory write to  0FF <- 3A
#056H T11 AB:0FE DB:3F          MREQ    WR                 | Memory write to  0FE <- 3F
#017H T7  AB:004 DB:12          MREQ RD                    | Memory read from 004 -> 12
#020H T10 AB:005 DB:A1          MREQ RD                    | Memory read from 005 -> A1
#053H T8  AB:0FF DB:3B          MREQ    WR                 | Memory write to  0FF <- 3B
#056H T11 AB:0FE DB:3B          MREQ    WR                 | Memory write to  0FE <- 3B
#017H T7  AB:004 DB:12          MREQ RD                    | Memory read from 004 -> 12
#020H T10 AB:005 DB:A2          MREQ RD                    | Memory read from 005 -> A2
#053H T8  AB:0FF DB:3C          MREQ    WR                 | Memory write to  0FF <- 3C
#056H T11 AB:0FE DB:3F          MREQ    WR                 | Memory write to  0FE <- 3F
#017H T7  AB:004 DB:12          MREQ RD                    | Memory read from 004 -> 12
#020H T10 AB:005 DB:A3          MREQ RD                    | Memory read from 005 -> A3
#053H T8  AB:0FF DB:3D          MREQ    WR                 | Memory write to  0FF <- 3D
#056H T11 AB:0FE DB:3B          MREQ    WR                 | Memory write to  0FE <- 3B
#017H T7  AB:004 DB:12          MREQ RD                    | Memory read from 004 -> 12
#020H T10 AB:005 DB:A4          MREQ RD                    | Memory read from 005 -> A4
#053H T8  AB:0FF DB:3E          MREQ    WR                 | Memory write to  0FF <- 3E
#056H T11 AB:0FE DB:3B          MREQ    WR                 | Memory write to  0FE <- 3B
#017H T7  AB:004 DB:12          MREQ RD                    | Memory read from 004 -> 12
#020H T10 AB:005 DB:A5          MREQ RD                    | Memory read from 005 -> A5
#053H T8  AB:0FF DB:3F          MREQ    WR                 | Memory write to  0FF <- 3F
#056H T11 AB:0FE DB:3F          MREQ    WR                 | Memory write to  0FE <- 3F
#017H T7  AB:004 DB:12          MREQ RD                    | Memory read from 004 -> 12
#020H T10 AB:005 DB:A6          MREQ RD                    | Memory read from 005 -> A6
#053H T8  AB:0FF DB:40          MREQ    WR                 | Memory write to  0FF <- 40
#056H T11 AB:0FE DB:03          MREQ    WR                 | Memory write to  0FE <- 03
#017H T7  AB:004 DB:12          MREQ RD                    | Memory read from 004 -> 12
#020H T10 AB:005 DB:A7          MREQ RD                    | Memory read from 005 -> A7
#053H T8  AB:0FF DB:41          MREQ    WR                 | Memory write to  0FF <- 41
#056H T11 AB:0FE DB:07          MREQ    WR                 | Memory write to  0FE <- 07
#017H T7  AB:004 DB:12          MREQ RD                    | Memory read from 004 -> 12
#020H T10 AB:005 DB:A8          MREQ RD                    | Memory read from 005 -> A8
#053H T8  AB:0FF DB:42          MREQ    WR                 | Memory write to  0FF <- 42
#056H T11 AB:0FE DB:07          MREQ    WR                 | Memory write to  0FE <- 07
#017H T7  AB:004 DB:12          MREQ RD                    | Memory read from 004 -> 12
#020H T10 AB:005 DB:A9          MREQ RD                    | Memory read from 005 -> A9
#053H T8  AB:0FF DB:43          MREQ    WR                 | Memory write to  0FF <- 43
#056H T11 AB:0FE DB:03          MREQ    WR                 | Memory write to  0FE <- 03
#017H T7  AB:004 DB:12          MREQ RD                    | Memory read from 004 -> 12
#020H T10 AB:005 DB:AA          MREQ RD                    | Memory read from 005 -> AA
#053H T8  AB:0FF DB:44          MREQ    WR                 | Memory write to  0FF <- 44
#056H T11 AB:0FE DB:07          MREQ    WR                 | Memory write to  0FE <- 07
#017H T7  AB:004 DB:12          MREQ RD                    | Memory read from 004 -> 12
#020H T10 AB:005 DB:AB          MREQ RD                    | Memory read from 005 -> AB
#053H T8  AB:0FF DB:45          MREQ    WR                 | Memory write to  0FF <- 45
#056H T11 AB:0FE DB:03          MREQ    WR                 | Memory write to  0FE <- 03
#017H T7  AB:004 DB:12          MREQ RD                    | Memory read from 004 -> 12
#020H T10 AB:005 DB:AC          MREQ RD                    | Memory read from 005 -> AC
#053H T8  AB:0FF DB:46          MREQ    WR                 | Memory write to  0FF <- 46
#056H T11 AB:0FE DB:03          MREQ    WR                 | Memory write to  0FE <- 03
#017H T7  AB:004 DB:12          MREQ RD                    | Memory read from 004 -> 12
#020H T10 AB:005 DB:AD          MREQ RD                    | Memory read from 005 -> AD
#053H T8  AB:0FF DB:47          MREQ    WR                 | Memory write to  0FF <- 47
#056H T11 AB:0FE DB:07          MREQ    WR                 | Memory write to  0FE <- 07
#017H T7  AB:004 DB:12          MREQ RD                    | Memory read from 004 -> 12
#020H T10 AB:005 DB:AE          MREQ RD                    | Memory read from 005 -> AE
#053H T8  AB:0FF DB:48          MREQ    WR                 | Memory write to  0FF <- 48
#056H T11 AB:0FE DB:0F          MREQ    WR                 | Memory write to  0FE <- 0F
#017H T7  AB:004 DB:12          MREQ RD                    | Memory read from 004 -> 12
#020H T10 AB:005 DB:AF          MREQ RD                    | Memory read from 005 -> AF
#053H T8  AB:0FF DB:49          MREQ    WR                 | Memory write to  0FF <- 49
#056H T11 AB:0FE DB:0B          MREQ    WR                 | Memory write to  0FE <- 0B
#017H T7  AB:004 DB:12          MREQ RD                    | Memory read from 004 -> 12
#020H T10 AB:005 DB:B0          MREQ RD                    | Memory read from 005 -> B0
#053H T8  AB:0FF DB:4A          MREQ    WR                 | Memory write to  0FF <- 4A
#056H T11 AB:0FE DB:1B          MREQ    WR                 | Memory write to  0FE <- 1B
#017H T7  AB:004 DB:12          MREQ RD                    | Memory read from 004 -> 12
#020H T10 AB:005 DB:B1          MREQ RD                    | Memory read from 005 -> B1
#053H T8  AB:0FF DB:4B          MREQ    WR                 | Memory write to  0FF <- 4B
#056H T11 AB:0FE DB:1F          MREQ    WR                 | Memory write to  0FE <- 1F
#017H T7  AB:004 DB:12          MREQ RD                    | Memory read from 004 -> 12
#020H T10 AB:005 DB:B2          MREQ RD                    | Memory read from 005 -> B2
#053H T8  AB:0FF DB:4C          MREQ    WR                 | Memory write to  0FF <- 4C
#056H T11 AB:0FE DB:1B          MREQ    WR                 | Memory write to  0FE <- 1B
#017H T7  AB:004 DB:12          MREQ RD                    | Memory read from 004 -> 12
#020H T10 AB:005 DB:B3          MREQ RD                    | Memory read from 005 -> B3
#053H T8  AB:0FF DB:4D          MREQ    WR                 | Memory write to  0FF <- 4D
#056H T11 AB:0FE DB:1F          MREQ    WR                 | Memory write to  0FE <- 1F
#017H T7  AB:004 DB:12          MREQ RD                    | Memory read from 004 -> 12
#020H T10 AB:005 DB:B4          MREQ RD                    | Memory read from 005 -> B4
#053H T8  AB:0FF DB:4E          MREQ    WR                 | Memory write to  0FF <- 4E
#056H T11 AB:0FE DB:1F          MREQ    WR                 | Memory write to  0FE <- 1F
#017H T7  AB:004 DB:12          MREQ RD                    | Memory read from 004 -> 12
#020H T10 AB:005 DB:B5          MREQ RD                    | Memory read from 005 -> B5
#053H T8  AB:0FF DB:4F          MREQ    WR                 | Memory write to  0FF <- 4F
#056H T11 AB:0FE DB:1B          MREQ    WR                 | Memory write to  0FE <- 1B
#017H T7  AB:004 DB:12          MREQ RD                    | Memory read from 004 -> 12
#020H T10 AB:005 DB:B6          MREQ RD                    | Memory read from 005 -> B6
#053H T8  AB:0FF DB:50          MREQ    WR                 | Memory write to  0FF <- 50
#056H T11 AB:0FE DB:07          MREQ    WR                 | Memory write to  0FE <- 07
#017H T7  AB:004 DB:12          MREQ RD                    | Memory read from 004 -> 12
#020H T10 AB:005 DB:B7          MREQ RD                    | Memory read from 005 -> B7
#053H T8  AB:0FF DB:51          MREQ    WR                 | Memory write to  0FF <- 51
#056H T11 AB:0FE DB:03          MREQ    WR                 | Memory write to  0FE <- 03
#017H T7  AB:004 DB:12          MREQ RD                    | Memory read from 004 -> 12
#020H T10 AB:005 DB:B8          MREQ RD                    | Memory read from 005 -> B8
#053H T8  AB:0FF DB:52          MREQ    WR                 | Memory write to  0FF <- 52
#056H T11 AB:0FE DB:03          MREQ    WR                 | Memory write to  0FE <- 03
#017H T7  AB:004 DB:12          MREQ RD                    | Memory read from 004 -> 12
#020H T10 AB:005 DB:B9          MREQ RD                    | Memory read from 005 -> B9
#053H T8  AB:0FF DB:53          MREQ    WR                 | Memory write to  0FF <- 53
#056H T11 AB:0FE DB:07          MREQ    WR                 | Memory write to  0FE <- 07
#017H T7  AB:004 DB:12          MREQ RD                    | Memory read from 004 -> 12
#020H T10 AB:005 DB:BA          MREQ RD                    | Memory read from 005 -> BA
#053H T8  AB:0FF DB:54          MREQ    WR                 | Memory write to  0FF <- 54
#056H T11 AB:0FE DB:03          MREQ    WR                 | Memory write to  0FE <- 03
#017H T7  AB:004 DB:12          MREQ RD                    | Memory read from 004 -> 12
#020H T10 AB:005 DB:BB          MREQ RD                    | Memory read from 005 -> BB
#053H T8  AB:0FF DB:55          MREQ    WR                 | Memory write to  0FF <- 55
#056H T11 AB:0FE DB:07          MREQ    WR                 | Memory write to  0FE <- 07
#017H T7  AB:004 DB:12          MREQ RD                    | Memory read from 004 -> 12
#020H T10 AB:005 DB:BC          MREQ RD                    | Memory read from 005 -> BC
#053H T8  AB:0FF DB:56          MREQ    WR                 | Memory write to  0FF <- 56
#056H T11 AB:0FE DB:07          MREQ    WR                 | Memory write to  0FE <- 07
#017H T7  AB:004 DB:12          MREQ RD                    | Memory read from 004 -> 12
#020H T10 AB:005 DB:BD          MREQ RD                    | Memory read from 005 -> BD
#053H T8  AB:0FF DB:57          MREQ    WR                 | Memory write to  0FF <- 57
#056H T11 AB:0FE DB:03          MREQ    WR                 | Memory write to  0FE <- 03
#017H T7  AB:004 DB:12          MREQ RD                    | Memory read from 004 -> 12
#020H T10 AB:005 DB:BE          MREQ RD                    | Memory read from 005 -> BE
#053H T8  AB:0FF DB:58          MREQ    WR                 | Memory write to  0FF <- 58
#056H T11 AB:0FE DB:0B          MREQ    WR                 | Memory write to  0FE <- 0B
#017H T7  AB:004 DB:12          MREQ RD                    | Memory read from 004 -> 12
#020H T10 AB:005 DB:BF          MREQ RD                    | Memory read from 005 -> BF
#053H T8  AB:0FF DB:59          MREQ    WR                 | Memory write to  0FF <- 59
#056H T11 AB:0FE DB:0F          MREQ    WR                 | Memory write to  0FE <- 0F
#017H T7  AB:004 DB:12          MREQ RD                    | Memory read from 004 -> 12
#020H T10 AB:005 DB:C0          MREQ RD                    | Memory read from 005 -> C0
#053H T8  AB:0FF DB:5A          MREQ    WR                 | Memory write to  0FF <- 5A
#056H T11 AB:0FE DB:1F          MREQ    WR                 | Memory write to  0FE <- 1F
#017H T7  AB:004 DB:12          MREQ RD                    | Memory read from 004 -> 12
#020H T10 AB:005 DB:C1          MREQ RD                    | Memory read from 005 -> C1
#053H T8  AB:0FF DB:5B          MREQ    WR                 | Memory write to  0FF <- 5B
#056H T11 AB:0FE DB:1B          MREQ    WR                 | Memory write to  0FE <- 1B
#017H T7  AB:004 DB:12          MREQ RD                    | Memory read from 004 -> 12
#020H T10 AB:005 DB:C2          MREQ RD                    | Memory read from 005 -> C2
#053H T8  AB:0FF DB:5C          MREQ    WR                 | Memory write to  0FF <- 5C
#056H T11 AB:0FE DB:1F          MREQ    WR                 | Memory write to  0FE <- 1F
#017H T7  AB:004 DB:12          MREQ RD                    | Memory read from 004 -> 12
#020H T10 AB:005 DB:C3          MREQ RD                    | Memory read from 005 -> C3
#053H T8  AB:0FF DB:5D          MREQ    WR                 | Memory write to  0FF <- 5D
#056H T11 AB:0FE DB:1B          MREQ    WR                 | Memory write to  0FE <- 1B
#017H T7  AB:004 DB:12          MREQ RD                    | Memory read from 004 -> 12
#020H T10 AB:005 DB:C4          MREQ RD                    | Memory read from 005 -> C4
#053H T8  AB:0FF DB:5E          MREQ    WR                 | Memory write to  0FF <- 5E
#056H T11 AB:0FE DB:1B          MREQ    WR                 | Memory write to  0FE <- 1B
#017H T7  AB:004 DB:12          MREQ RD                    | Memory read from 004 -> 12
#020H T10 AB:005 DB:C5          MREQ RD                    | Memory read from 005 -> C5
#053H T8  AB:0FF DB:5F          MREQ    WR                 | Memory write to  0FF <- 5F
#056H T11 AB:0FE DB:1F          MREQ    WR                 | Memory write to  0FE <- 1F
#017H T7  AB:004 DB:12          MREQ RD                    | Memory read from 004 -> 12
#020H T10 AB:005 DB:C6          MREQ RD                    | Memory read from 005 -> C6
#053H T8  AB:0FF DB:60          MREQ    WR                 | Memory write to  0FF <- 60
#056H T11 AB:0FE DB:27          MREQ    WR                 | Memory write to  0FE <- 27
#017H T7  AB:004 DB:12          MREQ RD                    | Memory read from 004 -> 12
#020H T10 AB:005 DB:C7          MREQ RD                    | Memory read from 005 -> C7
#053H T8  AB:0FF DB:61          MREQ    WR                 | Memory write to  0FF <- 61
#056H T11 AB:0FE DB:23          MREQ    WR                 | Memory write to  0FE <- 23
#017H T7  AB:004 DB:12          MREQ RD                    | Memory read from 004 -> 12
#020H T10 AB:005 DB:C8          MREQ RD                    | Memory read from 005 -> C8
#053H T8  AB:0FF DB:62          MREQ    WR                 | Memory write to  0FF <- 62
#056H T11 AB:0FE DB:23          MREQ    WR                 | Memory write to  0FE <- 23
#017H T7  AB:004 DB:12          MREQ RD                    | Memory read from 004 -> 12
#020H T10 AB:005 DB:C9          MREQ RD                    | Memory read from 005 -> C9
#053H T8  AB:0FF DB:63          MREQ    WR                 | Memory write to  0FF <- 63
#056H T11 AB:0FE DB:27          MREQ    WR                 | Memory write to  0FE <- 27
#017H T7  AB:004 DB:12          MREQ RD                    | Memory read from 004 -> 12
#020H T10 AB:005 DB:CA          MREQ RD                    | Memory read from 005 -> CA
#053H T8  AB:0FF DB:64          MREQ    WR                 | Memory write to  0FF <- 64
#056H T11 AB:0FE DB:23          MREQ    WR                 | Memory write to  0FE <- 23
#017H T7  AB:004 DB:12          MREQ RD                    | Memory read from 004 -> 12
#020H T10 AB:005 DB:CB          MREQ RD                    | Memory read from 005 -> CB
#053H T8  AB:0FF DB:65          MREQ    WR                 | Memory write to  0FF <- 65
#056H T11 AB:0FE DB:27          MREQ    WR                 | Memory write to  0FE <- 27
#017H T7  AB:004 DB:12          MREQ RD                    | Memory read from 004 -> 12
#020H T10 AB:005 DB:CC          MREQ RD                    | Memory read from 005 -> CC
#053H T8  AB:0FF DB:66          MREQ    WR                 | Memory write to  0FF <- 66
#056H T11 AB:0FE DB:27          MREQ    WR                 | Memory write to  0FE <- 27
#017H T7  AB:004 DB:12          MREQ RD                    | Memory read from 004 -> 12
#020H T10 AB:005 DB:CD          MREQ RD                    | Memory read from 005 -> CD
#053H T8  AB:0FF DB:67          MREQ    WR                 | Memory write to  0FF <- 67
#056H T11 AB:0FE DB:23          MREQ    WR                 | Memory write to  0FE <- 23
#017H T7  AB:004 DB:12          MREQ RD                    | Memory read from 004 -> 12
#020H T10 AB:005 DB:CE          MREQ RD                    | Memory read from 005 -> CE
#053H T8  AB:0FF DB:68          MREQ    WR                 | Memory write to  0FF <- 68
#056H T11 AB:0FE DB:2B          MREQ    WR                 | Memory write to  0FE <- 2B
#017H T7  AB:004 DB:12          MREQ RD                    | Memory read from 004 -> 12
#020H T10 AB:005 DB:CF          MREQ RD                    | Memory read from 005 -> CF
#053H T8  AB:0FF DB:69          MREQ    WR                 | Memory write to  0FF <- 69
#056H T11 AB:0FE DB:2F          MREQ    WR                 | Memory write to  0FE <- 2F
#017H T7  AB:004 DB:12          MREQ RD                    | Memory read from 004 -> 12
#020H T10 AB:005 DB:D0          MREQ RD                    | Memory read from 005 -> D0
#053H T8  AB:0FF DB:6A          MREQ    WR                 | Memory write to  0FF <- 6A
#056H T11 AB:0FE DB:3F          MREQ    WR                 | Memory write to  0FE <- 3F
#017H T7  AB:004 DB:12          MREQ RD                    | Memory read from 004 -> 12
#020H T10 AB:005 DB:D1          MREQ RD                    | Memory read from 005 -> D1
#053H T8  AB:0FF DB:6B          MREQ    WR                 | Memory write to  0FF <- 6B
#056H T11 AB:0FE DB:3B          MREQ    WR                 | Memory write to  0FE <- 3B
#017H T7  AB:004 DB:12          MREQ RD                    | Memory read from 004 -> 12
#020H T10 AB:005 DB:D2          MREQ RD                    | Memory read from 005 -> D2
#053H T8  AB:0FF DB:6C          MREQ    WR                 | Memory write to  0FF <- 6C
#056H T11 AB:0FE DB:3F          MREQ    WR                 | Memory write to  0FE <- 3F
#017H T7  AB:004 DB:12          MREQ RD                    | Memory read from 004 -> 12
#020H T10 AB:005 DB:D3          MREQ RD                    | Memory read from 005 -> D3
#053H T8  AB:0FF DB:6D          MREQ    WR                 | Memory write to  0FF <- 6D
#056H T11 AB:0FE DB:3B          MREQ    WR                 | Memory write to  0FE <- 3B
#017H T7  AB:004 DB:12          MREQ RD                    | Memory read from 004 -> 12
#020H T10 AB:005 DB:D4          MREQ RD                    | Memory read from 005 -> D4
#053H T8  AB:0FF DB:6E          MREQ    WR                 | Memory write to  0FF <- 6E
#056H T11 AB:0FE DB:3B          MREQ    WR                 | Memory write to  0FE <- 3B
#017H T7  AB:004 DB:12          MREQ RD                    | Memory read from 004 -> 12
#020H T10 AB:005 DB:D5          MREQ RD                    | Memory read from 005 -> D5
#053H T8  AB:0FF DB:6F          MREQ    WR                 | Memory write to  0FF <- 6F
#056H T11 AB:0FE DB:3F          MREQ    WR                 | Memory write to  0FE <- 3F
#017H T7  AB:004 DB:12          MREQ RD                    | Memory read from 004 -> 12
#020H T10 AB:005 DB:D6          MREQ RD                    | Memory read from 005 -> D6
#053H T8  AB:0FF DB:70          MREQ    WR                 | Memory write to  0FF <- 70
#056H T11 AB:0FE DB:23          MREQ    WR                 | Memory write to  0FE <- 23
#017H T7  AB:004 DB:12          MREQ RD                    | Memory read from 004 -> 12
#020H T10 AB:005 DB:D7          MREQ RD                    | Memory read from 005 -> D7
#053H T8  AB:0FF DB:71          MREQ    WR                 | Memory write to  0FF <- 71
#056H T11 AB:0FE DB:27          MREQ    WR                 | Memory write to  0FE <- 27
#017H T7  AB:004 DB:12          MREQ RD                    | Memory read from 004 -> 12
#020H T10 AB:005 DB:D8          MREQ RD                    | Memory read from 005 -> D8
#053H T8  AB:0FF DB:72          MREQ    WR                 | Memory write to  0FF <- 72
#056H T11 AB:0FE DB:27          MREQ    WR                 | Memory write to  0FE <- 27
#017H T7  AB:004 DB:12          MREQ RD                    | Memory read from 004 -> 12
#020H T10 AB:005 DB:D9          MREQ RD                    | Memory read from 005 -> D9
#053H T8  AB:0FF DB:73          MREQ    WR                 | Memory write to  0FF <- 73
#056H T11 AB:0FE DB:23          MREQ    WR                 | Memory write to  0FE <- 23
#017H T7  AB:004 DB:12          MREQ RD                    | Memory read from 004 -> 12
#020H T10 AB:005 DB:DA          MREQ RD                    | Memory read from 005 -> DA
#053H T8  AB:0FF DB:74          MREQ    WR                 | Memory write to  0FF <- 74
#056H T11 AB:0FE DB:27          MREQ    WR                 | Memory write to  0FE <- 27
#017H T7  AB:004 DB:12          MREQ RD                    | Memory read from 004 -> 12
#020H T10 AB:005 DB:DB          MREQ RD                    | Memory read from 005 -> DB
#053H T8  AB:0FF DB:75          MREQ    WR                 | Memory write to  0FF <- 75
#056H T11 AB:0FE DB:23          MREQ    WR                 | Memory write to  0FE <- 23
#017H T7  AB:004 DB:12          MREQ RD                    | Memory read from 004 -> 12
#020H T10 AB:005 DB:DC          MREQ RD                    | Memory read from 005 -> DC
#053H T8  AB:0FF DB:76          MREQ    WR                 | Memory write to  0FF <- 76
#056H T11 AB:0FE DB:23          MREQ    WR                 | Memory write to  0FE <- 23
#017H T7  AB:004 DB:12          MREQ RD                    | Memory read from 004 -> 12
#020H T10 AB:005 DB:DD          MREQ RD                    | Memory read from 005 -> DD
#053H T8  AB:0FF DB:77          MREQ    WR                 | Memory write to  0FF <- 77
#056H T11 AB:0FE DB:27          MREQ    WR                 | Memory write to  0FE <- 27
#017H T7  AB:004 DB:12          MREQ RD                    | Memory read from 004 -> 12
#020H T10 AB:005 DB:DE          MREQ RD                    | Memory read from 005 -> DE
#053H T8  AB:0FF DB:78          MREQ    WR                 | Memory write to  0FF <- 78
#056H T11 AB:0FE DB:2F          MREQ    WR                 | Memory write to  0FE <- 2F
#017H T7  AB:004 DB:12          MREQ RD                    | Memory read from 004 -> 12
#020H T10 AB:005 DB:DF          MREQ RD                    | Memory read from 005 -> DF
#053H T8  AB:0FF DB:79          MREQ    WR                 | Memory write to  0FF <- 79
#056H T11 AB:0FE DB:2B          MREQ    WR                 | Memory write to  0FE <- 2B
#017H T7  AB:004 DB:12          MREQ RD                    | Memory read from 004 -> 12
#020H T10 AB:005 DB:E0          MREQ RD                    | Memory read from 005 -> E0
#053H T8  AB:0FF DB:7A          MREQ    WR                 | Memory write to  0FF <- 7A
#056H T11 AB:0FE DB:3B          MREQ    WR                 | Memory write to  0FE <- 3B
#017H T7  AB:004 DB:12          MREQ RD                    | Memory read from 004 -> 12
#020H T10 AB:005 DB:E1          MREQ RD                    | Memory read from 005 -> E1
#053H T8  AB:0FF DB:7B          MREQ    WR                 | Memory write to  0FF <- 7B
#056H T11 AB:0FE DB:3F          MREQ    WR                 | Memory write to  0FE <- 3F
#017H T7  AB:004 DB:12          MREQ RD                    | Memory read from 004 -> 12
#020H T10 AB:005 DB:E2          MREQ RD                    | Memory read from 005 -> E2
#053H T8  AB:0FF DB:7C          MREQ    WR                 | Memory write to  0FF <- 7C
#056H T11 AB:0FE DB:3B          MREQ    WR                 | Memory write to  0FE <- 3B
#017H T7  AB:004 DB:12          MREQ RD                    | Memory read from 004 -> 12
#020H T10 AB:005 DB:E3          MREQ RD                    | Memory read from 005 -> E3
#053H T8  AB:0FF DB:7D          MREQ    WR                 | Memory write to  0FF <- 7D
#056H T11 AB:0FE DB:3F          MREQ    WR                 | Memory write to  0FE <- 3F
#017H T7  AB:004 DB:12          MREQ RD                    | Memory read from 004 -> 12
#020H T10 AB:005 DB:E4          MREQ RD                    | Memory read from 005 -> E4
#053H T8  AB:0FF DB:7E          MREQ    WR                 | Memory write to  0FF <- 7E
#056H T11 AB:0FE DB:3F          MREQ    WR                 | Memory write to  0FE <- 3F
#017H T7  AB:004 DB:12          MREQ RD                    | Memory read from 004 -> 12
#020H T10 AB:005 DB:E5          MREQ RD                    | Memory read from 005 -> E5
#053H T8  AB:0FF DB:7F          MREQ    WR                 | Memory write to  0FF <- 7F
#056H T11 AB:0FE DB:3B          MREQ    WR                 | Memory write to  0FE <- 3B
#017H T7  AB:004 DB:12          MREQ RD                    | Memory read from 004 -> 12
#020H T10 AB:005 DB:E6          MREQ RD                    | Memory read from 005 -> E6
#053H T8  AB:0FF DB:80          MREQ    WR                 | Memory write to  0FF <- 80
#056H T11 AB:0FE DB:83          MREQ    WR                 | Memory write to  0FE <- 83
#017H T7  AB:004 DB:12          MREQ RD                    | Memory read from 004 -> 12
#020H T10 AB:005 DB:E7          MREQ RD                    | Memory read from 005 -> E7
#053H T8  AB:0FF DB:81          MREQ    WR                 | Memory write to  0FF <- 81
#056H T11 AB:0FE DB:87          MREQ    WR                 | Memory write to  0FE <- 87
#017H T7  AB:004 DB:12          MREQ RD                    | Memory read from 004 -> 12
#020H T10 AB:005 DB:E8          MREQ RD                    | Memory read from 005 -> E8
#053H T8  AB:0FF DB:82          MREQ    WR                 | Memory write to  0FF <- 82
#056H T11 AB:0FE DB:87          MREQ    WR                 | Memory write to  0FE <- 87
#017H T7  AB:004 DB:12          MREQ RD                    | Memory read from 004 -> 12
#020H T10 AB:005 DB:E9          MREQ RD                    | Memory read from 005 -> E9
#053H T8  AB:0FF DB:83          MREQ    WR                 | Memory write to  0FF <- 83
#056H T11 AB:0FE DB:83          MREQ    WR                 | Memory write to  0FE <- 83
#017H T7  AB:004 DB:12          MREQ RD                    | Memory read from 004 -> 12
#020H T10 AB:005 DB:EA          MREQ RD                    | Memory read from 005 -> EA
#053H T8  AB:0FF DB:84          MREQ    WR                 | Memory write to  0FF <- 84
#056H T11 AB:0FE DB:87          MREQ    WR                 | Memory write to  0FE <- 87
#017H T7  AB:004 DB:12          MREQ RD                    | Memory read from 004 -> 12
#020H T10 AB:005 DB:EB          MREQ RD                    | Memory read from 005 -> EB
#053H T8  AB:0FF DB:85          MREQ    WR                 | Memory write to  0FF <- 85
#056H T11 AB:0FE DB:83          MREQ    WR                 | Memory write to  0FE <- 83
#017H T7  AB:004 DB:12          MREQ RD                    | Memory read from 004 -> 12
#020H T10 AB:005 DB:EC          MREQ RD                    | Memory read from 005 -> EC
#053H T8  AB:0FF DB:86          MREQ    WR                 | Memory write to  0FF <- 86
#056H T11 AB:0FE DB:83          MREQ    WR                 | Memory write to  0FE <- 83
#017H T7  AB:004 DB:12          MREQ RD                    | Memory read from 004 -> 12
#020H T10 AB:005 DB:ED          MREQ RD                    | Memory read from 005 -> ED
#053H T8  AB:0FF DB:87          MREQ    WR                 | Memory write to  0FF <- 87
#056H T11 AB:0FE DB:87          MREQ    WR                 | Memory write to  0FE <- 87
#017H T7  AB:004 DB:12          MREQ RD                    | Memory read from 004 -> 12
#020H T10 AB:005 DB:EE          MREQ RD                    | Memory read from 005 -> EE
#053H T8  AB:0FF DB:88          MREQ    WR                 | Memory write to  0FF <- 88
#056H T11 AB:0FE DB:8F          MREQ    WR                 | Memory write to  0FE <- 8F
#017H T7  AB:004 DB:12          MREQ RD                    | Memory read from 004 -> 12
#020H T10 AB:005 DB:EF          MREQ RD                    | Memory read from 005 -> EF
#053H T8  AB:0FF DB:89          MREQ    WR                 | Memory write to  0FF <- 89
#056H T11 AB:0FE DB:8B          MREQ    WR                 | Memory write to  0FE <- 8B
#017H T7  AB:004 DB:12          MREQ RD                    | Memory read from 004 -> 12
#020H T10 AB:005 DB:F0          MREQ RD                    | Memory read from 005 -> F0
#053H T8  AB:0FF DB:8A          MREQ    WR                 | Memory write to  0FF <- 8A
#056H T11 AB:0FE DB:9B          MREQ    WR                 | Memory write to  0FE <- 9B
#017H T7  AB:004 DB:12          MREQ RD                    | Memory read from 004 -> 12
#020H T10 AB:005 DB:F1          MREQ RD                    | Memory read from 005 -> F1
#053H T8  AB:0FF DB:8B          MREQ    WR                 | Memory write to  0FF <- 8B
#056H T11 AB:0FE DB:9F          MREQ    WR                 | Memory write to  0FE <- 9F
#017H T7  AB:004 DB:12          MREQ RD                    | Memory read from 004 -> 12
#020H T10 AB:005 DB:F2          MREQ RD                    | Memory read from 005 -> F2
#053H T8  AB:0FF DB:8C          MREQ    WR                 | Memory write to  0FF <- 8C
#056H T11 AB:0FE DB:9B          MREQ    WR                 | Memory write to  0FE <- 9B
#017H T7  AB:004 DB:12          MREQ RD                    | Memory read from 004 -> 12
#020H T10 AB:005 DB:F3          MREQ RD                    | Memory read from 005 -> F3
#053H T8  AB:0FF DB:8D          MREQ    WR                 | Memory write to  0FF <- 8D
#056H T11 AB:0FE DB:9F          MREQ    WR                 | Memory write to  0FE <- 9F
#017H T7  AB:004 DB:12          MREQ RD                    | Memory read from 004 -> 12
#020H T10 AB:005 DB:F4          MREQ RD                    | Memory read from 005 -> F4
#053H T8  AB:0FF DB:8E          MREQ    WR                 | Memory write to  0FF <- 8E
#056H T11 AB:0FE DB:9F          MREQ    WR                 | Memory write to  0FE <- 9F
#017H T7  AB:004 DB:12          MREQ RD                    | Memory read from 004 -> 12
#020H T10 AB:005 DB:F5          MREQ RD                    | Memory read from 005 -> F5
#053H T8  AB:0FF DB:8F          MREQ    WR                 | Memory write to  0FF <- 8F
#056H T11 AB:0FE DB:9B          MREQ    WR                 | Memory write to  0FE <- 9B
#017H T7  AB:004 DB:12          MREQ RD                    | Memory read from 004 -> 12
#020H T10 AB:005 DB:F6          MREQ RD                    | Memory read from 005 -> F6
#053H T8  AB:0FF DB:90          MREQ    WR                 | Memory write to  0FF <- 90
#056H T11 AB:0FE DB:87          MREQ    WR                 | Memory write to  0FE <- 87
#017H T7  AB:004 DB:12          MREQ RD                    | Memory read from 004 -> 12
#020H T10 AB:005 DB:F7          MREQ RD                    | Memory read from 005 -> F7
#053H T8  AB:0FF DB:91          MREQ    WR                 | Memory write to  0FF <- 91
#056H T11 AB:0FE DB:83          MREQ    WR                 | Memory write to  0FE <- 83
#017H T7  AB:004 DB:12          MREQ RD                    | Memory read from 004 -> 12
#020H T10 AB:005 DB:F8          MREQ RD                    | Memory read from 005 -> F8
#053H T8  AB:0FF DB:92          MREQ    WR                 | Memory write to  0FF <- 92
#056H T11 AB:0FE DB:83          MREQ    WR                 | Memory write to  0FE <- 83
#017H T7  AB:004 DB:12          MREQ RD                    | Memory read from 004 -> 12
#020H T10 AB:005 DB:F9          MREQ RD                    | Memory read from 005 -> F9
#053H T8  AB:0FF DB:93          MREQ    WR                 | Memory write to  0FF <- 93
#056H T11 AB:0FE DB:87          MREQ    WR                 | Memory write to  0FE <- 87
#017H T7  AB:004 DB:12          MREQ RD                    | Memory read from 004 -> 12
#020H T10 AB:005 DB:FA          MREQ RD                    | Memory read from 005 -> FA
#053H T8  AB:0FF DB:94          MREQ    WR                 | Memory write to  0FF <- 94
#056H T11 AB:0FE DB:83          MREQ    WR                 | Memory write to  0FE <- 83
#017H T7  AB:004 DB:12          MREQ RD                    | Memory read from 004 -> 12
#020H T10 AB:005 DB:FB          MREQ RD                    | Memory read from 005 -> FB
#053H T8  AB:0FF DB:95          MREQ    WR                 | Memory write to  0FF <- 95
#056H T11 AB:0FE DB:87          MREQ    WR                 | Memory write to  0FE <- 87
#017H T7  AB:004 DB:12          MREQ RD                    | Memory read from 004 -> 12
#020H T10 AB:005 DB:FC          MREQ RD                    | Memory read from 005 -> FC
#053H T8  AB:0FF DB:96          MREQ    WR                 | Memory write to  0FF <- 96
#056H T11 AB:0FE DB:87          MREQ    WR                 | Memory write to  0FE <- 87
#017H T7  AB:004 DB:12          MREQ RD                    | Memory read from 004 -> 12
#020H T10 AB:005 DB:FD          MREQ RD                    | Memory read from 005 -> FD
#053H T8  AB:0FF DB:97          MREQ    WR                 | Memory write to  0FF <- 97
#056H T11 AB:0FE DB:83          MREQ    WR                 | Memory write to  0FE <- 83
#017H T7  AB:004 DB:12          MREQ RD                    | Memory read from 004 -> 12
#020H T10 AB:005 DB:FE          MREQ RD                    | Memory read from 005 -> FE
#053H T8  AB:0FF DB:98          MREQ    WR                 | Memory write to  0FF <- 98
#056H T11 AB:0FE DB:8B          MREQ    WR                 | Memory write to  0FE <- 8B
#017H T7  AB:004 DB:12          MREQ RD                    | Memory read from 004 -> 12
#020H T10 AB:005 DB:FF          MREQ RD                    | Memory read from 005 -> FF
#053H T8  AB:0FF DB:99          MREQ    WR                 | Memory write to  0FF <- 99
#056H T11 AB:0FE DB:8F          MREQ    WR                 | Memory write to  0FE <- 8F
