Flow report for LB
Sun Jan 10 21:13:57 2010
Quartus II Version 7.2 Build 207 03/18/2008 Service Pack 3 SJ Full Version


---------------------
; Table of Contents ;
---------------------
  1. Legal Notice
  2. Flow Summary
  3. Flow Settings
  4. Flow Non-Default Global Settings
  5. Flow Elapsed Time
  6. Flow Log



----------------
; Legal Notice ;
----------------
Copyright (C) 1991-2007 Altera Corporation
Your use of Altera Corporation's design tools, logic functions 
and other software and tools, and its AMPP partner logic 
functions, and any output files from any of the foregoing 
(including device programming or simulation files), and any 
associated documentation or information are expressly subject 
to the terms and conditions of the Altera Program License 
Subscription Agreement, Altera MegaCore Function License 
Agreement, or other applicable license agreement, including, 
without limitation, that your use is for the sole purpose of 
programming logic devices manufactured by Altera and sold by 
Altera or its authorized distributors.  Please refer to the 
applicable agreement for further details.



+-------------------------------------------------------------------------------+
; Flow Summary                                                                  ;
+-------------------------------+-----------------------------------------------+
; Flow Status                   ; Successful - Sun Jan 10 21:13:56 2010         ;
; Quartus II Version            ; 7.2 Build 207 03/18/2008 SP 3 SJ Full Version ;
; Revision Name                 ; LB                                            ;
; Top-level Entity Name         ; LB                                            ;
; Family                        ; Stratix II                                    ;
; Met timing requirements       ; Yes                                           ;
; Logic utilization             ; 8 %                                           ;
;     Combinational ALUTs       ; 524 / 12,480 ( 4 % )                          ;
;     Dedicated logic registers ; 870 / 12,480 ( 7 % )                          ;
; Total registers               ; 870                                           ;
; Total pins                    ; 145 / 343 ( 42 % )                            ;
; Total virtual pins            ; 0                                             ;
; Total block memory bits       ; 154,560 / 419,328 ( 37 % )                    ;
; DSP block 9-bit elements      ; 0 / 96 ( 0 % )                                ;
; Total PLLs                    ; 0 / 6 ( 0 % )                                 ;
; Total DLLs                    ; 0 / 2 ( 0 % )                                 ;
; Device                        ; EP2S15F484C3                                  ;
; Timing Models                 ; Final                                         ;
+-------------------------------+-----------------------------------------------+


+-----------------------------------------+
; Flow Settings                           ;
+-------------------+---------------------+
; Option            ; Setting             ;
+-------------------+---------------------+
; Start date & time ; 01/10/2010 21:10:54 ;
; Main task         ; Compilation         ;
; Revision Name     ; LB                  ;
+-------------------+---------------------+


+-----------------------------------------------------------------------------------------+
; Flow Non-Default Global Settings                                                        ;
+------------------------------------+---------+---------------+-------------+------------+
; Assignment Name                    ; Value   ; Default Value ; Entity Name ; Section Id ;
+------------------------------------+---------+---------------+-------------+------------+
; FMAX_REQUIREMENT                   ; 125 MHz ; --            ; --          ; --         ;
; PARTITION_COLOR                    ; 2147039 ; --            ; --          ; Top        ;
; PARTITION_NETLIST_TYPE             ; SOURCE  ; --            ; --          ; Top        ;
; USE_GENERATED_PHYSICAL_CONSTRAINTS ; Off     ; --            ; --          ; eda_palace ;
+------------------------------------+---------+---------------+-------------+------------+


+------------------------------------------------------------------+
; Flow Elapsed Time                                                ;
+-------------------------+--------------+-------------------------+
; Module Name             ; Elapsed Time ; Average Processors Used ;
+-------------------------+--------------+-------------------------+
; Analysis & Synthesis    ; 00:00:48     ; 1.0                     ;
; Fitter                  ; 00:01:11     ; 1.0                     ;
; Assembler               ; 00:00:34     ; 1.0                     ;
; Classic Timing Analyzer ; 00:00:08     ; 1.0                     ;
; Total                   ; 00:02:41     ; --                      ;
+-------------------------+--------------+-------------------------+


------------
; Flow Log ;
------------
quartus_map --read_settings_files=on --write_settings_files=off LB -c LB
quartus_fit --read_settings_files=off --write_settings_files=off LB -c LB
quartus_asm --read_settings_files=off --write_settings_files=off LB -c LB
quartus_tan --read_settings_files=off --write_settings_files=off LB -c LB --timing_analysis_only



