                 **********************************
                 *                                *
                 *       Test USB FS SLAVE        *
                 * Init according to Win 7 driver *
                 *                                *
                 **********************************
     508.343 ns  USB lines at SE0 for      283.339 ns
                 Test_No 1
     6025.12 ns  USB Reset detected for     5083.435 ns
     7358.48 ns  Send SOF-Token: Frame No 0x55D, CRC5 0x12
   10441.875 ns  Send SOF-Token: Frame No 0x55E, CRC5 0x1A
    13525.27 ns  Send SOF-Token: Frame No 0x55F, CRC5 0x05
       16692 ns  Send Setup: Address 0x00, Endpoint 0x0, CRC5 0x02
   19775.395 ns  Send Data0 0x80 0x06 0x00 0x01 0x00 0x00 0x40 0x00 0xDD 0x94
   28542.237 ns  Recv ACK
   30442.275 ns  Send IN-Token: Address 0x00, Endpoint 0x0, CRC5 0x02
   33875.677 ns  Recv Data1 0x12 0x01 0x10 0x01 0x02 0x00 0x00 0x40 0x9A 0xFB 0x9A 0xFB 0x20 0x00 0x00 0x00
   45209.237 ns       ..... 0x00 0x01 0xB4 0x2C
   49109.315 ns  Send ACK
    50859.35 ns  Send OUT-Token: Address 0x00, Endpoint 0x0, CRC5 0x02
   53942.745 ns  Send Data1 0x00 0x00
   57376.147 ns  Recv ACK
                 Test_No 2
    63026.26 ns  USB Reset detected for     5083.435 ns
    64359.62 ns  Send Setup: Address 0x00, Endpoint 0x0, CRC5 0x02
   67443.015 ns  Send Data0 0x00 0x05 0x02 0x00 0x00 0x00 0x00 0x00 0xEB 0x16
   76209.857 ns  Recv ACK
   78109.895 ns  Send IN-Token: Address 0x00, Endpoint 0x0, CRC5 0x02
   81543.297 ns  Recv Data1 0x00 0x00
   84776.695 ns  Send ACK
                 Test_No 3
    86526.73 ns  Send Setup: Address 0x02, Endpoint 0x0, CRC5 0x15
   89610.125 ns  Send Data0 0x80 0x06 0x00 0x01 0x00 0x00 0x12 0x00 0xE0 0xF4
   98376.967 ns  Recv ACK
  100277.005 ns  Send IN-Token: Address 0x02, Endpoint 0x0, CRC5 0x15
  103710.407 ns  Recv Data1 0x12 0x01 0x10 0x01 0x02 0x00 0x00 0x40 0x9A 0xFB 0x9A 0xFB 0x20 0x00 0x00 0x00
  115043.967 ns       ..... 0x00 0x01 0xB4 0x2C
  118944.045 ns  Send ACK
   120694.08 ns  Send OUT-Token: Address 0x02, Endpoint 0x0, CRC5 0x15
  123777.475 ns  Send Data1 0x00 0x00
  127210.877 ns  Recv ACK
                 Test_No 4
  129110.915 ns  Send Setup: Address 0x02, Endpoint 0x0, CRC5 0x15
   132194.31 ns  Send Data0 0x80 0x06 0x00 0x02 0x00 0x00 0xFF 0x00 0xE9 0xA4
  141044.487 ns  Recv ACK
  142944.525 ns  Send IN-Token: Address 0x02, Endpoint 0x0, CRC5 0x15
  146377.927 ns  Recv Data1 0x09 0x02 0x43 0x00 0x02 0x01 0x00 0x80 0xFA 0x09 0x04 0x00 0x00 0x01 0x02 0x02
  157794.822 ns       ..... 0x01 0x00 0x05 0x24 0x00 0x10 0x01 0x04 0x24 0x02 0x00 0x05 0x24 0x06 0x00 0x01
  168461.702 ns       ..... 0x05 0x24 0x01 0x00 0x01 0x07 0x05 0x82 0x03 0x08 0x00 0xFF 0x09 0x04 0x01 0x00
  179211.917 ns       ..... 0x02 0x0A 0x00 0x00 0x00 0x07 0x05 0x81 0x02 0x40 0x00 0x00 0x07 0x05 0x01 0x02
  189878.797 ns       ..... 0x38 0x89
  192445.515 ns  Send ACK
   194195.55 ns  Send IN-Token: Address 0x02, Endpoint 0x0, CRC5 0x15
  197628.952 ns  Recv Data0 0x40 0x00 0x00 0x8F 0xEB
   202862.39 ns  Send ACK
  204612.425 ns  Send OUT-Token: Address 0x02, Endpoint 0x0, CRC5 0x15
   207695.82 ns  Send Data1 0x00 0x00
  211129.222 ns  Recv ACK
                 Test_No 5
   213029.26 ns  Send Setup: Address 0x02, Endpoint 0x0, CRC5 0x15
  216112.655 ns  Send Data0 0x80 0x06 0x00 0x01 0x00 0x00 0x12 0x00 0xE0 0xF4
  224879.497 ns  Recv ACK
  226779.535 ns  Send IN-Token: Address 0x02, Endpoint 0x0, CRC5 0x15
  230212.937 ns  Recv Data1 0x12 0x01 0x10 0x01 0x02 0x00 0x00 0x40 0x9A 0xFB 0x9A 0xFB 0x20 0x00 0x00 0x00
  241546.497 ns       ..... 0x00 0x01 0xB4 0x2C
  245446.575 ns  Send ACK
   247196.61 ns  Send OUT-Token: Address 0x02, Endpoint 0x0, CRC5 0x15
  250280.005 ns  Send Data1 0x00 0x00
  253713.407 ns  Recv ACK
                 Test_No 6
  255613.445 ns  Send Setup: Address 0x02, Endpoint 0x0, CRC5 0x15
   258696.84 ns  Send Data0 0x80 0x06 0x00 0x02 0x00 0x00 0x09 0x01 0x6F 0xC4
  267463.682 ns  Recv ACK
   269363.72 ns  Send IN-Token: Address 0x02, Endpoint 0x0, CRC5 0x15
  272797.122 ns  Recv Data1 0x09 0x02 0x43 0x00 0x02 0x01 0x00 0x80 0xFA 0x09 0x04 0x00 0x00 0x01 0x02 0x02
  284214.017 ns       ..... 0x01 0x00 0x05 0x24 0x00 0x10 0x01 0x04 0x24 0x02 0x00 0x05 0x24 0x06 0x00 0x01
  294880.897 ns       ..... 0x05 0x24 0x01 0x00 0x01 0x07 0x05 0x82 0x03 0x08 0x00 0xFF 0x09 0x04 0x01 0x00
  305631.112 ns       ..... 0x02 0x0A 0x00 0x00 0x00 0x07 0x05 0x81 0x02 0x40 0x00 0x00 0x07 0x05 0x01 0x02
  316297.992 ns       ..... 0x38 0x89
   318864.71 ns  Send ACK
  320614.745 ns  Send IN-Token: Address 0x02, Endpoint 0x0, CRC5 0x15
  324048.147 ns  Recv Data0 0x40 0x00 0x00 0x8F 0xEB
  329281.585 ns  Send ACK
   331031.62 ns  Send OUT-Token: Address 0x02, Endpoint 0x0, CRC5 0x15
  334115.015 ns  Send Data1 0x00 0x00
  337548.417 ns  Recv ACK
                 Test_No 7
  339448.455 ns  Send Setup: Address 0x02, Endpoint 0x0, CRC5 0x15
   342531.85 ns  Send Data0 0x00 0x09 0x01 0x00 0x00 0x00 0x00 0x00 0x27 0x25
  351298.692 ns  Recv ACK
   353198.73 ns  Send IN-Token: Address 0x02, Endpoint 0x0, CRC5 0x15
  356632.132 ns  Recv Data1 0x00 0x00
   359865.53 ns  Send ACK
                 Test_No 8
  361615.565 ns  Send Setup: Address 0x02, Endpoint 0x0, CRC5 0x15
   364698.96 ns  Send Data0 0xA1 0x21 0x00 0x00 0x00 0x00 0x07 0x00 0x47 0x72
  373465.802 ns  Recv ACK
   375365.84 ns  Send IN-Token: Address 0x02, Endpoint 0x0, CRC5 0x15
  378799.242 ns  Recv Data1 0x00 0x00
   382032.64 ns  Send ACK
  383782.675 ns  Send OUT-Token: Address 0x02, Endpoint 0x0, CRC5 0x15
   386866.07 ns  Send Data1 0x00 0x00
  390299.472 ns  Recv ACK
                 Test_No 9
   392199.51 ns  Send Setup: Address 0x02, Endpoint 0x0, CRC5 0x15
  395282.905 ns  Send Data0 0x21 0x22 0x00 0x00 0x00 0x00 0x00 0x00 0x7E 0x22
  404133.082 ns  Recv ACK
   406033.12 ns  Send IN-Token: Address 0x02, Endpoint 0x0, CRC5 0x15
  409466.522 ns  Recv Data1 0x00 0x00
   412699.92 ns  Send ACK
                 write and read 3x 64 bytes to - from engine 1
                 Test_No 10
  414449.955 ns  Send OUT-Token: Address 0x02, Endpoint 0x1, CRC5 0x03
   417533.35 ns  Send Data0 0x00 0x01 0x02 0x03 0x04 0x05 0x06 0x07 0x08 0x09 0x0A 0x0B 0x0C 0x0D 0x0E 0x0F
   428866.91 ns       ..... 0x10 0x11 0x12 0x13 0x14 0x15 0x16 0x17 0x18 0x19 0x1A 0x1B 0x1C 0x1D 0x1E 0x1F
   439533.79 ns       ..... 0x20 0x21 0x22 0x23 0x24 0x25 0x26 0x27 0x28 0x29 0x2A 0x2B 0x2C 0x2D 0x2E 0x2F
   450200.67 ns       ..... 0x30 0x31 0x32 0x33 0x34 0x35 0x36 0x37 0x38 0x39 0x3A 0x3B 0x3C 0x3D 0x3E 0x3F
  460950.885 ns       ..... 0x26 0xF7
   463700.94 ns  Recv ACK
  465617.645 ns  Send OUT-Token: Address 0x02, Endpoint 0x1, CRC5 0x03
   468701.04 ns  Send Data1 0x40 0x41 0x42 0x43 0x44 0x45 0x46 0x47 0x48 0x49 0x4A 0x4B 0x4C 0x4D 0x4E 0x4F
    480034.6 ns       ..... 0x50 0x51 0x52 0x53 0x54 0x55 0x56 0x57 0x58 0x59 0x5A 0x5B 0x5C 0x5D 0x5E 0x5F
   490701.48 ns       ..... 0x60 0x61 0x62 0x63 0x64 0x65 0x66 0x67 0x68 0x69 0x6A 0x6B 0x6C 0x6D 0x6E 0x6F
   501368.36 ns       ..... 0x70 0x71 0x72 0x73 0x74 0x75 0x76 0x77 0x78 0x79 0x7A 0x7B 0x7C 0x7D 0x7E 0x7F
   512201.91 ns       ..... 0x9B 0xBA
  514951.965 ns  Recv ACK
   516868.67 ns  Send OUT-Token: Address 0x02, Endpoint 0x1, CRC5 0x03
  519952.065 ns  Send Data0 0x80 0x81 0x82 0x83 0x84 0x85 0x86 0x87 0x88 0x89 0x8A 0x8B 0x8C 0x8D 0x8E 0x8F
  531268.958 ns       ..... 0x90 0x91 0x92 0x93 0x94 0x95 0x96 0x97 0x98 0x99 0x9A 0x9B 0x9C 0x9D 0x9E 0x9F
  542019.173 ns       ..... 0xA0 0xA1 0xA2 0xA3 0xA4 0xA5 0xA6 0xA7 0xA8 0xA9 0xAA 0xAB 0xAC 0xAD 0xAE 0xAF
  552686.053 ns       ..... 0xB0 0xB1 0xB2 0xB3 0xB4 0xB5 0xB6 0xB7 0xB8 0xB9 0xBA 0xBB 0xBC 0xBD 0xBE 0xBF
  563436.268 ns       ..... 0x5C 0x6C
   566202.99 ns  Recv ACK
                 Test_No 11
                 read 1st 64 bytes
  568103.028 ns  Send IN-Token: Address 0x02, Endpoint 0x1, CRC5 0x03
   571536.43 ns  Recv Data0 0x00 0x10 0x20 0x30 0x40 0x50 0x60 0x70 0x80 0x90 0xA0 0xB0 0xC0 0xD0 0xE0 0xF0
   582869.99 ns       ..... 0x01 0x11 0x21 0x31 0x41 0x51 0x61 0x71 0x81 0x91 0xA1 0xB1 0xC1 0xD1 0xE1 0xF1
   593536.87 ns       ..... 0x02 0x12 0x22 0x32 0x42 0x52 0x62 0x72 0x82 0x92 0xA2 0xB2 0xC2 0xD2 0xE2 0xF2
  604287.085 ns       ..... 0x03 0x13 0x23 0x33 0x43 0x53 0x63 0x73 0x83 0x93 0xA3 0xB3 0xC3 0xD3 0xE3 0xF3
  614953.965 ns       ..... 0x86 0xE0
  617520.683 ns  Send ACK
                 read 2nd 64 bytes
  619270.718 ns  Send IN-Token: Address 0x02, Endpoint 0x1, CRC5 0x03
   622704.12 ns  Recv Data1 0x04 0x14 0x24 0x34 0x44 0x54 0x64 0x74 0x84 0x94 0xA4 0xB4 0xC4 0xD4 0xE4 0xF4
   634037.68 ns       ..... 0x05 0x15 0x25 0x35 0x45 0x55 0x65 0x75 0x85 0x95 0xA5 0xB5 0xC5 0xD5 0xE5 0xF5
   644704.56 ns       ..... 0x06 0x16 0x26 0x36 0x46 0x56 0x66 0x76 0x86 0x96 0xA6 0xB6 0xC6 0xD6 0xE6 0xF6
  655454.775 ns       ..... 0x07 0x17 0x27 0x37 0x47 0x57 0x67 0x77 0x87 0x97 0xA7 0xB7 0xC7 0xD7 0xE7 0xF7
   666204.99 ns       ..... 0x5C 0x78
  668771.708 ns  Send ACK
  670521.743 ns  Send IN-Token: Address 0x02, Endpoint 0x1, CRC5 0x03
  673955.145 ns  Recv Data0 0x08 0x18 0x28 0x38 0x48 0x58 0x68 0x78 0x88 0x98 0xA8 0xB8 0xC8 0xD8 0xE8 0xF8
   685372.04 ns       ..... 0x09 0x19 0x29 0x39 0x49 0x59 0x69 0x79 0x89 0x99 0xA9 0xB9 0xC9 0xD9 0xE9 0xF9
   696038.92 ns       ..... 0x0A 0x1A 0x2A 0x3A 0x4A 0x5A 0x6A 0x7A 0x8A 0x9A 0xAA 0xBA 0xCA 0xDA 0xEA 0xFA
  706789.135 ns       ..... 0x0B 0x1B 0x2B 0x3B 0x4B 0x5B 0x6B 0x7B 0x8B 0x9B 0xAB 0xBB 0xCB 0xDB 0xEB 0xFB
   717539.35 ns       ..... 0x31 0x91
  720106.068 ns  Send ACK
                 write and read 1x 64 bytes to - from engine 1
                 Test_No 32
  721856.103 ns  Send OUT-Token: Address 0x02, Endpoint 0x1, CRC5 0x03
  724939.498 ns  Send Data1 0xC0 0xC1 0xC2 0xC3 0xC4 0xC5 0xC6 0xC7 0xC8 0xC9 0xCA 0xCB 0xCC 0xCD 0xCE 0xCF
  736356.393 ns       ..... 0xD0 0xD1 0xD2 0xD3 0xD4 0xD5 0xD6 0xD7 0xD8 0xD9 0xDA 0xDB 0xDC 0xDD 0xDE 0xDF
  747106.608 ns       ..... 0xE0 0xE1 0xE2 0xE3 0xE4 0xE5 0xE6 0xE7 0xE8 0xE9 0xEA 0xEB 0xEC 0xED 0xEE 0xEF
  757940.158 ns       ..... 0xF0 0xF1 0xF2 0xF3 0xF4 0xF5 0xF6 0xF7 0xF8 0xF9 0xFA 0xFB 0xFC 0xFD 0xFE 0xFF
  769273.718 ns       ..... 0xE1 0x21
   772040.44 ns  Recv ACK
                 Test_No 13
  773940.478 ns  Send IN-Token: Address 0x02, Endpoint 0x1, CRC5 0x03
   777373.88 ns  Recv Data1 0x0C 0x1C 0x2C 0x3C 0x4C 0x5C 0x6C 0x7C 0x8C 0x9C 0xAC 0xBC 0xCC 0xDC 0xEC 0xFC
  788790.775 ns       ..... 0x0D 0x1D 0x2D 0x3D 0x4D 0x5D 0x6D 0x7D 0x8D 0x9D 0xAD 0xBD 0xCD 0xDD 0xED 0xFD
   799540.99 ns       ..... 0x0E 0x1E 0x2E 0x3E 0x4E 0x5E 0x6E 0x7E 0x8E 0x9E 0xAE 0xBE 0xCE 0xDE 0xEE 0xFE
   810374.54 ns       ..... 0x0F 0x1F 0x2F 0x3F 0x4F 0x5F 0x6F 0x7F 0x8F 0x9F 0xAF 0xBF 0xCF 0xDF 0xEF 0xFF
    821708.1 ns       ..... 0xEB 0x09
  824274.818 ns  Send ACK
                 Test_No 14
                 test for more data - nothing
  826024.853 ns  Send IN-Token: Address 0x02, Endpoint 0x1, CRC5 0x03
  829458.255 ns  Recv Data0 0x00 0x00
  832691.653 ns  Send ACK
