Loading snapshot worklib.oc8051_tb:v .................... Done
ncsim> source /shared/tools/ncsim/tools/inca/files/ncsimrc
ncsim> run

Warning!  some objects excluded from $dumpvars due to -access -R
            File: /projects/oc8051/simont/oc8051/bench/verilog/oc8051_tb.v, line = 161, pos = 16
           Scope: oc8051_tb
            Time: 0 FS + 0

time                    1 step           0: pass
time                15916 step           1: pass
time                16836 step           2: pass
time                17296 step           3: pass
time                17756 step           4: pass
time                18216 step           5: pass
time                18676 step           6: pass
time                19136 step           7: pass
time                19596 step           8: pass
time                20056 step           9: pass

 Done!
Simulation complete via $finish(1) at time 20056 NS + 2
/projects/oc8051/simont/oc8051/bench/verilog/oc8051_tb.v:155       $finish;
ncsim> exit
