Loading snapshot worklib.oc8051_tb:v .................... Done
ncsim> source /shared/tools/ncsim/tools/inca/files/ncsimrc
ncsim> run

Warning!  some objects excluded from $dumpvars due to -access -R
            File: /projects/oc8051/simont/oc8051/bench/verilog/oc8051_tb.v, line = 161, pos = 16
           Scope: oc8051_tb
            Time: 0 FS + 0

time                    1 step           0: pass
time                 6706 step           1: pass
time                 7096 step           2: pass
time                 7546 step           3: pass
time                 8116 step           4: pass
time                 8746 step           5: pass
time                 9496 step           6: pass
time                10306 step           7: pass
time                11236 step           8: pass

 Done!
Simulation complete via $finish(1) at time 11236 NS + 2
/projects/oc8051/simont/oc8051/bench/verilog/oc8051_tb.v:155       $finish;
ncsim> exit
