Flow report for gnextrapolator
Tue Aug 14 00:28:18 2012
Quartus II Version 9.1 Build 350 03/24/2010 Service Pack 2 SJ Web Edition


---------------------
; Table of Contents ;
---------------------
  1. Legal Notice
  2. Flow Summary
  3. Flow Settings
  4. Flow Non-Default Global Settings
  5. Flow Elapsed Time
  6. Flow OS Summary
  7. Flow Log



----------------
; Legal Notice ;
----------------
Copyright (C) 1991-2010 Altera Corporation
Your use of Altera Corporation's design tools, logic functions 
and other software and tools, and its AMPP partner logic 
functions, and any output files from any of the foregoing 
(including device programming or simulation files), and any 
associated documentation or information are expressly subject 
to the terms and conditions of the Altera Program License 
Subscription Agreement, Altera MegaCore Function License 
Agreement, or other applicable license agreement, including, 
without limitation, that your use is for the sole purpose of 
programming logic devices manufactured by Altera and sold by 
Altera or its authorized distributors.  Please refer to the 
applicable agreement for further details.



+------------------------------------------------------------------------------+
; Flow Summary                                                                 ;
+-------------------------------+----------------------------------------------+
; Flow Status                   ; Successful - Tue Aug 14 00:28:17 2012        ;
; Quartus II Version            ; 9.1 Build 350 03/24/2010 SP 2 SJ Web Edition ;
; Revision Name                 ; gnextrapolator                               ;
; Top-level Entity Name         ; gnextrapolator                               ;
; Family                        ; Stratix II                                   ;
; Device                        ; EP2S15F484C4                                 ;
; Timing Models                 ; Final                                        ;
; Met timing requirements       ; Yes                                          ;
; Logic utilization             ; 2 %                                          ;
;     Combinational ALUTs       ; 169 / 12,480 ( 1 % )                         ;
;     Dedicated logic registers ; 190 / 12,480 ( 2 % )                         ;
; Total registers               ; 190                                          ;
; Total pins                    ; 107 / 343 ( 31 % )                           ;
; Total virtual pins            ; 0                                            ;
; Total block memory bits       ; 512 / 419,328 ( < 1 % )                      ;
; DSP block 9-bit elements      ; 0 / 96 ( 0 % )                               ;
; Total PLLs                    ; 0 / 6 ( 0 % )                                ;
; Total DLLs                    ; 0 / 2 ( 0 % )                                ;
+-------------------------------+----------------------------------------------+


+-----------------------------------------+
; Flow Settings                           ;
+-------------------+---------------------+
; Option            ; Setting             ;
+-------------------+---------------------+
; Start date & time ; 08/14/2012 00:26:18 ;
; Main task         ; Compilation         ;
; Revision Name     ; gnextrapolator      ;
+-------------------+---------------------+


+--------------------------------------------------------------------------------------------------------------------+
; Flow Non-Default Global Settings                                                                                   ;
+------------------------------------+--------------------------------+---------------+-------------+----------------+
; Assignment Name                    ; Value                          ; Default Value ; Entity Name ; Section Id     ;
+------------------------------------+--------------------------------+---------------+-------------+----------------+
; COMPILER_SIGNATURE_ID              ; 13608450046966.134491477702032 ; --            ; --          ; --             ;
; MAX_CORE_JUNCTION_TEMP             ; 85                             ; --            ; --          ; --             ;
; MIN_CORE_JUNCTION_TEMP             ; 0                              ; --            ; --          ; --             ;
; PARTITION_COLOR                    ; 16764057                       ; --            ; --          ; Top            ;
; PARTITION_NETLIST_TYPE             ; SOURCE                         ; --            ; --          ; Top            ;
; USE_GENERATED_PHYSICAL_CONSTRAINTS ; Off                            ; --            ; --          ; eda_blast_fpga ;
+------------------------------------+--------------------------------+---------------+-------------+----------------+


+-----------------------------------------------------------------------------------------------------------------------------+
; Flow Elapsed Time                                                                                                           ;
+-------------------------+--------------+-------------------------+---------------------+------------------------------------+
; Module Name             ; Elapsed Time ; Average Processors Used ; Peak Virtual Memory ; Total CPU Time (on all processors) ;
+-------------------------+--------------+-------------------------+---------------------+------------------------------------+
; Analysis & Synthesis    ; 00:00:09     ; 1.0                     ; 194 MB              ; 00:00:09                           ;
; Fitter                  ; 00:00:26     ; 1.0                     ; 233 MB              ; 00:00:26                           ;
; Classic Timing Analyzer ; 00:00:05     ; 1.0                     ; 153 MB              ; 00:00:05                           ;
; Total                   ; 00:00:40     ; --                      ; --                  ; 00:00:40                           ;
+-------------------------+--------------+-------------------------+---------------------+------------------------------------+


+---------------------------------------------------------------------------------------+
; Flow OS Summary                                                                       ;
+-------------------------+------------------+------------+------------+----------------+
; Module Name             ; Machine Hostname ; OS Name    ; OS Version ; Processor type ;
+-------------------------+------------------+------------+------------+----------------+
; Analysis & Synthesis    ; LAPTOP           ; Windows XP ; 5.1        ; i686           ;
; Fitter                  ; LAPTOP           ; Windows XP ; 5.1        ; i686           ;
; Classic Timing Analyzer ; LAPTOP           ; Windows XP ; 5.1        ; i686           ;
+-------------------------+------------------+------------+------------+----------------+


------------
; Flow Log ;
------------
quartus_map --read_settings_files=on --write_settings_files=off gnextrapolator -c gnextrapolator
quartus_fit --read_settings_files=on --write_settings_files=off gnextrapolator -c gnextrapolator
quartus_tan --read_settings_files=on --write_settings_files=off gnextrapolator -c gnextrapolator --speed=4



