Analysis & Synthesis report for gnextrapolator
Tue Aug 14 00:26:26 2012
Quartus II Version 9.1 Build 350 03/24/2010 Service Pack 2 SJ Web Edition


---------------------
; Table of Contents ;
---------------------
  1. Legal Notice
  2. Analysis & Synthesis Summary
  3. Analysis & Synthesis Settings
  4. Analysis & Synthesis Source Files Read
  5. Analysis & Synthesis Resource Usage Summary
  6. Analysis & Synthesis Resource Utilization by Entity
  7. Analysis & Synthesis RAM Summary
  8. Registers Removed During Synthesis
  9. General Register Statistics
 10. Registers Packed Into Inferred Megafunctions
 11. Multiplexer Restructuring Statistics (Restructuring Performed)
 12. Source assignments for altsyncram:ram_rtl_0|altsyncram_uv61:auto_generated
 13. Parameter Settings for Inferred Entity Instance: altsyncram:ram_rtl_0
 14. altsyncram Parameter Settings by Entity Instance
 15. Analysis & Synthesis Messages



----------------
; Legal Notice ;
----------------
Copyright (C) 1991-2010 Altera Corporation
Your use of Altera Corporation's design tools, logic functions 
and other software and tools, and its AMPP partner logic 
functions, and any output files from any of the foregoing 
(including device programming or simulation files), and any 
associated documentation or information are expressly subject 
to the terms and conditions of the Altera Program License 
Subscription Agreement, Altera MegaCore Function License 
Agreement, or other applicable license agreement, including, 
without limitation, that your use is for the sole purpose of 
programming logic devices manufactured by Altera and sold by 
Altera or its authorized distributors.  Please refer to the 
applicable agreement for further details.



+------------------------------------------------------------------------------+
; Analysis & Synthesis Summary                                                 ;
+-------------------------------+----------------------------------------------+
; Analysis & Synthesis Status   ; Successful - Tue Aug 14 00:26:26 2012        ;
; Quartus II Version            ; 9.1 Build 350 03/24/2010 SP 2 SJ Web Edition ;
; Revision Name                 ; gnextrapolator                               ;
; Top-level Entity Name         ; gnextrapolator                               ;
; Family                        ; Stratix II                                   ;
; Logic utilization             ; N/A                                          ;
;     Combinational ALUTs       ; 168                                          ;
;     Dedicated logic registers ; 190                                          ;
; Total registers               ; 190                                          ;
; Total pins                    ; 107                                          ;
; Total virtual pins            ; 0                                            ;
; Total block memory bits       ; 512                                          ;
; DSP block 9-bit elements      ; 0                                            ;
; Total PLLs                    ; 0                                            ;
; Total DLLs                    ; 0                                            ;
+-------------------------------+----------------------------------------------+


+----------------------------------------------------------------------------------------------------------------------+
; Analysis & Synthesis Settings                                                                                        ;
+----------------------------------------------------------------------------+--------------------+--------------------+
; Option                                                                     ; Setting            ; Default Value      ;
+----------------------------------------------------------------------------+--------------------+--------------------+
; Device                                                                     ; EP2S15F484C4       ;                    ;
; Top-level entity name                                                      ; gnextrapolator     ; gnextrapolator     ;
; Family name                                                                ; Stratix II         ; Stratix II         ;
; Use Generated Physical Constraints File                                    ; Off                ;                    ;
; Use smart compilation                                                      ; Off                ; Off                ;
; Enable parallel Assembler and TimeQuest Timing Analyzer during compilation ; On                 ; On                 ;
; Enable compact report table                                                ; Off                ; Off                ;
; Restructure Multiplexers                                                   ; Auto               ; Auto               ;
; Create Debugging Nodes for IP Cores                                        ; Off                ; Off                ;
; Preserve fewer node names                                                  ; On                 ; On                 ;
; Disable OpenCore Plus hardware evaluation                                  ; Off                ; Off                ;
; Verilog Version                                                            ; Verilog_2001       ; Verilog_2001       ;
; VHDL Version                                                               ; VHDL_1993          ; VHDL_1993          ;
; State Machine Processing                                                   ; Auto               ; Auto               ;
; Safe State Machine                                                         ; Off                ; Off                ;
; Extract Verilog State Machines                                             ; On                 ; On                 ;
; Extract VHDL State Machines                                                ; On                 ; On                 ;
; Ignore Verilog initial constructs                                          ; Off                ; Off                ;
; Iteration limit for constant Verilog loops                                 ; 5000               ; 5000               ;
; Iteration limit for non-constant Verilog loops                             ; 250                ; 250                ;
; Add Pass-Through Logic to Inferred RAMs                                    ; On                 ; On                 ;
; Parallel Synthesis                                                         ; On                 ; On                 ;
; DSP Block Balancing                                                        ; Auto               ; Auto               ;
; NOT Gate Push-Back                                                         ; On                 ; On                 ;
; Power-Up Don't Care                                                        ; On                 ; On                 ;
; Remove Redundant Logic Cells                                               ; Off                ; Off                ;
; Remove Duplicate Registers                                                 ; On                 ; On                 ;
; Ignore CARRY Buffers                                                       ; Off                ; Off                ;
; Ignore CASCADE Buffers                                                     ; Off                ; Off                ;
; Ignore GLOBAL Buffers                                                      ; Off                ; Off                ;
; Ignore ROW GLOBAL Buffers                                                  ; Off                ; Off                ;
; Ignore LCELL Buffers                                                       ; Off                ; Off                ;
; Ignore SOFT Buffers                                                        ; On                 ; On                 ;
; Limit AHDL Integers to 32 Bits                                             ; Off                ; Off                ;
; Optimization Technique                                                     ; Balanced           ; Balanced           ;
; Carry Chain Length                                                         ; 70                 ; 70                 ;
; Auto Carry Chains                                                          ; On                 ; On                 ;
; Auto Open-Drain Pins                                                       ; On                 ; On                 ;
; Perform WYSIWYG Primitive Resynthesis                                      ; Off                ; Off                ;
; Auto ROM Replacement                                                       ; On                 ; On                 ;
; Auto RAM Replacement                                                       ; On                 ; On                 ;
; Auto DSP Block Replacement                                                 ; On                 ; On                 ;
; Auto Shift Register Replacement                                            ; Auto               ; Auto               ;
; Auto Clock Enable Replacement                                              ; On                 ; On                 ;
; Strict RAM Replacement                                                     ; Off                ; Off                ;
; Allow Synchronous Control Signals                                          ; On                 ; On                 ;
; Force Use of Synchronous Clear Signals                                     ; Off                ; Off                ;
; Auto RAM Block Balancing                                                   ; On                 ; On                 ;
; Auto RAM to Logic Cell Conversion                                          ; Off                ; Off                ;
; Auto Resource Sharing                                                      ; Off                ; Off                ;
; Allow Any RAM Size For Recognition                                         ; Off                ; Off                ;
; Allow Any ROM Size For Recognition                                         ; Off                ; Off                ;
; Allow Any Shift Register Size For Recognition                              ; Off                ; Off                ;
; Use LogicLock Constraints during Resource Balancing                        ; On                 ; On                 ;
; Ignore translate_off and synthesis_off directives                          ; Off                ; Off                ;
; Timing-Driven Synthesis                                                    ; Off                ; Off                ;
; Show Parameter Settings Tables in Synthesis Report                         ; On                 ; On                 ;
; Ignore Maximum Fan-Out Assignments                                         ; Off                ; Off                ;
; Synchronization Register Chain Length                                      ; 2                  ; 2                  ;
; PowerPlay Power Optimization                                               ; Normal compilation ; Normal compilation ;
; HDL message level                                                          ; Level2             ; Level2             ;
; Suppress Register Optimization Related Messages                            ; Off                ; Off                ;
; Number of Removed Registers Reported in Synthesis Report                   ; 5000               ; 5000               ;
; Number of Inverted Registers Reported in Synthesis Report                  ; 100                ; 100                ;
; Clock MUX Protection                                                       ; On                 ; On                 ;
; Auto Gated Clock Conversion                                                ; Off                ; Off                ;
; Block Design Naming                                                        ; Auto               ; Auto               ;
; SDC constraint protection                                                  ; Off                ; Off                ;
; Synthesis Effort                                                           ; Auto               ; Auto               ;
; Shift Register Replacement - Allow Asynchronous Clear Signal               ; On                 ; On                 ;
; Analysis & Synthesis Message Level                                         ; Medium             ; Medium             ;
; Disable Register Merging Across Hierarchies                                ; Auto               ; Auto               ;
; Resource Aware Inference For Block RAM                                     ; On                 ; On                 ;
+----------------------------------------------------------------------------+--------------------+--------------------+


+--------------------------------------------------------------------------------------------------------------------------------------------------+
; Analysis & Synthesis Source Files Read                                                                                                           ;
+----------------------------------+-----------------+----------------------------------+----------------------------------------------------------+
; File Name with User-Entered Path ; Used in Netlist ; File Type                        ; File Name with Absolute Path                             ;
+----------------------------------+-----------------+----------------------------------+----------------------------------------------------------+
; gnextrapolator.vhd               ; yes             ; User VHDL File                   ; C:/Altera/qdesigns/gnextrapolator/gnextrapolator.vhd     ;
; gnextrapolator.mif               ; yes             ; User Memory Initialization File  ; C:/Altera/qdesigns/gnextrapolator/gnextrapolator.mif     ;
; altsyncram.tdf                   ; yes             ; Megafunction                     ; c:/altera/quartus/libraries/megafunctions/altsyncram.tdf ;
; db/altsyncram_uv61.tdf           ; yes             ; Auto-Generated Megafunction      ; C:/Altera/qdesigns/gnextrapolator/db/altsyncram_uv61.tdf ;
+----------------------------------+-----------------+----------------------------------+----------------------------------------------------------+


+-------------------------------------------------------+
; Analysis & Synthesis Resource Usage Summary           ;
+-----------------------------------------------+-------+
; Resource                                      ; Usage ;
+-----------------------------------------------+-------+
; Estimated ALUTs Used                          ; 168   ;
; Dedicated logic registers                     ; 190   ;
;                                               ;       ;
; Estimated ALUTs Unavailable                   ; 0     ;
;                                               ;       ;
; Total combinational functions                 ; 168   ;
; Combinational ALUT usage by number of inputs  ;       ;
;     -- 7 input functions                      ; 0     ;
;     -- 6 input functions                      ; 4     ;
;     -- 5 input functions                      ; 16    ;
;     -- 4 input functions                      ; 32    ;
;     -- <=3 input functions                    ; 116   ;
;                                               ;       ;
; Combinational ALUTs by mode                   ;       ;
;     -- normal mode                            ; 38    ;
;     -- extended LUT mode                      ; 0     ;
;     -- arithmetic mode                        ; 114   ;
;     -- shared arithmetic mode                 ; 16    ;
;                                               ;       ;
; Estimated ALUT/register pairs used            ; 223   ;
;                                               ;       ;
; Total registers                               ; 190   ;
;     -- Dedicated logic registers              ; 190   ;
;     -- I/O registers                          ; 0     ;
;                                               ;       ;
; Estimated ALMs:  partially or completely used ; 112   ;
;                                               ;       ;
; I/O pins                                      ; 107   ;
; Total block memory bits                       ; 512   ;
; Maximum fan-out node                          ; clk_i ;
; Maximum fan-out                               ; 206   ;
; Total fan-out                                 ; 1365  ;
; Average fan-out                               ; 2.84  ;
+-----------------------------------------------+-------+


+-----------------------------------------------------------------------------------------------------------------------------------------------------------------------------------------------------------------------------------------------------------+
; Analysis & Synthesis Resource Utilization by Entity                                                                                                                                                                                                       ;
+----------------------------------------+-------------------+--------------+-------------------+--------------+---------+-----------+-----------+------+--------------+---------------------------------------------------------------------+--------------+
; Compilation Hierarchy Node             ; LC Combinationals ; LC Registers ; Block Memory Bits ; DSP Elements ; DSP 9x9 ; DSP 18x18 ; DSP 36x36 ; Pins ; Virtual Pins ; Full Hierarchy Name                                                 ; Library Name ;
+----------------------------------------+-------------------+--------------+-------------------+--------------+---------+-----------+-----------+------+--------------+---------------------------------------------------------------------+--------------+
; |gnextrapolator                        ; 168 (168)         ; 190 (190)    ; 512               ; 0            ; 0       ; 0         ; 0         ; 107  ; 0            ; |gnextrapolator                                                     ; work         ;
;    |altsyncram:ram_rtl_0|              ; 0 (0)             ; 0 (0)        ; 512               ; 0            ; 0       ; 0         ; 0         ; 0    ; 0            ; |gnextrapolator|altsyncram:ram_rtl_0                                ;              ;
;       |altsyncram_uv61:auto_generated| ; 0 (0)             ; 0 (0)        ; 512               ; 0            ; 0       ; 0         ; 0         ; 0    ; 0            ; |gnextrapolator|altsyncram:ram_rtl_0|altsyncram_uv61:auto_generated ;              ;
+----------------------------------------+-------------------+--------------+-------------------+--------------+---------+-----------+-----------+------+--------------+---------------------------------------------------------------------+--------------+
Note: For table entries with two numbers listed, the numbers in parentheses indicate the number of resources of the given type used by the specific entity alone. The numbers listed outside of parentheses indicate the total resources of the given type used by the specific entity and all of its sub-entities in the hierarchy.


+----------------------------------------------------------------------------------------------------------------------------------------------------------------------+
; Analysis & Synthesis RAM Summary                                                                                                                                     ;
+----------------------------------------------------------------+------+------+--------------+--------------+--------------+--------------+------+--------------------+
; Name                                                           ; Type ; Mode ; Port A Depth ; Port A Width ; Port B Depth ; Port B Width ; Size ; MIF                ;
+----------------------------------------------------------------+------+------+--------------+--------------+--------------+--------------+------+--------------------+
; altsyncram:ram_rtl_0|altsyncram_uv61:auto_generated|ALTSYNCRAM ; M512 ; ROM  ; 32           ; 16           ; --           ; --           ; 512  ; gnextrapolator.mif ;
+----------------------------------------------------------------+------+------+--------------+--------------+--------------+--------------+------+--------------------+


+----------------------------------------------------------------------------------+
; Registers Removed During Synthesis                                               ;
+-----------------------------------------+----------------------------------------+
; Register name                           ; Reason for Removal                     ;
+-----------------------------------------+----------------------------------------+
; i[1]                                    ; Stuck at GND due to stuck port data_in ;
; nabla4fx[2][15]                         ; Lost fanout                            ;
; nabla4fx[2][14]                         ; Lost fanout                            ;
; nabla4fx[2][13]                         ; Lost fanout                            ;
; nabla4fx[2][12]                         ; Lost fanout                            ;
; nabla4fx[2][11]                         ; Lost fanout                            ;
; nabla4fx[2][10]                         ; Lost fanout                            ;
; nabla4fx[2][9]                          ; Lost fanout                            ;
; nabla4fx[2][8]                          ; Lost fanout                            ;
; nabla4fx[2][7]                          ; Lost fanout                            ;
; nabla4fx[2][6]                          ; Lost fanout                            ;
; nabla4fx[2][5]                          ; Lost fanout                            ;
; nabla4fx[2][4]                          ; Lost fanout                            ;
; nabla4fx[2][3]                          ; Lost fanout                            ;
; nabla4fx[2][2]                          ; Lost fanout                            ;
; nabla4fx[2][1]                          ; Lost fanout                            ;
; nabla4fx[2][0]                          ; Lost fanout                            ;
; fx[2][13]                               ; Merged with fx[2][15]                  ;
; nabla2fx[2][1]                          ; Merged with fx[2][15]                  ;
; fx[2][9]                                ; Merged with fx[2][15]                  ;
; nabla2fx[2][14]                         ; Merged with fx[2][15]                  ;
; nabla1fx[2][9]                          ; Merged with fx[2][15]                  ;
; fx[2][7]                                ; Merged with fx[2][15]                  ;
; nabla2fx[2][9]                          ; Merged with fx[2][15]                  ;
; nabla3fx[2][8]                          ; Merged with fx[2][15]                  ;
; nabla1fx[2][13]                         ; Merged with fx[2][15]                  ;
; nabla1fx[2][0]                          ; Merged with fx[2][15]                  ;
; nabla2fx[2][12]                         ; Merged with fx[2][15]                  ;
; nabla3fx[2][9]                          ; Merged with fx[2][15]                  ;
; fx[2][5]                                ; Merged with fx[2][15]                  ;
; fx[2][14]                               ; Merged with fx[2][15]                  ;
; nabla2fx[2][6]                          ; Merged with fx[2][15]                  ;
; nabla2fx[2][13]                         ; Merged with fx[2][15]                  ;
; fx[2][11]                               ; Merged with fx[2][15]                  ;
; nabla2fx[2][5]                          ; Merged with fx[2][15]                  ;
; nabla2fx[2][2]                          ; Merged with fx[2][15]                  ;
; nabla1fx[2][15]                         ; Merged with fx[2][15]                  ;
; nabla1fx[2][6]                          ; Merged with fx[2][15]                  ;
; nabla1fx[2][11]                         ; Merged with fx[2][15]                  ;
; fx[2][2]                                ; Merged with fx[2][15]                  ;
; nabla3fx[2][13]                         ; Merged with fx[2][15]                  ;
; nabla1fx[2][5]                          ; Merged with fx[2][15]                  ;
; nabla2fx[2][10]                         ; Merged with fx[2][15]                  ;
; nabla3fx[2][5]                          ; Merged with fx[2][15]                  ;
; nabla3fx[2][10]                         ; Merged with fx[2][15]                  ;
; fx[2][0]                                ; Merged with fx[2][15]                  ;
; nabla2fx[2][0]                          ; Merged with fx[2][15]                  ;
; nabla2fx[2][8]                          ; Merged with fx[2][15]                  ;
; fx[2][6]                                ; Merged with fx[2][15]                  ;
; nabla3fx[2][4]                          ; Merged with fx[2][15]                  ;
; nabla2fx[2][15]                         ; Merged with fx[2][15]                  ;
; fx[2][12]                               ; Merged with fx[2][15]                  ;
; nabla2fx[2][11]                         ; Merged with fx[2][15]                  ;
; nabla3fx[2][12]                         ; Merged with fx[2][15]                  ;
; nabla2fx[2][7]                          ; Merged with fx[2][15]                  ;
; fx[2][10]                               ; Merged with fx[2][15]                  ;
; nabla2fx[2][3]                          ; Merged with fx[2][15]                  ;
; nabla1fx[2][4]                          ; Merged with fx[2][15]                  ;
; nabla1fx[2][8]                          ; Merged with fx[2][15]                  ;
; fx[2][4]                                ; Merged with fx[2][15]                  ;
; nabla1fx[2][14]                         ; Merged with fx[2][15]                  ;
; nabla3fx[2][14]                         ; Merged with fx[2][15]                  ;
; nabla1fx[2][12]                         ; Merged with fx[2][15]                  ;
; nabla3fx[2][6]                          ; Merged with fx[2][15]                  ;
; nabla1fx[2][10]                         ; Merged with fx[2][15]                  ;
; nabla1fx[2][2]                          ; Merged with fx[2][15]                  ;
; nabla3fx[2][15]                         ; Merged with fx[2][15]                  ;
; nabla1fx[2][7]                          ; Merged with fx[2][15]                  ;
; nabla3fx[2][11]                         ; Merged with fx[2][15]                  ;
; fx[2][3]                                ; Merged with fx[2][15]                  ;
; nabla3fx[2][7]                          ; Merged with fx[2][15]                  ;
; nabla1fx[2][3]                          ; Merged with fx[2][15]                  ;
; nabla2fx[2][4]                          ; Merged with fx[2][15]                  ;
; nabla3fx[2][3]                          ; Merged with fx[2][15]                  ;
; fx[2][8]                                ; Merged with fx[2][15]                  ;
; nabla3fx[2][0]                          ; Merged with fx[2][15]                  ;
; nabla3fx[2][2]                          ; Merged with fx[2][15]                  ;
; fx[2][1]                                ; Merged with fx[2][15]                  ;
; nabla1fx[2][1]                          ; Merged with fx[2][15]                  ;
; nabla3fx[2][1]                          ; Merged with fx[2][15]                  ;
; fx[2][15]                               ; Stuck at GND due to stuck port data_in ;
; nabla1fx[1][0]                          ; Lost fanout                            ;
; nabla1fx[1][1]                          ; Lost fanout                            ;
; nabla1fx[1][2]                          ; Lost fanout                            ;
; nabla1fx[1][3]                          ; Lost fanout                            ;
; nabla1fx[1][4]                          ; Lost fanout                            ;
; nabla1fx[1][5]                          ; Lost fanout                            ;
; nabla1fx[1][6]                          ; Lost fanout                            ;
; nabla1fx[1][7]                          ; Lost fanout                            ;
; nabla1fx[1][8]                          ; Lost fanout                            ;
; nabla1fx[1][9]                          ; Lost fanout                            ;
; nabla1fx[1][10]                         ; Lost fanout                            ;
; nabla1fx[1][11]                         ; Lost fanout                            ;
; nabla1fx[1][12]                         ; Lost fanout                            ;
; nabla1fx[1][13]                         ; Lost fanout                            ;
; nabla1fx[1][14]                         ; Lost fanout                            ;
; nabla1fx[1][15]                         ; Lost fanout                            ;
; nabla2fx[1][0]                          ; Lost fanout                            ;
; nabla2fx[1][1]                          ; Lost fanout                            ;
; nabla2fx[1][2]                          ; Lost fanout                            ;
; nabla2fx[1][3]                          ; Lost fanout                            ;
; nabla2fx[1][4]                          ; Lost fanout                            ;
; nabla2fx[1][5]                          ; Lost fanout                            ;
; nabla2fx[1][6]                          ; Lost fanout                            ;
; nabla2fx[1][7]                          ; Lost fanout                            ;
; nabla2fx[1][8]                          ; Lost fanout                            ;
; nabla2fx[1][9]                          ; Lost fanout                            ;
; nabla2fx[1][10]                         ; Lost fanout                            ;
; nabla2fx[1][11]                         ; Lost fanout                            ;
; nabla2fx[1][12]                         ; Lost fanout                            ;
; nabla2fx[1][13]                         ; Lost fanout                            ;
; nabla2fx[1][14]                         ; Lost fanout                            ;
; nabla2fx[1][15]                         ; Lost fanout                            ;
; nabla3fx[1][0]                          ; Lost fanout                            ;
; nabla3fx[1][1]                          ; Lost fanout                            ;
; nabla3fx[1][2]                          ; Lost fanout                            ;
; nabla3fx[1][3]                          ; Lost fanout                            ;
; nabla3fx[1][4]                          ; Lost fanout                            ;
; nabla3fx[1][5]                          ; Lost fanout                            ;
; nabla3fx[1][6]                          ; Lost fanout                            ;
; nabla3fx[1][7]                          ; Lost fanout                            ;
; nabla3fx[1][8]                          ; Lost fanout                            ;
; nabla3fx[1][9]                          ; Lost fanout                            ;
; nabla3fx[1][10]                         ; Lost fanout                            ;
; nabla3fx[1][11]                         ; Lost fanout                            ;
; nabla3fx[1][12]                         ; Lost fanout                            ;
; nabla3fx[1][13]                         ; Lost fanout                            ;
; nabla3fx[1][14]                         ; Lost fanout                            ;
; nabla3fx[1][15]                         ; Lost fanout                            ;
; nabla4fx[1][0]                          ; Lost fanout                            ;
; nabla4fx[1][1]                          ; Lost fanout                            ;
; nabla4fx[1][2]                          ; Lost fanout                            ;
; nabla4fx[1][3]                          ; Lost fanout                            ;
; nabla4fx[1][4]                          ; Lost fanout                            ;
; nabla4fx[1][5]                          ; Lost fanout                            ;
; nabla4fx[1][6]                          ; Lost fanout                            ;
; nabla4fx[1][7]                          ; Lost fanout                            ;
; nabla4fx[1][8]                          ; Lost fanout                            ;
; nabla4fx[1][9]                          ; Lost fanout                            ;
; nabla4fx[1][10]                         ; Lost fanout                            ;
; nabla4fx[1][11]                         ; Lost fanout                            ;
; nabla4fx[1][12]                         ; Lost fanout                            ;
; nabla4fx[1][13]                         ; Lost fanout                            ;
; nabla4fx[1][14]                         ; Lost fanout                            ;
; nabla4fx[1][15]                         ; Lost fanout                            ;
; nabla4fx[0][0]                          ; Lost fanout                            ;
; nabla4fx[0][1]                          ; Lost fanout                            ;
; nabla4fx[0][2]                          ; Lost fanout                            ;
; nabla4fx[0][3]                          ; Lost fanout                            ;
; nabla4fx[0][4]                          ; Lost fanout                            ;
; nabla4fx[0][5]                          ; Lost fanout                            ;
; nabla4fx[0][6]                          ; Lost fanout                            ;
; nabla4fx[0][7]                          ; Lost fanout                            ;
; nabla4fx[0][8]                          ; Lost fanout                            ;
; nabla4fx[0][9]                          ; Lost fanout                            ;
; nabla4fx[0][10]                         ; Lost fanout                            ;
; nabla4fx[0][11]                         ; Lost fanout                            ;
; nabla4fx[0][12]                         ; Lost fanout                            ;
; nabla4fx[0][13]                         ; Lost fanout                            ;
; nabla4fx[0][14]                         ; Lost fanout                            ;
; nabla4fx[0][15]                         ; Lost fanout                            ;
; fx[1][0]                                ; Lost fanout                            ;
; fx[1][1]                                ; Lost fanout                            ;
; fx[1][2]                                ; Lost fanout                            ;
; fx[1][3]                                ; Lost fanout                            ;
; fx[1][4]                                ; Lost fanout                            ;
; fx[1][5]                                ; Lost fanout                            ;
; fx[1][6]                                ; Lost fanout                            ;
; fx[1][7]                                ; Lost fanout                            ;
; fx[1][8]                                ; Lost fanout                            ;
; fx[1][9]                                ; Lost fanout                            ;
; fx[1][10]                               ; Lost fanout                            ;
; fx[1][11]                               ; Lost fanout                            ;
; fx[1][12]                               ; Lost fanout                            ;
; fx[1][13]                               ; Lost fanout                            ;
; fx[1][14]                               ; Lost fanout                            ;
; fx[1][15]                               ; Lost fanout                            ;
; cont[8..15]                             ; Lost fanout                            ;
; Total Number of Removed Registers = 185 ;                                        ;
+-----------------------------------------+----------------------------------------+


+------------------------------------------------------+
; General Register Statistics                          ;
+----------------------------------------------+-------+
; Statistic                                    ; Value ;
+----------------------------------------------+-------+
; Total registers                              ; 190   ;
; Number of registers using Synchronous Clear  ; 8     ;
; Number of registers using Synchronous Load   ; 0     ;
; Number of registers using Asynchronous Clear ; 78    ;
; Number of registers using Asynchronous Load  ; 0     ;
; Number of registers using Clock Enable       ; 112   ;
; Number of registers using Preset             ; 0     ;
+----------------------------------------------+-------+


+----------------------------------------------+
; Registers Packed Into Inferred Megafunctions ;
+---------------+--------------+---------------+
; Register Name ; Megafunction ; Type          ;
+---------------+--------------+---------------+
; sram[0]       ; ram~0        ; RAM           ;
; sram[1]       ; ram~0        ; RAM           ;
; sram[2]       ; ram~0        ; RAM           ;
; sram[3]       ; ram~0        ; RAM           ;
; sram[4]       ; ram~0        ; RAM           ;
; sram[5]       ; ram~0        ; RAM           ;
; sram[6]       ; ram~0        ; RAM           ;
; sram[7]       ; ram~0        ; RAM           ;
; sram[8]       ; ram~0        ; RAM           ;
; sram[9]       ; ram~0        ; RAM           ;
; sram[10]      ; ram~0        ; RAM           ;
; sram[11]      ; ram~0        ; RAM           ;
; sram[12]      ; ram~0        ; RAM           ;
; sram[13]      ; ram~0        ; RAM           ;
; sram[14]      ; ram~0        ; RAM           ;
; sram[15]      ; ram~0        ; RAM           ;
+---------------+--------------+---------------+


+------------------------------------------------------------------------------------------------------------------------------------------+
; Multiplexer Restructuring Statistics (Restructuring Performed)                                                                           ;
+--------------------+-----------+---------------+----------------------+------------------------+------------+----------------------------+
; Multiplexer Inputs ; Bus Width ; Baseline Area ; Area if Restructured ; Saving if Restructured ; Registered ; Example Multiplexer Output ;
+--------------------+-----------+---------------+----------------------+------------------------+------------+----------------------------+
; 1:1                ; 64 bits   ; 0 ALUTs       ; 0 ALUTs              ; 0 ALUTs                ; No         ; |gnextrapolator|Mux48      ;
+--------------------+-----------+---------------+----------------------+------------------------+------------+----------------------------+


+----------------------------------------------------------------------------+
; Source assignments for altsyncram:ram_rtl_0|altsyncram_uv61:auto_generated ;
+---------------------------------+--------------------+------+--------------+
; Assignment                      ; Value              ; From ; To           ;
+---------------------------------+--------------------+------+--------------+
; OPTIMIZE_POWER_DURING_SYNTHESIS ; NORMAL_COMPILATION ; -    ; -            ;
+---------------------------------+--------------------+------+--------------+


+----------------------------------------------------------------------------+
; Parameter Settings for Inferred Entity Instance: altsyncram:ram_rtl_0      ;
+------------------------------------+----------------------+----------------+
; Parameter Name                     ; Value                ; Type           ;
+------------------------------------+----------------------+----------------+
; BYTE_SIZE_BLOCK                    ; 8                    ; Untyped        ;
; AUTO_CARRY_CHAINS                  ; ON                   ; AUTO_CARRY     ;
; IGNORE_CARRY_BUFFERS               ; OFF                  ; IGNORE_CARRY   ;
; AUTO_CASCADE_CHAINS                ; ON                   ; AUTO_CASCADE   ;
; IGNORE_CASCADE_BUFFERS             ; OFF                  ; IGNORE_CASCADE ;
; WIDTH_BYTEENA                      ; 1                    ; Untyped        ;
; OPERATION_MODE                     ; ROM                  ; Untyped        ;
; WIDTH_A                            ; 16                   ; Untyped        ;
; WIDTHAD_A                          ; 5                    ; Untyped        ;
; NUMWORDS_A                         ; 32                   ; Untyped        ;
; OUTDATA_REG_A                      ; UNREGISTERED         ; Untyped        ;
; ADDRESS_ACLR_A                     ; NONE                 ; Untyped        ;
; OUTDATA_ACLR_A                     ; NONE                 ; Untyped        ;
; WRCONTROL_ACLR_A                   ; NONE                 ; Untyped        ;
; INDATA_ACLR_A                      ; NONE                 ; Untyped        ;
; BYTEENA_ACLR_A                     ; NONE                 ; Untyped        ;
; WIDTH_B                            ; 1                    ; Untyped        ;
; WIDTHAD_B                          ; 1                    ; Untyped        ;
; NUMWORDS_B                         ; 1                    ; Untyped        ;
; INDATA_REG_B                       ; CLOCK1               ; Untyped        ;
; WRCONTROL_WRADDRESS_REG_B          ; CLOCK1               ; Untyped        ;
; RDCONTROL_REG_B                    ; CLOCK1               ; Untyped        ;
; ADDRESS_REG_B                      ; CLOCK1               ; Untyped        ;
; OUTDATA_REG_B                      ; UNREGISTERED         ; Untyped        ;
; BYTEENA_REG_B                      ; CLOCK1               ; Untyped        ;
; INDATA_ACLR_B                      ; NONE                 ; Untyped        ;
; WRCONTROL_ACLR_B                   ; NONE                 ; Untyped        ;
; ADDRESS_ACLR_B                     ; NONE                 ; Untyped        ;
; OUTDATA_ACLR_B                     ; NONE                 ; Untyped        ;
; RDCONTROL_ACLR_B                   ; NONE                 ; Untyped        ;
; BYTEENA_ACLR_B                     ; NONE                 ; Untyped        ;
; WIDTH_BYTEENA_A                    ; 1                    ; Untyped        ;
; WIDTH_BYTEENA_B                    ; 1                    ; Untyped        ;
; RAM_BLOCK_TYPE                     ; M512                 ; Untyped        ;
; BYTE_SIZE                          ; 8                    ; Untyped        ;
; READ_DURING_WRITE_MODE_MIXED_PORTS ; DONT_CARE            ; Untyped        ;
; READ_DURING_WRITE_MODE_PORT_A      ; NEW_DATA_NO_NBE_READ ; Untyped        ;
; READ_DURING_WRITE_MODE_PORT_B      ; NEW_DATA_NO_NBE_READ ; Untyped        ;
; INIT_FILE                          ; gnextrapolator.mif   ; Untyped        ;
; INIT_FILE_LAYOUT                   ; PORT_A               ; Untyped        ;
; MAXIMUM_DEPTH                      ; 0                    ; Untyped        ;
; CLOCK_ENABLE_INPUT_A               ; NORMAL               ; Untyped        ;
; CLOCK_ENABLE_INPUT_B               ; NORMAL               ; Untyped        ;
; CLOCK_ENABLE_OUTPUT_A              ; NORMAL               ; Untyped        ;
; CLOCK_ENABLE_OUTPUT_B              ; NORMAL               ; Untyped        ;
; CLOCK_ENABLE_CORE_A                ; USE_INPUT_CLKEN      ; Untyped        ;
; CLOCK_ENABLE_CORE_B                ; USE_INPUT_CLKEN      ; Untyped        ;
; ENABLE_ECC                         ; FALSE                ; Untyped        ;
; DEVICE_FAMILY                      ; Stratix II           ; Untyped        ;
; CBXI_PARAMETER                     ; altsyncram_uv61      ; Untyped        ;
+------------------------------------+----------------------+----------------+
Note: In order to hide this table in the UI and the text report file, please set the "Show Parameter Settings Tables in Synthesis Report" option in "Analysis and Synthesis Settings -> More Settings" to "Off".


+------------------------------------------------------------------+
; altsyncram Parameter Settings by Entity Instance                 ;
+-------------------------------------------+----------------------+
; Name                                      ; Value                ;
+-------------------------------------------+----------------------+
; Number of entity instances                ; 1                    ;
; Entity Instance                           ; altsyncram:ram_rtl_0 ;
;     -- OPERATION_MODE                     ; ROM                  ;
;     -- WIDTH_A                            ; 16                   ;
;     -- NUMWORDS_A                         ; 32                   ;
;     -- OUTDATA_REG_A                      ; UNREGISTERED         ;
;     -- WIDTH_B                            ; 1                    ;
;     -- NUMWORDS_B                         ; 1                    ;
;     -- ADDRESS_REG_B                      ; CLOCK1               ;
;     -- OUTDATA_REG_B                      ; UNREGISTERED         ;
;     -- RAM_BLOCK_TYPE                     ; M512                 ;
;     -- READ_DURING_WRITE_MODE_MIXED_PORTS ; DONT_CARE            ;
+-------------------------------------------+----------------------+


+-------------------------------+
; Analysis & Synthesis Messages ;
+-------------------------------+
Info: *******************************************************************
Info: Running Quartus II Analysis & Synthesis
    Info: Version 9.1 Build 350 03/24/2010 Service Pack 2 SJ Web Edition
    Info: Processing started: Tue Aug 14 00:26:16 2012
Info: Command: quartus_map --read_settings_files=on --write_settings_files=off gnextrapolator -c gnextrapolator
Info: Found 2 design units, including 1 entities, in source file gnextrapolator.vhd
    Info: Found design unit 1: gnextrapolator-grenew
    Info: Found entity 1: gnextrapolator
Info: Elaborating entity "gnextrapolator" for the top level hierarchy
Warning (10541): VHDL Signal Declaration warning at gnextrapolator.vhd(76): used implicit default value for signal "ram" because signal was never assigned a value or an explicit default value. Use of implicit default value may introduce unintended design optimizations.
Info: Inferred 1 megafunctions from design logic
    Info: Inferred altsyncram megafunction from the following design logic: "ram~0" 
        Info: Parameter OPERATION_MODE set to ROM
        Info: Parameter WIDTH_A set to 16
        Info: Parameter WIDTHAD_A set to 5
        Info: Parameter NUMWORDS_A set to 32
        Info: Parameter OUTDATA_REG_A set to UNREGISTERED
        Info: Parameter ADDRESS_ACLR_A set to NONE
        Info: Parameter OUTDATA_ACLR_A set to NONE
        Info: Parameter INDATA_ACLR_A set to NONE
        Info: Parameter WRCONTROL_ACLR_A set to NONE
        Info: Parameter RAM_BLOCK_TYPE set to M512
        Info: Parameter INIT_FILE set to gnextrapolator.mif
Info: Elaborated megafunction instantiation "altsyncram:ram_rtl_0"
Info: Instantiated megafunction "altsyncram:ram_rtl_0" with the following parameter:
    Info: Parameter "OPERATION_MODE" = "ROM"
    Info: Parameter "WIDTH_A" = "16"
    Info: Parameter "WIDTHAD_A" = "5"
    Info: Parameter "NUMWORDS_A" = "32"
    Info: Parameter "OUTDATA_REG_A" = "UNREGISTERED"
    Info: Parameter "ADDRESS_ACLR_A" = "NONE"
    Info: Parameter "OUTDATA_ACLR_A" = "NONE"
    Info: Parameter "INDATA_ACLR_A" = "NONE"
    Info: Parameter "WRCONTROL_ACLR_A" = "NONE"
    Info: Parameter "RAM_BLOCK_TYPE" = "M512"
    Info: Parameter "INIT_FILE" = "gnextrapolator.mif"
Info: Found 1 design units, including 1 entities, in source file db/altsyncram_uv61.tdf
    Info: Found entity 1: altsyncram_uv61
Info: 120 registers lost all their fanouts during netlist optimizations. The first 120 are displayed below.
    Info: Register "nabla4fx[2][15]" lost all its fanouts during netlist optimizations.
    Info: Register "nabla4fx[2][14]" lost all its fanouts during netlist optimizations.
    Info: Register "nabla4fx[2][13]" lost all its fanouts during netlist optimizations.
    Info: Register "nabla4fx[2][12]" lost all its fanouts during netlist optimizations.
    Info: Register "nabla4fx[2][11]" lost all its fanouts during netlist optimizations.
    Info: Register "nabla4fx[2][10]" lost all its fanouts during netlist optimizations.
    Info: Register "nabla4fx[2][9]" lost all its fanouts during netlist optimizations.
    Info: Register "nabla4fx[2][8]" lost all its fanouts during netlist optimizations.
    Info: Register "nabla4fx[2][7]" lost all its fanouts during netlist optimizations.
    Info: Register "nabla4fx[2][6]" lost all its fanouts during netlist optimizations.
    Info: Register "nabla4fx[2][5]" lost all its fanouts during netlist optimizations.
    Info: Register "nabla4fx[2][4]" lost all its fanouts during netlist optimizations.
    Info: Register "nabla4fx[2][3]" lost all its fanouts during netlist optimizations.
    Info: Register "nabla4fx[2][2]" lost all its fanouts during netlist optimizations.
    Info: Register "nabla4fx[2][1]" lost all its fanouts during netlist optimizations.
    Info: Register "nabla4fx[2][0]" lost all its fanouts during netlist optimizations.
    Info: Register "nabla1fx[1][0]" lost all its fanouts during netlist optimizations.
    Info: Register "nabla1fx[1][1]" lost all its fanouts during netlist optimizations.
    Info: Register "nabla1fx[1][2]" lost all its fanouts during netlist optimizations.
    Info: Register "nabla1fx[1][3]" lost all its fanouts during netlist optimizations.
    Info: Register "nabla1fx[1][4]" lost all its fanouts during netlist optimizations.
    Info: Register "nabla1fx[1][5]" lost all its fanouts during netlist optimizations.
    Info: Register "nabla1fx[1][6]" lost all its fanouts during netlist optimizations.
    Info: Register "nabla1fx[1][7]" lost all its fanouts during netlist optimizations.
    Info: Register "nabla1fx[1][8]" lost all its fanouts during netlist optimizations.
    Info: Register "nabla1fx[1][9]" lost all its fanouts during netlist optimizations.
    Info: Register "nabla1fx[1][10]" lost all its fanouts during netlist optimizations.
    Info: Register "nabla1fx[1][11]" lost all its fanouts during netlist optimizations.
    Info: Register "nabla1fx[1][12]" lost all its fanouts during netlist optimizations.
    Info: Register "nabla1fx[1][13]" lost all its fanouts during netlist optimizations.
    Info: Register "nabla1fx[1][14]" lost all its fanouts during netlist optimizations.
    Info: Register "nabla1fx[1][15]" lost all its fanouts during netlist optimizations.
    Info: Register "nabla2fx[1][0]" lost all its fanouts during netlist optimizations.
    Info: Register "nabla2fx[1][1]" lost all its fanouts during netlist optimizations.
    Info: Register "nabla2fx[1][2]" lost all its fanouts during netlist optimizations.
    Info: Register "nabla2fx[1][3]" lost all its fanouts during netlist optimizations.
    Info: Register "nabla2fx[1][4]" lost all its fanouts during netlist optimizations.
    Info: Register "nabla2fx[1][5]" lost all its fanouts during netlist optimizations.
    Info: Register "nabla2fx[1][6]" lost all its fanouts during netlist optimizations.
    Info: Register "nabla2fx[1][7]" lost all its fanouts during netlist optimizations.
    Info: Register "nabla2fx[1][8]" lost all its fanouts during netlist optimizations.
    Info: Register "nabla2fx[1][9]" lost all its fanouts during netlist optimizations.
    Info: Register "nabla2fx[1][10]" lost all its fanouts during netlist optimizations.
    Info: Register "nabla2fx[1][11]" lost all its fanouts during netlist optimizations.
    Info: Register "nabla2fx[1][12]" lost all its fanouts during netlist optimizations.
    Info: Register "nabla2fx[1][13]" lost all its fanouts during netlist optimizations.
    Info: Register "nabla2fx[1][14]" lost all its fanouts during netlist optimizations.
    Info: Register "nabla2fx[1][15]" lost all its fanouts during netlist optimizations.
    Info: Register "nabla3fx[1][0]" lost all its fanouts during netlist optimizations.
    Info: Register "nabla3fx[1][1]" lost all its fanouts during netlist optimizations.
    Info: Register "nabla3fx[1][2]" lost all its fanouts during netlist optimizations.
    Info: Register "nabla3fx[1][3]" lost all its fanouts during netlist optimizations.
    Info: Register "nabla3fx[1][4]" lost all its fanouts during netlist optimizations.
    Info: Register "nabla3fx[1][5]" lost all its fanouts during netlist optimizations.
    Info: Register "nabla3fx[1][6]" lost all its fanouts during netlist optimizations.
    Info: Register "nabla3fx[1][7]" lost all its fanouts during netlist optimizations.
    Info: Register "nabla3fx[1][8]" lost all its fanouts during netlist optimizations.
    Info: Register "nabla3fx[1][9]" lost all its fanouts during netlist optimizations.
    Info: Register "nabla3fx[1][10]" lost all its fanouts during netlist optimizations.
    Info: Register "nabla3fx[1][11]" lost all its fanouts during netlist optimizations.
    Info: Register "nabla3fx[1][12]" lost all its fanouts during netlist optimizations.
    Info: Register "nabla3fx[1][13]" lost all its fanouts during netlist optimizations.
    Info: Register "nabla3fx[1][14]" lost all its fanouts during netlist optimizations.
    Info: Register "nabla3fx[1][15]" lost all its fanouts during netlist optimizations.
    Info: Register "nabla4fx[1][0]" lost all its fanouts during netlist optimizations.
    Info: Register "nabla4fx[1][1]" lost all its fanouts during netlist optimizations.
    Info: Register "nabla4fx[1][2]" lost all its fanouts during netlist optimizations.
    Info: Register "nabla4fx[1][3]" lost all its fanouts during netlist optimizations.
    Info: Register "nabla4fx[1][4]" lost all its fanouts during netlist optimizations.
    Info: Register "nabla4fx[1][5]" lost all its fanouts during netlist optimizations.
    Info: Register "nabla4fx[1][6]" lost all its fanouts during netlist optimizations.
    Info: Register "nabla4fx[1][7]" lost all its fanouts during netlist optimizations.
    Info: Register "nabla4fx[1][8]" lost all its fanouts during netlist optimizations.
    Info: Register "nabla4fx[1][9]" lost all its fanouts during netlist optimizations.
    Info: Register "nabla4fx[1][10]" lost all its fanouts during netlist optimizations.
    Info: Register "nabla4fx[1][11]" lost all its fanouts during netlist optimizations.
    Info: Register "nabla4fx[1][12]" lost all its fanouts during netlist optimizations.
    Info: Register "nabla4fx[1][13]" lost all its fanouts during netlist optimizations.
    Info: Register "nabla4fx[1][14]" lost all its fanouts during netlist optimizations.
    Info: Register "nabla4fx[1][15]" lost all its fanouts during netlist optimizations.
    Info: Register "nabla4fx[0][0]" lost all its fanouts during netlist optimizations.
    Info: Register "nabla4fx[0][1]" lost all its fanouts during netlist optimizations.
    Info: Register "nabla4fx[0][2]" lost all its fanouts during netlist optimizations.
    Info: Register "nabla4fx[0][3]" lost all its fanouts during netlist optimizations.
    Info: Register "nabla4fx[0][4]" lost all its fanouts during netlist optimizations.
    Info: Register "nabla4fx[0][5]" lost all its fanouts during netlist optimizations.
    Info: Register "nabla4fx[0][6]" lost all its fanouts during netlist optimizations.
    Info: Register "nabla4fx[0][7]" lost all its fanouts during netlist optimizations.
    Info: Register "nabla4fx[0][8]" lost all its fanouts during netlist optimizations.
    Info: Register "nabla4fx[0][9]" lost all its fanouts during netlist optimizations.
    Info: Register "nabla4fx[0][10]" lost all its fanouts during netlist optimizations.
    Info: Register "nabla4fx[0][11]" lost all its fanouts during netlist optimizations.
    Info: Register "nabla4fx[0][12]" lost all its fanouts during netlist optimizations.
    Info: Register "nabla4fx[0][13]" lost all its fanouts during netlist optimizations.
    Info: Register "nabla4fx[0][14]" lost all its fanouts during netlist optimizations.
    Info: Register "nabla4fx[0][15]" lost all its fanouts during netlist optimizations.
    Info: Register "fx[1][0]" lost all its fanouts during netlist optimizations.
    Info: Register "fx[1][1]" lost all its fanouts during netlist optimizations.
    Info: Register "fx[1][2]" lost all its fanouts during netlist optimizations.
    Info: Register "fx[1][3]" lost all its fanouts during netlist optimizations.
    Info: Register "fx[1][4]" lost all its fanouts during netlist optimizations.
    Info: Register "fx[1][5]" lost all its fanouts during netlist optimizations.
    Info: Register "fx[1][6]" lost all its fanouts during netlist optimizations.
    Info: Register "fx[1][7]" lost all its fanouts during netlist optimizations.
    Info: Register "fx[1][8]" lost all its fanouts during netlist optimizations.
    Info: Register "fx[1][9]" lost all its fanouts during netlist optimizations.
    Info: Register "fx[1][10]" lost all its fanouts during netlist optimizations.
    Info: Register "fx[1][11]" lost all its fanouts during netlist optimizations.
    Info: Register "fx[1][12]" lost all its fanouts during netlist optimizations.
    Info: Register "fx[1][13]" lost all its fanouts during netlist optimizations.
    Info: Register "fx[1][14]" lost all its fanouts during netlist optimizations.
    Info: Register "fx[1][15]" lost all its fanouts during netlist optimizations.
    Info: Register "cont[15]" lost all its fanouts during netlist optimizations.
    Info: Register "cont[14]" lost all its fanouts during netlist optimizations.
    Info: Register "cont[13]" lost all its fanouts during netlist optimizations.
    Info: Register "cont[12]" lost all its fanouts during netlist optimizations.
    Info: Register "cont[11]" lost all its fanouts during netlist optimizations.
    Info: Register "cont[10]" lost all its fanouts during netlist optimizations.
    Info: Register "cont[9]" lost all its fanouts during netlist optimizations.
    Info: Register "cont[8]" lost all its fanouts during netlist optimizations.
Info: Implemented 476 device resources after synthesis - the final resource count might be different
    Info: Implemented 11 input pins
    Info: Implemented 96 output pins
    Info: Implemented 353 logic cells
    Info: Implemented 16 RAM segments
Info: Quartus II Analysis & Synthesis was successful. 0 errors, 1 warning
    Info: Peak virtual memory: 194 megabytes
    Info: Processing ended: Tue Aug 14 00:26:26 2012
    Info: Elapsed time: 00:00:10
    Info: Total CPU time (on all processors): 00:00:09


