--------------------------------------------------------------------------------
Release 5.1i - Trace F.23
Copyright (c) 1995-2002 Xilinx, Inc.  All rights reserved.

D:/ISE/bin/nt/trce.exe -quiet -e 3 -l 3 -xml k68_appl k68_appl.ncd -o
k68_appl.twr k68_appl.pcf

Design file:              k68_appl.ncd
Physical constraint file: k68_appl.pcf
Device,speed:             xc2s200,-5 (PRELIMINARY 1.25 2002-06-19)
Report level:             error report

Environment Variable      Effect 
--------------------      ------ 
NONE                      No environment variables were set
--------------------------------------------------------------------------------

INFO:Timing:2698 - No timing constraints found, doing default enumeration.


Data Sheet report:
-----------------
All values displayed in nanoseconds (ns)

Setup/Hold to clock clk_i
---------------+------------+------------+
               |  Setup to  |  Hold to   |
Source Pad     | clk (edge) | clk (edge) |
---------------+------------+------------+
cts_i<0>       |    3.312(F)|   -2.570(F)|
cts_i<1>       |    1.177(F)|   -0.435(F)|
rx_i<0>        |    3.000(F)|    0.000(F)|
rx_i<1>        |    3.000(F)|    0.000(F)|
---------------+------------+------------+

Clock clk_i to Pad
---------------+------------+
               | clk (edge) |
Destination Pad|   to PAD   |
---------------+------------+
clk_o          |    9.676(X)|
dbg_o<0>       |   20.391(R)|
dbg_o<1>       |   20.787(R)|
dbg_o<2>       |   18.825(R)|
dbg_o<3>       |   21.286(R)|
dbg_o<4>       |   16.565(R)|
dbg_o<5>       |   19.856(R)|
dbg_o<6>       |   17.033(R)|
dbg_o<7>       |   18.454(R)|
rts_o<0>       |    7.666(F)|
rts_o<1>       |    7.666(F)|
tx_o<0>        |    7.666(F)|
tx_o<1>        |    7.663(F)|
---------------+------------+

Clock to Setup on destination clock clk_i
---------------+---------+---------+---------+---------+
               | Src:Rise| Src:Fall| Src:Rise| Src:Fall|
Source Clock   |Dest:Rise|Dest:Rise|Dest:Fall|Dest:Fall|
---------------+---------+---------+---------+---------+
clk_i          |   39.876|   18.228|   20.947|   11.392|
---------------+---------+---------+---------+---------+

Analysis completed Thu Apr 17 14:31:59 2003
--------------------------------------------------------------------------------

