
Pass 1
File: BOOTROM.x68
asm68 V5.1  (c) 1995-2011 FPGAfield - 680xx cross assembler


Pass 2
File: BOOTROM.x68
asm68 V5.1  (c) 1995-2011 FPGAfield - 680xx cross assembler


Pass 3
File: BOOTROM.x68
asm68 V5.1  (c) 1995-2011 FPGAfield - 680xx cross assembler


Pass 4
File: BOOTROM.x68
asm68 V5.1  (c) 1995-2011 FPGAfield - 680xx cross assembler


Pass 5
File: BOOTROM.x68
asm68 V5.1  (c) 1995-2011 FPGAfield - 680xx cross assembler


Pass 6
File: BOOTROM.x68
asm68 V5.1  (c) 1995-2011 FPGAfield - 680xx cross assembler

 E2087 (line 253): only word (.W) or long (.L) size supported
 E2087 (line 255): only word (.W) or long (.L) size supported
 E2087 (line 272): only word (.W) or long (.L) size supported
 E2087 (line 274): only word (.W) or long (.L) size supported
 E2087 (line 276): only word (.W) or long (.L) size supported
 E2087 (line 314): only word (.W) or long (.L) size supported
 E2087 (line 321): only word (.W) or long (.L) size supported
 E2087 (line 326): only word (.W) or long (.L) size supported
 E2087 (line 328): only word (.W) or long (.L) size supported
 E2087 (line 328): only word (.W) or long (.L) size supported
 E2087 (line 360): only word (.W) or long (.L) size supported
 E2087 (line 385): only word (.W) or long (.L) size supported
 E2087 (line 820): only word (.W) or long (.L) size supported
 E2087 (line 839): only word (.W) or long (.L) size supported
 E2087 (line 871): only word (.W) or long (.L) size supported
 E2087 (line 903): only word (.W) or long (.L) size supported
 E2087 (line 929): only word (.W) or long (.L) size supported
 E2087 (line 937): only word (.W) or long (.L) size supported
 E2087 (line 1007): only word (.W) or long (.L) size supported
 E2087 (line 1033): only word (.W) or long (.L) size supported
 E2087 (line 1035): only word (.W) or long (.L) size supported
 E2087 (line 1041): only word (.W) or long (.L) size supported
 E2087 (line 1044): only word (.W) or long (.L) size supported
 E2087 (line 1048): only word (.W) or long (.L) size supported
 E2087 (line 1137): only word (.W) or long (.L) size supported
 E2087 (line 1140): only word (.W) or long (.L) size supported
 E2087 (line 1152): only word (.W) or long (.L) size supported
 E2087 (line 1153): only word (.W) or long (.L) size supported
 E2087 (line 1160): only word (.W) or long (.L) size supported
 E2087 (line 1161): only word (.W) or long (.L) size supported
 E2087 (line 1175): only word (.W) or long (.L) size supported
 E2087 (line 1176): only word (.W) or long (.L) size supported
 E2087 (line 1177): only word (.W) or long (.L) size supported
 E2087 (line 1178): only word (.W) or long (.L) size supported
 E2087 (line 1179): only word (.W) or long (.L) size supported
 E2087 (line 1185): only word (.W) or long (.L) size supported
 E2087 (line 1198): only word (.W) or long (.L) size supported
 E2087 (line 1203): only word (.W) or long (.L) size supported
 E2087 (line 1715): only word (.W) or long (.L) size supported
 E2087 (line 1716): only word (.W) or long (.L) size supported
 E2087 (line 1717): only word (.W) or long (.L) size supported
 E2087 (line 1718): only word (.W) or long (.L) size supported
 E2087 (line 1719): only word (.W) or long (.L) size supported
 E2087 (line 1720): only word (.W) or long (.L) size supported
 E2087 (line 1721): only word (.W) or long (.L) size supported
 E2087 (line 1722): only word (.W) or long (.L) size supported
 E2087 (line 1728): only word (.W) or long (.L) size supported
 E2087 (line 1729): only word (.W) or long (.L) size supported
 E2087 (line 1737): only word (.W) or long (.L) size supported
 E2087 (line 1757): only word (.W) or long (.L) size supported
 E2087 (line 1765): only word (.W) or long (.L) size supported
 E2087 (line 2263): only word (.W) or long (.L) size supported
 E2087 (line 2838): only word (.W) or long (.L) size supported
 E2087 (line 3240): only word (.W) or long (.L) size supported
 E2087 (line 3893): only word (.W) or long (.L) size supported
 E2087 (line 3909): only word (.W) or long (.L) size supported
 E2087 (line 3919): only word (.W) or long (.L) size supported
Errors: 57
Warnings: 0
