Flow report for mesi_isc
Tue Dec 25 14:04:07 2012
Quartus II 32-bit Version 12.0 Build 263 08/02/2012 Service Pack 2 SJ Web Edition


---------------------
; Table of Contents ;
---------------------
  1. Legal Notice
  2. Flow Summary
  3. Flow Settings
  4. Flow Non-Default Global Settings
  5. Flow Elapsed Time
  6. Flow OS Summary
  7. Flow Log



----------------
; Legal Notice ;
----------------
Copyright (C) 1991-2012 Altera Corporation
Your use of Altera Corporation's design tools, logic functions 
and other software and tools, and its AMPP partner logic 
functions, and any output files from any of the foregoing 
(including device programming or simulation files), and any 
associated documentation or information are expressly subject 
to the terms and conditions of the Altera Program License 
Subscription Agreement, Altera MegaCore Function License 
Agreement, or other applicable license agreement, including, 
without limitation, that your use is for the sole purpose of 
programming logic devices manufactured by Altera and sold by 
Altera or its authorized distributors.  Please refer to the 
applicable agreement for further details.



+------------------------------------------------------------------------------------+
; Flow Summary                                                                       ;
+------------------------------------+-----------------------------------------------+
; Flow Status                        ; Successful - Tue Dec 25 14:02:45 2012         ;
; Quartus II 32-bit Version          ; 12.0 Build 263 08/02/2012 SP 2 SJ Web Edition ;
; Revision Name                      ; mesi_isc                                      ;
; Top-level Entity Name              ; mesi_isc                                      ;
; Family                             ; Cyclone IV GX                                 ;
; Total logic elements               ; 827 / 29,440 ( 3 % )                          ;
;     Total combinational functions  ; 481 / 29,440 ( 2 % )                          ;
;     Dedicated logic registers      ; 604 / 29,440 ( 2 % )                          ;
; Total registers                    ; 640                                           ;
; Total pins                         ; 194 / 307 ( 63 % )                            ;
; Total virtual pins                 ; 0                                             ;
; Total memory bits                  ; 0 / 1,105,920 ( 0 % )                         ;
; Embedded Multiplier 9-bit elements ; 0 / 160 ( 0 % )                               ;
; Total GXB Receiver Channel PCS     ; 0 / 4 ( 0 % )                                 ;
; Total GXB Receiver Channel PMA     ; 0 / 4 ( 0 % )                                 ;
; Total GXB Transmitter Channel PCS  ; 0 / 4 ( 0 % )                                 ;
; Total GXB Transmitter Channel PMA  ; 0 / 4 ( 0 % )                                 ;
; Total PLLs                         ; 0 / 6 ( 0 % )                                 ;
; Device                             ; EP4CGX30CF23C6                                ;
; Timing Models                      ; Final                                         ;
+------------------------------------+-----------------------------------------------+


+-----------------------------------------+
; Flow Settings                           ;
+-------------------+---------------------+
; Option            ; Setting             ;
+-------------------+---------------------+
; Start date & time ; 12/25/2012 13:54:10 ;
; Main task         ; Compilation         ;
; Revision Name     ; mesi_isc            ;
+-------------------+---------------------+


+------------------------------------------------------------------------------------------------------------------+
; Flow Non-Default Global Settings                                                                                 ;
+-------------------------------------+---------------------------------+---------------+-------------+------------+
; Assignment Name                     ; Value                           ; Default Value ; Entity Name ; Section Id ;
+-------------------------------------+---------------------------------+---------------+-------------+------------+
; COMPILER_SIGNATURE_ID               ; 229144646145430.135643645002797 ; --            ; --          ; --         ;
; PARTITION_COLOR                     ; 16764057                        ; --            ; --          ; Top        ;
; PARTITION_FITTER_PRESERVATION_LEVEL ; PLACEMENT_AND_ROUTING           ; --            ; --          ; Top        ;
; PARTITION_NETLIST_TYPE              ; SOURCE                          ; --            ; --          ; Top        ;
+-------------------------------------+---------------------------------+---------------+-------------+------------+


+-------------------------------------------------------------------------------------------------------------------------------+
; Flow Elapsed Time                                                                                                             ;
+---------------------------+--------------+-------------------------+---------------------+------------------------------------+
; Module Name               ; Elapsed Time ; Average Processors Used ; Peak Virtual Memory ; Total CPU Time (on all processors) ;
+---------------------------+--------------+-------------------------+---------------------+------------------------------------+
; Analysis & Synthesis      ; 00:00:04     ; 1.0                     ; --                  ; 00:00:04                           ;
; Fitter                    ; 00:00:37     ; 1.0                     ; --                  ; 00:00:37                           ;
; TimeQuest Timing Analyzer ; 00:00:04     ; 1.0                     ; --                  ; 00:00:05                           ;
; Assembler                 ; 00:00:06     ; 1.0                     ; --                  ; 00:00:06                           ;
; TimeQuest Timing Analyzer ; 00:00:03     ; 1.0                     ; --                  ; 00:00:03                           ;
; Total                     ; 00:00:54     ; --                      ; --                  ; 00:00:55                           ;
+---------------------------+--------------+-------------------------+---------------------+------------------------------------+


+--------------------------------------------------------------------------------------------+
; Flow OS Summary                                                                            ;
+---------------------------+---------------------+------------+------------+----------------+
; Module Name               ; Machine Hostname    ; OS Name    ; OS Version ; Processor type ;
+---------------------------+---------------------+------------+------------+----------------+
; Analysis & Synthesis      ; yair-Latitude-E5420 ; Linux Mint ; 11         ; i686           ;
; Fitter                    ; yair-Latitude-E5420 ; Linux Mint ; 11         ; i686           ;
; TimeQuest Timing Analyzer ; yair-Latitude-E5420 ; Linux Mint ; 11         ; i686           ;
; Assembler                 ; yair-Latitude-E5420 ; Linux Mint ; 11         ; i686           ;
; TimeQuest Timing Analyzer ; yair-Latitude-E5420 ; Linux Mint ; 11         ; i686           ;
+---------------------------+---------------------+------------+------------+----------------+


------------
; Flow Log ;
------------
quartus_map --read_settings_files=on --write_settings_files=off mesi_isc -c mesi_isc
quartus_fit --read_settings_files=off --write_settings_files=off mesi_isc -c mesi_isc
quartus_sta mesi_isc -c mesi_isc
quartus_asm --read_settings_files=off --write_settings_files=off mesi_isc -c mesi_isc
quartus_eda --read_settings_files=on --write_settings_files=off mesi_isc -c mesi_isc
quartus_sta mesi_isc -c mesi_isc



