Flow report for yacc
Thu Apr 14 20:22:41 2005
Version 4.2 Build 178 01/19/2005 Service Pack 1 SJ Web Edition


---------------------
; Table of Contents ;
---------------------
  1. Legal Notice
  2. Flow Summary
  3. Flow Settings
  4. Flow Elapsed Time
  5. Flow Log



----------------
; Legal Notice ;
----------------
Copyright (C) 1991-2005 Altera Corporation
Any  megafunction  design,  and related netlist (encrypted  or  decrypted),
support information,  device programming or simulation file,  and any other
associated  documentation or information  provided by  Altera  or a partner
under  Altera's   Megafunction   Partnership   Program  may  be  used  only
to program  PLD  devices (but not masked  PLD  devices) from  Altera.   Any
other  use  of such  megafunction  design,  netlist,  support  information,
device programming or simulation file,  or any other  related documentation
or information  is prohibited  for  any  other purpose,  including, but not
limited to  modification,  reverse engineering,  de-compiling, or use  with
any other  silicon devices,  unless such use is  explicitly  licensed under
a separate agreement with  Altera  or a megafunction partner.  Title to the
intellectual property,  including patents,  copyrights,  trademarks,  trade
secrets,  or maskworks,  embodied in any such megafunction design, netlist,
support  information,  device programming or simulation file,  or any other
related documentation or information provided by  Altera  or a megafunction
partner, remains with Altera, the megafunction partner, or their respective
licensors. No other licenses, including any licenses needed under any third
party's intellectual property, are provided herein.



+-------------------------------------------------------------------------+
; Flow Summary                                                            ;
+--------------------------+----------------------------------------------+
; Flow Status              ; Successful - Thu Apr 14 20:22:40 2005        ;
; Quartus II Version       ; 4.2 Build 178 01/19/2005 SP 1 SJ Web Edition ;
; Revision Name            ; yacc                                         ;
; Top-level Entity Name    ; yacc                                         ;
; Family                   ; Stratix II                                   ;
; Device                   ; EP2S15F484C3                                 ;
; Timing Models            ; Preliminary                                  ;
; Met timing requirements  ; Yes                                          ;
; Total ALUTs              ; 2,926 / 12,480 ( 23 % )                      ;
; Total registers          ; 1136                                         ;
; Total pins               ; 53 / 343 ( 15 % )                            ;
; Total virtual pins       ; 0                                            ;
; Total memory bits        ; 137,216 / 419,328 ( 32 % )                   ;
; DSP block 9-bit elements ; 8 / 96 ( 8 % )                               ;
; Total PLLs               ; 0 / 6 ( 0 % )                                ;
; Total DLLs               ; 0 / 2 ( 0 % )                                ;
+--------------------------+----------------------------------------------+


+-----------------------------------------+
; Flow Settings                           ;
+-------------------+---------------------+
; Option            ; Setting             ;
+-------------------+---------------------+
; Start date & time ; 04/14/2005 19:56:43 ;
; Main task         ; Compilation         ;
; Revision Name     ; yacc                ;
+-------------------+---------------------+


+-------------------------------------+
; Flow Elapsed Time                   ;
+----------------------+--------------+
; Module Name          ; Elapsed Time ;
+----------------------+--------------+
; Analysis & Synthesis ; 00:03:09     ;
; Fitter               ; 00:21:44     ;
; Assembler            ; 00:00:14     ;
; Timing Analyzer      ; 00:00:16     ;
; EDA Netlist Writer   ; 00:00:14     ;
; Total                ; 00:25:37     ;
+----------------------+--------------+


------------
; Flow Log ;
------------
quartus_map --lower_priority --import_settings_files=on --export_settings_files=off yacc -c yacc
quartus_fit --lower_priority --import_settings_files=off --export_settings_files=off yacc -c yacc
quartus_asm --lower_priority --import_settings_files=off --export_settings_files=off yacc -c yacc
quartus_tan --lower_priority --import_settings_files=off --export_settings_files=off yacc -c yacc --timing_analysis_only
quartus_eda --lower_priority --import_settings_files=off --export_settings_files=off yacc -c yacc



