Assembler report for yacc
Thu Apr 14 20:22:00 2005
Version 4.2 Build 178 01/19/2005 Service Pack 1 SJ Web Edition


---------------------
; Table of Contents ;
---------------------
  1. Legal Notice
  2. Assembler Summary
  3. Assembler Settings
  4. Assembler Generated Files
  5. Assembler Device Options: F:/yacc/syn/altra_stratix2/yacc.sof
  6. Assembler Device Options: F:/yacc/syn/altra_stratix2/yacc.pof
  7. Assembler Messages



----------------
; Legal Notice ;
----------------
Copyright (C) 1991-2005 Altera Corporation
Any  megafunction  design,  and related netlist (encrypted  or  decrypted),
support information,  device programming or simulation file,  and any other
associated  documentation or information  provided by  Altera  or a partner
under  Altera's   Megafunction   Partnership   Program  may  be  used  only
to program  PLD  devices (but not masked  PLD  devices) from  Altera.   Any
other  use  of such  megafunction  design,  netlist,  support  information,
device programming or simulation file,  or any other  related documentation
or information  is prohibited  for  any  other purpose,  including, but not
limited to  modification,  reverse engineering,  de-compiling, or use  with
any other  silicon devices,  unless such use is  explicitly  licensed under
a separate agreement with  Altera  or a megafunction partner.  Title to the
intellectual property,  including patents,  copyrights,  trademarks,  trade
secrets,  or maskworks,  embodied in any such megafunction design, netlist,
support  information,  device programming or simulation file,  or any other
related documentation or information provided by  Altera  or a megafunction
partner, remains with Altera, the megafunction partner, or their respective
licensors. No other licenses, including any licenses needed under any third
party's intellectual property, are provided herein.



+---------------------------------------------------------------+
; Assembler Summary                                             ;
+-----------------------+---------------------------------------+
; Assembler Status      ; Successful - Thu Apr 14 20:22:00 2005 ;
; Revision Name         ; yacc                                  ;
; Top-level Entity Name ; yacc                                  ;
; Family                ; Stratix II                            ;
; Device                ; EP2S15F484C3                          ;
+-----------------------+---------------------------------------+


+------------------------------------------------------------------------------------------------------------------+
; Assembler Settings                                                                                               ;
+---------------------------------------------------------------------------------------+----------+---------------+
; Option                                                                                ; Setting  ; Default Value ;
+---------------------------------------------------------------------------------------+----------+---------------+
; Use smart compilation                                                                 ; Normal   ; Normal        ;
; Generate Serial Vector Format File (.svf) for Target Device                           ; Off      ; Off           ;
; Generate In System Configuration File (.isc) for Target Device                        ; Off      ; Off           ;
; Generate a JEDEC STAPL Format File (.jam) for Target Device                           ; Off      ; Off           ;
; Generate an uncompressed Jam STAPL Byte Code 2.0 File (.jbc) for Target Device        ; Off      ; Off           ;
; Generate a compressed Jam STAPL Byte Code 2.0 File (.jbc) for Target Device           ; On       ; On            ;
; Generate Serial Vector Format File (.svf) For Configuration Device                    ; Off      ; Off           ;
; Generate In System Configuration File (.isc) For Configuration Device                 ; Off      ; Off           ;
; Generate a JEDEC STAPL Format File (.jam)For Configuration Device                     ; Off      ; Off           ;
; Generate an uncompressed Jam STAPL Byte Code 2.0 File (.jbc) For Configuration Device ; Off      ; Off           ;
; Generate a compressed Jam STAPL Byte Code 2.0 File (.jbc) For Configuration Device    ; On       ; On            ;
; Generate Hexadecimal (Intel-format) Output File (.hexout) For Configuration Device    ; Off      ; Off           ;
; Generate compressed bitstreams                                                        ; on       ; on            ;
; Compression mode                                                                      ; Off      ; Off           ;
; Clock source for configuration device                                                 ; Internal ; Internal      ;
; Clock frequency of the configuration device                                           ; 10 MHz   ; 10 MHz        ;
; Divide clock frequency by                                                             ; 1        ; 1             ;
; JTAG user code for target device                                                      ; Ffffffff ; Ffffffff      ;
; Configuration device                                                                  ; Auto     ; Auto          ;
; JTAG user code for configuration device                                               ; Ffffffff ; Ffffffff      ;
; Configuration device auto user code                                                   ; off      ; off           ;
; Generate Tabular Text File (.ttf) For Target Device                                   ; Off      ; Off           ;
; Generate Raw Binary File (.rbf) For Target Device                                     ; Off      ; Off           ;
; Generate Hexadecimal (Intel-Format) Output File (.hexout) for Target Device           ; Off      ; Off           ;
; Hexadecimal Output File start address                                                 ; 0        ; 0             ;
; Hexadecimal Output File count direction                                               ; Up       ; Up            ;
; Release clears before tri-states                                                      ; off      ; off           ;
; Auto-restart configuration after error                                                ; On       ; On            ;
+---------------------------------------------------------------------------------------+----------+---------------+


+-------------------------------------+
; Assembler Generated Files           ;
+-------------------------------------+
; File Name                           ;
+-------------------------------------+
; F:/yacc/syn/altra_stratix2/yacc.sof ;
; F:/yacc/syn/altra_stratix2/yacc.pof ;
+-------------------------------------+


+---------------------------------------------------------------+
; Assembler Device Options: F:/yacc/syn/altra_stratix2/yacc.sof ;
+----------------+----------------------------------------------+
; Option         ; Setting                                      ;
+----------------+----------------------------------------------+
; Device         ; EP2S15F484C3                                 ;
; JTAG usercode  ; 0xFFFFFFFF                                   ;
; Checksum       ; 0x005D66CB                                   ;
+----------------+----------------------------------------------+


+---------------------------------------------------------------+
; Assembler Device Options: F:/yacc/syn/altra_stratix2/yacc.pof ;
+----------------+----------------------------------------------+
; Option         ; Setting                                      ;
+----------------+----------------------------------------------+
; Device         ; EPC16                                        ;
; JTAG usercode  ; 0xFFFFFFFF                                   ;
; Checksum       ; 0x1E4B48BC                                   ;
+----------------+----------------------------------------------+


+--------------------+
; Assembler Messages ;
+--------------------+
Info: *******************************************************************
Info: Running Quartus II Assembler
    Info: Version 4.2 Build 178 01/19/2005 Service Pack 1 SJ Web Edition
    Info: Processing started: Thu Apr 14 20:21:47 2005
Info: Command: quartus_asm --lower_priority --import_settings_files=off --export_settings_files=off yacc -c yacc
Info: Quartus II Assembler was successful. 0 errors, 0 warnings
    Info: Processing ended: Thu Apr 14 20:22:00 2005
    Info: Elapsed time: 00:00:14


