#:C159   
#Xilinx FPGA Editor Command Log File
#Editor Version:
#:V   NT M2.1 I.34
#Current Working Directory:
#:D   C:\blue8
#Date/Time:
#:T   Tue Oct 03 00:03:37 2006
#------------------------------
	#Reading topbox.ncd...
	#Loading device for application Rf_Device from file '3s200.nph' in environment C:\Xilinx;C:\Xilinx.
	#   "topbox" is an NCD, version 3.1, device xc3s200, package ft256, speed -4
	#Building chip graphics...
	#Loading speed info...
	#1
setattr main edit-mode no-logic-changes
	#2
select -k cst 'COMP "xmaddress<0>" LOCATE = SITE "L5" LEVEL 1'
	#3
unselect cst 'COMP "xmaddress<0>" LOCATE = SITE "L5" LEVEL 1'
	#4
select -k cst 'COMP "xmaddress<1>" LOCATE = SITE "N3" LEVEL 1'
	#5
unselect cst 'COMP "xmaddress<1>" LOCATE = SITE "N3" LEVEL 1'
	#6
select -k cst 'COMP "xmaddress<0>" LOCATE = SITE "L5" LEVEL 1'
	#7
hilite
	#8
delay
	#ERROR:FPGAEditor:201 - The delay command can be used only when pins or nets are selected
	#.Select two pins, or one or more nets and try again.
	#9
post probes
	#10
unpost probes
	#11
unhilite -all
	#12
setattr main disable_draw on
	#13
setattr layer long_lines view on
	#14
setattr main disable_draw off
	#Hint: change the visibility of more than one layer at a time by clicking on the apply button, clicking two or more layer buttons, and then clicking on the apply button again.
	#15
setattr main disable_draw on
	#16
setattr layer local_lines view on
	#17
setattr main disable_draw off
	#18
setattr main disable_draw on
	#19
setattr layer pinwires view on
	#20
setattr main disable_draw off
	#21
setattr main disable_draw on
	#22
setattr layer pips view on
	#23
setattr main disable_draw off
	#24
setattr main disable_draw on
	#25
setattr layer switch_boxes view on
	#26
setattr main disable_draw off
	#27
setattr main disable_draw on
	#28
setattr layer routes view on
	#29
setattr main disable_draw off
	#30
setattr main disable_draw on
	#31
setattr layer ratsnests view on
	#32
setattr main disable_draw off
	#33
setattr main disable_draw on
	#34
setattr layer text view on
	#35
setattr main disable_draw off
	#36
setattr main disable_draw on
	#37
setattr layer ratsnests view off
	#38
setattr main disable_draw off
	#39
setattr main disable_draw on
	#40
setattr layer text view off
	#41
setattr main disable_draw off
	#42
setattr main disable_draw on
	#43
setattr layer switch_boxes view off
	#44
setattr main disable_draw off
	#45
setattr main disable_draw on
	#46
setattr layer sites view off
	#47
setattr main disable_draw off
	#48
setattr main disable_draw on
	#49
setattr layer pips view off
	#50
setattr main disable_draw off
	#51
setattr main disable_draw on
	#52
setattr layer pinwires view off
	#53
setattr main disable_draw off
	#54
setattr main disable_draw on
	#55
setattr layer long_lines view off
	#56
setattr main disable_draw off
	#57
setattr main disable_draw on
	#58
setattr layer local_lines view off
	#59
setattr main disable_draw off
	#60
setattr main disable_draw on
	#61
setattr layer switch_boxes view on
	#62
setattr main disable_draw off
	#63
setattr main disable_draw on
	#64
setattr layer switch_boxes view off
	#65
setattr main disable_draw off
	#66
setattr main disable_draw on
	#67
setattr layer components view off
	#68
setattr main disable_draw off
	#69
setattr main disable_draw on
	#70
setattr layer routes view off
	#71
setattr main disable_draw off
	#72
setattr main disable_draw on
	#73
setattr layer routes view on
	#74
setattr main disable_draw off
	#75
setattr main disable_draw on
	#76
setattr layer routes view off
	#77
setattr main disable_draw off
	#78
delay
	#ERROR:FPGAEditor:201 - The delay command can be used only when pins or nets are selected
	#.Select two pins, or one or more nets and try again.
	#79
drc
	#DRC - No errors found.
	#WARNING:FPGAEditor:221 - DRC - Did not examine 1 uncheckable objects in the selection.
	#80
post ila
	#Building all ILA Capture Units ...
	#81
unpost ila
	#82
post probes
	#83
probe add CPU/cp<2> -noroute
	#The probe command requires a read/write edit mode.
	#Do you want to change the edit mode?
	#84
unpost probes
	#85
setattr main disable_draw on
	#86
setattr layer local_lines view off
	#87
setattr main disable_draw off
	#88
setattr main disable_draw on
	#89
setattr layer local_lines view on
	#90
setattr main disable_draw off
	#91
setattr main disable_draw on
	#92
setattr layer long_lines view off
	#93
setattr main disable_draw off
	#94
setattr main disable_draw on
	#95
setattr layer long_lines view on
	#96
setattr main disable_draw off
	#97
setattr main disable_draw on
	#98
setattr layer pinwires view off
	#99
setattr main disable_draw off
	#100
setattr main disable_draw on
	#101
setattr layer pinwires view on
	#102
setattr main disable_draw off
	#103
setattr main disable_draw on
	#104
setattr layer pips view off
	#105
setattr main disable_draw off
	#106
setattr main disable_draw on
	#107
setattr layer pips view on
	#108
setattr main disable_draw off
	#109
setattr main disable_draw on
	#110
setattr layer sites view off
	#111
setattr main disable_draw off
	#112
setattr main disable_draw on
	#113
setattr layer sites view on
	#114
setattr main disable_draw off
	#115
setattr main disable_draw on
	#116
setattr layer switch_boxes view off
	#117
setattr main disable_draw off
	#118
setattr main disable_draw on
	#119
setattr layer switch_boxes view on
	#120
setattr main disable_draw off
	#121
setattr main disable_draw on
	#122
setattr layer components view off
	#123
setattr main disable_draw off
	#124
setattr main disable_draw on
	#125
setattr layer components view on
	#126
setattr main disable_draw off
	#127
setattr main disable_draw on
	#128
setattr layer routes view off
	#129
setattr main disable_draw off
	#130
setattr main disable_draw on
	#131
setattr layer routes view on
	#132
setattr main disable_draw off
	#133
setattr main disable_draw on
	#134
setattr layer ratsnests view off
	#135
setattr main disable_draw off
	#136
setattr main disable_draw on
	#137
setattr layer ratsnests view on
	#138
setattr main disable_draw off
	#139
unselect -all
	#140
select wire 'IOBOUTPUT(40184,42512)'
	#node = IOBOUTPUT(40184,42512)
	#141
unselect -all
	#142
select wire 'IOBOUTPUT(40184,42512)'
	#node = IOBOUTPUT(40184,42512)
	#143
unselect -all
	#144
select wire 'IOBOUTPUT(40184,42512)'
	#node = IOBOUTPUT(40184,42512)
	#145
post block
	#ERROR:FPGAEditor:79 - The "post block" command without any other arguments cannot
	#be performed unless the selection contains only a single site
	#or single component.  Change the selection and try again.
	#146
unselect -all
	#147
unselect -all
	#148
unselect -all
	#149
select wire 'DUMMYESC(40025,42520)'
	#node = DUMMYESC(40025,42520)
	#150
unselect -all
	#151
select wire 'CLKPIN(40184,42480)'
	#node = CLKPIN(40184,42480)
	#152
unselect -all
	#153
select wire 'CLKPIN(40184,42488)'
	#node = CLKPIN(40184,42488)
	#154
unselect -all
	#155
unselect -all
	#156
select wire 'INPUT(40184,42432)'
	#node = INPUT(40184,42432)
	#157
unselect -all
	#158
select site 'NOPAD10'
	#site "NOPAD10",  unbonded type = IOB,  pad name = NOPAD10  (RPM grid X60Y102)
	#159
unselect -all
	#160
select site 'UNB42'
	#site "UNB42",  unbonded type = DIFFS,  pad name = PAD42  (RPM grid X51Y101)
	#161
unselect -all
	#162
unselect -all
	#163
select wire 'HUNIHEX(20008,26265)'
	#node = HUNIHEX(20008,26265)
	#164
unselect -all
	#165
select wire 'HUNIHEX(20008,26265)'
	#node = HUNIHEX(20008,26265)
	#166
unselect -all
	#167
select wire 'HFULLHEX(20024,26237)'
	#node = HFULLHEX(20024,26237)
