
Inferred memory devices in process 'counter'
	in routine Counter_Count130 line
         113 in file 'C:/phili/miniuart/impl/xilinx~2/xilinx/utils.vhd'.
===============================================================================
|    Register Name    |   Type    | Width | Bus | MB | AR | AS | SR | SS | ST |
===============================================================================
|       Cnt_reg       | Flip-flop |   8   |  N  | N  | ?  | ?  | ?  | ?  | ?  |
|        O_reg        | Flip-flop |   1   |  -  | -  | Y  | N  | N  | N  | N  |
===============================================================================

Cnt_reg<0>
----------
    Async-set: Reset


Cnt_reg<4>
----------
    Async-reset: Reset


Cnt_reg<6>
----------
    Async-reset: Reset


Cnt_reg<2>
----------
    Async-reset: Reset


Cnt_reg<3>
----------
    Async-reset: Reset


Cnt_reg<7>
----------
    Async-set: Reset


Cnt_reg<5>
----------
    Async-reset: Reset


Cnt_reg<1>
----------
    Async-reset: Reset


O_reg
-----
    Async-reset: Reset


Writing to hnl file 'c:\Phili\MiniUART\impl\Xilinx_xcs10\Xilinx\xilinx/workdirs/WORK/Counter_COUNT_130.hnl'
