
Inferred memory devices in process 'RxAvProc'
	in routine RxUnit line 50 in
         file 'C:/phili/miniuart/impl/xilinx~2/xilinx/rxunit.vhd'.
===============================================================================
|    Register Name    |   Type    | Width | Bus | MB | AR | AS | SR | SS | ST |
===============================================================================
|      RxAv_reg       | Flip-flop |   1   |  -  | -  | Y  | N  | N  | Y  | N  |
===============================================================================

RxAv_reg
--------
    Async-reset: ReadA + Reset
    Sync-set: true



Inferred memory devices in process 'RxProc'
	in routine RxUnit line 60 in file
         'C:/phili/miniuart/impl/xilinx~2/xilinx/rxunit.vhd'.
===============================================================================
|    Register Name    |   Type    | Width | Bus | MB | AR | AS | SR | SS | ST |
===============================================================================
|     BitPos_reg      | Flip-flop |   4   |  Y  | N  | Y  | N  | N  | N  | N  |
|      DataO_reg      | Flip-flop |   8   |  Y  | N  | N  | N  | N  | N  | N  |
|      RRegL_reg      | Flip-flop |   1   |  -  | -  | Y  | N  | N  | N  | N  |
|      RReg_reg       | Flip-flop |   8   |  Y  | N  | N  | N  | N  | N  | N  |
|    SampleCnt_reg    | Flip-flop |   2   |  Y  | N  | N  | N  | N  | N  | N  |
===============================================================================

BitPos_reg (width 4)
--------------------
    Async-reset: Reset


DataO_reg (width 8)
-------------------
    set/reset/toggle: none


RRegL_reg
---------
    Async-reset: Reset


RReg_reg (width 8)
------------------
    set/reset/toggle: none


SampleCnt_reg (width 2)
-----------------------
    set/reset/toggle: none


Writing to hnl file 'c:\Phili\MiniUART\impl\Xilinx_xcs10\Xilinx\xilinx/workdirs/WORK/RxUnit.hnl'
