
Inferred memory devices in process 'RiseC1A'
	in routine synchroniser line 62
         in file 'C:/phili/miniuart/impl/xilinx~2/xilinx/utils.vhd'.
===============================================================================
|    Register Name    |   Type    | Width | Bus | MB | AR | AS | SR | SS | ST |
===============================================================================
|       C1A_reg       | Flip-flop |   1   |  -  | -  | Y  | N  | N  | Y  | N  |
===============================================================================

C1A_reg
-------
    Async-reset: R
    Sync-set: true



Inferred memory devices in process 'SyncP'
	in routine synchroniser line 72 in
         file 'C:/phili/miniuart/impl/xilinx~2/xilinx/utils.vhd'.
===============================================================================
|    Register Name    |   Type    | Width | Bus | MB | AR | AS | SR | SS | ST |
===============================================================================
|       C1S_reg       | Flip-flop |   1   |  -  | -  | Y  | N  | N  | N  | N  |
|        R_reg        | Flip-flop |   1   |  -  | -  | N  | N  | N  | N  | N  |
===============================================================================

C1S_reg
-------
    Async-reset: R


R_reg
-----
    set/reset/toggle: none


Writing to hnl file 'c:\Phili\MiniUART\impl\Xilinx_xcs10\Xilinx\xilinx/workdirs/WORK/synchroniser.hnl'
