
Inferred memory devices in process 'TxProc'
	in routine TxUnit line 66 in file
         'C:/phili/miniuart/impl/xilinx~2/xilinx/txunit.vhd'.
===============================================================================
|    Register Name    |   Type    | Width | Bus | MB | AR | AS | SR | SS | ST |
===============================================================================
|     BitPos_reg      | Flip-flop |   4   |  Y  | N  | Y  | N  | N  | N  | N  |
|      TBufL_reg      | Flip-flop |   1   |  -  | -  | Y  | N  | N  | N  | N  |
|      TBuff_reg      | Flip-flop |   8   |  Y  | N  | N  | N  | N  | N  | N  |
|      TReg_reg       | Flip-flop |   8   |  Y  | N  | N  | N  | N  | N  | N  |
|       TxD_reg       | Flip-flop |   1   |  -  | -  | N  | Y  | N  | N  | N  |
===============================================================================

BitPos_reg (width 4)
--------------------
    Async-reset: Reset


TBufL_reg
---------
    Async-reset: Reset


TBuff_reg (width 8)
-------------------
    set/reset/toggle: none


TReg_reg (width 8)
------------------
    set/reset/toggle: none


TxD_reg
-------
    Async-set: Reset


Writing to hnl file 'c:\Phili\MiniUART\impl\Xilinx_xcs10\Xilinx\xilinx/workdirs/WORK/TxUnit.hnl'
