#! /usr/local/lib/ivl/../../bin/vvp
:vpi_time_precision - 11;
:vpi_module "system";
S_k68_fetch .scope module, "k68_fetch";
V_k68_fetch.brch_i .net "brch_i", 0, 0, C<z>;
V_k68_fetch.cpu_clk_i .net "cpu_clk_i", 0, 0, C<z>;
V_k68_fetch.cpu_cnt .var "cpu_cnt", 1, 0;
V_k68_fetch.imm_o .net "imm_o", 31, 0, V_k68_fetch.imml_o[0], V_k68_fetch.imml_o[1], V_k68_fetch.imml_o[2], V_k68_fetch.imml_o[3], V_k68_fetch.imml_o[4], V_k68_fetch.imml_o[5], V_k68_fetch.imml_o[6], V_k68_fetch.imml_o[7], V_k68_fetch.imml_o[8], V_k68_fetch.imml_o[9], V_k68_fetch.imml_o[10], V_k68_fetch.imml_o[11], V_k68_fetch.imml_o[12], V_k68_fetch.imml_o[13], V_k68_fetch.imml_o[14], V_k68_fetch.imml_o[15], V_k68_fetch.immh_o[0], V_k68_fetch.immh_o[1], V_k68_fetch.immh_o[2], V_k68_fetch.immh_o[3], V_k68_fetch.immh_o[4], V_k68_fetch.immh_o[5], V_k68_fetch.immh_o[6], V_k68_fetch.immh_o[7], V_k68_fetch.immh_o[8], V_k68_fetch.immh_o[9], V_k68_fetch.immh_o[10], V_k68_fetch.immh_o[11], V_k68_fetch.immh_o[12], V_k68_fetch.immh_o[13], V_k68_fetch.immh_o[14], V_k68_fetch.immh_o[15];
V_k68_fetch.immh_o .var "immh_o", 15, 0;
V_k68_fetch.imml_o .var "imml_o", 15, 0;
V_k68_fetch.mem_clk_i .net "mem_clk_i", 0, 0, C<z>;
V_k68_fetch.mem_cnt .var "mem_cnt", 1, 0;
V_k68_fetch.op_o .var "op_o", 15, 0;
V_k68_fetch.p_add .var "p_add", 30, 0;
V_k68_fetch.p_add_o .net "p_add_o", 31, 0, C<0>, V_k68_fetch.p_add[0], V_k68_fetch.p_add[1], V_k68_fetch.p_add[2], V_k68_fetch.p_add[3], V_k68_fetch.p_add[4], V_k68_fetch.p_add[5], V_k68_fetch.p_add[6], V_k68_fetch.p_add[7], V_k68_fetch.p_add[8], V_k68_fetch.p_add[9], V_k68_fetch.p_add[10], V_k68_fetch.p_add[11], V_k68_fetch.p_add[12], V_k68_fetch.p_add[13], V_k68_fetch.p_add[14], V_k68_fetch.p_add[15], V_k68_fetch.p_add[16], V_k68_fetch.p_add[17], V_k68_fetch.p_add[18], V_k68_fetch.p_add[19], V_k68_fetch.p_add[20], V_k68_fetch.p_add[21], V_k68_fetch.p_add[22], V_k68_fetch.p_add[23], V_k68_fetch.p_add[24], V_k68_fetch.p_add[25], V_k68_fetch.p_add[26], V_k68_fetch.p_add[27], V_k68_fetch.p_add[28], V_k68_fetch.p_add[29], V_k68_fetch.p_add[30];
V_k68_fetch.p_cs_o .net "p_cs_o", 0, 0, C<1>;
V_k68_fetch.p_dat_i .net "p_dat_i", 15, 0, C<z>, C<z>, C<z>, C<z>, C<z>, C<z>, C<z>, C<z>, C<z>, C<z>, C<z>, C<z>, C<z>, C<z>, C<z>, C<z>;
V_k68_fetch.pc .var "pc", 30, 0;
V_k68_fetch.pc_i .net "pc_i", 31, 0, C<z>, C<z>, C<z>, C<z>, C<z>, C<z>, C<z>, C<z>, C<z>, C<z>, C<z>, C<z>, C<z>, C<z>, C<z>, C<z>, C<z>, C<z>, C<z>, C<z>, C<z>, C<z>, C<z>, C<z>, C<z>, C<z>, C<z>, C<z>, C<z>, C<z>, C<z>, C<z>;
V_k68_fetch.pc_o .net "pc_o", 31, 0, C<0>, V_k68_fetch.pc[0], V_k68_fetch.pc[1], V_k68_fetch.pc[2], V_k68_fetch.pc[3], V_k68_fetch.pc[4], V_k68_fetch.pc[5], V_k68_fetch.pc[6], V_k68_fetch.pc[7], V_k68_fetch.pc[8], V_k68_fetch.pc[9], V_k68_fetch.pc[10], V_k68_fetch.pc[11], V_k68_fetch.pc[12], V_k68_fetch.pc[13], V_k68_fetch.pc[14], V_k68_fetch.pc[15], V_k68_fetch.pc[16], V_k68_fetch.pc[17], V_k68_fetch.pc[18], V_k68_fetch.pc[19], V_k68_fetch.pc[20], V_k68_fetch.pc[21], V_k68_fetch.pc[22], V_k68_fetch.pc[23], V_k68_fetch.pc[24], V_k68_fetch.pc[25], V_k68_fetch.pc[26], V_k68_fetch.pc[27], V_k68_fetch.pc[28], V_k68_fetch.pc[29], V_k68_fetch.pc[30];
V_k68_fetch.rdy .var "rdy", 0, 0;
V_k68_fetch.rst_i .net "rst_i", 0, 0, C<z>;
V_k68_fetch.s_dat_i .net "s_dat_i", 15, 0, C<z>, C<z>, C<z>, C<z>, C<z>, C<z>, C<z>, C<z>, C<z>, C<z>, C<z>, C<z>, C<z>, C<z>, C<z>, C<z>;
V_k68_fetch.tmpa .var "tmpa", 15, 0;
V_k68_fetch.tmpb .var "tmpb", 15, 0;
V_k68_fetch.tmpc .var "tmpc", 15, 0;
V_k68_fetch.tmpd .var "tmpd", 15, 0;
E_k68_fetch._s19 .event posedge, C<z>;
E_k68_fetch._s14/0 .event edge, C<z>, V_k68_fetch.pc[0], V_k68_fetch.pc[1], V_k68_fetch.pc[2];
E_k68_fetch._s14/1 .event edge, V_k68_fetch.pc[3], V_k68_fetch.pc[4], V_k68_fetch.pc[5], V_k68_fetch.pc[6];
E_k68_fetch._s14/2 .event edge, V_k68_fetch.pc[7], V_k68_fetch.pc[8], V_k68_fetch.pc[9], V_k68_fetch.pc[10];
E_k68_fetch._s14/3 .event edge, V_k68_fetch.pc[11], V_k68_fetch.pc[12], V_k68_fetch.pc[13], V_k68_fetch.pc[14];
E_k68_fetch._s14/4 .event edge, V_k68_fetch.pc[15], V_k68_fetch.pc[16], V_k68_fetch.pc[17], V_k68_fetch.pc[18];
E_k68_fetch._s14/5 .event edge, V_k68_fetch.pc[19], V_k68_fetch.pc[20], V_k68_fetch.pc[21], V_k68_fetch.pc[22];
E_k68_fetch._s14/6 .event edge, V_k68_fetch.pc[23], V_k68_fetch.pc[24], V_k68_fetch.pc[25], V_k68_fetch.pc[26];
E_k68_fetch._s14/7 .event edge, V_k68_fetch.pc[27], V_k68_fetch.pc[28], V_k68_fetch.pc[29], V_k68_fetch.pc[30];
E_k68_fetch._s14/8 .event edge, V_k68_fetch.p_add[0], V_k68_fetch.p_add[1], V_k68_fetch.p_add[2], V_k68_fetch.p_add[3];
E_k68_fetch._s14/9 .event edge, V_k68_fetch.p_add[4], V_k68_fetch.p_add[5], V_k68_fetch.p_add[6], V_k68_fetch.p_add[7];
E_k68_fetch._s14/10 .event edge, V_k68_fetch.p_add[8], V_k68_fetch.p_add[9], V_k68_fetch.p_add[10], V_k68_fetch.p_add[11];
E_k68_fetch._s14/11 .event edge, V_k68_fetch.p_add[12], V_k68_fetch.p_add[13], V_k68_fetch.p_add[14], V_k68_fetch.p_add[15];
E_k68_fetch._s14/12 .event edge, V_k68_fetch.p_add[16], V_k68_fetch.p_add[17], V_k68_fetch.p_add[18], V_k68_fetch.p_add[19];
E_k68_fetch._s14/13 .event edge, V_k68_fetch.p_add[20], V_k68_fetch.p_add[21], V_k68_fetch.p_add[22], V_k68_fetch.p_add[23];
E_k68_fetch._s14/14 .event edge, V_k68_fetch.p_add[24], V_k68_fetch.p_add[25], V_k68_fetch.p_add[26], V_k68_fetch.p_add[27];
E_k68_fetch._s14/15 .event edge, V_k68_fetch.p_add[28], V_k68_fetch.p_add[29], V_k68_fetch.p_add[30], C<z>;
E_k68_fetch._s14 .event/or E_k68_fetch._s14/0, E_k68_fetch._s14/1, E_k68_fetch._s14/2, E_k68_fetch._s14/3, E_k68_fetch._s14/4, E_k68_fetch._s14/5, E_k68_fetch._s14/6, E_k68_fetch._s14/7, E_k68_fetch._s14/8, E_k68_fetch._s14/9, E_k68_fetch._s14/10, E_k68_fetch._s14/11, E_k68_fetch._s14/12, E_k68_fetch._s14/13, E_k68_fetch._s14/14, E_k68_fetch._s14/15;
E_k68_fetch._s12 .event posedge, C<z>;
    .scope S_k68_fetch;
T_0 ;
    %wait E_k68_fetch._s12;
    %load  8, V_k68_fetch.rst_i[0];
    %jmp/0xz  T_0.0, 8;
    %assign V_k68_fetch.cpu_cnt[0], 0, 0;
    %assign V_k68_fetch.cpu_cnt[1], 0, 0;
    %assign V_k68_fetch.immh_o[0], 0, 0;
    %assign V_k68_fetch.immh_o[1], 0, 0;
    %assign V_k68_fetch.immh_o[2], 0, 0;
    %assign V_k68_fetch.immh_o[3], 0, 0;
    %assign V_k68_fetch.immh_o[4], 0, 0;
    %assign V_k68_fetch.immh_o[5], 0, 0;
    %assign V_k68_fetch.immh_o[6], 0, 0;
    %assign V_k68_fetch.immh_o[7], 0, 0;
    %assign V_k68_fetch.immh_o[8], 0, 0;
    %assign V_k68_fetch.immh_o[9], 0, 0;
    %assign V_k68_fetch.immh_o[10], 0, 0;
    %assign V_k68_fetch.immh_o[11], 0, 0;
    %assign V_k68_fetch.immh_o[12], 0, 0;
    %assign V_k68_fetch.immh_o[13], 0, 0;
    %assign V_k68_fetch.immh_o[14], 0, 0;
    %assign V_k68_fetch.immh_o[15], 0, 0;
    %assign V_k68_fetch.imml_o[0], 0, 0;
    %assign V_k68_fetch.imml_o[1], 0, 0;
    %assign V_k68_fetch.imml_o[2], 0, 0;
    %assign V_k68_fetch.imml_o[3], 0, 0;
    %assign V_k68_fetch.imml_o[4], 0, 0;
    %assign V_k68_fetch.imml_o[5], 0, 0;
    %assign V_k68_fetch.imml_o[6], 0, 0;
    %assign V_k68_fetch.imml_o[7], 0, 0;
    %assign V_k68_fetch.imml_o[8], 0, 0;
    %assign V_k68_fetch.imml_o[9], 0, 0;
    %assign V_k68_fetch.imml_o[10], 0, 0;
    %assign V_k68_fetch.imml_o[11], 0, 0;
    %assign V_k68_fetch.imml_o[12], 0, 0;
    %assign V_k68_fetch.imml_o[13], 0, 0;
    %assign V_k68_fetch.imml_o[14], 0, 0;
    %assign V_k68_fetch.imml_o[15], 0, 0;
    %assign V_k68_fetch.op_o[0], 0, 0;
    %assign V_k68_fetch.op_o[1], 0, 0;
    %assign V_k68_fetch.op_o[2], 0, 0;
    %assign V_k68_fetch.op_o[3], 0, 0;
    %assign V_k68_fetch.op_o[4], 0, 0;
    %assign V_k68_fetch.op_o[5], 0, 0;
    %assign V_k68_fetch.op_o[6], 0, 0;
    %assign V_k68_fetch.op_o[7], 0, 0;
    %assign V_k68_fetch.op_o[8], 0, 0;
    %assign V_k68_fetch.op_o[9], 0, 0;
    %assign V_k68_fetch.op_o[10], 0, 0;
    %assign V_k68_fetch.op_o[11], 0, 0;
    %assign V_k68_fetch.op_o[12], 0, 0;
    %assign V_k68_fetch.op_o[13], 0, 0;
    %assign V_k68_fetch.op_o[14], 0, 0;
    %assign V_k68_fetch.op_o[15], 0, 0;
    %assign V_k68_fetch.p_add[0], 0, 0;
    %assign V_k68_fetch.p_add[1], 0, 0;
    %assign V_k68_fetch.p_add[2], 0, 0;
    %assign V_k68_fetch.p_add[3], 0, 0;
    %assign V_k68_fetch.p_add[4], 0, 0;
    %assign V_k68_fetch.p_add[5], 0, 0;
    %assign V_k68_fetch.p_add[6], 0, 0;
    %assign V_k68_fetch.p_add[7], 0, 0;
    %assign V_k68_fetch.p_add[8], 0, 0;
    %assign V_k68_fetch.p_add[9], 0, 0;
    %assign V_k68_fetch.p_add[10], 0, 0;
    %assign V_k68_fetch.p_add[11], 0, 0;
    %assign V_k68_fetch.p_add[12], 0, 0;
    %assign V_k68_fetch.p_add[13], 0, 0;
    %assign V_k68_fetch.p_add[14], 0, 0;
    %assign V_k68_fetch.p_add[15], 0, 0;
    %assign V_k68_fetch.p_add[16], 0, 0;
    %assign V_k68_fetch.p_add[17], 0, 0;
    %assign V_k68_fetch.p_add[18], 0, 0;
    %assign V_k68_fetch.p_add[19], 0, 0;
    %assign V_k68_fetch.p_add[20], 0, 0;
    %assign V_k68_fetch.p_add[21], 0, 0;
    %assign V_k68_fetch.p_add[22], 0, 0;
    %assign V_k68_fetch.p_add[23], 0, 0;
    %assign V_k68_fetch.p_add[24], 0, 0;
    %assign V_k68_fetch.p_add[25], 0, 0;
    %assign V_k68_fetch.p_add[26], 0, 0;
    %assign V_k68_fetch.p_add[27], 0, 0;
    %assign V_k68_fetch.p_add[28], 0, 0;
    %assign V_k68_fetch.p_add[29], 0, 0;
    %assign V_k68_fetch.p_add[30], 0, 0;
    %assign V_k68_fetch.pc[0], 0, 0;
    %assign V_k68_fetch.pc[1], 0, 0;
    %assign V_k68_fetch.pc[2], 0, 0;
    %assign V_k68_fetch.pc[3], 0, 0;
    %assign V_k68_fetch.pc[4], 0, 0;
    %assign V_k68_fetch.pc[5], 0, 0;
    %assign V_k68_fetch.pc[6], 0, 0;
    %assign V_k68_fetch.pc[7], 0, 0;
    %assign V_k68_fetch.pc[8], 0, 0;
    %assign V_k68_fetch.pc[9], 0, 0;
    %assign V_k68_fetch.pc[10], 0, 0;
    %assign V_k68_fetch.pc[11], 0, 0;
    %assign V_k68_fetch.pc[12], 0, 0;
    %assign V_k68_fetch.pc[13], 0, 0;
    %assign V_k68_fetch.pc[14], 0, 0;
    %assign V_k68_fetch.pc[15], 0, 0;
    %assign V_k68_fetch.pc[16], 0, 0;
    %assign V_k68_fetch.pc[17], 0, 0;
    %assign V_k68_fetch.pc[18], 0, 0;
    %assign V_k68_fetch.pc[19], 0, 0;
    %assign V_k68_fetch.pc[20], 0, 0;
    %assign V_k68_fetch.pc[21], 0, 0;
    %assign V_k68_fetch.pc[22], 0, 0;
    %assign V_k68_fetch.pc[23], 0, 0;
    %assign V_k68_fetch.pc[24], 0, 0;
    %assign V_k68_fetch.pc[25], 0, 0;
    %assign V_k68_fetch.pc[26], 0, 0;
    %assign V_k68_fetch.pc[27], 0, 0;
    %assign V_k68_fetch.pc[28], 0, 0;
    %assign V_k68_fetch.pc[29], 0, 0;
    %assign V_k68_fetch.pc[30], 0, 0;
    %assign V_k68_fetch.p_add[0], 0, 0;
    %assign V_k68_fetch.p_add[1], 0, 0;
    %assign V_k68_fetch.p_add[2], 0, 0;
    %assign V_k68_fetch.p_add[3], 0, 0;
    %assign V_k68_fetch.p_add[4], 0, 0;
    %assign V_k68_fetch.p_add[5], 0, 0;
    %assign V_k68_fetch.p_add[6], 0, 0;
    %assign V_k68_fetch.p_add[7], 0, 0;
    %assign V_k68_fetch.p_add[8], 0, 0;
    %assign V_k68_fetch.p_add[9], 0, 0;
    %assign V_k68_fetch.p_add[10], 0, 0;
    %assign V_k68_fetch.p_add[11], 0, 0;
    %assign V_k68_fetch.p_add[12], 0, 0;
    %assign V_k68_fetch.p_add[13], 0, 0;
    %assign V_k68_fetch.p_add[14], 0, 0;
    %assign V_k68_fetch.p_add[15], 0, 0;
    %assign V_k68_fetch.p_add[16], 0, 0;
    %assign V_k68_fetch.p_add[17], 0, 0;
    %assign V_k68_fetch.p_add[18], 0, 0;
    %assign V_k68_fetch.p_add[19], 0, 0;
    %assign V_k68_fetch.p_add[20], 0, 0;
    %assign V_k68_fetch.p_add[21], 0, 0;
    %assign V_k68_fetch.p_add[22], 0, 0;
    %assign V_k68_fetch.p_add[23], 0, 0;
    %assign V_k68_fetch.p_add[24], 0, 0;
    %assign V_k68_fetch.p_add[25], 0, 0;
    %assign V_k68_fetch.p_add[26], 0, 0;
    %assign V_k68_fetch.p_add[27], 0, 0;
    %assign V_k68_fetch.p_add[28], 0, 0;
    %assign V_k68_fetch.p_add[29], 0, 0;
    %assign V_k68_fetch.p_add[30], 0, 0;
    %assign V_k68_fetch.pc[0], 0, 0;
    %assign V_k68_fetch.pc[1], 0, 0;
    %assign V_k68_fetch.pc[2], 0, 0;
    %assign V_k68_fetch.pc[3], 0, 0;
    %assign V_k68_fetch.pc[4], 0, 0;
    %assign V_k68_fetch.pc[5], 0, 0;
    %assign V_k68_fetch.pc[6], 0, 0;
    %assign V_k68_fetch.pc[7], 0, 0;
    %assign V_k68_fetch.pc[8], 0, 0;
    %assign V_k68_fetch.pc[9], 0, 0;
    %assign V_k68_fetch.pc[10], 0, 0;
    %assign V_k68_fetch.pc[11], 0, 0;
    %assign V_k68_fetch.pc[12], 0, 0;
    %assign V_k68_fetch.pc[13], 0, 0;
    %assign V_k68_fetch.pc[14], 0, 0;
    %assign V_k68_fetch.pc[15], 0, 0;
    %assign V_k68_fetch.pc[16], 0, 0;
    %assign V_k68_fetch.pc[17], 0, 0;
    %assign V_k68_fetch.pc[18], 0, 0;
    %assign V_k68_fetch.pc[19], 0, 0;
    %assign V_k68_fetch.pc[20], 0, 0;
    %assign V_k68_fetch.pc[21], 0, 0;
    %assign V_k68_fetch.pc[22], 0, 0;
    %assign V_k68_fetch.pc[23], 0, 0;
    %assign V_k68_fetch.pc[24], 0, 0;
    %assign V_k68_fetch.pc[25], 0, 0;
    %assign V_k68_fetch.pc[26], 0, 0;
    %assign V_k68_fetch.pc[27], 0, 0;
    %assign V_k68_fetch.pc[28], 0, 0;
    %assign V_k68_fetch.pc[29], 0, 0;
    %assign V_k68_fetch.pc[30], 0, 0;
    %assign V_k68_fetch.op_o[0], 0, 1;
    %assign V_k68_fetch.op_o[1], 0, 0;
    %assign V_k68_fetch.op_o[2], 0, 0;
    %assign V_k68_fetch.op_o[3], 0, 0;
    %assign V_k68_fetch.op_o[4], 0, 1;
    %assign V_k68_fetch.op_o[5], 0, 1;
    %assign V_k68_fetch.op_o[6], 0, 1;
    %assign V_k68_fetch.op_o[7], 0, 0;
    %assign V_k68_fetch.op_o[8], 0, 0;
    %assign V_k68_fetch.op_o[9], 0, 1;
    %assign V_k68_fetch.op_o[10], 0, 1;
    %assign V_k68_fetch.op_o[11], 0, 1;
    %assign V_k68_fetch.op_o[12], 0, 0;
    %assign V_k68_fetch.op_o[13], 0, 0;
    %assign V_k68_fetch.op_o[14], 0, 1;
    %assign V_k68_fetch.op_o[15], 0, 0;
    %jmp T_0.1;
T_0.0 ;
    %load  8, V_k68_fetch.rdy[0];
    %jmp/0xz  T_0.2, 8;
    %load  8, V_k68_fetch.cpu_cnt[0];
    %load  9, V_k68_fetch.cpu_cnt[1];
    %cmp/u 8, 0, 2;
    %jmp/1 T_0.4, 6;
    %mov 10, 1, 1;
    %mov 11, 0, 1;
    %cmp/u 8, 10, 2;
    %jmp/1 T_0.5, 6;
    %mov 10, 0, 1;
    %mov 11, 1, 1;
    %cmp/u 8, 10, 2;
    %jmp/1 T_0.6, 6;
    %cmp/u 8, 1, 2;
    %jmp/1 T_0.7, 6;
    %jmp T_0.8;
T_0.4 ;
    %load  8, V_k68_fetch.tmpa[0];
    %load  9, V_k68_fetch.tmpa[1];
    %load  10, V_k68_fetch.tmpa[2];
    %load  11, V_k68_fetch.tmpa[3];
    %load  12, V_k68_fetch.tmpa[4];
    %load  13, V_k68_fetch.tmpa[5];
    %load  14, V_k68_fetch.tmpa[6];
    %load  15, V_k68_fetch.tmpa[7];
    %load  16, V_k68_fetch.tmpa[8];
    %load  17, V_k68_fetch.tmpa[9];
    %load  18, V_k68_fetch.tmpa[10];
    %load  19, V_k68_fetch.tmpa[11];
    %load  20, V_k68_fetch.tmpa[12];
    %load  21, V_k68_fetch.tmpa[13];
    %load  22, V_k68_fetch.tmpa[14];
    %load  23, V_k68_fetch.tmpa[15];
    %assign V_k68_fetch.op_o[0], 0, 8;
    %assign V_k68_fetch.op_o[1], 0, 9;
    %assign V_k68_fetch.op_o[2], 0, 10;
    %assign V_k68_fetch.op_o[3], 0, 11;
    %assign V_k68_fetch.op_o[4], 0, 12;
    %assign V_k68_fetch.op_o[5], 0, 13;
    %assign V_k68_fetch.op_o[6], 0, 14;
    %assign V_k68_fetch.op_o[7], 0, 15;
    %assign V_k68_fetch.op_o[8], 0, 16;
    %assign V_k68_fetch.op_o[9], 0, 17;
    %assign V_k68_fetch.op_o[10], 0, 18;
    %assign V_k68_fetch.op_o[11], 0, 19;
    %assign V_k68_fetch.op_o[12], 0, 20;
    %assign V_k68_fetch.op_o[13], 0, 21;
    %assign V_k68_fetch.op_o[14], 0, 22;
    %assign V_k68_fetch.op_o[15], 0, 23;
    %load  8, V_k68_fetch.tmpb[0];
    %load  9, V_k68_fetch.tmpb[1];
    %load  10, V_k68_fetch.tmpb[2];
    %load  11, V_k68_fetch.tmpb[3];
    %load  12, V_k68_fetch.tmpb[4];
    %load  13, V_k68_fetch.tmpb[5];
    %load  14, V_k68_fetch.tmpb[6];
    %load  15, V_k68_fetch.tmpb[7];
    %load  16, V_k68_fetch.tmpb[8];
    %load  17, V_k68_fetch.tmpb[9];
    %load  18, V_k68_fetch.tmpb[10];
    %load  19, V_k68_fetch.tmpb[11];
    %load  20, V_k68_fetch.tmpb[12];
    %load  21, V_k68_fetch.tmpb[13];
    %load  22, V_k68_fetch.tmpb[14];
    %load  23, V_k68_fetch.tmpb[15];
    %assign V_k68_fetch.immh_o[0], 0, 8;
    %assign V_k68_fetch.immh_o[1], 0, 9;
    %assign V_k68_fetch.immh_o[2], 0, 10;
    %assign V_k68_fetch.immh_o[3], 0, 11;
    %assign V_k68_fetch.immh_o[4], 0, 12;
    %assign V_k68_fetch.immh_o[5], 0, 13;
    %assign V_k68_fetch.immh_o[6], 0, 14;
    %assign V_k68_fetch.immh_o[7], 0, 15;
    %assign V_k68_fetch.immh_o[8], 0, 16;
    %assign V_k68_fetch.immh_o[9], 0, 17;
    %assign V_k68_fetch.immh_o[10], 0, 18;
    %assign V_k68_fetch.immh_o[11], 0, 19;
    %assign V_k68_fetch.immh_o[12], 0, 20;
    %assign V_k68_fetch.immh_o[13], 0, 21;
    %assign V_k68_fetch.immh_o[14], 0, 22;
    %assign V_k68_fetch.immh_o[15], 0, 23;
    %load  8, V_k68_fetch.tmpc[0];
    %load  9, V_k68_fetch.tmpc[1];
    %load  10, V_k68_fetch.tmpc[2];
    %load  11, V_k68_fetch.tmpc[3];
    %load  12, V_k68_fetch.tmpc[4];
    %load  13, V_k68_fetch.tmpc[5];
    %load  14, V_k68_fetch.tmpc[6];
    %load  15, V_k68_fetch.tmpc[7];
    %load  16, V_k68_fetch.tmpc[8];
    %load  17, V_k68_fetch.tmpc[9];
    %load  18, V_k68_fetch.tmpc[10];
    %load  19, V_k68_fetch.tmpc[11];
    %load  20, V_k68_fetch.tmpc[12];
    %load  21, V_k68_fetch.tmpc[13];
    %load  22, V_k68_fetch.tmpc[14];
    %load  23, V_k68_fetch.tmpc[15];
    %assign V_k68_fetch.imml_o[0], 0, 8;
    %assign V_k68_fetch.imml_o[1], 0, 9;
    %assign V_k68_fetch.imml_o[2], 0, 10;
    %assign V_k68_fetch.imml_o[3], 0, 11;
    %assign V_k68_fetch.imml_o[4], 0, 12;
    %assign V_k68_fetch.imml_o[5], 0, 13;
    %assign V_k68_fetch.imml_o[6], 0, 14;
    %assign V_k68_fetch.imml_o[7], 0, 15;
    %assign V_k68_fetch.imml_o[8], 0, 16;
    %assign V_k68_fetch.imml_o[9], 0, 17;
    %assign V_k68_fetch.imml_o[10], 0, 18;
    %assign V_k68_fetch.imml_o[11], 0, 19;
    %assign V_k68_fetch.imml_o[12], 0, 20;
    %assign V_k68_fetch.imml_o[13], 0, 21;
    %assign V_k68_fetch.imml_o[14], 0, 22;
    %assign V_k68_fetch.imml_o[15], 0, 23;
    %jmp T_0.8;
T_0.5 ;
    %load  8, V_k68_fetch.tmpb[0];
    %load  9, V_k68_fetch.tmpb[1];
    %load  10, V_k68_fetch.tmpb[2];
    %load  11, V_k68_fetch.tmpb[3];
    %load  12, V_k68_fetch.tmpb[4];
    %load  13, V_k68_fetch.tmpb[5];
    %load  14, V_k68_fetch.tmpb[6];
    %load  15, V_k68_fetch.tmpb[7];
    %load  16, V_k68_fetch.tmpb[8];
    %load  17, V_k68_fetch.tmpb[9];
    %load  18, V_k68_fetch.tmpb[10];
    %load  19, V_k68_fetch.tmpb[11];
    %load  20, V_k68_fetch.tmpb[12];
    %load  21, V_k68_fetch.tmpb[13];
    %load  22, V_k68_fetch.tmpb[14];
    %load  23, V_k68_fetch.tmpb[15];
    %assign V_k68_fetch.op_o[0], 0, 8;
    %assign V_k68_fetch.op_o[1], 0, 9;
    %assign V_k68_fetch.op_o[2], 0, 10;
    %assign V_k68_fetch.op_o[3], 0, 11;
    %assign V_k68_fetch.op_o[4], 0, 12;
    %assign V_k68_fetch.op_o[5], 0, 13;
    %assign V_k68_fetch.op_o[6], 0, 14;
    %assign V_k68_fetch.op_o[7], 0, 15;
    %assign V_k68_fetch.op_o[8], 0, 16;
    %assign V_k68_fetch.op_o[9], 0, 17;
    %assign V_k68_fetch.op_o[10], 0, 18;
    %assign V_k68_fetch.op_o[11], 0, 19;
    %assign V_k68_fetch.op_o[12], 0, 20;
    %assign V_k68_fetch.op_o[13], 0, 21;
    %assign V_k68_fetch.op_o[14], 0, 22;
    %assign V_k68_fetch.op_o[15], 0, 23;
    %load  8, V_k68_fetch.tmpc[0];
    %load  9, V_k68_fetch.tmpc[1];
    %load  10, V_k68_fetch.tmpc[2];
    %load  11, V_k68_fetch.tmpc[3];
    %load  12, V_k68_fetch.tmpc[4];
    %load  13, V_k68_fetch.tmpc[5];
    %load  14, V_k68_fetch.tmpc[6];
    %load  15, V_k68_fetch.tmpc[7];
    %load  16, V_k68_fetch.tmpc[8];
    %load  17, V_k68_fetch.tmpc[9];
    %load  18, V_k68_fetch.tmpc[10];
    %load  19, V_k68_fetch.tmpc[11];
    %load  20, V_k68_fetch.tmpc[12];
    %load  21, V_k68_fetch.tmpc[13];
    %load  22, V_k68_fetch.tmpc[14];
    %load  23, V_k68_fetch.tmpc[15];
    %assign V_k68_fetch.immh_o[0], 0, 8;
    %assign V_k68_fetch.immh_o[1], 0, 9;
    %assign V_k68_fetch.immh_o[2], 0, 10;
    %assign V_k68_fetch.immh_o[3], 0, 11;
    %assign V_k68_fetch.immh_o[4], 0, 12;
    %assign V_k68_fetch.immh_o[5], 0, 13;
    %assign V_k68_fetch.immh_o[6], 0, 14;
    %assign V_k68_fetch.immh_o[7], 0, 15;
    %assign V_k68_fetch.immh_o[8], 0, 16;
    %assign V_k68_fetch.immh_o[9], 0, 17;
    %assign V_k68_fetch.immh_o[10], 0, 18;
    %assign V_k68_fetch.immh_o[11], 0, 19;
    %assign V_k68_fetch.immh_o[12], 0, 20;
    %assign V_k68_fetch.immh_o[13], 0, 21;
    %assign V_k68_fetch.immh_o[14], 0, 22;
    %assign V_k68_fetch.immh_o[15], 0, 23;
    %load  8, V_k68_fetch.tmpd[0];
    %load  9, V_k68_fetch.tmpd[1];
    %load  10, V_k68_fetch.tmpd[2];
    %load  11, V_k68_fetch.tmpd[3];
    %load  12, V_k68_fetch.tmpd[4];
    %load  13, V_k68_fetch.tmpd[5];
    %load  14, V_k68_fetch.tmpd[6];
    %load  15, V_k68_fetch.tmpd[7];
    %load  16, V_k68_fetch.tmpd[8];
    %load  17, V_k68_fetch.tmpd[9];
    %load  18, V_k68_fetch.tmpd[10];
    %load  19, V_k68_fetch.tmpd[11];
    %load  20, V_k68_fetch.tmpd[12];
    %load  21, V_k68_fetch.tmpd[13];
    %load  22, V_k68_fetch.tmpd[14];
    %load  23, V_k68_fetch.tmpd[15];
    %assign V_k68_fetch.imml_o[0], 0, 8;
    %assign V_k68_fetch.imml_o[1], 0, 9;
    %assign V_k68_fetch.imml_o[2], 0, 10;
    %assign V_k68_fetch.imml_o[3], 0, 11;
    %assign V_k68_fetch.imml_o[4], 0, 12;
    %assign V_k68_fetch.imml_o[5], 0, 13;
    %assign V_k68_fetch.imml_o[6], 0, 14;
    %assign V_k68_fetch.imml_o[7], 0, 15;
    %assign V_k68_fetch.imml_o[8], 0, 16;
    %assign V_k68_fetch.imml_o[9], 0, 17;
    %assign V_k68_fetch.imml_o[10], 0, 18;
    %assign V_k68_fetch.imml_o[11], 0, 19;
    %assign V_k68_fetch.imml_o[12], 0, 20;
    %assign V_k68_fetch.imml_o[13], 0, 21;
    %assign V_k68_fetch.imml_o[14], 0, 22;
    %assign V_k68_fetch.imml_o[15], 0, 23;
    %jmp T_0.8;
T_0.6 ;
    %load  8, V_k68_fetch.tmpc[0];
    %load  9, V_k68_fetch.tmpc[1];
    %load  10, V_k68_fetch.tmpc[2];
    %load  11, V_k68_fetch.tmpc[3];
    %load  12, V_k68_fetch.tmpc[4];
    %load  13, V_k68_fetch.tmpc[5];
    %load  14, V_k68_fetch.tmpc[6];
    %load  15, V_k68_fetch.tmpc[7];
    %load  16, V_k68_fetch.tmpc[8];
    %load  17, V_k68_fetch.tmpc[9];
    %load  18, V_k68_fetch.tmpc[10];
    %load  19, V_k68_fetch.tmpc[11];
    %load  20, V_k68_fetch.tmpc[12];
    %load  21, V_k68_fetch.tmpc[13];
    %load  22, V_k68_fetch.tmpc[14];
    %load  23, V_k68_fetch.tmpc[15];
    %assign V_k68_fetch.op_o[0], 0, 8;
    %assign V_k68_fetch.op_o[1], 0, 9;
    %assign V_k68_fetch.op_o[2], 0, 10;
    %assign V_k68_fetch.op_o[3], 0, 11;
    %assign V_k68_fetch.op_o[4], 0, 12;
    %assign V_k68_fetch.op_o[5], 0, 13;
    %assign V_k68_fetch.op_o[6], 0, 14;
    %assign V_k68_fetch.op_o[7], 0, 15;
    %assign V_k68_fetch.op_o[8], 0, 16;
    %assign V_k68_fetch.op_o[9], 0, 17;
    %assign V_k68_fetch.op_o[10], 0, 18;
    %assign V_k68_fetch.op_o[11], 0, 19;
    %assign V_k68_fetch.op_o[12], 0, 20;
    %assign V_k68_fetch.op_o[13], 0, 21;
    %assign V_k68_fetch.op_o[14], 0, 22;
    %assign V_k68_fetch.op_o[15], 0, 23;
    %load  8, V_k68_fetch.tmpd[0];
    %load  9, V_k68_fetch.tmpd[1];
    %load  10, V_k68_fetch.tmpd[2];
    %load  11, V_k68_fetch.tmpd[3];
    %load  12, V_k68_fetch.tmpd[4];
    %load  13, V_k68_fetch.tmpd[5];
    %load  14, V_k68_fetch.tmpd[6];
    %load  15, V_k68_fetch.tmpd[7];
    %load  16, V_k68_fetch.tmpd[8];
    %load  17, V_k68_fetch.tmpd[9];
    %load  18, V_k68_fetch.tmpd[10];
    %load  19, V_k68_fetch.tmpd[11];
    %load  20, V_k68_fetch.tmpd[12];
    %load  21, V_k68_fetch.tmpd[13];
    %load  22, V_k68_fetch.tmpd[14];
    %load  23, V_k68_fetch.tmpd[15];
    %assign V_k68_fetch.immh_o[0], 0, 8;
    %assign V_k68_fetch.immh_o[1], 0, 9;
    %assign V_k68_fetch.immh_o[2], 0, 10;
    %assign V_k68_fetch.immh_o[3], 0, 11;
    %assign V_k68_fetch.immh_o[4], 0, 12;
    %assign V_k68_fetch.immh_o[5], 0, 13;
    %assign V_k68_fetch.immh_o[6], 0, 14;
    %assign V_k68_fetch.immh_o[7], 0, 15;
    %assign V_k68_fetch.immh_o[8], 0, 16;
    %assign V_k68_fetch.immh_o[9], 0, 17;
    %assign V_k68_fetch.immh_o[10], 0, 18;
    %assign V_k68_fetch.immh_o[11], 0, 19;
    %assign V_k68_fetch.immh_o[12], 0, 20;
    %assign V_k68_fetch.immh_o[13], 0, 21;
    %assign V_k68_fetch.immh_o[14], 0, 22;
    %assign V_k68_fetch.immh_o[15], 0, 23;
    %load  8, V_k68_fetch.tmpa[0];
    %load  9, V_k68_fetch.tmpa[1];
    %load  10, V_k68_fetch.tmpa[2];
    %load  11, V_k68_fetch.tmpa[3];
    %load  12, V_k68_fetch.tmpa[4];
    %load  13, V_k68_fetch.tmpa[5];
    %load  14, V_k68_fetch.tmpa[6];
    %load  15, V_k68_fetch.tmpa[7];
    %load  16, V_k68_fetch.tmpa[8];
    %load  17, V_k68_fetch.tmpa[9];
    %load  18, V_k68_fetch.tmpa[10];
    %load  19, V_k68_fetch.tmpa[11];
    %load  20, V_k68_fetch.tmpa[12];
    %load  21, V_k68_fetch.tmpa[13];
    %load  22, V_k68_fetch.tmpa[14];
    %load  23, V_k68_fetch.tmpa[15];
    %assign V_k68_fetch.imml_o[0], 0, 8;
    %assign V_k68_fetch.imml_o[1], 0, 9;
    %assign V_k68_fetch.imml_o[2], 0, 10;
    %assign V_k68_fetch.imml_o[3], 0, 11;
    %assign V_k68_fetch.imml_o[4], 0, 12;
    %assign V_k68_fetch.imml_o[5], 0, 13;
    %assign V_k68_fetch.imml_o[6], 0, 14;
    %assign V_k68_fetch.imml_o[7], 0, 15;
    %assign V_k68_fetch.imml_o[8], 0, 16;
    %assign V_k68_fetch.imml_o[9], 0, 17;
    %assign V_k68_fetch.imml_o[10], 0, 18;
    %assign V_k68_fetch.imml_o[11], 0, 19;
    %assign V_k68_fetch.imml_o[12], 0, 20;
    %assign V_k68_fetch.imml_o[13], 0, 21;
    %assign V_k68_fetch.imml_o[14], 0, 22;
    %assign V_k68_fetch.imml_o[15], 0, 23;
    %jmp T_0.8;
T_0.7 ;
    %load  8, V_k68_fetch.tmpd[0];
    %load  9, V_k68_fetch.tmpd[1];
    %load  10, V_k68_fetch.tmpd[2];
    %load  11, V_k68_fetch.tmpd[3];
    %load  12, V_k68_fetch.tmpd[4];
    %load  13, V_k68_fetch.tmpd[5];
    %load  14, V_k68_fetch.tmpd[6];
    %load  15, V_k68_fetch.tmpd[7];
    %load  16, V_k68_fetch.tmpd[8];
    %load  17, V_k68_fetch.tmpd[9];
    %load  18, V_k68_fetch.tmpd[10];
    %load  19, V_k68_fetch.tmpd[11];
    %load  20, V_k68_fetch.tmpd[12];
    %load  21, V_k68_fetch.tmpd[13];
    %load  22, V_k68_fetch.tmpd[14];
    %load  23, V_k68_fetch.tmpd[15];
    %assign V_k68_fetch.op_o[0], 0, 8;
    %assign V_k68_fetch.op_o[1], 0, 9;
    %assign V_k68_fetch.op_o[2], 0, 10;
    %assign V_k68_fetch.op_o[3], 0, 11;
    %assign V_k68_fetch.op_o[4], 0, 12;
    %assign V_k68_fetch.op_o[5], 0, 13;
    %assign V_k68_fetch.op_o[6], 0, 14;
    %assign V_k68_fetch.op_o[7], 0, 15;
    %assign V_k68_fetch.op_o[8], 0, 16;
    %assign V_k68_fetch.op_o[9], 0, 17;
    %assign V_k68_fetch.op_o[10], 0, 18;
    %assign V_k68_fetch.op_o[11], 0, 19;
    %assign V_k68_fetch.op_o[12], 0, 20;
    %assign V_k68_fetch.op_o[13], 0, 21;
    %assign V_k68_fetch.op_o[14], 0, 22;
    %assign V_k68_fetch.op_o[15], 0, 23;
    %load  8, V_k68_fetch.tmpa[0];
    %load  9, V_k68_fetch.tmpa[1];
    %load  10, V_k68_fetch.tmpa[2];
    %load  11, V_k68_fetch.tmpa[3];
    %load  12, V_k68_fetch.tmpa[4];
    %load  13, V_k68_fetch.tmpa[5];
    %load  14, V_k68_fetch.tmpa[6];
    %load  15, V_k68_fetch.tmpa[7];
    %load  16, V_k68_fetch.tmpa[8];
    %load  17, V_k68_fetch.tmpa[9];
    %load  18, V_k68_fetch.tmpa[10];
    %load  19, V_k68_fetch.tmpa[11];
    %load  20, V_k68_fetch.tmpa[12];
    %load  21, V_k68_fetch.tmpa[13];
    %load  22, V_k68_fetch.tmpa[14];
    %load  23, V_k68_fetch.tmpa[15];
    %assign V_k68_fetch.immh_o[0], 0, 8;
    %assign V_k68_fetch.immh_o[1], 0, 9;
    %assign V_k68_fetch.immh_o[2], 0, 10;
    %assign V_k68_fetch.immh_o[3], 0, 11;
    %assign V_k68_fetch.immh_o[4], 0, 12;
    %assign V_k68_fetch.immh_o[5], 0, 13;
    %assign V_k68_fetch.immh_o[6], 0, 14;
    %assign V_k68_fetch.immh_o[7], 0, 15;
    %assign V_k68_fetch.immh_o[8], 0, 16;
    %assign V_k68_fetch.immh_o[9], 0, 17;
    %assign V_k68_fetch.immh_o[10], 0, 18;
    %assign V_k68_fetch.immh_o[11], 0, 19;
    %assign V_k68_fetch.immh_o[12], 0, 20;
    %assign V_k68_fetch.immh_o[13], 0, 21;
    %assign V_k68_fetch.immh_o[14], 0, 22;
    %assign V_k68_fetch.immh_o[15], 0, 23;
    %load  8, V_k68_fetch.tmpb[0];
    %load  9, V_k68_fetch.tmpb[1];
    %load  10, V_k68_fetch.tmpb[2];
    %load  11, V_k68_fetch.tmpb[3];
    %load  12, V_k68_fetch.tmpb[4];
    %load  13, V_k68_fetch.tmpb[5];
    %load  14, V_k68_fetch.tmpb[6];
    %load  15, V_k68_fetch.tmpb[7];
    %load  16, V_k68_fetch.tmpb[8];
    %load  17, V_k68_fetch.tmpb[9];
    %load  18, V_k68_fetch.tmpb[10];
    %load  19, V_k68_fetch.tmpb[11];
    %load  20, V_k68_fetch.tmpb[12];
    %load  21, V_k68_fetch.tmpb[13];
    %load  22, V_k68_fetch.tmpb[14];
    %load  23, V_k68_fetch.tmpb[15];
    %assign V_k68_fetch.imml_o[0], 0, 8;
    %assign V_k68_fetch.imml_o[1], 0, 9;
    %assign V_k68_fetch.imml_o[2], 0, 10;
    %assign V_k68_fetch.imml_o[3], 0, 11;
    %assign V_k68_fetch.imml_o[4], 0, 12;
    %assign V_k68_fetch.imml_o[5], 0, 13;
    %assign V_k68_fetch.imml_o[6], 0, 14;
    %assign V_k68_fetch.imml_o[7], 0, 15;
    %assign V_k68_fetch.imml_o[8], 0, 16;
    %assign V_k68_fetch.imml_o[9], 0, 17;
    %assign V_k68_fetch.imml_o[10], 0, 18;
    %assign V_k68_fetch.imml_o[11], 0, 19;
    %assign V_k68_fetch.imml_o[12], 0, 20;
    %assign V_k68_fetch.imml_o[13], 0, 21;
    %assign V_k68_fetch.imml_o[14], 0, 22;
    %assign V_k68_fetch.imml_o[15], 0, 23;
    %jmp T_0.8;
T_0.8 ;
    %jmp T_0.3;
T_0.2 ;
    %assign V_k68_fetch.op_o[0], 0, 1;
    %assign V_k68_fetch.op_o[1], 0, 0;
    %assign V_k68_fetch.op_o[2], 0, 0;
    %assign V_k68_fetch.op_o[3], 0, 0;
    %assign V_k68_fetch.op_o[4], 0, 1;
    %assign V_k68_fetch.op_o[5], 0, 1;
    %assign V_k68_fetch.op_o[6], 0, 1;
    %assign V_k68_fetch.op_o[7], 0, 0;
    %assign V_k68_fetch.op_o[8], 0, 0;
    %assign V_k68_fetch.op_o[9], 0, 1;
    %assign V_k68_fetch.op_o[10], 0, 1;
    %assign V_k68_fetch.op_o[11], 0, 1;
    %assign V_k68_fetch.op_o[12], 0, 0;
    %assign V_k68_fetch.op_o[13], 0, 0;
    %assign V_k68_fetch.op_o[14], 0, 1;
    %assign V_k68_fetch.op_o[15], 0, 0;
    %assign V_k68_fetch.imml_o[0], 0, 0;
    %assign V_k68_fetch.imml_o[1], 0, 0;
    %assign V_k68_fetch.imml_o[2], 0, 0;
    %assign V_k68_fetch.imml_o[3], 0, 0;
    %assign V_k68_fetch.imml_o[4], 0, 0;
    %assign V_k68_fetch.imml_o[5], 0, 0;
    %assign V_k68_fetch.imml_o[6], 0, 0;
    %assign V_k68_fetch.imml_o[7], 0, 0;
    %assign V_k68_fetch.imml_o[8], 0, 0;
    %assign V_k68_fetch.imml_o[9], 0, 0;
    %assign V_k68_fetch.imml_o[10], 0, 0;
    %assign V_k68_fetch.imml_o[11], 0, 0;
    %assign V_k68_fetch.imml_o[12], 0, 0;
    %assign V_k68_fetch.imml_o[13], 0, 0;
    %assign V_k68_fetch.imml_o[14], 0, 0;
    %assign V_k68_fetch.imml_o[15], 0, 0;
    %assign V_k68_fetch.immh_o[0], 0, 0;
    %assign V_k68_fetch.immh_o[1], 0, 0;
    %assign V_k68_fetch.immh_o[2], 0, 0;
    %assign V_k68_fetch.immh_o[3], 0, 0;
    %assign V_k68_fetch.immh_o[4], 0, 0;
    %assign V_k68_fetch.immh_o[5], 0, 0;
    %assign V_k68_fetch.immh_o[6], 0, 0;
    %assign V_k68_fetch.immh_o[7], 0, 0;
    %assign V_k68_fetch.immh_o[8], 0, 0;
    %assign V_k68_fetch.immh_o[9], 0, 0;
    %assign V_k68_fetch.immh_o[10], 0, 0;
    %assign V_k68_fetch.immh_o[11], 0, 0;
    %assign V_k68_fetch.immh_o[12], 0, 0;
    %assign V_k68_fetch.immh_o[13], 0, 0;
    %assign V_k68_fetch.immh_o[14], 0, 0;
    %assign V_k68_fetch.immh_o[15], 0, 0;
T_0.3 ;
    %load  8, V_k68_fetch.brch_i[0];
    %jmp/0xz  T_0.9, 8;
    %load  8, V_k68_fetch.pc_i[0];
    %load  9, V_k68_fetch.pc_i[1];
    %load  10, V_k68_fetch.pc_i[2];
    %load  11, V_k68_fetch.pc_i[3];
    %load  12, V_k68_fetch.pc_i[4];
    %load  13, V_k68_fetch.pc_i[5];
    %load  14, V_k68_fetch.pc_i[6];
    %load  15, V_k68_fetch.pc_i[7];
    %load  16, V_k68_fetch.pc_i[8];
    %load  17, V_k68_fetch.pc_i[9];
    %load  18, V_k68_fetch.pc_i[10];
    %load  19, V_k68_fetch.pc_i[11];
    %load  20, V_k68_fetch.pc_i[12];
    %load  21, V_k68_fetch.pc_i[13];
    %load  22, V_k68_fetch.pc_i[14];
    %load  23, V_k68_fetch.pc_i[15];
    %load  24, V_k68_fetch.pc_i[16];
    %load  25, V_k68_fetch.pc_i[17];
    %load  26, V_k68_fetch.pc_i[18];
    %load  27, V_k68_fetch.pc_i[19];
    %load  28, V_k68_fetch.pc_i[20];
    %load  29, V_k68_fetch.pc_i[21];
    %load  30, V_k68_fetch.pc_i[22];
    %load  31, V_k68_fetch.pc_i[23];
    %load  32, V_k68_fetch.pc_i[24];
    %load  33, V_k68_fetch.pc_i[25];
    %load  34, V_k68_fetch.pc_i[26];
    %load  35, V_k68_fetch.pc_i[27];
    %load  36, V_k68_fetch.pc_i[28];
    %load  37, V_k68_fetch.pc_i[29];
    %load  38, V_k68_fetch.pc_i[30];
    %load  39, V_k68_fetch.pc_i[31];
    %assign V_k68_fetch.pc[0], 0, 8;
    %assign V_k68_fetch.pc[1], 0, 9;
    %assign V_k68_fetch.pc[2], 0, 10;
    %assign V_k68_fetch.pc[3], 0, 11;
    %assign V_k68_fetch.pc[4], 0, 12;
    %assign V_k68_fetch.pc[5], 0, 13;
    %assign V_k68_fetch.pc[6], 0, 14;
    %assign V_k68_fetch.pc[7], 0, 15;
    %assign V_k68_fetch.pc[8], 0, 16;
    %assign V_k68_fetch.pc[9], 0, 17;
    %assign V_k68_fetch.pc[10], 0, 18;
    %assign V_k68_fetch.pc[11], 0, 19;
    %assign V_k68_fetch.pc[12], 0, 20;
    %assign V_k68_fetch.pc[13], 0, 21;
    %assign V_k68_fetch.pc[14], 0, 22;
    %assign V_k68_fetch.pc[15], 0, 23;
    %assign V_k68_fetch.pc[16], 0, 24;
    %assign V_k68_fetch.pc[17], 0, 25;
    %assign V_k68_fetch.pc[18], 0, 26;
    %assign V_k68_fetch.pc[19], 0, 27;
    %assign V_k68_fetch.pc[20], 0, 28;
    %assign V_k68_fetch.pc[21], 0, 29;
    %assign V_k68_fetch.pc[22], 0, 30;
    %assign V_k68_fetch.pc[23], 0, 31;
    %assign V_k68_fetch.pc[24], 0, 32;
    %assign V_k68_fetch.pc[25], 0, 33;
    %assign V_k68_fetch.pc[26], 0, 34;
    %assign V_k68_fetch.pc[27], 0, 35;
    %assign V_k68_fetch.pc[28], 0, 36;
    %assign V_k68_fetch.pc[29], 0, 37;
    %assign V_k68_fetch.pc[30], 0, 38;
    %assign V_k68_fetch.cpu_cnt[0], 0, 0;
    %assign V_k68_fetch.cpu_cnt[1], 0, 0;
    %load  8, V_k68_fetch.pc_i[0];
    %load  9, V_k68_fetch.pc_i[1];
    %load  10, V_k68_fetch.pc_i[2];
    %load  11, V_k68_fetch.pc_i[3];
    %load  12, V_k68_fetch.pc_i[4];
    %load  13, V_k68_fetch.pc_i[5];
    %load  14, V_k68_fetch.pc_i[6];
    %load  15, V_k68_fetch.pc_i[7];
    %load  16, V_k68_fetch.pc_i[8];
    %load  17, V_k68_fetch.pc_i[9];
    %load  18, V_k68_fetch.pc_i[10];
    %load  19, V_k68_fetch.pc_i[11];
    %load  20, V_k68_fetch.pc_i[12];
    %load  21, V_k68_fetch.pc_i[13];
    %load  22, V_k68_fetch.pc_i[14];
    %load  23, V_k68_fetch.pc_i[15];
    %load  24, V_k68_fetch.pc_i[16];
    %load  25, V_k68_fetch.pc_i[17];
    %load  26, V_k68_fetch.pc_i[18];
    %load  27, V_k68_fetch.pc_i[19];
    %load  28, V_k68_fetch.pc_i[20];
    %load  29, V_k68_fetch.pc_i[21];
    %load  30, V_k68_fetch.pc_i[22];
    %load  31, V_k68_fetch.pc_i[23];
    %load  32, V_k68_fetch.pc_i[24];
    %load  33, V_k68_fetch.pc_i[25];
    %load  34, V_k68_fetch.pc_i[26];
    %load  35, V_k68_fetch.pc_i[27];
    %load  36, V_k68_fetch.pc_i[28];
    %load  37, V_k68_fetch.pc_i[29];
    %load  38, V_k68_fetch.pc_i[30];
    %load  39, V_k68_fetch.pc_i[31];
    %assign V_k68_fetch.p_add[0], 0, 8;
    %assign V_k68_fetch.p_add[1], 0, 9;
    %assign V_k68_fetch.p_add[2], 0, 10;
    %assign V_k68_fetch.p_add[3], 0, 11;
    %assign V_k68_fetch.p_add[4], 0, 12;
    %assign V_k68_fetch.p_add[5], 0, 13;
    %assign V_k68_fetch.p_add[6], 0, 14;
    %assign V_k68_fetch.p_add[7], 0, 15;
    %assign V_k68_fetch.p_add[8], 0, 16;
    %assign V_k68_fetch.p_add[9], 0, 17;
    %assign V_k68_fetch.p_add[10], 0, 18;
    %assign V_k68_fetch.p_add[11], 0, 19;
    %assign V_k68_fetch.p_add[12], 0, 20;
    %assign V_k68_fetch.p_add[13], 0, 21;
    %assign V_k68_fetch.p_add[14], 0, 22;
    %assign V_k68_fetch.p_add[15], 0, 23;
    %assign V_k68_fetch.p_add[16], 0, 24;
    %assign V_k68_fetch.p_add[17], 0, 25;
    %assign V_k68_fetch.p_add[18], 0, 26;
    %assign V_k68_fetch.p_add[19], 0, 27;
    %assign V_k68_fetch.p_add[20], 0, 28;
    %assign V_k68_fetch.p_add[21], 0, 29;
    %assign V_k68_fetch.p_add[22], 0, 30;
    %assign V_k68_fetch.p_add[23], 0, 31;
    %assign V_k68_fetch.p_add[24], 0, 32;
    %assign V_k68_fetch.p_add[25], 0, 33;
    %assign V_k68_fetch.p_add[26], 0, 34;
    %assign V_k68_fetch.p_add[27], 0, 35;
    %assign V_k68_fetch.p_add[28], 0, 36;
    %assign V_k68_fetch.p_add[29], 0, 37;
    %assign V_k68_fetch.p_add[30], 0, 38;
    %jmp T_0.10;
T_0.9 ;
    %load  8, V_k68_fetch.rdy[0];
    %jmp/0xz  T_0.11, 8;
    %load  8, V_k68_fetch.pc[0];
    %load  9, V_k68_fetch.pc[1];
    %load  10, V_k68_fetch.pc[2];
    %load  11, V_k68_fetch.pc[3];
    %load  12, V_k68_fetch.pc[4];
    %load  13, V_k68_fetch.pc[5];
    %load  14, V_k68_fetch.pc[6];
    %load  15, V_k68_fetch.pc[7];
    %load  16, V_k68_fetch.pc[8];
    %load  17, V_k68_fetch.pc[9];
    %load  18, V_k68_fetch.pc[10];
    %load  19, V_k68_fetch.pc[11];
    %load  20, V_k68_fetch.pc[12];
    %load  21, V_k68_fetch.pc[13];
    %load  22, V_k68_fetch.pc[14];
    %load  23, V_k68_fetch.pc[15];
    %load  24, V_k68_fetch.pc[16];
    %load  25, V_k68_fetch.pc[17];
    %load  26, V_k68_fetch.pc[18];
    %load  27, V_k68_fetch.pc[19];
    %load  28, V_k68_fetch.pc[20];
    %load  29, V_k68_fetch.pc[21];
    %load  30, V_k68_fetch.pc[22];
    %load  31, V_k68_fetch.pc[23];
    %load  32, V_k68_fetch.pc[24];
    %load  33, V_k68_fetch.pc[25];
    %load  34, V_k68_fetch.pc[26];
    %load  35, V_k68_fetch.pc[27];
    %load  36, V_k68_fetch.pc[28];
    %load  37, V_k68_fetch.pc[29];
    %load  38, V_k68_fetch.pc[30];
    %mov 39, 1, 1;
    %mov 40, 0, 30;
    %add 8, 39, 31;
    %assign V_k68_fetch.pc[0], 0, 8;
    %assign V_k68_fetch.pc[1], 0, 9;
    %assign V_k68_fetch.pc[2], 0, 10;
    %assign V_k68_fetch.pc[3], 0, 11;
    %assign V_k68_fetch.pc[4], 0, 12;
    %assign V_k68_fetch.pc[5], 0, 13;
    %assign V_k68_fetch.pc[6], 0, 14;
    %assign V_k68_fetch.pc[7], 0, 15;
    %assign V_k68_fetch.pc[8], 0, 16;
    %assign V_k68_fetch.pc[9], 0, 17;
    %assign V_k68_fetch.pc[10], 0, 18;
    %assign V_k68_fetch.pc[11], 0, 19;
    %assign V_k68_fetch.pc[12], 0, 20;
    %assign V_k68_fetch.pc[13], 0, 21;
    %assign V_k68_fetch.pc[14], 0, 22;
    %assign V_k68_fetch.pc[15], 0, 23;
    %assign V_k68_fetch.pc[16], 0, 24;
    %assign V_k68_fetch.pc[17], 0, 25;
    %assign V_k68_fetch.pc[18], 0, 26;
    %assign V_k68_fetch.pc[19], 0, 27;
    %assign V_k68_fetch.pc[20], 0, 28;
    %assign V_k68_fetch.pc[21], 0, 29;
    %assign V_k68_fetch.pc[22], 0, 30;
    %assign V_k68_fetch.pc[23], 0, 31;
    %assign V_k68_fetch.pc[24], 0, 32;
    %assign V_k68_fetch.pc[25], 0, 33;
    %assign V_k68_fetch.pc[26], 0, 34;
    %assign V_k68_fetch.pc[27], 0, 35;
    %assign V_k68_fetch.pc[28], 0, 36;
    %assign V_k68_fetch.pc[29], 0, 37;
    %assign V_k68_fetch.pc[30], 0, 38;
T_0.11 ;
    %load  8, V_k68_fetch.p_add[0];
    %load  9, V_k68_fetch.p_add[1];
    %load  10, V_k68_fetch.p_add[2];
    %load  11, V_k68_fetch.p_add[3];
    %load  12, V_k68_fetch.p_add[4];
    %load  13, V_k68_fetch.p_add[5];
    %load  14, V_k68_fetch.p_add[6];
    %load  15, V_k68_fetch.p_add[7];
    %load  16, V_k68_fetch.p_add[8];
    %load  17, V_k68_fetch.p_add[9];
    %load  18, V_k68_fetch.p_add[10];
    %load  19, V_k68_fetch.p_add[11];
    %load  20, V_k68_fetch.p_add[12];
    %load  21, V_k68_fetch.p_add[13];
    %load  22, V_k68_fetch.p_add[14];
    %load  23, V_k68_fetch.p_add[15];
    %load  24, V_k68_fetch.p_add[16];
    %load  25, V_k68_fetch.p_add[17];
    %load  26, V_k68_fetch.p_add[18];
    %load  27, V_k68_fetch.p_add[19];
    %load  28, V_k68_fetch.p_add[20];
    %load  29, V_k68_fetch.p_add[21];
    %load  30, V_k68_fetch.p_add[22];
    %load  31, V_k68_fetch.p_add[23];
    %load  32, V_k68_fetch.p_add[24];
    %load  33, V_k68_fetch.p_add[25];
    %load  34, V_k68_fetch.p_add[26];
    %load  35, V_k68_fetch.p_add[27];
    %load  36, V_k68_fetch.p_add[28];
    %load  37, V_k68_fetch.p_add[29];
    %load  38, V_k68_fetch.p_add[30];
    %mov 39, 1, 1;
    %mov 40, 0, 30;
    %add 8, 39, 31;
    %assign V_k68_fetch.p_add[0], 0, 8;
    %assign V_k68_fetch.p_add[1], 0, 9;
    %assign V_k68_fetch.p_add[2], 0, 10;
    %assign V_k68_fetch.p_add[3], 0, 11;
    %assign V_k68_fetch.p_add[4], 0, 12;
    %assign V_k68_fetch.p_add[5], 0, 13;
    %assign V_k68_fetch.p_add[6], 0, 14;
    %assign V_k68_fetch.p_add[7], 0, 15;
    %assign V_k68_fetch.p_add[8], 0, 16;
    %assign V_k68_fetch.p_add[9], 0, 17;
    %assign V_k68_fetch.p_add[10], 0, 18;
    %assign V_k68_fetch.p_add[11], 0, 19;
    %assign V_k68_fetch.p_add[12], 0, 20;
    %assign V_k68_fetch.p_add[13], 0, 21;
    %assign V_k68_fetch.p_add[14], 0, 22;
    %assign V_k68_fetch.p_add[15], 0, 23;
    %assign V_k68_fetch.p_add[16], 0, 24;
    %assign V_k68_fetch.p_add[17], 0, 25;
    %assign V_k68_fetch.p_add[18], 0, 26;
    %assign V_k68_fetch.p_add[19], 0, 27;
    %assign V_k68_fetch.p_add[20], 0, 28;
    %assign V_k68_fetch.p_add[21], 0, 29;
    %assign V_k68_fetch.p_add[22], 0, 30;
    %assign V_k68_fetch.p_add[23], 0, 31;
    %assign V_k68_fetch.p_add[24], 0, 32;
    %assign V_k68_fetch.p_add[25], 0, 33;
    %assign V_k68_fetch.p_add[26], 0, 34;
    %assign V_k68_fetch.p_add[27], 0, 35;
    %assign V_k68_fetch.p_add[28], 0, 36;
    %assign V_k68_fetch.p_add[29], 0, 37;
    %assign V_k68_fetch.p_add[30], 0, 38;
    %load  8, V_k68_fetch.cpu_cnt[0];
    %load  9, V_k68_fetch.cpu_cnt[1];
    %mov 10, 1, 1;
    %mov 11, 0, 1;
    %add 8, 10, 2;
    %assign V_k68_fetch.cpu_cnt[0], 0, 8;
    %assign V_k68_fetch.cpu_cnt[1], 0, 9;
T_0.10 ;
T_0.1 ;
    %jmp T_0;
    .thread T_0;
    .scope S_k68_fetch;
T_1 ;
    %wait E_k68_fetch._s14;
    %load  8, V_k68_fetch.rst_i[0];
    %load  9, V_k68_fetch.brch_i[0];
    %or 8, 9, 1;
    %jmp/0xz  T_1.0, 8;
    %assign V_k68_fetch.rdy[0], 0, 0;
    %jmp T_1.1;
T_1.0 ;
    %load  8, V_k68_fetch.p_add[0];
    %load  9, V_k68_fetch.p_add[1];
    %load  10, V_k68_fetch.p_add[2];
    %load  11, V_k68_fetch.pc[0];
    %load  12, V_k68_fetch.pc[1];
    %load  13, V_k68_fetch.pc[2];
    %sub 8, 11, 3;
    %mov 11, 1, 2;
    %mov 13, 0, 1;
    %cmp/u 8, 11, 3;
    %mov 8, 4, 1;
    %jmp/0xz  T_1.2, 8;
    %assign V_k68_fetch.rdy[0], 0, 1;
    %jmp T_1.3;
T_1.2 ;
    %assign V_k68_fetch.rdy[0], 0, 0;
T_1.3 ;
T_1.1 ;
    %jmp T_1;
    .thread T_1;
    .scope S_k68_fetch;
T_2 ;
    %wait E_k68_fetch._s19;
    %load  8, V_k68_fetch.rst_i[0];
    %jmp/0xz  T_2.0, 8;
    %assign V_k68_fetch.mem_cnt[0], 0, 0;
    %assign V_k68_fetch.mem_cnt[1], 0, 0;
    %assign V_k68_fetch.tmpa[0], 0, 0;
    %assign V_k68_fetch.tmpa[1], 0, 0;
    %assign V_k68_fetch.tmpa[2], 0, 0;
    %assign V_k68_fetch.tmpa[3], 0, 0;
    %assign V_k68_fetch.tmpa[4], 0, 0;
    %assign V_k68_fetch.tmpa[5], 0, 0;
    %assign V_k68_fetch.tmpa[6], 0, 0;
    %assign V_k68_fetch.tmpa[7], 0, 0;
    %assign V_k68_fetch.tmpa[8], 0, 0;
    %assign V_k68_fetch.tmpa[9], 0, 0;
    %assign V_k68_fetch.tmpa[10], 0, 0;
    %assign V_k68_fetch.tmpa[11], 0, 0;
    %assign V_k68_fetch.tmpa[12], 0, 0;
    %assign V_k68_fetch.tmpa[13], 0, 0;
    %assign V_k68_fetch.tmpa[14], 0, 0;
    %assign V_k68_fetch.tmpa[15], 0, 0;
    %assign V_k68_fetch.tmpb[0], 0, 0;
    %assign V_k68_fetch.tmpb[1], 0, 0;
    %assign V_k68_fetch.tmpb[2], 0, 0;
    %assign V_k68_fetch.tmpb[3], 0, 0;
    %assign V_k68_fetch.tmpb[4], 0, 0;
    %assign V_k68_fetch.tmpb[5], 0, 0;
    %assign V_k68_fetch.tmpb[6], 0, 0;
    %assign V_k68_fetch.tmpb[7], 0, 0;
    %assign V_k68_fetch.tmpb[8], 0, 0;
    %assign V_k68_fetch.tmpb[9], 0, 0;
    %assign V_k68_fetch.tmpb[10], 0, 0;
    %assign V_k68_fetch.tmpb[11], 0, 0;
    %assign V_k68_fetch.tmpb[12], 0, 0;
    %assign V_k68_fetch.tmpb[13], 0, 0;
    %assign V_k68_fetch.tmpb[14], 0, 0;
    %assign V_k68_fetch.tmpb[15], 0, 0;
    %assign V_k68_fetch.tmpc[0], 0, 0;
    %assign V_k68_fetch.tmpc[1], 0, 0;
    %assign V_k68_fetch.tmpc[2], 0, 0;
    %assign V_k68_fetch.tmpc[3], 0, 0;
    %assign V_k68_fetch.tmpc[4], 0, 0;
    %assign V_k68_fetch.tmpc[5], 0, 0;
    %assign V_k68_fetch.tmpc[6], 0, 0;
    %assign V_k68_fetch.tmpc[7], 0, 0;
    %assign V_k68_fetch.tmpc[8], 0, 0;
    %assign V_k68_fetch.tmpc[9], 0, 0;
    %assign V_k68_fetch.tmpc[10], 0, 0;
    %assign V_k68_fetch.tmpc[11], 0, 0;
    %assign V_k68_fetch.tmpc[12], 0, 0;
    %assign V_k68_fetch.tmpc[13], 0, 0;
    %assign V_k68_fetch.tmpc[14], 0, 0;
    %assign V_k68_fetch.tmpc[15], 0, 0;
    %assign V_k68_fetch.tmpd[0], 0, 0;
    %assign V_k68_fetch.tmpd[1], 0, 0;
    %assign V_k68_fetch.tmpd[2], 0, 0;
    %assign V_k68_fetch.tmpd[3], 0, 0;
    %assign V_k68_fetch.tmpd[4], 0, 0;
    %assign V_k68_fetch.tmpd[5], 0, 0;
    %assign V_k68_fetch.tmpd[6], 0, 0;
    %assign V_k68_fetch.tmpd[7], 0, 0;
    %assign V_k68_fetch.tmpd[8], 0, 0;
    %assign V_k68_fetch.tmpd[9], 0, 0;
    %assign V_k68_fetch.tmpd[10], 0, 0;
    %assign V_k68_fetch.tmpd[11], 0, 0;
    %assign V_k68_fetch.tmpd[12], 0, 0;
    %assign V_k68_fetch.tmpd[13], 0, 0;
    %assign V_k68_fetch.tmpd[14], 0, 0;
    %assign V_k68_fetch.tmpd[15], 0, 0;
    %assign V_k68_fetch.tmpa[0], 0, 1;
    %assign V_k68_fetch.tmpa[1], 0, 0;
    %assign V_k68_fetch.tmpa[2], 0, 0;
    %assign V_k68_fetch.tmpa[3], 0, 0;
    %assign V_k68_fetch.tmpa[4], 0, 1;
    %assign V_k68_fetch.tmpa[5], 0, 1;
    %assign V_k68_fetch.tmpa[6], 0, 1;
    %assign V_k68_fetch.tmpa[7], 0, 0;
    %assign V_k68_fetch.tmpa[8], 0, 0;
    %assign V_k68_fetch.tmpa[9], 0, 1;
    %assign V_k68_fetch.tmpa[10], 0, 1;
    %assign V_k68_fetch.tmpa[11], 0, 1;
    %assign V_k68_fetch.tmpa[12], 0, 0;
    %assign V_k68_fetch.tmpa[13], 0, 0;
    %assign V_k68_fetch.tmpa[14], 0, 1;
    %assign V_k68_fetch.tmpa[15], 0, 0;
    %assign V_k68_fetch.tmpb[0], 0, 1;
    %assign V_k68_fetch.tmpb[1], 0, 0;
    %assign V_k68_fetch.tmpb[2], 0, 0;
    %assign V_k68_fetch.tmpb[3], 0, 0;
    %assign V_k68_fetch.tmpb[4], 0, 1;
    %assign V_k68_fetch.tmpb[5], 0, 1;
    %assign V_k68_fetch.tmpb[6], 0, 1;
    %assign V_k68_fetch.tmpb[7], 0, 0;
    %assign V_k68_fetch.tmpb[8], 0, 0;
    %assign V_k68_fetch.tmpb[9], 0, 1;
    %assign V_k68_fetch.tmpb[10], 0, 1;
    %assign V_k68_fetch.tmpb[11], 0, 1;
    %assign V_k68_fetch.tmpb[12], 0, 0;
    %assign V_k68_fetch.tmpb[13], 0, 0;
    %assign V_k68_fetch.tmpb[14], 0, 1;
    %assign V_k68_fetch.tmpb[15], 0, 0;
    %assign V_k68_fetch.tmpc[0], 0, 1;
    %assign V_k68_fetch.tmpc[1], 0, 0;
    %assign V_k68_fetch.tmpc[2], 0, 0;
    %assign V_k68_fetch.tmpc[3], 0, 0;
    %assign V_k68_fetch.tmpc[4], 0, 1;
    %assign V_k68_fetch.tmpc[5], 0, 1;
    %assign V_k68_fetch.tmpc[6], 0, 1;
    %assign V_k68_fetch.tmpc[7], 0, 0;
    %assign V_k68_fetch.tmpc[8], 0, 0;
    %assign V_k68_fetch.tmpc[9], 0, 1;
    %assign V_k68_fetch.tmpc[10], 0, 1;
    %assign V_k68_fetch.tmpc[11], 0, 1;
    %assign V_k68_fetch.tmpc[12], 0, 0;
    %assign V_k68_fetch.tmpc[13], 0, 0;
    %assign V_k68_fetch.tmpc[14], 0, 1;
    %assign V_k68_fetch.tmpc[15], 0, 0;
    %assign V_k68_fetch.tmpd[0], 0, 1;
    %assign V_k68_fetch.tmpd[1], 0, 0;
    %assign V_k68_fetch.tmpd[2], 0, 0;
    %assign V_k68_fetch.tmpd[3], 0, 0;
    %assign V_k68_fetch.tmpd[4], 0, 1;
    %assign V_k68_fetch.tmpd[5], 0, 1;
    %assign V_k68_fetch.tmpd[6], 0, 1;
    %assign V_k68_fetch.tmpd[7], 0, 0;
    %assign V_k68_fetch.tmpd[8], 0, 0;
    %assign V_k68_fetch.tmpd[9], 0, 1;
    %assign V_k68_fetch.tmpd[10], 0, 1;
    %assign V_k68_fetch.tmpd[11], 0, 1;
    %assign V_k68_fetch.tmpd[12], 0, 0;
    %assign V_k68_fetch.tmpd[13], 0, 0;
    %assign V_k68_fetch.tmpd[14], 0, 1;
    %assign V_k68_fetch.tmpd[15], 0, 0;
    %jmp T_2.1;
T_2.0 ;
    %load  8, V_k68_fetch.mem_cnt[0];
    %load  9, V_k68_fetch.mem_cnt[1];
    %cmp/u 8, 0, 2;
    %mov 8, 4, 1;
    %jmp/0xz  T_2.2, 8;
    %load  8, V_k68_fetch.cpu_cnt[0];
    %load  9, V_k68_fetch.cpu_cnt[1];
    %cmp/u 8, 0, 2;
    %jmp/1 T_2.4, 6;
    %mov 10, 1, 1;
    %mov 11, 0, 1;
    %cmp/u 8, 10, 2;
    %jmp/1 T_2.5, 6;
    %mov 10, 0, 1;
    %mov 11, 1, 1;
    %cmp/u 8, 10, 2;
    %jmp/1 T_2.6, 6;
    %cmp/u 8, 1, 2;
    %jmp/1 T_2.7, 6;
    %jmp T_2.8;
T_2.4 ;
    %load  8, V_k68_fetch.s_dat_i[0];
    %load  9, V_k68_fetch.s_dat_i[1];
    %load  10, V_k68_fetch.s_dat_i[2];
    %load  11, V_k68_fetch.s_dat_i[3];
    %load  12, V_k68_fetch.s_dat_i[4];
    %load  13, V_k68_fetch.s_dat_i[5];
    %load  14, V_k68_fetch.s_dat_i[6];
    %load  15, V_k68_fetch.s_dat_i[7];
    %load  16, V_k68_fetch.s_dat_i[8];
    %load  17, V_k68_fetch.s_dat_i[9];
    %load  18, V_k68_fetch.s_dat_i[10];
    %load  19, V_k68_fetch.s_dat_i[11];
    %load  20, V_k68_fetch.s_dat_i[12];
    %load  21, V_k68_fetch.s_dat_i[13];
    %load  22, V_k68_fetch.s_dat_i[14];
    %load  23, V_k68_fetch.s_dat_i[15];
    %assign V_k68_fetch.tmpd[0], 0, 8;
    %assign V_k68_fetch.tmpd[1], 0, 9;
    %assign V_k68_fetch.tmpd[2], 0, 10;
    %assign V_k68_fetch.tmpd[3], 0, 11;
    %assign V_k68_fetch.tmpd[4], 0, 12;
    %assign V_k68_fetch.tmpd[5], 0, 13;
    %assign V_k68_fetch.tmpd[6], 0, 14;
    %assign V_k68_fetch.tmpd[7], 0, 15;
    %assign V_k68_fetch.tmpd[8], 0, 16;
    %assign V_k68_fetch.tmpd[9], 0, 17;
    %assign V_k68_fetch.tmpd[10], 0, 18;
    %assign V_k68_fetch.tmpd[11], 0, 19;
    %assign V_k68_fetch.tmpd[12], 0, 20;
    %assign V_k68_fetch.tmpd[13], 0, 21;
    %assign V_k68_fetch.tmpd[14], 0, 22;
    %assign V_k68_fetch.tmpd[15], 0, 23;
    %jmp T_2.8;
T_2.5 ;
    %load  8, V_k68_fetch.s_dat_i[0];
    %load  9, V_k68_fetch.s_dat_i[1];
    %load  10, V_k68_fetch.s_dat_i[2];
    %load  11, V_k68_fetch.s_dat_i[3];
    %load  12, V_k68_fetch.s_dat_i[4];
    %load  13, V_k68_fetch.s_dat_i[5];
    %load  14, V_k68_fetch.s_dat_i[6];
    %load  15, V_k68_fetch.s_dat_i[7];
    %load  16, V_k68_fetch.s_dat_i[8];
    %load  17, V_k68_fetch.s_dat_i[9];
    %load  18, V_k68_fetch.s_dat_i[10];
    %load  19, V_k68_fetch.s_dat_i[11];
    %load  20, V_k68_fetch.s_dat_i[12];
    %load  21, V_k68_fetch.s_dat_i[13];
    %load  22, V_k68_fetch.s_dat_i[14];
    %load  23, V_k68_fetch.s_dat_i[15];
    %assign V_k68_fetch.tmpa[0], 0, 8;
    %assign V_k68_fetch.tmpa[1], 0, 9;
    %assign V_k68_fetch.tmpa[2], 0, 10;
    %assign V_k68_fetch.tmpa[3], 0, 11;
    %assign V_k68_fetch.tmpa[4], 0, 12;
    %assign V_k68_fetch.tmpa[5], 0, 13;
    %assign V_k68_fetch.tmpa[6], 0, 14;
    %assign V_k68_fetch.tmpa[7], 0, 15;
    %assign V_k68_fetch.tmpa[8], 0, 16;
    %assign V_k68_fetch.tmpa[9], 0, 17;
    %assign V_k68_fetch.tmpa[10], 0, 18;
    %assign V_k68_fetch.tmpa[11], 0, 19;
    %assign V_k68_fetch.tmpa[12], 0, 20;
    %assign V_k68_fetch.tmpa[13], 0, 21;
    %assign V_k68_fetch.tmpa[14], 0, 22;
    %assign V_k68_fetch.tmpa[15], 0, 23;
    %jmp T_2.8;
T_2.6 ;
    %load  8, V_k68_fetch.s_dat_i[0];
    %load  9, V_k68_fetch.s_dat_i[1];
    %load  10, V_k68_fetch.s_dat_i[2];
    %load  11, V_k68_fetch.s_dat_i[3];
    %load  12, V_k68_fetch.s_dat_i[4];
    %load  13, V_k68_fetch.s_dat_i[5];
    %load  14, V_k68_fetch.s_dat_i[6];
    %load  15, V_k68_fetch.s_dat_i[7];
    %load  16, V_k68_fetch.s_dat_i[8];
    %load  17, V_k68_fetch.s_dat_i[9];
    %load  18, V_k68_fetch.s_dat_i[10];
    %load  19, V_k68_fetch.s_dat_i[11];
    %load  20, V_k68_fetch.s_dat_i[12];
    %load  21, V_k68_fetch.s_dat_i[13];
    %load  22, V_k68_fetch.s_dat_i[14];
    %load  23, V_k68_fetch.s_dat_i[15];
    %assign V_k68_fetch.tmpb[0], 0, 8;
    %assign V_k68_fetch.tmpb[1], 0, 9;
    %assign V_k68_fetch.tmpb[2], 0, 10;
    %assign V_k68_fetch.tmpb[3], 0, 11;
    %assign V_k68_fetch.tmpb[4], 0, 12;
    %assign V_k68_fetch.tmpb[5], 0, 13;
    %assign V_k68_fetch.tmpb[6], 0, 14;
    %assign V_k68_fetch.tmpb[7], 0, 15;
    %assign V_k68_fetch.tmpb[8], 0, 16;
    %assign V_k68_fetch.tmpb[9], 0, 17;
    %assign V_k68_fetch.tmpb[10], 0, 18;
    %assign V_k68_fetch.tmpb[11], 0, 19;
    %assign V_k68_fetch.tmpb[12], 0, 20;
    %assign V_k68_fetch.tmpb[13], 0, 21;
    %assign V_k68_fetch.tmpb[14], 0, 22;
    %assign V_k68_fetch.tmpb[15], 0, 23;
    %jmp T_2.8;
T_2.7 ;
    %load  8, V_k68_fetch.s_dat_i[0];
    %load  9, V_k68_fetch.s_dat_i[1];
    %load  10, V_k68_fetch.s_dat_i[2];
    %load  11, V_k68_fetch.s_dat_i[3];
    %load  12, V_k68_fetch.s_dat_i[4];
    %load  13, V_k68_fetch.s_dat_i[5];
    %load  14, V_k68_fetch.s_dat_i[6];
    %load  15, V_k68_fetch.s_dat_i[7];
    %load  16, V_k68_fetch.s_dat_i[8];
    %load  17, V_k68_fetch.s_dat_i[9];
    %load  18, V_k68_fetch.s_dat_i[10];
    %load  19, V_k68_fetch.s_dat_i[11];
    %load  20, V_k68_fetch.s_dat_i[12];
    %load  21, V_k68_fetch.s_dat_i[13];
    %load  22, V_k68_fetch.s_dat_i[14];
    %load  23, V_k68_fetch.s_dat_i[15];
    %assign V_k68_fetch.tmpc[0], 0, 8;
    %assign V_k68_fetch.tmpc[1], 0, 9;
    %assign V_k68_fetch.tmpc[2], 0, 10;
    %assign V_k68_fetch.tmpc[3], 0, 11;
    %assign V_k68_fetch.tmpc[4], 0, 12;
    %assign V_k68_fetch.tmpc[5], 0, 13;
    %assign V_k68_fetch.tmpc[6], 0, 14;
    %assign V_k68_fetch.tmpc[7], 0, 15;
    %assign V_k68_fetch.tmpc[8], 0, 16;
    %assign V_k68_fetch.tmpc[9], 0, 17;
    %assign V_k68_fetch.tmpc[10], 0, 18;
    %assign V_k68_fetch.tmpc[11], 0, 19;
    %assign V_k68_fetch.tmpc[12], 0, 20;
    %assign V_k68_fetch.tmpc[13], 0, 21;
    %assign V_k68_fetch.tmpc[14], 0, 22;
    %assign V_k68_fetch.tmpc[15], 0, 23;
    %jmp T_2.8;
T_2.8 ;
T_2.2 ;
    %load  8, V_k68_fetch.brch_i[0];
    %jmp/0xz  T_2.9, 8;
    %assign V_k68_fetch.tmpd[0], 0, 1;
    %assign V_k68_fetch.tmpd[1], 0, 0;
    %assign V_k68_fetch.tmpd[2], 0, 0;
    %assign V_k68_fetch.tmpd[3], 0, 0;
    %assign V_k68_fetch.tmpd[4], 0, 1;
    %assign V_k68_fetch.tmpd[5], 0, 1;
    %assign V_k68_fetch.tmpd[6], 0, 1;
    %assign V_k68_fetch.tmpd[7], 0, 0;
    %assign V_k68_fetch.tmpd[8], 0, 0;
    %assign V_k68_fetch.tmpd[9], 0, 1;
    %assign V_k68_fetch.tmpd[10], 0, 1;
    %assign V_k68_fetch.tmpd[11], 0, 1;
    %assign V_k68_fetch.tmpd[12], 0, 0;
    %assign V_k68_fetch.tmpd[13], 0, 0;
    %assign V_k68_fetch.tmpd[14], 0, 1;
    %assign V_k68_fetch.tmpd[15], 0, 0;
    %assign V_k68_fetch.tmpa[0], 0, 1;
    %assign V_k68_fetch.tmpa[1], 0, 0;
    %assign V_k68_fetch.tmpa[2], 0, 0;
    %assign V_k68_fetch.tmpa[3], 0, 0;
    %assign V_k68_fetch.tmpa[4], 0, 1;
    %assign V_k68_fetch.tmpa[5], 0, 1;
    %assign V_k68_fetch.tmpa[6], 0, 1;
    %assign V_k68_fetch.tmpa[7], 0, 0;
    %assign V_k68_fetch.tmpa[8], 0, 0;
    %assign V_k68_fetch.tmpa[9], 0, 1;
    %assign V_k68_fetch.tmpa[10], 0, 1;
    %assign V_k68_fetch.tmpa[11], 0, 1;
    %assign V_k68_fetch.tmpa[12], 0, 0;
    %assign V_k68_fetch.tmpa[13], 0, 0;
    %assign V_k68_fetch.tmpa[14], 0, 1;
    %assign V_k68_fetch.tmpa[15], 0, 0;
    %assign V_k68_fetch.tmpc[0], 0, 1;
    %assign V_k68_fetch.tmpc[1], 0, 0;
    %assign V_k68_fetch.tmpc[2], 0, 0;
    %assign V_k68_fetch.tmpc[3], 0, 0;
    %assign V_k68_fetch.tmpc[4], 0, 1;
    %assign V_k68_fetch.tmpc[5], 0, 1;
    %assign V_k68_fetch.tmpc[6], 0, 1;
    %assign V_k68_fetch.tmpc[7], 0, 0;
    %assign V_k68_fetch.tmpc[8], 0, 0;
    %assign V_k68_fetch.tmpc[9], 0, 1;
    %assign V_k68_fetch.tmpc[10], 0, 1;
    %assign V_k68_fetch.tmpc[11], 0, 1;
    %assign V_k68_fetch.tmpc[12], 0, 0;
    %assign V_k68_fetch.tmpc[13], 0, 0;
    %assign V_k68_fetch.tmpc[14], 0, 1;
    %assign V_k68_fetch.tmpc[15], 0, 0;
    %assign V_k68_fetch.tmpb[0], 0, 1;
    %assign V_k68_fetch.tmpb[1], 0, 0;
    %assign V_k68_fetch.tmpb[2], 0, 0;
    %assign V_k68_fetch.tmpb[3], 0, 0;
    %assign V_k68_fetch.tmpb[4], 0, 1;
    %assign V_k68_fetch.tmpb[5], 0, 1;
    %assign V_k68_fetch.tmpb[6], 0, 1;
    %assign V_k68_fetch.tmpb[7], 0, 0;
    %assign V_k68_fetch.tmpb[8], 0, 0;
    %assign V_k68_fetch.tmpb[9], 0, 1;
    %assign V_k68_fetch.tmpb[10], 0, 1;
    %assign V_k68_fetch.tmpb[11], 0, 1;
    %assign V_k68_fetch.tmpb[12], 0, 0;
    %assign V_k68_fetch.tmpb[13], 0, 0;
    %assign V_k68_fetch.tmpb[14], 0, 1;
    %assign V_k68_fetch.tmpb[15], 0, 0;
    %jmp T_2.10;
T_2.9 ;
    %load  8, V_k68_fetch.mem_cnt[0];
    %load  9, V_k68_fetch.mem_cnt[1];
    %mov 10, 1, 1;
    %mov 11, 0, 1;
    %add 8, 10, 2;
    %assign V_k68_fetch.mem_cnt[0], 0, 8;
    %assign V_k68_fetch.mem_cnt[1], 0, 9;
T_2.10 ;
T_2.1 ;
    %jmp T_2;
    .thread T_2;
