Flow report for CII_Starter_USB_API
Sun Oct 11 12:25:20 2009
Quartus II Version 9.0 Build 235 06/17/2009 Service Pack 2 SJ Web Edition


---------------------
; Table of Contents ;
---------------------
  1. Legal Notice
  2. Flow Summary
  3. Flow Settings
  4. Flow Non-Default Global Settings
  5. Flow Elapsed Time
  6. Flow OS Summary
  7. Flow Log



----------------
; Legal Notice ;
----------------
Copyright (C) 1991-2009 Altera Corporation
Your use of Altera Corporation's design tools, logic functions 
and other software and tools, and its AMPP partner logic 
functions, and any output files from any of the foregoing 
(including device programming or simulation files), and any 
associated documentation or information are expressly subject 
to the terms and conditions of the Altera Program License 
Subscription Agreement, Altera MegaCore Function License 
Agreement, or other applicable license agreement, including, 
without limitation, that your use is for the sole purpose of 
programming logic devices manufactured by Altera and sold by 
Altera or its authorized distributors.  Please refer to the 
applicable agreement for further details.



+-----------------------------------------------------------------------------------+
; Flow Summary                                                                      ;
+------------------------------------+----------------------------------------------+
; Flow Status                        ; Successful - Sun Oct 11 12:25:08 2009        ;
; Quartus II Version                 ; 9.0 Build 235 06/17/2009 SP 2 SJ Web Edition ;
; Revision Name                      ; CII_Starter_USB_API                          ;
; Top-level Entity Name              ; CII_Starter_USB_API                          ;
; Family                             ; Cyclone II                                   ;
; Device                             ; EP2C20F484C7                                 ;
; Timing Models                      ; Final                                        ;
; Met timing requirements            ; N/A                                          ;
; Total logic elements               ; 2,242 / 18,752 ( 12 % )                      ;
;     Total combinational functions  ; 1,995 / 18,752 ( 11 % )                      ;
;     Dedicated logic registers      ; 1,092 / 18,752 ( 6 % )                       ;
; Total registers                    ; 1093                                         ;
; Total pins                         ; 283 / 315 ( 90 % )                           ;
; Total virtual pins                 ; 0                                            ;
; Total memory bits                  ; 208,000 / 239,616 ( 87 % )                   ;
; Embedded Multiplier 9-bit elements ; 0 / 52 ( 0 % )                               ;
; Total PLLs                         ; 2 / 4 ( 50 % )                               ;
+------------------------------------+----------------------------------------------+


+-----------------------------------------+
; Flow Settings                           ;
+-------------------+---------------------+
; Option            ; Setting             ;
+-------------------+---------------------+
; Start date & time ; 10/11/2009 12:22:17 ;
; Main task         ; Compilation         ;
; Revision Name     ; CII_Starter_USB_API ;
+-------------------+---------------------+


+----------------------------------------------------------------------------------------------------------------------------------------------------------------------------------------------------------------------------------+
; Flow Non-Default Global Settings                                                                                                                                                                                                 ;
+---------------------------------------------------+-----------------------------------------------------------------------------------------------------------------------------------+---------------+-------------+------------+
; Assignment Name                                   ; Value                                                                                                                             ; Default Value ; Entity Name ; Section Id ;
+---------------------------------------------------+-----------------------------------------------------------------------------------------------------------------------------------+---------------+-------------+------------+
; ADV_NETLIST_OPT_SYNTH_GATE_RETIME                 ; On                                                                                                                                ; Off           ; --          ; --         ;
; ADV_NETLIST_OPT_SYNTH_WYSIWYG_REMAP               ; On                                                                                                                                ; Off           ; --          ; --         ;
; COMPILER_SIGNATURE_ID                             ; 81344889597.125528893702548                                                                                                       ; --            ; --          ; --         ;
; CYCLONEII_OPTIMIZATION_TECHNIQUE                  ; Speed                                                                                                                             ; Balanced      ; --          ; --         ;
; MISC_FILE                                         ; C:/altera/Kits/CycloneII_Starter_Kit-v1.0.0/Examples/CII_Starter_demonstrations/CII_Starter_USB_API_v1/HW/CII_Starter_USB_API.dpf ; --            ; --          ; --         ;
; PHYSICAL_SYNTHESIS_ASYNCHRONOUS_SIGNAL_PIPELINING ; On                                                                                                                                ; Off           ; --          ; --         ;
; PHYSICAL_SYNTHESIS_COMBO_LOGIC                    ; On                                                                                                                                ; Off           ; --          ; --         ;
; PHYSICAL_SYNTHESIS_EFFORT                         ; Extra                                                                                                                             ; Normal        ; --          ; --         ;
; PHYSICAL_SYNTHESIS_REGISTER_DUPLICATION           ; On                                                                                                                                ; Off           ; --          ; --         ;
; PHYSICAL_SYNTHESIS_REGISTER_RETIMING              ; On                                                                                                                                ; Off           ; --          ; --         ;
; USE_TIMEQUEST_TIMING_ANALYZER                     ; On                                                                                                                                ; Off           ; --          ; --         ;
+---------------------------------------------------+-----------------------------------------------------------------------------------------------------------------------------------+---------------+-------------+------------+


+-------------------------------------------------------------------------------------------------------------------------------+
; Flow Elapsed Time                                                                                                             ;
+---------------------------+--------------+-------------------------+---------------------+------------------------------------+
; Module Name               ; Elapsed Time ; Average Processors Used ; Peak Virtual Memory ; Total CPU Time (on all processors) ;
+---------------------------+--------------+-------------------------+---------------------+------------------------------------+
; Analysis & Synthesis      ; 00:01:02     ; 1.0                     ; 212 MB              ; 00:00:54                           ;
; Fitter                    ; 00:01:37     ; 1.0                     ; 252 MB              ; 00:01:30                           ;
; Assembler                 ; 00:00:04     ; 1.0                     ; 191 MB              ; 00:00:03                           ;
; TimeQuest Timing Analyzer ; 00:00:10     ; 1.0                     ; 177 MB              ; 00:00:09                           ;
; Total                     ; 00:02:53     ; --                      ; --                  ; 00:02:36                           ;
+---------------------------+--------------+-------------------------+---------------------+------------------------------------+


+-----------------------------------------------------------------------------------------+
; Flow OS Summary                                                                         ;
+---------------------------+------------------+------------+------------+----------------+
; Module Name               ; Machine Hostname ; OS Name    ; OS Version ; Processor type ;
+---------------------------+------------------+------------+------------+----------------+
; Analysis & Synthesis      ; TYLER-LAPTOP     ; Windows XP ; 5.1        ; i686           ;
; Fitter                    ; TYLER-LAPTOP     ; Windows XP ; 5.1        ; i686           ;
; Assembler                 ; TYLER-LAPTOP     ; Windows XP ; 5.1        ; i686           ;
; TimeQuest Timing Analyzer ; TYLER-LAPTOP     ; Windows XP ; 5.1        ; i686           ;
+---------------------------+------------------+------------+------------+----------------+


------------
; Flow Log ;
------------
quartus_map --read_settings_files=on --write_settings_files=off CII_Starter_USB_API -c CII_Starter_USB_API
quartus_fit --read_settings_files=off --write_settings_files=off CII_Starter_USB_API -c CII_Starter_USB_API
quartus_asm --read_settings_files=off --write_settings_files=off CII_Starter_USB_API -c CII_Starter_USB_API
quartus_sta CII_Starter_USB_API -c CII_Starter_USB_API



