#006H T6  AB:001 DB:00          MREQ RD                    | Memory read from 001 -> 00
#007H T7  AB:001 DB:00          MREQ RD                    | Memory read from 001 -> 00
#023H T8  AB:040 DB:00          MREQ    WR                 | Memory write to  040 <- 00
#026H T11 AB:03F DB:42          MREQ    WR                 | Memory write to  03F <- 42
#006H T6  AB:001 DB:01          MREQ RD                    | Memory read from 001 -> 01
#007H T7  AB:001 DB:01          MREQ RD                    | Memory read from 001 -> 01
#023H T8  AB:03E DB:FF          MREQ    WR                 | Memory write to  03E <- FF
#026H T11 AB:03D DB:BB          MREQ    WR                 | Memory write to  03D <- BB
#006H T6  AB:001 DB:02          MREQ RD                    | Memory read from 001 -> 02
#007H T7  AB:001 DB:02          MREQ RD                    | Memory read from 001 -> 02
#023H T8  AB:03C DB:FE          MREQ    WR                 | Memory write to  03C <- FE
#026H T11 AB:03B DB:BB          MREQ    WR                 | Memory write to  03B <- BB
#006H T6  AB:001 DB:03          MREQ RD                    | Memory read from 001 -> 03
#007H T7  AB:001 DB:03          MREQ RD                    | Memory read from 001 -> 03
#023H T8  AB:03A DB:FD          MREQ    WR                 | Memory write to  03A <- FD
#026H T11 AB:039 DB:BB          MREQ    WR                 | Memory write to  039 <- BB
#006H T6  AB:001 DB:04          MREQ RD                    | Memory read from 001 -> 04
#007H T7  AB:001 DB:04          MREQ RD                    | Memory read from 001 -> 04
#023H T8  AB:038 DB:FC          MREQ    WR                 | Memory write to  038 <- FC
#026H T11 AB:037 DB:BB          MREQ    WR                 | Memory write to  037 <- BB
#006H T6  AB:001 DB:05          MREQ RD                    | Memory read from 001 -> 05
#007H T7  AB:001 DB:05          MREQ RD                    | Memory read from 001 -> 05
#023H T8  AB:036 DB:FB          MREQ    WR                 | Memory write to  036 <- FB
#026H T11 AB:035 DB:BB          MREQ    WR                 | Memory write to  035 <- BB
#006H T6  AB:001 DB:06          MREQ RD                    | Memory read from 001 -> 06
#007H T7  AB:001 DB:06          MREQ RD                    | Memory read from 001 -> 06
#023H T8  AB:034 DB:FA          MREQ    WR                 | Memory write to  034 <- FA
#026H T11 AB:033 DB:BB          MREQ    WR                 | Memory write to  033 <- BB
#006H T6  AB:001 DB:07          MREQ RD                    | Memory read from 001 -> 07
#007H T7  AB:001 DB:07          MREQ RD                    | Memory read from 001 -> 07
#023H T8  AB:032 DB:F9          MREQ    WR                 | Memory write to  032 <- F9
#026H T11 AB:031 DB:BB          MREQ    WR                 | Memory write to  031 <- BB
#006H T6  AB:001 DB:08          MREQ RD                    | Memory read from 001 -> 08
#007H T7  AB:001 DB:08          MREQ RD                    | Memory read from 001 -> 08
#023H T8  AB:030 DB:F8          MREQ    WR                 | Memory write to  030 <- F8
#026H T11 AB:02F DB:BB          MREQ    WR                 | Memory write to  02F <- BB
#006H T6  AB:001 DB:09          MREQ RD                    | Memory read from 001 -> 09
#007H T7  AB:001 DB:09          MREQ RD                    | Memory read from 001 -> 09
#023H T8  AB:02E DB:F7          MREQ    WR                 | Memory write to  02E <- F7
#026H T11 AB:02D DB:B3          MREQ    WR                 | Memory write to  02D <- B3
#006H T6  AB:001 DB:0A          MREQ RD                    | Memory read from 001 -> 0A
#007H T7  AB:001 DB:0A          MREQ RD                    | Memory read from 001 -> 0A
#023H T8  AB:02C DB:F6          MREQ    WR                 | Memory write to  02C <- F6
#026H T11 AB:02B DB:B3          MREQ    WR                 | Memory write to  02B <- B3
#006H T6  AB:001 DB:0B          MREQ RD                    | Memory read from 001 -> 0B
#007H T7  AB:001 DB:0B          MREQ RD                    | Memory read from 001 -> 0B
#023H T8  AB:02A DB:F5          MREQ    WR                 | Memory write to  02A <- F5
#026H T11 AB:029 DB:B3          MREQ    WR                 | Memory write to  029 <- B3
#006H T6  AB:001 DB:0C          MREQ RD                    | Memory read from 001 -> 0C
#007H T7  AB:001 DB:0C          MREQ RD                    | Memory read from 001 -> 0C
#023H T8  AB:028 DB:F4          MREQ    WR                 | Memory write to  028 <- F4
#026H T11 AB:027 DB:B3          MREQ    WR                 | Memory write to  027 <- B3
#006H T6  AB:001 DB:0D          MREQ RD                    | Memory read from 001 -> 0D
#007H T7  AB:001 DB:0D          MREQ RD                    | Memory read from 001 -> 0D
#023H T8  AB:026 DB:F3          MREQ    WR                 | Memory write to  026 <- F3
#026H T11 AB:025 DB:B3          MREQ    WR                 | Memory write to  025 <- B3
#006H T6  AB:001 DB:0E          MREQ RD                    | Memory read from 001 -> 0E
#007H T7  AB:001 DB:0E          MREQ RD                    | Memory read from 001 -> 0E
#023H T8  AB:024 DB:F2          MREQ    WR                 | Memory write to  024 <- F2
#026H T11 AB:023 DB:B3          MREQ    WR                 | Memory write to  023 <- B3
#006H T6  AB:001 DB:0F          MREQ RD                    | Memory read from 001 -> 0F
#007H T7  AB:001 DB:0F          MREQ RD                    | Memory read from 001 -> 0F
#023H T8  AB:022 DB:F1          MREQ    WR                 | Memory write to  022 <- F1
#026H T11 AB:021 DB:B3          MREQ    WR                 | Memory write to  021 <- B3
#006H T6  AB:001 DB:10          MREQ RD                    | Memory read from 001 -> 10
#007H T7  AB:001 DB:10          MREQ RD                    | Memory read from 001 -> 10
#023H T8  AB:020 DB:F0          MREQ    WR                 | Memory write to  020 <- F0
#026H T11 AB:01F DB:A3          MREQ    WR                 | Memory write to  01F <- A3
#006H T6  AB:001 DB:11          MREQ RD                    | Memory read from 001 -> 11
#007H T7  AB:001 DB:11          MREQ RD                    | Memory read from 001 -> 11
#023H T8  AB:01E DB:EF          MREQ    WR                 | Memory write to  01E <- EF
#026H T11 AB:01D DB:BB          MREQ    WR                 | Memory write to  01D <- BB
#006H T6  AB:001 DB:12          MREQ RD                    | Memory read from 001 -> 12
#007H T7  AB:001 DB:12          MREQ RD                    | Memory read from 001 -> 12
#023H T8  AB:01C DB:EE          MREQ    WR                 | Memory write to  01C <- EE
#026H T11 AB:01B DB:BB          MREQ    WR                 | Memory write to  01B <- BB
#006H T6  AB:001 DB:13          MREQ RD                    | Memory read from 001 -> 13
#007H T7  AB:001 DB:13          MREQ RD                    | Memory read from 001 -> 13
#023H T8  AB:01A DB:ED          MREQ    WR                 | Memory write to  01A <- ED
#026H T11 AB:019 DB:BB          MREQ    WR                 | Memory write to  019 <- BB
#006H T6  AB:001 DB:14          MREQ RD                    | Memory read from 001 -> 14
#007H T7  AB:001 DB:14          MREQ RD                    | Memory read from 001 -> 14
#023H T8  AB:018 DB:EC          MREQ    WR                 | Memory write to  018 <- EC
#026H T11 AB:017 DB:BB          MREQ    WR                 | Memory write to  017 <- BB
#006H T6  AB:001 DB:15          MREQ RD                    | Memory read from 001 -> 15
#007H T7  AB:001 DB:15          MREQ RD                    | Memory read from 001 -> 15
#023H T8  AB:016 DB:EB          MREQ    WR                 | Memory write to  016 <- EB
#026H T11 AB:015 DB:BB          MREQ    WR                 | Memory write to  015 <- BB
#006H T6  AB:001 DB:16          MREQ RD                    | Memory read from 001 -> 16
#007H T7  AB:001 DB:16          MREQ RD                    | Memory read from 001 -> 16
#023H T8  AB:014 DB:EA          MREQ    WR                 | Memory write to  014 <- EA
#026H T11 AB:013 DB:BB          MREQ    WR                 | Memory write to  013 <- BB
#006H T6  AB:001 DB:17          MREQ RD                    | Memory read from 001 -> 17
#007H T7  AB:001 DB:17          MREQ RD                    | Memory read from 001 -> 17
#023H T8  AB:012 DB:E9          MREQ    WR                 | Memory write to  012 <- E9
#026H T11 AB:011 DB:BB          MREQ    WR                 | Memory write to  011 <- BB
#006H T6  AB:001 DB:18          MREQ RD                    | Memory read from 001 -> 18
#007H T7  AB:001 DB:18          MREQ RD                    | Memory read from 001 -> 18
#023H T8  AB:010 DB:E8          MREQ    WR                 | Memory write to  010 <- E8
#026H T11 AB:00F DB:BB          MREQ    WR                 | Memory write to  00F <- BB
#006H T6  AB:001 DB:19          MREQ RD                    | Memory read from 001 -> 19
#007H T7  AB:001 DB:19          MREQ RD                    | Memory read from 001 -> 19
#023H T8  AB:00E DB:E7          MREQ    WR                 | Memory write to  00E <- E7
#026H T11 AB:00D DB:B3          MREQ    WR                 | Memory write to  00D <- B3
#006H T6  AB:001 DB:1A          MREQ RD                    | Memory read from 001 -> 1A
#007H T7  AB:001 DB:1A          MREQ RD                    | Memory read from 001 -> 1A
#023H T8  AB:00C DB:E6          MREQ    WR                 | Memory write to  00C <- E6
#026H T11 AB:00B DB:B3          MREQ    WR                 | Memory write to  00B <- B3
#006H T6  AB:001 DB:1B          MREQ RD                    | Memory read from 001 -> 1B
#007H T7  AB:001 DB:1B          MREQ RD                    | Memory read from 001 -> 1B
#023H T8  AB:00A DB:E5          MREQ    WR                 | Memory write to  00A <- E5
#026H T11 AB:009 DB:B3          MREQ    WR                 | Memory write to  009 <- B3
#006H T6  AB:001 DB:1C          MREQ RD                    | Memory read from 001 -> 1C
#007H T7  AB:001 DB:1C          MREQ RD                    | Memory read from 001 -> 1C
#023H T8  AB:008 DB:E4          MREQ    WR                 | Memory write to  008 <- E4
#026H T11 AB:007 DB:B3          MREQ    WR                 | Memory write to  007 <- B3
#006H T6  AB:001 DB:1D          MREQ RD                    | Memory read from 001 -> 1D
#007H T7  AB:001 DB:1D          MREQ RD                    | Memory read from 001 -> 1D
#023H T8  AB:006 DB:E3          MREQ    WR                 | Memory write to  006 <- E3
#026H T11 AB:005 DB:B3          MREQ    WR                 | Memory write to  005 <- B3
#006H T6  AB:001 DB:1E          MREQ RD                    | Memory read from 001 -> 1E
#007H T7  AB:001 DB:1E          MREQ RD                    | Memory read from 001 -> 1E
#023H T8  AB:004 DB:E2          MREQ    WR                 | Memory write to  004 <- E2
#026H T11 AB:003 DB:B3          MREQ    WR                 | Memory write to  003 <- B3
#006H T6  AB:001 DB:1F          MREQ RD                    | Memory read from 001 -> 1F
#007H T7  AB:001 DB:1F          MREQ RD                    | Memory read from 001 -> 1F
#023H T8  AB:002 DB:E1          MREQ    WR                 | Memory write to  002 <- E1
#026H T11 AB:001 DB:B3          MREQ    WR                 | Memory write to  001 <- B3
#006H T6  AB:001 DB:20          MREQ RD                    | Memory read from 001 -> 20
#007H T7  AB:001 DB:20          MREQ RD                    | Memory read from 001 -> 20
#023H T8  AB:000 DB:E0          MREQ    WR                 | Memory write to  000 <- E0
#026H T11 AB:0FF DB:A3          MREQ    WR                 | Memory write to  0FF <- A3
#006H T6  AB:001 DB:21          MREQ RD                    | Memory read from 001 -> 21
#007H T7  AB:001 DB:21          MREQ RD                    | Memory read from 001 -> 21
#023H T8  AB:0FE DB:DF          MREQ    WR                 | Memory write to  0FE <- DF
#026H T11 AB:0FD DB:9B          MREQ    WR                 | Memory write to  0FD <- 9B
#006H T6  AB:001 DB:22          MREQ RD                    | Memory read from 001 -> 22
#007H T7  AB:001 DB:22          MREQ RD                    | Memory read from 001 -> 22
#023H T8  AB:0FC DB:DE          MREQ    WR                 | Memory write to  0FC <- DE
#026H T11 AB:0FB DB:9B          MREQ    WR                 | Memory write to  0FB <- 9B
#006H T6  AB:001 DB:23          MREQ RD                    | Memory read from 001 -> 23
#007H T7  AB:001 DB:23          MREQ RD                    | Memory read from 001 -> 23
#023H T8  AB:0FA DB:DD          MREQ    WR                 | Memory write to  0FA <- DD
#026H T11 AB:0F9 DB:9B          MREQ    WR                 | Memory write to  0F9 <- 9B
#006H T6  AB:001 DB:24          MREQ RD                    | Memory read from 001 -> 24
#007H T7  AB:001 DB:24          MREQ RD                    | Memory read from 001 -> 24
#023H T8  AB:0F8 DB:DC          MREQ    WR                 | Memory write to  0F8 <- DC
#026H T11 AB:0F7 DB:9B          MREQ    WR                 | Memory write to  0F7 <- 9B
#006H T6  AB:001 DB:25          MREQ RD                    | Memory read from 001 -> 25
#007H T7  AB:001 DB:25          MREQ RD                    | Memory read from 001 -> 25
#023H T8  AB:0F6 DB:DB          MREQ    WR                 | Memory write to  0F6 <- DB
#026H T11 AB:0F5 DB:9B          MREQ    WR                 | Memory write to  0F5 <- 9B
#006H T6  AB:001 DB:26          MREQ RD                    | Memory read from 001 -> 26
#007H T7  AB:001 DB:26          MREQ RD                    | Memory read from 001 -> 26
#023H T8  AB:0F4 DB:DA          MREQ    WR                 | Memory write to  0F4 <- DA
#026H T11 AB:0F3 DB:9B          MREQ    WR                 | Memory write to  0F3 <- 9B
#006H T6  AB:001 DB:27          MREQ RD                    | Memory read from 001 -> 27
#007H T7  AB:001 DB:27          MREQ RD                    | Memory read from 001 -> 27
#023H T8  AB:0F2 DB:D9          MREQ    WR                 | Memory write to  0F2 <- D9
#026H T11 AB:0F1 DB:9B          MREQ    WR                 | Memory write to  0F1 <- 9B
#006H T6  AB:001 DB:28          MREQ RD                    | Memory read from 001 -> 28
#007H T7  AB:001 DB:28          MREQ RD                    | Memory read from 001 -> 28
#023H T8  AB:0F0 DB:D8          MREQ    WR                 | Memory write to  0F0 <- D8
#026H T11 AB:0EF DB:9B          MREQ    WR                 | Memory write to  0EF <- 9B
#006H T6  AB:001 DB:29          MREQ RD                    | Memory read from 001 -> 29
#007H T7  AB:001 DB:29          MREQ RD                    | Memory read from 001 -> 29
#023H T8  AB:0EE DB:D7          MREQ    WR                 | Memory write to  0EE <- D7
#026H T11 AB:0ED DB:93          MREQ    WR                 | Memory write to  0ED <- 93
#006H T6  AB:001 DB:2A          MREQ RD                    | Memory read from 001 -> 2A
#007H T7  AB:001 DB:2A          MREQ RD                    | Memory read from 001 -> 2A
#023H T8  AB:0EC DB:D6          MREQ    WR                 | Memory write to  0EC <- D6
#026H T11 AB:0EB DB:93          MREQ    WR                 | Memory write to  0EB <- 93
#006H T6  AB:001 DB:2B          MREQ RD                    | Memory read from 001 -> 2B
#007H T7  AB:001 DB:2B          MREQ RD                    | Memory read from 001 -> 2B
#023H T8  AB:0EA DB:D5          MREQ    WR                 | Memory write to  0EA <- D5
#026H T11 AB:0E9 DB:93          MREQ    WR                 | Memory write to  0E9 <- 93
#006H T6  AB:001 DB:2C          MREQ RD                    | Memory read from 001 -> 2C
#007H T7  AB:001 DB:2C          MREQ RD                    | Memory read from 001 -> 2C
#023H T8  AB:0E8 DB:D4          MREQ    WR                 | Memory write to  0E8 <- D4
#026H T11 AB:0E7 DB:93          MREQ    WR                 | Memory write to  0E7 <- 93
#006H T6  AB:001 DB:2D          MREQ RD                    | Memory read from 001 -> 2D
#007H T7  AB:001 DB:2D          MREQ RD                    | Memory read from 001 -> 2D
#023H T8  AB:0E6 DB:D3          MREQ    WR                 | Memory write to  0E6 <- D3
#026H T11 AB:0E5 DB:93          MREQ    WR                 | Memory write to  0E5 <- 93
#006H T6  AB:001 DB:2E          MREQ RD                    | Memory read from 001 -> 2E
#007H T7  AB:001 DB:2E          MREQ RD                    | Memory read from 001 -> 2E
#023H T8  AB:0E4 DB:D2          MREQ    WR                 | Memory write to  0E4 <- D2
#026H T11 AB:0E3 DB:93          MREQ    WR                 | Memory write to  0E3 <- 93
#006H T6  AB:001 DB:2F          MREQ RD                    | Memory read from 001 -> 2F
#007H T7  AB:001 DB:2F          MREQ RD                    | Memory read from 001 -> 2F
#023H T8  AB:0E2 DB:D1          MREQ    WR                 | Memory write to  0E2 <- D1
#026H T11 AB:0E1 DB:93          MREQ    WR                 | Memory write to  0E1 <- 93
#006H T6  AB:001 DB:30          MREQ RD                    | Memory read from 001 -> 30
#007H T7  AB:001 DB:30          MREQ RD                    | Memory read from 001 -> 30
#023H T8  AB:0E0 DB:D0          MREQ    WR                 | Memory write to  0E0 <- D0
#026H T11 AB:0DF DB:83          MREQ    WR                 | Memory write to  0DF <- 83
#006H T6  AB:001 DB:31          MREQ RD                    | Memory read from 001 -> 31
#007H T7  AB:001 DB:31          MREQ RD                    | Memory read from 001 -> 31
#023H T8  AB:0DE DB:CF          MREQ    WR                 | Memory write to  0DE <- CF
#026H T11 AB:0DD DB:9B          MREQ    WR                 | Memory write to  0DD <- 9B
#006H T6  AB:001 DB:32          MREQ RD                    | Memory read from 001 -> 32
#007H T7  AB:001 DB:32          MREQ RD                    | Memory read from 001 -> 32
#023H T8  AB:0DC DB:CE          MREQ    WR                 | Memory write to  0DC <- CE
#026H T11 AB:0DB DB:9B          MREQ    WR                 | Memory write to  0DB <- 9B
#006H T6  AB:001 DB:33          MREQ RD                    | Memory read from 001 -> 33
#007H T7  AB:001 DB:33          MREQ RD                    | Memory read from 001 -> 33
#023H T8  AB:0DA DB:CD          MREQ    WR                 | Memory write to  0DA <- CD
#026H T11 AB:0D9 DB:9B          MREQ    WR                 | Memory write to  0D9 <- 9B
#006H T6  AB:001 DB:34          MREQ RD                    | Memory read from 001 -> 34
#007H T7  AB:001 DB:34          MREQ RD                    | Memory read from 001 -> 34
#023H T8  AB:0D8 DB:CC          MREQ    WR                 | Memory write to  0D8 <- CC
#026H T11 AB:0D7 DB:9B          MREQ    WR                 | Memory write to  0D7 <- 9B
#006H T6  AB:001 DB:35          MREQ RD                    | Memory read from 001 -> 35
#007H T7  AB:001 DB:35          MREQ RD                    | Memory read from 001 -> 35
#023H T8  AB:0D6 DB:CB          MREQ    WR                 | Memory write to  0D6 <- CB
#026H T11 AB:0D5 DB:9B          MREQ    WR                 | Memory write to  0D5 <- 9B
#006H T6  AB:001 DB:36          MREQ RD                    | Memory read from 001 -> 36
#007H T7  AB:001 DB:36          MREQ RD                    | Memory read from 001 -> 36
#023H T8  AB:0D4 DB:CA          MREQ    WR                 | Memory write to  0D4 <- CA
#026H T11 AB:0D3 DB:9B          MREQ    WR                 | Memory write to  0D3 <- 9B
#006H T6  AB:001 DB:37          MREQ RD                    | Memory read from 001 -> 37
#007H T7  AB:001 DB:37          MREQ RD                    | Memory read from 001 -> 37
#023H T8  AB:0D2 DB:C9          MREQ    WR                 | Memory write to  0D2 <- C9
#026H T11 AB:0D1 DB:9B          MREQ    WR                 | Memory write to  0D1 <- 9B
#006H T6  AB:001 DB:38          MREQ RD                    | Memory read from 001 -> 38
#007H T7  AB:001 DB:38          MREQ RD                    | Memory read from 001 -> 38
#023H T8  AB:0D0 DB:C8          MREQ    WR                 | Memory write to  0D0 <- C8
#026H T11 AB:0CF DB:9B          MREQ    WR                 | Memory write to  0CF <- 9B
#006H T6  AB:001 DB:39          MREQ RD                    | Memory read from 001 -> 39
#007H T7  AB:001 DB:39          MREQ RD                    | Memory read from 001 -> 39
#023H T8  AB:0CE DB:C7          MREQ    WR                 | Memory write to  0CE <- C7
#026H T11 AB:0CD DB:93          MREQ    WR                 | Memory write to  0CD <- 93
#006H T6  AB:001 DB:3A          MREQ RD                    | Memory read from 001 -> 3A
#007H T7  AB:001 DB:3A          MREQ RD                    | Memory read from 001 -> 3A
#023H T8  AB:0CC DB:C6          MREQ    WR                 | Memory write to  0CC <- C6
#026H T11 AB:0CB DB:93          MREQ    WR                 | Memory write to  0CB <- 93
#006H T6  AB:001 DB:3B          MREQ RD                    | Memory read from 001 -> 3B
#007H T7  AB:001 DB:3B          MREQ RD                    | Memory read from 001 -> 3B
#023H T8  AB:0CA DB:C5          MREQ    WR                 | Memory write to  0CA <- C5
#026H T11 AB:0C9 DB:93          MREQ    WR                 | Memory write to  0C9 <- 93
#006H T6  AB:001 DB:3C          MREQ RD                    | Memory read from 001 -> 3C
#007H T7  AB:001 DB:3C          MREQ RD                    | Memory read from 001 -> 3C
#023H T8  AB:0C8 DB:C4          MREQ    WR                 | Memory write to  0C8 <- C4
#026H T11 AB:0C7 DB:93          MREQ    WR                 | Memory write to  0C7 <- 93
#006H T6  AB:001 DB:3D          MREQ RD                    | Memory read from 001 -> 3D
#007H T7  AB:001 DB:3D          MREQ RD                    | Memory read from 001 -> 3D
#023H T8  AB:0C6 DB:C3          MREQ    WR                 | Memory write to  0C6 <- C3
#026H T11 AB:0C5 DB:93          MREQ    WR                 | Memory write to  0C5 <- 93
#006H T6  AB:001 DB:3E          MREQ RD                    | Memory read from 001 -> 3E
#007H T7  AB:001 DB:3E          MREQ RD                    | Memory read from 001 -> 3E
#023H T8  AB:0C4 DB:C2          MREQ    WR                 | Memory write to  0C4 <- C2
#026H T11 AB:0C3 DB:93          MREQ    WR                 | Memory write to  0C3 <- 93
#006H T6  AB:001 DB:3F          MREQ RD                    | Memory read from 001 -> 3F
#007H T7  AB:001 DB:3F          MREQ RD                    | Memory read from 001 -> 3F
#023H T8  AB:0C2 DB:C1          MREQ    WR                 | Memory write to  0C2 <- C1
#026H T11 AB:0C1 DB:93          MREQ    WR                 | Memory write to  0C1 <- 93
#006H T6  AB:001 DB:40          MREQ RD                    | Memory read from 001 -> 40
#007H T7  AB:001 DB:40          MREQ RD                    | Memory read from 001 -> 40
#023H T8  AB:0C0 DB:C0          MREQ    WR                 | Memory write to  0C0 <- C0
#026H T11 AB:0BF DB:83          MREQ    WR                 | Memory write to  0BF <- 83
#006H T6  AB:001 DB:41          MREQ RD                    | Memory read from 001 -> 41
#007H T7  AB:001 DB:41          MREQ RD                    | Memory read from 001 -> 41
#023H T8  AB:0BE DB:BF          MREQ    WR                 | Memory write to  0BE <- BF
#026H T11 AB:0BD DB:BB          MREQ    WR                 | Memory write to  0BD <- BB
#006H T6  AB:001 DB:42          MREQ RD                    | Memory read from 001 -> 42
#007H T7  AB:001 DB:42          MREQ RD                    | Memory read from 001 -> 42
#023H T8  AB:0BC DB:BE          MREQ    WR                 | Memory write to  0BC <- BE
#026H T11 AB:0BB DB:BB          MREQ    WR                 | Memory write to  0BB <- BB
#006H T6  AB:001 DB:43          MREQ RD                    | Memory read from 001 -> 43
#007H T7  AB:001 DB:43          MREQ RD                    | Memory read from 001 -> 43
#023H T8  AB:0BA DB:BD          MREQ    WR                 | Memory write to  0BA <- BD
#026H T11 AB:0B9 DB:BB          MREQ    WR                 | Memory write to  0B9 <- BB
#006H T6  AB:001 DB:44          MREQ RD                    | Memory read from 001 -> 44
#007H T7  AB:001 DB:44          MREQ RD                    | Memory read from 001 -> 44
#023H T8  AB:0B8 DB:BC          MREQ    WR                 | Memory write to  0B8 <- BC
#026H T11 AB:0B7 DB:BB          MREQ    WR                 | Memory write to  0B7 <- BB
#006H T6  AB:001 DB:45          MREQ RD                    | Memory read from 001 -> 45
#007H T7  AB:001 DB:45          MREQ RD                    | Memory read from 001 -> 45
#023H T8  AB:0B6 DB:BB          MREQ    WR                 | Memory write to  0B6 <- BB
#026H T11 AB:0B5 DB:BB          MREQ    WR                 | Memory write to  0B5 <- BB
#006H T6  AB:001 DB:46          MREQ RD                    | Memory read from 001 -> 46
#007H T7  AB:001 DB:46          MREQ RD                    | Memory read from 001 -> 46
#023H T8  AB:0B4 DB:BA          MREQ    WR                 | Memory write to  0B4 <- BA
#026H T11 AB:0B3 DB:BB          MREQ    WR                 | Memory write to  0B3 <- BB
#006H T6  AB:001 DB:47          MREQ RD                    | Memory read from 001 -> 47
#007H T7  AB:001 DB:47          MREQ RD                    | Memory read from 001 -> 47
#023H T8  AB:0B2 DB:B9          MREQ    WR                 | Memory write to  0B2 <- B9
#026H T11 AB:0B1 DB:BB          MREQ    WR                 | Memory write to  0B1 <- BB
#006H T6  AB:001 DB:48          MREQ RD                    | Memory read from 001 -> 48
#007H T7  AB:001 DB:48          MREQ RD                    | Memory read from 001 -> 48
#023H T8  AB:0B0 DB:B8          MREQ    WR                 | Memory write to  0B0 <- B8
#026H T11 AB:0AF DB:BB          MREQ    WR                 | Memory write to  0AF <- BB
#006H T6  AB:001 DB:49          MREQ RD                    | Memory read from 001 -> 49
#007H T7  AB:001 DB:49          MREQ RD                    | Memory read from 001 -> 49
#023H T8  AB:0AE DB:B7          MREQ    WR                 | Memory write to  0AE <- B7
#026H T11 AB:0AD DB:B3          MREQ    WR                 | Memory write to  0AD <- B3
#006H T6  AB:001 DB:4A          MREQ RD                    | Memory read from 001 -> 4A
#007H T7  AB:001 DB:4A          MREQ RD                    | Memory read from 001 -> 4A
#023H T8  AB:0AC DB:B6          MREQ    WR                 | Memory write to  0AC <- B6
#026H T11 AB:0AB DB:B3          MREQ    WR                 | Memory write to  0AB <- B3
#006H T6  AB:001 DB:4B          MREQ RD                    | Memory read from 001 -> 4B
#007H T7  AB:001 DB:4B          MREQ RD                    | Memory read from 001 -> 4B
#023H T8  AB:0AA DB:B5          MREQ    WR                 | Memory write to  0AA <- B5
#026H T11 AB:0A9 DB:B3          MREQ    WR                 | Memory write to  0A9 <- B3
#006H T6  AB:001 DB:4C          MREQ RD                    | Memory read from 001 -> 4C
#007H T7  AB:001 DB:4C          MREQ RD                    | Memory read from 001 -> 4C
#023H T8  AB:0A8 DB:B4          MREQ    WR                 | Memory write to  0A8 <- B4
#026H T11 AB:0A7 DB:B3          MREQ    WR                 | Memory write to  0A7 <- B3
#006H T6  AB:001 DB:4D          MREQ RD                    | Memory read from 001 -> 4D
#007H T7  AB:001 DB:4D          MREQ RD                    | Memory read from 001 -> 4D
#023H T8  AB:0A6 DB:B3          MREQ    WR                 | Memory write to  0A6 <- B3
#026H T11 AB:0A5 DB:B3          MREQ    WR                 | Memory write to  0A5 <- B3
#006H T6  AB:001 DB:4E          MREQ RD                    | Memory read from 001 -> 4E
#007H T7  AB:001 DB:4E          MREQ RD                    | Memory read from 001 -> 4E
#023H T8  AB:0A4 DB:B2          MREQ    WR                 | Memory write to  0A4 <- B2
#026H T11 AB:0A3 DB:B3          MREQ    WR                 | Memory write to  0A3 <- B3
#006H T6  AB:001 DB:4F          MREQ RD                    | Memory read from 001 -> 4F
#007H T7  AB:001 DB:4F          MREQ RD                    | Memory read from 001 -> 4F
#023H T8  AB:0A2 DB:B1          MREQ    WR                 | Memory write to  0A2 <- B1
#026H T11 AB:0A1 DB:B3          MREQ    WR                 | Memory write to  0A1 <- B3
#006H T6  AB:001 DB:50          MREQ RD                    | Memory read from 001 -> 50
#007H T7  AB:001 DB:50          MREQ RD                    | Memory read from 001 -> 50
#023H T8  AB:0A0 DB:B0          MREQ    WR                 | Memory write to  0A0 <- B0
#026H T11 AB:09F DB:A3          MREQ    WR                 | Memory write to  09F <- A3
#006H T6  AB:001 DB:51          MREQ RD                    | Memory read from 001 -> 51
#007H T7  AB:001 DB:51          MREQ RD                    | Memory read from 001 -> 51
#023H T8  AB:09E DB:AF          MREQ    WR                 | Memory write to  09E <- AF
#026H T11 AB:09D DB:BB          MREQ    WR                 | Memory write to  09D <- BB
#006H T6  AB:001 DB:52          MREQ RD                    | Memory read from 001 -> 52
#007H T7  AB:001 DB:52          MREQ RD                    | Memory read from 001 -> 52
#023H T8  AB:09C DB:AE          MREQ    WR                 | Memory write to  09C <- AE
#026H T11 AB:09B DB:BB          MREQ    WR                 | Memory write to  09B <- BB
#006H T6  AB:001 DB:53          MREQ RD                    | Memory read from 001 -> 53
#007H T7  AB:001 DB:53          MREQ RD                    | Memory read from 001 -> 53
#023H T8  AB:09A DB:AD          MREQ    WR                 | Memory write to  09A <- AD
#026H T11 AB:099 DB:BB          MREQ    WR                 | Memory write to  099 <- BB
#006H T6  AB:001 DB:54          MREQ RD                    | Memory read from 001 -> 54
#007H T7  AB:001 DB:54          MREQ RD                    | Memory read from 001 -> 54
#023H T8  AB:098 DB:AC          MREQ    WR                 | Memory write to  098 <- AC
#026H T11 AB:097 DB:BB          MREQ    WR                 | Memory write to  097 <- BB
#006H T6  AB:001 DB:55          MREQ RD                    | Memory read from 001 -> 55
#007H T7  AB:001 DB:55          MREQ RD                    | Memory read from 001 -> 55
#023H T8  AB:096 DB:AB          MREQ    WR                 | Memory write to  096 <- AB
#026H T11 AB:095 DB:BB          MREQ    WR                 | Memory write to  095 <- BB
#006H T6  AB:001 DB:56          MREQ RD                    | Memory read from 001 -> 56
#007H T7  AB:001 DB:56          MREQ RD                    | Memory read from 001 -> 56
#023H T8  AB:094 DB:AA          MREQ    WR                 | Memory write to  094 <- AA
#026H T11 AB:093 DB:BB          MREQ    WR                 | Memory write to  093 <- BB
#006H T6  AB:001 DB:57          MREQ RD                    | Memory read from 001 -> 57
#007H T7  AB:001 DB:57          MREQ RD                    | Memory read from 001 -> 57
#023H T8  AB:092 DB:A9          MREQ    WR                 | Memory write to  092 <- A9
#026H T11 AB:091 DB:BB          MREQ    WR                 | Memory write to  091 <- BB
#006H T6  AB:001 DB:58          MREQ RD                    | Memory read from 001 -> 58
#007H T7  AB:001 DB:58          MREQ RD                    | Memory read from 001 -> 58
#023H T8  AB:090 DB:A8          MREQ    WR                 | Memory write to  090 <- A8
#026H T11 AB:08F DB:BB          MREQ    WR                 | Memory write to  08F <- BB
#006H T6  AB:001 DB:59          MREQ RD                    | Memory read from 001 -> 59
#007H T7  AB:001 DB:59          MREQ RD                    | Memory read from 001 -> 59
#023H T8  AB:08E DB:A7          MREQ    WR                 | Memory write to  08E <- A7
#026H T11 AB:08D DB:B3          MREQ    WR                 | Memory write to  08D <- B3
#006H T6  AB:001 DB:5A          MREQ RD                    | Memory read from 001 -> 5A
#007H T7  AB:001 DB:5A          MREQ RD                    | Memory read from 001 -> 5A
#023H T8  AB:08C DB:A6          MREQ    WR                 | Memory write to  08C <- A6
#026H T11 AB:08B DB:B3          MREQ    WR                 | Memory write to  08B <- B3
#006H T6  AB:001 DB:5B          MREQ RD                    | Memory read from 001 -> 5B
#007H T7  AB:001 DB:5B          MREQ RD                    | Memory read from 001 -> 5B
#023H T8  AB:08A DB:A5          MREQ    WR                 | Memory write to  08A <- A5
#026H T11 AB:089 DB:B3          MREQ    WR                 | Memory write to  089 <- B3
#006H T6  AB:001 DB:5C          MREQ RD                    | Memory read from 001 -> 5C
#007H T7  AB:001 DB:5C          MREQ RD                    | Memory read from 001 -> 5C
#023H T8  AB:088 DB:A4          MREQ    WR                 | Memory write to  088 <- A4
#026H T11 AB:087 DB:B3          MREQ    WR                 | Memory write to  087 <- B3
#006H T6  AB:001 DB:5D          MREQ RD                    | Memory read from 001 -> 5D
#007H T7  AB:001 DB:5D          MREQ RD                    | Memory read from 001 -> 5D
#023H T8  AB:086 DB:A3          MREQ    WR                 | Memory write to  086 <- A3
#026H T11 AB:085 DB:B3          MREQ    WR                 | Memory write to  085 <- B3
#006H T6  AB:001 DB:5E          MREQ RD                    | Memory read from 001 -> 5E
#007H T7  AB:001 DB:5E          MREQ RD                    | Memory read from 001 -> 5E
#023H T8  AB:084 DB:A2          MREQ    WR                 | Memory write to  084 <- A2
#026H T11 AB:083 DB:B3          MREQ    WR                 | Memory write to  083 <- B3
#006H T6  AB:001 DB:5F          MREQ RD                    | Memory read from 001 -> 5F
#007H T7  AB:001 DB:5F          MREQ RD                    | Memory read from 001 -> 5F
#023H T8  AB:082 DB:A1          MREQ    WR                 | Memory write to  082 <- A1
#026H T11 AB:081 DB:B3          MREQ    WR                 | Memory write to  081 <- B3
#006H T6  AB:001 DB:60          MREQ RD                    | Memory read from 001 -> 60
#007H T7  AB:001 DB:60          MREQ RD                    | Memory read from 001 -> 60
#023H T8  AB:080 DB:A0          MREQ    WR                 | Memory write to  080 <- A0
#026H T11 AB:07F DB:A3          MREQ    WR                 | Memory write to  07F <- A3
#006H T6  AB:001 DB:61          MREQ RD                    | Memory read from 001 -> 61
#007H T7  AB:001 DB:61          MREQ RD                    | Memory read from 001 -> 61
#023H T8  AB:07E DB:9F          MREQ    WR                 | Memory write to  07E <- 9F
#026H T11 AB:07D DB:9B          MREQ    WR                 | Memory write to  07D <- 9B
#006H T6  AB:001 DB:62          MREQ RD                    | Memory read from 001 -> 62
#007H T7  AB:001 DB:62          MREQ RD                    | Memory read from 001 -> 62
#023H T8  AB:07C DB:9E          MREQ    WR                 | Memory write to  07C <- 9E
#026H T11 AB:07B DB:9B          MREQ    WR                 | Memory write to  07B <- 9B
#006H T6  AB:001 DB:63          MREQ RD                    | Memory read from 001 -> 63
#007H T7  AB:001 DB:63          MREQ RD                    | Memory read from 001 -> 63
#023H T8  AB:07A DB:9D          MREQ    WR                 | Memory write to  07A <- 9D
#026H T11 AB:079 DB:9B          MREQ    WR                 | Memory write to  079 <- 9B
#006H T6  AB:001 DB:64          MREQ RD                    | Memory read from 001 -> 64
#007H T7  AB:001 DB:64          MREQ RD                    | Memory read from 001 -> 64
#023H T8  AB:078 DB:9C          MREQ    WR                 | Memory write to  078 <- 9C
#026H T11 AB:077 DB:9B          MREQ    WR                 | Memory write to  077 <- 9B
#006H T6  AB:001 DB:65          MREQ RD                    | Memory read from 001 -> 65
#007H T7  AB:001 DB:65          MREQ RD                    | Memory read from 001 -> 65
#023H T8  AB:076 DB:9B          MREQ    WR                 | Memory write to  076 <- 9B
#026H T11 AB:075 DB:9B          MREQ    WR                 | Memory write to  075 <- 9B
#006H T6  AB:001 DB:66          MREQ RD                    | Memory read from 001 -> 66
#007H T7  AB:001 DB:66          MREQ RD                    | Memory read from 001 -> 66
#023H T8  AB:074 DB:9A          MREQ    WR                 | Memory write to  074 <- 9A
#026H T11 AB:073 DB:9B          MREQ    WR                 | Memory write to  073 <- 9B
#006H T6  AB:001 DB:67          MREQ RD                    | Memory read from 001 -> 67
#007H T7  AB:001 DB:67          MREQ RD                    | Memory read from 001 -> 67
#023H T8  AB:072 DB:99          MREQ    WR                 | Memory write to  072 <- 99
#026H T11 AB:071 DB:9B          MREQ    WR                 | Memory write to  071 <- 9B
#006H T6  AB:001 DB:68          MREQ RD                    | Memory read from 001 -> 68
#007H T7  AB:001 DB:68          MREQ RD                    | Memory read from 001 -> 68
#023H T8  AB:070 DB:98          MREQ    WR                 | Memory write to  070 <- 98
#026H T11 AB:06F DB:9B          MREQ    WR                 | Memory write to  06F <- 9B
#006H T6  AB:001 DB:69          MREQ RD                    | Memory read from 001 -> 69
#007H T7  AB:001 DB:69          MREQ RD                    | Memory read from 001 -> 69
#023H T8  AB:06E DB:97          MREQ    WR                 | Memory write to  06E <- 97
#026H T11 AB:06D DB:93          MREQ    WR                 | Memory write to  06D <- 93
#006H T6  AB:001 DB:6A          MREQ RD                    | Memory read from 001 -> 6A
#007H T7  AB:001 DB:6A          MREQ RD                    | Memory read from 001 -> 6A
#023H T8  AB:06C DB:96          MREQ    WR                 | Memory write to  06C <- 96
#026H T11 AB:06B DB:93          MREQ    WR                 | Memory write to  06B <- 93
#006H T6  AB:001 DB:6B          MREQ RD                    | Memory read from 001 -> 6B
#007H T7  AB:001 DB:6B          MREQ RD                    | Memory read from 001 -> 6B
#023H T8  AB:06A DB:95          MREQ    WR                 | Memory write to  06A <- 95
#026H T11 AB:069 DB:93          MREQ    WR                 | Memory write to  069 <- 93
#006H T6  AB:001 DB:6C          MREQ RD                    | Memory read from 001 -> 6C
#007H T7  AB:001 DB:6C          MREQ RD                    | Memory read from 001 -> 6C
#023H T8  AB:068 DB:94          MREQ    WR                 | Memory write to  068 <- 94
#026H T11 AB:067 DB:93          MREQ    WR                 | Memory write to  067 <- 93
#006H T6  AB:001 DB:6D          MREQ RD                    | Memory read from 001 -> 6D
#007H T7  AB:001 DB:6D          MREQ RD                    | Memory read from 001 -> 6D
#023H T8  AB:066 DB:93          MREQ    WR                 | Memory write to  066 <- 93
#026H T11 AB:065 DB:93          MREQ    WR                 | Memory write to  065 <- 93
#006H T6  AB:001 DB:6E          MREQ RD                    | Memory read from 001 -> 6E
#007H T7  AB:001 DB:6E          MREQ RD                    | Memory read from 001 -> 6E
#023H T8  AB:064 DB:92          MREQ    WR                 | Memory write to  064 <- 92
#026H T11 AB:063 DB:93          MREQ    WR                 | Memory write to  063 <- 93
#006H T6  AB:001 DB:6F          MREQ RD                    | Memory read from 001 -> 6F
#007H T7  AB:001 DB:6F          MREQ RD                    | Memory read from 001 -> 6F
#023H T8  AB:062 DB:91          MREQ    WR                 | Memory write to  062 <- 91
#026H T11 AB:061 DB:93          MREQ    WR                 | Memory write to  061 <- 93
#006H T6  AB:001 DB:70          MREQ RD                    | Memory read from 001 -> 70
#007H T7  AB:001 DB:70          MREQ RD                    | Memory read from 001 -> 70
#023H T8  AB:060 DB:90          MREQ    WR                 | Memory write to  060 <- 90
#026H T11 AB:05F DB:83          MREQ    WR                 | Memory write to  05F <- 83
#006H T6  AB:001 DB:71          MREQ RD                    | Memory read from 001 -> 71
#007H T7  AB:001 DB:71          MREQ RD                    | Memory read from 001 -> 71
#023H T8  AB:05E DB:8F          MREQ    WR                 | Memory write to  05E <- 8F
#026H T11 AB:05D DB:9B          MREQ    WR                 | Memory write to  05D <- 9B
#006H T6  AB:001 DB:72          MREQ RD                    | Memory read from 001 -> 72
#007H T7  AB:001 DB:72          MREQ RD                    | Memory read from 001 -> 72
#023H T8  AB:05C DB:8E          MREQ    WR                 | Memory write to  05C <- 8E
#026H T11 AB:05B DB:9B          MREQ    WR                 | Memory write to  05B <- 9B
#006H T6  AB:001 DB:73          MREQ RD                    | Memory read from 001 -> 73
#007H T7  AB:001 DB:73          MREQ RD                    | Memory read from 001 -> 73
#023H T8  AB:05A DB:8D          MREQ    WR                 | Memory write to  05A <- 8D
#026H T11 AB:059 DB:9B          MREQ    WR                 | Memory write to  059 <- 9B
#006H T6  AB:001 DB:74          MREQ RD                    | Memory read from 001 -> 74
#007H T7  AB:001 DB:74          MREQ RD                    | Memory read from 001 -> 74
#023H T8  AB:058 DB:8C          MREQ    WR                 | Memory write to  058 <- 8C
#026H T11 AB:057 DB:9B          MREQ    WR                 | Memory write to  057 <- 9B
#006H T6  AB:001 DB:75          MREQ RD                    | Memory read from 001 -> 75
#007H T7  AB:001 DB:75          MREQ RD                    | Memory read from 001 -> 75
#023H T8  AB:056 DB:8B          MREQ    WR                 | Memory write to  056 <- 8B
#026H T11 AB:055 DB:9B          MREQ    WR                 | Memory write to  055 <- 9B
#006H T6  AB:001 DB:76          MREQ RD                    | Memory read from 001 -> 76
#007H T7  AB:001 DB:76          MREQ RD                    | Memory read from 001 -> 76
#023H T8  AB:054 DB:8A          MREQ    WR                 | Memory write to  054 <- 8A
#026H T11 AB:053 DB:9B          MREQ    WR                 | Memory write to  053 <- 9B
#006H T6  AB:001 DB:77          MREQ RD                    | Memory read from 001 -> 77
#007H T7  AB:001 DB:77          MREQ RD                    | Memory read from 001 -> 77
#023H T8  AB:052 DB:89          MREQ    WR                 | Memory write to  052 <- 89
#026H T11 AB:051 DB:9B          MREQ    WR                 | Memory write to  051 <- 9B
#006H T6  AB:001 DB:78          MREQ RD                    | Memory read from 001 -> 78
#007H T7  AB:001 DB:78          MREQ RD                    | Memory read from 001 -> 78
#023H T8  AB:050 DB:88          MREQ    WR                 | Memory write to  050 <- 88
#026H T11 AB:04F DB:9B          MREQ    WR                 | Memory write to  04F <- 9B
#006H T6  AB:001 DB:79          MREQ RD                    | Memory read from 001 -> 79
#007H T7  AB:001 DB:79          MREQ RD                    | Memory read from 001 -> 79
#023H T8  AB:04E DB:87          MREQ    WR                 | Memory write to  04E <- 87
#026H T11 AB:04D DB:93          MREQ    WR                 | Memory write to  04D <- 93
#006H T6  AB:001 DB:7A          MREQ RD                    | Memory read from 001 -> 7A
#007H T7  AB:001 DB:7A          MREQ RD                    | Memory read from 001 -> 7A
#023H T8  AB:04C DB:86          MREQ    WR                 | Memory write to  04C <- 86
#026H T11 AB:04B DB:93          MREQ    WR                 | Memory write to  04B <- 93
#006H T6  AB:001 DB:7B          MREQ RD                    | Memory read from 001 -> 7B
#007H T7  AB:001 DB:7B          MREQ RD                    | Memory read from 001 -> 7B
#023H T8  AB:04A DB:85          MREQ    WR                 | Memory write to  04A <- 85
#026H T11 AB:049 DB:93          MREQ    WR                 | Memory write to  049 <- 93
#006H T6  AB:001 DB:7C          MREQ RD                    | Memory read from 001 -> 7C
#007H T7  AB:001 DB:7C          MREQ RD                    | Memory read from 001 -> 7C
#023H T8  AB:048 DB:84          MREQ    WR                 | Memory write to  048 <- 84
#026H T11 AB:047 DB:93          MREQ    WR                 | Memory write to  047 <- 93
#006H T6  AB:001 DB:7D          MREQ RD                    | Memory read from 001 -> 7D
#007H T7  AB:001 DB:7D          MREQ RD                    | Memory read from 001 -> 7D
#023H T8  AB:046 DB:83          MREQ    WR                 | Memory write to  046 <- 83
#026H T11 AB:045 DB:93          MREQ    WR                 | Memory write to  045 <- 93
#006H T6  AB:001 DB:7E          MREQ RD                    | Memory read from 001 -> 7E
#007H T7  AB:001 DB:7E          MREQ RD                    | Memory read from 001 -> 7E
#023H T8  AB:044 DB:82          MREQ    WR                 | Memory write to  044 <- 82
#026H T11 AB:043 DB:93          MREQ    WR                 | Memory write to  043 <- 93
#006H T6  AB:001 DB:7F          MREQ RD                    | Memory read from 001 -> 7F
#007H T7  AB:001 DB:7F          MREQ RD                    | Memory read from 001 -> 7F
#023H T8  AB:042 DB:81          MREQ    WR                 | Memory write to  042 <- 81
#026H T11 AB:041 DB:93          MREQ    WR                 | Memory write to  041 <- 93
#006H T6  AB:001 DB:80          MREQ RD                    | Memory read from 001 -> 80
#007H T7  AB:001 DB:80          MREQ RD                    | Memory read from 001 -> 80
#023H T8  AB:040 DB:80          MREQ    WR                 | Memory write to  040 <- 80
#026H T11 AB:03F DB:87          MREQ    WR                 | Memory write to  03F <- 87
#006H T6  AB:001 DB:81          MREQ RD                    | Memory read from 001 -> 81
#007H T7  AB:001 DB:81          MREQ RD                    | Memory read from 001 -> 81
#023H T8  AB:03E DB:7F          MREQ    WR                 | Memory write to  03E <- 7F
#026H T11 AB:03D DB:3B          MREQ    WR                 | Memory write to  03D <- 3B
#006H T6  AB:001 DB:82          MREQ RD                    | Memory read from 001 -> 82
#007H T7  AB:001 DB:82          MREQ RD                    | Memory read from 001 -> 82
#023H T8  AB:03C DB:7E          MREQ    WR                 | Memory write to  03C <- 7E
#026H T11 AB:03B DB:3B          MREQ    WR                 | Memory write to  03B <- 3B
#006H T6  AB:001 DB:83          MREQ RD                    | Memory read from 001 -> 83
#007H T7  AB:001 DB:83          MREQ RD                    | Memory read from 001 -> 83
#023H T8  AB:03A DB:7D          MREQ    WR                 | Memory write to  03A <- 7D
#026H T11 AB:039 DB:3B          MREQ    WR                 | Memory write to  039 <- 3B
#006H T6  AB:001 DB:84          MREQ RD                    | Memory read from 001 -> 84
#007H T7  AB:001 DB:84          MREQ RD                    | Memory read from 001 -> 84
#023H T8  AB:038 DB:7C          MREQ    WR                 | Memory write to  038 <- 7C
#026H T11 AB:037 DB:3B          MREQ    WR                 | Memory write to  037 <- 3B
#006H T6  AB:001 DB:85          MREQ RD                    | Memory read from 001 -> 85
#007H T7  AB:001 DB:85          MREQ RD                    | Memory read from 001 -> 85
#023H T8  AB:036 DB:7B          MREQ    WR                 | Memory write to  036 <- 7B
#026H T11 AB:035 DB:3B          MREQ    WR                 | Memory write to  035 <- 3B
#006H T6  AB:001 DB:86          MREQ RD                    | Memory read from 001 -> 86
#007H T7  AB:001 DB:86          MREQ RD                    | Memory read from 001 -> 86
#023H T8  AB:034 DB:7A          MREQ    WR                 | Memory write to  034 <- 7A
#026H T11 AB:033 DB:3B          MREQ    WR                 | Memory write to  033 <- 3B
#006H T6  AB:001 DB:87          MREQ RD                    | Memory read from 001 -> 87
#007H T7  AB:001 DB:87          MREQ RD                    | Memory read from 001 -> 87
#023H T8  AB:032 DB:79          MREQ    WR                 | Memory write to  032 <- 79
#026H T11 AB:031 DB:3B          MREQ    WR                 | Memory write to  031 <- 3B
#006H T6  AB:001 DB:88          MREQ RD                    | Memory read from 001 -> 88
#007H T7  AB:001 DB:88          MREQ RD                    | Memory read from 001 -> 88
#023H T8  AB:030 DB:78          MREQ    WR                 | Memory write to  030 <- 78
#026H T11 AB:02F DB:3B          MREQ    WR                 | Memory write to  02F <- 3B
#006H T6  AB:001 DB:89          MREQ RD                    | Memory read from 001 -> 89
#007H T7  AB:001 DB:89          MREQ RD                    | Memory read from 001 -> 89
#023H T8  AB:02E DB:77          MREQ    WR                 | Memory write to  02E <- 77
#026H T11 AB:02D DB:33          MREQ    WR                 | Memory write to  02D <- 33
#006H T6  AB:001 DB:8A          MREQ RD                    | Memory read from 001 -> 8A
#007H T7  AB:001 DB:8A          MREQ RD                    | Memory read from 001 -> 8A
#023H T8  AB:02C DB:76          MREQ    WR                 | Memory write to  02C <- 76
#026H T11 AB:02B DB:33          MREQ    WR                 | Memory write to  02B <- 33
#006H T6  AB:001 DB:8B          MREQ RD                    | Memory read from 001 -> 8B
#007H T7  AB:001 DB:8B          MREQ RD                    | Memory read from 001 -> 8B
#023H T8  AB:02A DB:75          MREQ    WR                 | Memory write to  02A <- 75
#026H T11 AB:029 DB:33          MREQ    WR                 | Memory write to  029 <- 33
#006H T6  AB:001 DB:8C          MREQ RD                    | Memory read from 001 -> 8C
#007H T7  AB:001 DB:8C          MREQ RD                    | Memory read from 001 -> 8C
#023H T8  AB:028 DB:74          MREQ    WR                 | Memory write to  028 <- 74
#026H T11 AB:027 DB:33          MREQ    WR                 | Memory write to  027 <- 33
#006H T6  AB:001 DB:8D          MREQ RD                    | Memory read from 001 -> 8D
#007H T7  AB:001 DB:8D          MREQ RD                    | Memory read from 001 -> 8D
#023H T8  AB:026 DB:73          MREQ    WR                 | Memory write to  026 <- 73
#026H T11 AB:025 DB:33          MREQ    WR                 | Memory write to  025 <- 33
#006H T6  AB:001 DB:8E          MREQ RD                    | Memory read from 001 -> 8E
#007H T7  AB:001 DB:8E          MREQ RD                    | Memory read from 001 -> 8E
#023H T8  AB:024 DB:72          MREQ    WR                 | Memory write to  024 <- 72
#026H T11 AB:023 DB:33          MREQ    WR                 | Memory write to  023 <- 33
#006H T6  AB:001 DB:8F          MREQ RD                    | Memory read from 001 -> 8F
#007H T7  AB:001 DB:8F          MREQ RD                    | Memory read from 001 -> 8F
#023H T8  AB:022 DB:71          MREQ    WR                 | Memory write to  022 <- 71
#026H T11 AB:021 DB:33          MREQ    WR                 | Memory write to  021 <- 33
#006H T6  AB:001 DB:90          MREQ RD                    | Memory read from 001 -> 90
#007H T7  AB:001 DB:90          MREQ RD                    | Memory read from 001 -> 90
#023H T8  AB:020 DB:70          MREQ    WR                 | Memory write to  020 <- 70
#026H T11 AB:01F DB:23          MREQ    WR                 | Memory write to  01F <- 23
#006H T6  AB:001 DB:91          MREQ RD                    | Memory read from 001 -> 91
#007H T7  AB:001 DB:91          MREQ RD                    | Memory read from 001 -> 91
#023H T8  AB:01E DB:6F          MREQ    WR                 | Memory write to  01E <- 6F
#026H T11 AB:01D DB:3B          MREQ    WR                 | Memory write to  01D <- 3B
#006H T6  AB:001 DB:92          MREQ RD                    | Memory read from 001 -> 92
#007H T7  AB:001 DB:92          MREQ RD                    | Memory read from 001 -> 92
#023H T8  AB:01C DB:6E          MREQ    WR                 | Memory write to  01C <- 6E
#026H T11 AB:01B DB:3B          MREQ    WR                 | Memory write to  01B <- 3B
#006H T6  AB:001 DB:93          MREQ RD                    | Memory read from 001 -> 93
#007H T7  AB:001 DB:93          MREQ RD                    | Memory read from 001 -> 93
#023H T8  AB:01A DB:6D          MREQ    WR                 | Memory write to  01A <- 6D
#026H T11 AB:019 DB:3B          MREQ    WR                 | Memory write to  019 <- 3B
#006H T6  AB:001 DB:94          MREQ RD                    | Memory read from 001 -> 94
#007H T7  AB:001 DB:94          MREQ RD                    | Memory read from 001 -> 94
#023H T8  AB:018 DB:6C          MREQ    WR                 | Memory write to  018 <- 6C
#026H T11 AB:017 DB:3B          MREQ    WR                 | Memory write to  017 <- 3B
#006H T6  AB:001 DB:95          MREQ RD                    | Memory read from 001 -> 95
#007H T7  AB:001 DB:95          MREQ RD                    | Memory read from 001 -> 95
#023H T8  AB:016 DB:6B          MREQ    WR                 | Memory write to  016 <- 6B
#026H T11 AB:015 DB:3B          MREQ    WR                 | Memory write to  015 <- 3B
#006H T6  AB:001 DB:96          MREQ RD                    | Memory read from 001 -> 96
#007H T7  AB:001 DB:96          MREQ RD                    | Memory read from 001 -> 96
#023H T8  AB:014 DB:6A          MREQ    WR                 | Memory write to  014 <- 6A
#026H T11 AB:013 DB:3B          MREQ    WR                 | Memory write to  013 <- 3B
#006H T6  AB:001 DB:97          MREQ RD                    | Memory read from 001 -> 97
#007H T7  AB:001 DB:97          MREQ RD                    | Memory read from 001 -> 97
#023H T8  AB:012 DB:69          MREQ    WR                 | Memory write to  012 <- 69
#026H T11 AB:011 DB:3B          MREQ    WR                 | Memory write to  011 <- 3B
#006H T6  AB:001 DB:98          MREQ RD                    | Memory read from 001 -> 98
#007H T7  AB:001 DB:98          MREQ RD                    | Memory read from 001 -> 98
#023H T8  AB:010 DB:68          MREQ    WR                 | Memory write to  010 <- 68
#026H T11 AB:00F DB:3B          MREQ    WR                 | Memory write to  00F <- 3B
#006H T6  AB:001 DB:99          MREQ RD                    | Memory read from 001 -> 99
#007H T7  AB:001 DB:99          MREQ RD                    | Memory read from 001 -> 99
#023H T8  AB:00E DB:67          MREQ    WR                 | Memory write to  00E <- 67
#026H T11 AB:00D DB:33          MREQ    WR                 | Memory write to  00D <- 33
#006H T6  AB:001 DB:9A          MREQ RD                    | Memory read from 001 -> 9A
#007H T7  AB:001 DB:9A          MREQ RD                    | Memory read from 001 -> 9A
#023H T8  AB:00C DB:66          MREQ    WR                 | Memory write to  00C <- 66
#026H T11 AB:00B DB:33          MREQ    WR                 | Memory write to  00B <- 33
#006H T6  AB:001 DB:9B          MREQ RD                    | Memory read from 001 -> 9B
#007H T7  AB:001 DB:9B          MREQ RD                    | Memory read from 001 -> 9B
#023H T8  AB:00A DB:65          MREQ    WR                 | Memory write to  00A <- 65
#026H T11 AB:009 DB:33          MREQ    WR                 | Memory write to  009 <- 33
#006H T6  AB:001 DB:9C          MREQ RD                    | Memory read from 001 -> 9C
#007H T7  AB:001 DB:9C          MREQ RD                    | Memory read from 001 -> 9C
#023H T8  AB:008 DB:64          MREQ    WR                 | Memory write to  008 <- 64
#026H T11 AB:007 DB:33          MREQ    WR                 | Memory write to  007 <- 33
#006H T6  AB:001 DB:9D          MREQ RD                    | Memory read from 001 -> 9D
#007H T7  AB:001 DB:9D          MREQ RD                    | Memory read from 001 -> 9D
#023H T8  AB:006 DB:63          MREQ    WR                 | Memory write to  006 <- 63
#026H T11 AB:005 DB:33          MREQ    WR                 | Memory write to  005 <- 33
#006H T6  AB:001 DB:9E          MREQ RD                    | Memory read from 001 -> 9E
#007H T7  AB:001 DB:9E          MREQ RD                    | Memory read from 001 -> 9E
#023H T8  AB:004 DB:62          MREQ    WR                 | Memory write to  004 <- 62
#026H T11 AB:003 DB:33          MREQ    WR                 | Memory write to  003 <- 33
#006H T6  AB:001 DB:9F          MREQ RD                    | Memory read from 001 -> 9F
#007H T7  AB:001 DB:9F          MREQ RD                    | Memory read from 001 -> 9F
#023H T8  AB:002 DB:61          MREQ    WR                 | Memory write to  002 <- 61
#026H T11 AB:001 DB:33          MREQ    WR                 | Memory write to  001 <- 33
#006H T6  AB:001 DB:A0          MREQ RD                    | Memory read from 001 -> A0
#007H T7  AB:001 DB:A0          MREQ RD                    | Memory read from 001 -> A0
#023H T8  AB:000 DB:60          MREQ    WR                 | Memory write to  000 <- 60
#026H T11 AB:0FF DB:23          MREQ    WR                 | Memory write to  0FF <- 23
#006H T6  AB:001 DB:A1          MREQ RD                    | Memory read from 001 -> A1
#007H T7  AB:001 DB:A1          MREQ RD                    | Memory read from 001 -> A1
#023H T8  AB:0FE DB:5F          MREQ    WR                 | Memory write to  0FE <- 5F
#026H T11 AB:0FD DB:1B          MREQ    WR                 | Memory write to  0FD <- 1B
#006H T6  AB:001 DB:A2          MREQ RD                    | Memory read from 001 -> A2
#007H T7  AB:001 DB:A2          MREQ RD                    | Memory read from 001 -> A2
#023H T8  AB:0FC DB:5E          MREQ    WR                 | Memory write to  0FC <- 5E
#026H T11 AB:0FB DB:1B          MREQ    WR                 | Memory write to  0FB <- 1B
#006H T6  AB:001 DB:A3          MREQ RD                    | Memory read from 001 -> A3
#007H T7  AB:001 DB:A3          MREQ RD                    | Memory read from 001 -> A3
#023H T8  AB:0FA DB:5D          MREQ    WR                 | Memory write to  0FA <- 5D
#026H T11 AB:0F9 DB:1B          MREQ    WR                 | Memory write to  0F9 <- 1B
#006H T6  AB:001 DB:A4          MREQ RD                    | Memory read from 001 -> A4
#007H T7  AB:001 DB:A4          MREQ RD                    | Memory read from 001 -> A4
#023H T8  AB:0F8 DB:5C          MREQ    WR                 | Memory write to  0F8 <- 5C
#026H T11 AB:0F7 DB:1B          MREQ    WR                 | Memory write to  0F7 <- 1B
#006H T6  AB:001 DB:A5          MREQ RD                    | Memory read from 001 -> A5
#007H T7  AB:001 DB:A5          MREQ RD                    | Memory read from 001 -> A5
#023H T8  AB:0F6 DB:5B          MREQ    WR                 | Memory write to  0F6 <- 5B
#026H T11 AB:0F5 DB:1B          MREQ    WR                 | Memory write to  0F5 <- 1B
#006H T6  AB:001 DB:A6          MREQ RD                    | Memory read from 001 -> A6
#007H T7  AB:001 DB:A6          MREQ RD                    | Memory read from 001 -> A6
#023H T8  AB:0F4 DB:5A          MREQ    WR                 | Memory write to  0F4 <- 5A
#026H T11 AB:0F3 DB:1B          MREQ    WR                 | Memory write to  0F3 <- 1B
#006H T6  AB:001 DB:A7          MREQ RD                    | Memory read from 001 -> A7
#007H T7  AB:001 DB:A7          MREQ RD                    | Memory read from 001 -> A7
#023H T8  AB:0F2 DB:59          MREQ    WR                 | Memory write to  0F2 <- 59
#026H T11 AB:0F1 DB:1B          MREQ    WR                 | Memory write to  0F1 <- 1B
#006H T6  AB:001 DB:A8          MREQ RD                    | Memory read from 001 -> A8
#007H T7  AB:001 DB:A8          MREQ RD                    | Memory read from 001 -> A8
#023H T8  AB:0F0 DB:58          MREQ    WR                 | Memory write to  0F0 <- 58
#026H T11 AB:0EF DB:1B          MREQ    WR                 | Memory write to  0EF <- 1B
#006H T6  AB:001 DB:A9          MREQ RD                    | Memory read from 001 -> A9
#007H T7  AB:001 DB:A9          MREQ RD                    | Memory read from 001 -> A9
#023H T8  AB:0EE DB:57          MREQ    WR                 | Memory write to  0EE <- 57
#026H T11 AB:0ED DB:13          MREQ    WR                 | Memory write to  0ED <- 13
#006H T6  AB:001 DB:AA          MREQ RD                    | Memory read from 001 -> AA
#007H T7  AB:001 DB:AA          MREQ RD                    | Memory read from 001 -> AA
#023H T8  AB:0EC DB:56          MREQ    WR                 | Memory write to  0EC <- 56
#026H T11 AB:0EB DB:13          MREQ    WR                 | Memory write to  0EB <- 13
#006H T6  AB:001 DB:AB          MREQ RD                    | Memory read from 001 -> AB
#007H T7  AB:001 DB:AB          MREQ RD                    | Memory read from 001 -> AB
#023H T8  AB:0EA DB:55          MREQ    WR                 | Memory write to  0EA <- 55
#026H T11 AB:0E9 DB:13          MREQ    WR                 | Memory write to  0E9 <- 13
#006H T6  AB:001 DB:AC          MREQ RD                    | Memory read from 001 -> AC
#007H T7  AB:001 DB:AC          MREQ RD                    | Memory read from 001 -> AC
#023H T8  AB:0E8 DB:54          MREQ    WR                 | Memory write to  0E8 <- 54
#026H T11 AB:0E7 DB:13          MREQ    WR                 | Memory write to  0E7 <- 13
#006H T6  AB:001 DB:AD          MREQ RD                    | Memory read from 001 -> AD
#007H T7  AB:001 DB:AD          MREQ RD                    | Memory read from 001 -> AD
#023H T8  AB:0E6 DB:53          MREQ    WR                 | Memory write to  0E6 <- 53
#026H T11 AB:0E5 DB:13          MREQ    WR                 | Memory write to  0E5 <- 13
#006H T6  AB:001 DB:AE          MREQ RD                    | Memory read from 001 -> AE
#007H T7  AB:001 DB:AE          MREQ RD                    | Memory read from 001 -> AE
#023H T8  AB:0E4 DB:52          MREQ    WR                 | Memory write to  0E4 <- 52
#026H T11 AB:0E3 DB:13          MREQ    WR                 | Memory write to  0E3 <- 13
#006H T6  AB:001 DB:AF          MREQ RD                    | Memory read from 001 -> AF
#007H T7  AB:001 DB:AF          MREQ RD                    | Memory read from 001 -> AF
#023H T8  AB:0E2 DB:51          MREQ    WR                 | Memory write to  0E2 <- 51
#026H T11 AB:0E1 DB:13          MREQ    WR                 | Memory write to  0E1 <- 13
#006H T6  AB:001 DB:B0          MREQ RD                    | Memory read from 001 -> B0
#007H T7  AB:001 DB:B0          MREQ RD                    | Memory read from 001 -> B0
#023H T8  AB:0E0 DB:50          MREQ    WR                 | Memory write to  0E0 <- 50
#026H T11 AB:0DF DB:03          MREQ    WR                 | Memory write to  0DF <- 03
#006H T6  AB:001 DB:B1          MREQ RD                    | Memory read from 001 -> B1
#007H T7  AB:001 DB:B1          MREQ RD                    | Memory read from 001 -> B1
#023H T8  AB:0DE DB:4F          MREQ    WR                 | Memory write to  0DE <- 4F
#026H T11 AB:0DD DB:1B          MREQ    WR                 | Memory write to  0DD <- 1B
#006H T6  AB:001 DB:B2          MREQ RD                    | Memory read from 001 -> B2
#007H T7  AB:001 DB:B2          MREQ RD                    | Memory read from 001 -> B2
#023H T8  AB:0DC DB:4E          MREQ    WR                 | Memory write to  0DC <- 4E
#026H T11 AB:0DB DB:1B          MREQ    WR                 | Memory write to  0DB <- 1B
#006H T6  AB:001 DB:B3          MREQ RD                    | Memory read from 001 -> B3
#007H T7  AB:001 DB:B3          MREQ RD                    | Memory read from 001 -> B3
#023H T8  AB:0DA DB:4D          MREQ    WR                 | Memory write to  0DA <- 4D
#026H T11 AB:0D9 DB:1B          MREQ    WR                 | Memory write to  0D9 <- 1B
#006H T6  AB:001 DB:B4          MREQ RD                    | Memory read from 001 -> B4
#007H T7  AB:001 DB:B4          MREQ RD                    | Memory read from 001 -> B4
#023H T8  AB:0D8 DB:4C          MREQ    WR                 | Memory write to  0D8 <- 4C
#026H T11 AB:0D7 DB:1B          MREQ    WR                 | Memory write to  0D7 <- 1B
#006H T6  AB:001 DB:B5          MREQ RD                    | Memory read from 001 -> B5
#007H T7  AB:001 DB:B5          MREQ RD                    | Memory read from 001 -> B5
#023H T8  AB:0D6 DB:4B          MREQ    WR                 | Memory write to  0D6 <- 4B
#026H T11 AB:0D5 DB:1B          MREQ    WR                 | Memory write to  0D5 <- 1B
#006H T6  AB:001 DB:B6          MREQ RD                    | Memory read from 001 -> B6
#007H T7  AB:001 DB:B6          MREQ RD                    | Memory read from 001 -> B6
#023H T8  AB:0D4 DB:4A          MREQ    WR                 | Memory write to  0D4 <- 4A
#026H T11 AB:0D3 DB:1B          MREQ    WR                 | Memory write to  0D3 <- 1B
#006H T6  AB:001 DB:B7          MREQ RD                    | Memory read from 001 -> B7
#007H T7  AB:001 DB:B7          MREQ RD                    | Memory read from 001 -> B7
#023H T8  AB:0D2 DB:49          MREQ    WR                 | Memory write to  0D2 <- 49
#026H T11 AB:0D1 DB:1B          MREQ    WR                 | Memory write to  0D1 <- 1B
#006H T6  AB:001 DB:B8          MREQ RD                    | Memory read from 001 -> B8
#007H T7  AB:001 DB:B8          MREQ RD                    | Memory read from 001 -> B8
#023H T8  AB:0D0 DB:48          MREQ    WR                 | Memory write to  0D0 <- 48
#026H T11 AB:0CF DB:1B          MREQ    WR                 | Memory write to  0CF <- 1B
#006H T6  AB:001 DB:B9          MREQ RD                    | Memory read from 001 -> B9
#007H T7  AB:001 DB:B9          MREQ RD                    | Memory read from 001 -> B9
#023H T8  AB:0CE DB:47          MREQ    WR                 | Memory write to  0CE <- 47
#026H T11 AB:0CD DB:13          MREQ    WR                 | Memory write to  0CD <- 13
#006H T6  AB:001 DB:BA          MREQ RD                    | Memory read from 001 -> BA
#007H T7  AB:001 DB:BA          MREQ RD                    | Memory read from 001 -> BA
#023H T8  AB:0CC DB:46          MREQ    WR                 | Memory write to  0CC <- 46
#026H T11 AB:0CB DB:13          MREQ    WR                 | Memory write to  0CB <- 13
#006H T6  AB:001 DB:BB          MREQ RD                    | Memory read from 001 -> BB
#007H T7  AB:001 DB:BB          MREQ RD                    | Memory read from 001 -> BB
#023H T8  AB:0CA DB:45          MREQ    WR                 | Memory write to  0CA <- 45
#026H T11 AB:0C9 DB:13          MREQ    WR                 | Memory write to  0C9 <- 13
#006H T6  AB:001 DB:BC          MREQ RD                    | Memory read from 001 -> BC
#007H T7  AB:001 DB:BC          MREQ RD                    | Memory read from 001 -> BC
#023H T8  AB:0C8 DB:44          MREQ    WR                 | Memory write to  0C8 <- 44
#026H T11 AB:0C7 DB:13          MREQ    WR                 | Memory write to  0C7 <- 13
#006H T6  AB:001 DB:BD          MREQ RD                    | Memory read from 001 -> BD
#007H T7  AB:001 DB:BD          MREQ RD                    | Memory read from 001 -> BD
#023H T8  AB:0C6 DB:43          MREQ    WR                 | Memory write to  0C6 <- 43
#026H T11 AB:0C5 DB:13          MREQ    WR                 | Memory write to  0C5 <- 13
#006H T6  AB:001 DB:BE          MREQ RD                    | Memory read from 001 -> BE
#007H T7  AB:001 DB:BE          MREQ RD                    | Memory read from 001 -> BE
#023H T8  AB:0C4 DB:42          MREQ    WR                 | Memory write to  0C4 <- 42
#026H T11 AB:0C3 DB:13          MREQ    WR                 | Memory write to  0C3 <- 13
#006H T6  AB:001 DB:BF          MREQ RD                    | Memory read from 001 -> BF
#007H T7  AB:001 DB:BF          MREQ RD                    | Memory read from 001 -> BF
#023H T8  AB:0C2 DB:41          MREQ    WR                 | Memory write to  0C2 <- 41
#026H T11 AB:0C1 DB:13          MREQ    WR                 | Memory write to  0C1 <- 13
#006H T6  AB:001 DB:C0          MREQ RD                    | Memory read from 001 -> C0
#007H T7  AB:001 DB:C0          MREQ RD                    | Memory read from 001 -> C0
#023H T8  AB:0C0 DB:40          MREQ    WR                 | Memory write to  0C0 <- 40
#026H T11 AB:0BF DB:03          MREQ    WR                 | Memory write to  0BF <- 03
#006H T6  AB:001 DB:C1          MREQ RD                    | Memory read from 001 -> C1
#007H T7  AB:001 DB:C1          MREQ RD                    | Memory read from 001 -> C1
#023H T8  AB:0BE DB:3F          MREQ    WR                 | Memory write to  0BE <- 3F
#026H T11 AB:0BD DB:3B          MREQ    WR                 | Memory write to  0BD <- 3B
#006H T6  AB:001 DB:C2          MREQ RD                    | Memory read from 001 -> C2
#007H T7  AB:001 DB:C2          MREQ RD                    | Memory read from 001 -> C2
#023H T8  AB:0BC DB:3E          MREQ    WR                 | Memory write to  0BC <- 3E
#026H T11 AB:0BB DB:3B          MREQ    WR                 | Memory write to  0BB <- 3B
#006H T6  AB:001 DB:C3          MREQ RD                    | Memory read from 001 -> C3
#007H T7  AB:001 DB:C3          MREQ RD                    | Memory read from 001 -> C3
#023H T8  AB:0BA DB:3D          MREQ    WR                 | Memory write to  0BA <- 3D
#026H T11 AB:0B9 DB:3B          MREQ    WR                 | Memory write to  0B9 <- 3B
#006H T6  AB:001 DB:C4          MREQ RD                    | Memory read from 001 -> C4
#007H T7  AB:001 DB:C4          MREQ RD                    | Memory read from 001 -> C4
#023H T8  AB:0B8 DB:3C          MREQ    WR                 | Memory write to  0B8 <- 3C
#026H T11 AB:0B7 DB:3B          MREQ    WR                 | Memory write to  0B7 <- 3B
#006H T6  AB:001 DB:C5          MREQ RD                    | Memory read from 001 -> C5
#007H T7  AB:001 DB:C5          MREQ RD                    | Memory read from 001 -> C5
#023H T8  AB:0B6 DB:3B          MREQ    WR                 | Memory write to  0B6 <- 3B
#026H T11 AB:0B5 DB:3B          MREQ    WR                 | Memory write to  0B5 <- 3B
#006H T6  AB:001 DB:C6          MREQ RD                    | Memory read from 001 -> C6
#007H T7  AB:001 DB:C6          MREQ RD                    | Memory read from 001 -> C6
#023H T8  AB:0B4 DB:3A          MREQ    WR                 | Memory write to  0B4 <- 3A
#026H T11 AB:0B3 DB:3B          MREQ    WR                 | Memory write to  0B3 <- 3B
#006H T6  AB:001 DB:C7          MREQ RD                    | Memory read from 001 -> C7
#007H T7  AB:001 DB:C7          MREQ RD                    | Memory read from 001 -> C7
#023H T8  AB:0B2 DB:39          MREQ    WR                 | Memory write to  0B2 <- 39
#026H T11 AB:0B1 DB:3B          MREQ    WR                 | Memory write to  0B1 <- 3B
#006H T6  AB:001 DB:C8          MREQ RD                    | Memory read from 001 -> C8
#007H T7  AB:001 DB:C8          MREQ RD                    | Memory read from 001 -> C8
#023H T8  AB:0B0 DB:38          MREQ    WR                 | Memory write to  0B0 <- 38
#026H T11 AB:0AF DB:3B          MREQ    WR                 | Memory write to  0AF <- 3B
#006H T6  AB:001 DB:C9          MREQ RD                    | Memory read from 001 -> C9
#007H T7  AB:001 DB:C9          MREQ RD                    | Memory read from 001 -> C9
#023H T8  AB:0AE DB:37          MREQ    WR                 | Memory write to  0AE <- 37
#026H T11 AB:0AD DB:33          MREQ    WR                 | Memory write to  0AD <- 33
#006H T6  AB:001 DB:CA          MREQ RD                    | Memory read from 001 -> CA
#007H T7  AB:001 DB:CA          MREQ RD                    | Memory read from 001 -> CA
#023H T8  AB:0AC DB:36          MREQ    WR                 | Memory write to  0AC <- 36
#026H T11 AB:0AB DB:33          MREQ    WR                 | Memory write to  0AB <- 33
#006H T6  AB:001 DB:CB          MREQ RD                    | Memory read from 001 -> CB
#007H T7  AB:001 DB:CB          MREQ RD                    | Memory read from 001 -> CB
#023H T8  AB:0AA DB:35          MREQ    WR                 | Memory write to  0AA <- 35
#026H T11 AB:0A9 DB:33          MREQ    WR                 | Memory write to  0A9 <- 33
#006H T6  AB:001 DB:CC          MREQ RD                    | Memory read from 001 -> CC
#007H T7  AB:001 DB:CC          MREQ RD                    | Memory read from 001 -> CC
#023H T8  AB:0A8 DB:34          MREQ    WR                 | Memory write to  0A8 <- 34
#026H T11 AB:0A7 DB:33          MREQ    WR                 | Memory write to  0A7 <- 33
#006H T6  AB:001 DB:CD          MREQ RD                    | Memory read from 001 -> CD
#007H T7  AB:001 DB:CD          MREQ RD                    | Memory read from 001 -> CD
#023H T8  AB:0A6 DB:33          MREQ    WR                 | Memory write to  0A6 <- 33
#026H T11 AB:0A5 DB:33          MREQ    WR                 | Memory write to  0A5 <- 33
#006H T6  AB:001 DB:CE          MREQ RD                    | Memory read from 001 -> CE
#007H T7  AB:001 DB:CE          MREQ RD                    | Memory read from 001 -> CE
#023H T8  AB:0A4 DB:32          MREQ    WR                 | Memory write to  0A4 <- 32
#026H T11 AB:0A3 DB:33          MREQ    WR                 | Memory write to  0A3 <- 33
#006H T6  AB:001 DB:CF          MREQ RD                    | Memory read from 001 -> CF
#007H T7  AB:001 DB:CF          MREQ RD                    | Memory read from 001 -> CF
#023H T8  AB:0A2 DB:31          MREQ    WR                 | Memory write to  0A2 <- 31
#026H T11 AB:0A1 DB:33          MREQ    WR                 | Memory write to  0A1 <- 33
#006H T6  AB:001 DB:D0          MREQ RD                    | Memory read from 001 -> D0
#007H T7  AB:001 DB:D0          MREQ RD                    | Memory read from 001 -> D0
#023H T8  AB:0A0 DB:30          MREQ    WR                 | Memory write to  0A0 <- 30
#026H T11 AB:09F DB:23          MREQ    WR                 | Memory write to  09F <- 23
#006H T6  AB:001 DB:D1          MREQ RD                    | Memory read from 001 -> D1
#007H T7  AB:001 DB:D1          MREQ RD                    | Memory read from 001 -> D1
#023H T8  AB:09E DB:2F          MREQ    WR                 | Memory write to  09E <- 2F
#026H T11 AB:09D DB:3B          MREQ    WR                 | Memory write to  09D <- 3B
#006H T6  AB:001 DB:D2          MREQ RD                    | Memory read from 001 -> D2
#007H T7  AB:001 DB:D2          MREQ RD                    | Memory read from 001 -> D2
#023H T8  AB:09C DB:2E          MREQ    WR                 | Memory write to  09C <- 2E
#026H T11 AB:09B DB:3B          MREQ    WR                 | Memory write to  09B <- 3B
#006H T6  AB:001 DB:D3          MREQ RD                    | Memory read from 001 -> D3
#007H T7  AB:001 DB:D3          MREQ RD                    | Memory read from 001 -> D3
#023H T8  AB:09A DB:2D          MREQ    WR                 | Memory write to  09A <- 2D
#026H T11 AB:099 DB:3B          MREQ    WR                 | Memory write to  099 <- 3B
#006H T6  AB:001 DB:D4          MREQ RD                    | Memory read from 001 -> D4
#007H T7  AB:001 DB:D4          MREQ RD                    | Memory read from 001 -> D4
#023H T8  AB:098 DB:2C          MREQ    WR                 | Memory write to  098 <- 2C
#026H T11 AB:097 DB:3B          MREQ    WR                 | Memory write to  097 <- 3B
#006H T6  AB:001 DB:D5          MREQ RD                    | Memory read from 001 -> D5
#007H T7  AB:001 DB:D5          MREQ RD                    | Memory read from 001 -> D5
#023H T8  AB:096 DB:2B          MREQ    WR                 | Memory write to  096 <- 2B
#026H T11 AB:095 DB:3B          MREQ    WR                 | Memory write to  095 <- 3B
#006H T6  AB:001 DB:D6          MREQ RD                    | Memory read from 001 -> D6
#007H T7  AB:001 DB:D6          MREQ RD                    | Memory read from 001 -> D6
#023H T8  AB:094 DB:2A          MREQ    WR                 | Memory write to  094 <- 2A
#026H T11 AB:093 DB:3B          MREQ    WR                 | Memory write to  093 <- 3B
#006H T6  AB:001 DB:D7          MREQ RD                    | Memory read from 001 -> D7
#007H T7  AB:001 DB:D7          MREQ RD                    | Memory read from 001 -> D7
#023H T8  AB:092 DB:29          MREQ    WR                 | Memory write to  092 <- 29
#026H T11 AB:091 DB:3B          MREQ    WR                 | Memory write to  091 <- 3B
#006H T6  AB:001 DB:D8          MREQ RD                    | Memory read from 001 -> D8
#007H T7  AB:001 DB:D8          MREQ RD                    | Memory read from 001 -> D8
#023H T8  AB:090 DB:28          MREQ    WR                 | Memory write to  090 <- 28
#026H T11 AB:08F DB:3B          MREQ    WR                 | Memory write to  08F <- 3B
#006H T6  AB:001 DB:D9          MREQ RD                    | Memory read from 001 -> D9
#007H T7  AB:001 DB:D9          MREQ RD                    | Memory read from 001 -> D9
#023H T8  AB:08E DB:27          MREQ    WR                 | Memory write to  08E <- 27
#026H T11 AB:08D DB:33          MREQ    WR                 | Memory write to  08D <- 33
#006H T6  AB:001 DB:DA          MREQ RD                    | Memory read from 001 -> DA
#007H T7  AB:001 DB:DA          MREQ RD                    | Memory read from 001 -> DA
#023H T8  AB:08C DB:26          MREQ    WR                 | Memory write to  08C <- 26
#026H T11 AB:08B DB:33          MREQ    WR                 | Memory write to  08B <- 33
#006H T6  AB:001 DB:DB          MREQ RD                    | Memory read from 001 -> DB
#007H T7  AB:001 DB:DB          MREQ RD                    | Memory read from 001 -> DB
#023H T8  AB:08A DB:25          MREQ    WR                 | Memory write to  08A <- 25
#026H T11 AB:089 DB:33          MREQ    WR                 | Memory write to  089 <- 33
#006H T6  AB:001 DB:DC          MREQ RD                    | Memory read from 001 -> DC
#007H T7  AB:001 DB:DC          MREQ RD                    | Memory read from 001 -> DC
#023H T8  AB:088 DB:24          MREQ    WR                 | Memory write to  088 <- 24
#026H T11 AB:087 DB:33          MREQ    WR                 | Memory write to  087 <- 33
#006H T6  AB:001 DB:DD          MREQ RD                    | Memory read from 001 -> DD
#007H T7  AB:001 DB:DD          MREQ RD                    | Memory read from 001 -> DD
#023H T8  AB:086 DB:23          MREQ    WR                 | Memory write to  086 <- 23
#026H T11 AB:085 DB:33          MREQ    WR                 | Memory write to  085 <- 33
#006H T6  AB:001 DB:DE          MREQ RD                    | Memory read from 001 -> DE
#007H T7  AB:001 DB:DE          MREQ RD                    | Memory read from 001 -> DE
#023H T8  AB:084 DB:22          MREQ    WR                 | Memory write to  084 <- 22
#026H T11 AB:083 DB:33          MREQ    WR                 | Memory write to  083 <- 33
#006H T6  AB:001 DB:DF          MREQ RD                    | Memory read from 001 -> DF
#007H T7  AB:001 DB:DF          MREQ RD                    | Memory read from 001 -> DF
#023H T8  AB:082 DB:21          MREQ    WR                 | Memory write to  082 <- 21
#026H T11 AB:081 DB:33          MREQ    WR                 | Memory write to  081 <- 33
#006H T6  AB:001 DB:E0          MREQ RD                    | Memory read from 001 -> E0
#007H T7  AB:001 DB:E0          MREQ RD                    | Memory read from 001 -> E0
#023H T8  AB:080 DB:20          MREQ    WR                 | Memory write to  080 <- 20
#026H T11 AB:07F DB:23          MREQ    WR                 | Memory write to  07F <- 23
#006H T6  AB:001 DB:E1          MREQ RD                    | Memory read from 001 -> E1
#007H T7  AB:001 DB:E1          MREQ RD                    | Memory read from 001 -> E1
#023H T8  AB:07E DB:1F          MREQ    WR                 | Memory write to  07E <- 1F
#026H T11 AB:07D DB:1B          MREQ    WR                 | Memory write to  07D <- 1B
#006H T6  AB:001 DB:E2          MREQ RD                    | Memory read from 001 -> E2
#007H T7  AB:001 DB:E2          MREQ RD                    | Memory read from 001 -> E2
#023H T8  AB:07C DB:1E          MREQ    WR                 | Memory write to  07C <- 1E
#026H T11 AB:07B DB:1B          MREQ    WR                 | Memory write to  07B <- 1B
#006H T6  AB:001 DB:E3          MREQ RD                    | Memory read from 001 -> E3
#007H T7  AB:001 DB:E3          MREQ RD                    | Memory read from 001 -> E3
#023H T8  AB:07A DB:1D          MREQ    WR                 | Memory write to  07A <- 1D
#026H T11 AB:079 DB:1B          MREQ    WR                 | Memory write to  079 <- 1B
#006H T6  AB:001 DB:E4          MREQ RD                    | Memory read from 001 -> E4
#007H T7  AB:001 DB:E4          MREQ RD                    | Memory read from 001 -> E4
#023H T8  AB:078 DB:1C          MREQ    WR                 | Memory write to  078 <- 1C
#026H T11 AB:077 DB:1B          MREQ    WR                 | Memory write to  077 <- 1B
#006H T6  AB:001 DB:E5          MREQ RD                    | Memory read from 001 -> E5
#007H T7  AB:001 DB:E5          MREQ RD                    | Memory read from 001 -> E5
#023H T8  AB:076 DB:1B          MREQ    WR                 | Memory write to  076 <- 1B
#026H T11 AB:075 DB:1B          MREQ    WR                 | Memory write to  075 <- 1B
#006H T6  AB:001 DB:E6          MREQ RD                    | Memory read from 001 -> E6
#007H T7  AB:001 DB:E6          MREQ RD                    | Memory read from 001 -> E6
#023H T8  AB:074 DB:1A          MREQ    WR                 | Memory write to  074 <- 1A
#026H T11 AB:073 DB:1B          MREQ    WR                 | Memory write to  073 <- 1B
#006H T6  AB:001 DB:E7          MREQ RD                    | Memory read from 001 -> E7
#007H T7  AB:001 DB:E7          MREQ RD                    | Memory read from 001 -> E7
#023H T8  AB:072 DB:19          MREQ    WR                 | Memory write to  072 <- 19
#026H T11 AB:071 DB:1B          MREQ    WR                 | Memory write to  071 <- 1B
#006H T6  AB:001 DB:E8          MREQ RD                    | Memory read from 001 -> E8
#007H T7  AB:001 DB:E8          MREQ RD                    | Memory read from 001 -> E8
#023H T8  AB:070 DB:18          MREQ    WR                 | Memory write to  070 <- 18
#026H T11 AB:06F DB:1B          MREQ    WR                 | Memory write to  06F <- 1B
#006H T6  AB:001 DB:E9          MREQ RD                    | Memory read from 001 -> E9
#007H T7  AB:001 DB:E9          MREQ RD                    | Memory read from 001 -> E9
#023H T8  AB:06E DB:17          MREQ    WR                 | Memory write to  06E <- 17
#026H T11 AB:06D DB:13          MREQ    WR                 | Memory write to  06D <- 13
#006H T6  AB:001 DB:EA          MREQ RD                    | Memory read from 001 -> EA
#007H T7  AB:001 DB:EA          MREQ RD                    | Memory read from 001 -> EA
#023H T8  AB:06C DB:16          MREQ    WR                 | Memory write to  06C <- 16
#026H T11 AB:06B DB:13          MREQ    WR                 | Memory write to  06B <- 13
#006H T6  AB:001 DB:EB          MREQ RD                    | Memory read from 001 -> EB
#007H T7  AB:001 DB:EB          MREQ RD                    | Memory read from 001 -> EB
#023H T8  AB:06A DB:15          MREQ    WR                 | Memory write to  06A <- 15
#026H T11 AB:069 DB:13          MREQ    WR                 | Memory write to  069 <- 13
#006H T6  AB:001 DB:EC          MREQ RD                    | Memory read from 001 -> EC
#007H T7  AB:001 DB:EC          MREQ RD                    | Memory read from 001 -> EC
#023H T8  AB:068 DB:14          MREQ    WR                 | Memory write to  068 <- 14
#026H T11 AB:067 DB:13          MREQ    WR                 | Memory write to  067 <- 13
#006H T6  AB:001 DB:ED          MREQ RD                    | Memory read from 001 -> ED
#007H T7  AB:001 DB:ED          MREQ RD                    | Memory read from 001 -> ED
#023H T8  AB:066 DB:13          MREQ    WR                 | Memory write to  066 <- 13
#026H T11 AB:065 DB:13          MREQ    WR                 | Memory write to  065 <- 13
#006H T6  AB:001 DB:EE          MREQ RD                    | Memory read from 001 -> EE
#007H T7  AB:001 DB:EE          MREQ RD                    | Memory read from 001 -> EE
#023H T8  AB:064 DB:12          MREQ    WR                 | Memory write to  064 <- 12
#026H T11 AB:063 DB:13          MREQ    WR                 | Memory write to  063 <- 13
#006H T6  AB:001 DB:EF          MREQ RD                    | Memory read from 001 -> EF
#007H T7  AB:001 DB:EF          MREQ RD                    | Memory read from 001 -> EF
#023H T8  AB:062 DB:11          MREQ    WR                 | Memory write to  062 <- 11
#026H T11 AB:061 DB:13          MREQ    WR                 | Memory write to  061 <- 13
#006H T6  AB:001 DB:F0          MREQ RD                    | Memory read from 001 -> F0
#007H T7  AB:001 DB:F0          MREQ RD                    | Memory read from 001 -> F0
#023H T8  AB:060 DB:10          MREQ    WR                 | Memory write to  060 <- 10
#026H T11 AB:05F DB:03          MREQ    WR                 | Memory write to  05F <- 03
#006H T6  AB:001 DB:F1          MREQ RD                    | Memory read from 001 -> F1
#007H T7  AB:001 DB:F1          MREQ RD                    | Memory read from 001 -> F1
#023H T8  AB:05E DB:0F          MREQ    WR                 | Memory write to  05E <- 0F
#026H T11 AB:05D DB:1B          MREQ    WR                 | Memory write to  05D <- 1B
#006H T6  AB:001 DB:F2          MREQ RD                    | Memory read from 001 -> F2
#007H T7  AB:001 DB:F2          MREQ RD                    | Memory read from 001 -> F2
#023H T8  AB:05C DB:0E          MREQ    WR                 | Memory write to  05C <- 0E
#026H T11 AB:05B DB:1B          MREQ    WR                 | Memory write to  05B <- 1B
#006H T6  AB:001 DB:F3          MREQ RD                    | Memory read from 001 -> F3
#007H T7  AB:001 DB:F3          MREQ RD                    | Memory read from 001 -> F3
#023H T8  AB:05A DB:0D          MREQ    WR                 | Memory write to  05A <- 0D
#026H T11 AB:059 DB:1B          MREQ    WR                 | Memory write to  059 <- 1B
#006H T6  AB:001 DB:F4          MREQ RD                    | Memory read from 001 -> F4
#007H T7  AB:001 DB:F4          MREQ RD                    | Memory read from 001 -> F4
#023H T8  AB:058 DB:0C          MREQ    WR                 | Memory write to  058 <- 0C
#026H T11 AB:057 DB:1B          MREQ    WR                 | Memory write to  057 <- 1B
#006H T6  AB:001 DB:F5          MREQ RD                    | Memory read from 001 -> F5
#007H T7  AB:001 DB:F5          MREQ RD                    | Memory read from 001 -> F5
#023H T8  AB:056 DB:0B          MREQ    WR                 | Memory write to  056 <- 0B
#026H T11 AB:055 DB:1B          MREQ    WR                 | Memory write to  055 <- 1B
#006H T6  AB:001 DB:F6          MREQ RD                    | Memory read from 001 -> F6
#007H T7  AB:001 DB:F6          MREQ RD                    | Memory read from 001 -> F6
#023H T8  AB:054 DB:0A          MREQ    WR                 | Memory write to  054 <- 0A
#026H T11 AB:053 DB:1B          MREQ    WR                 | Memory write to  053 <- 1B
#006H T6  AB:001 DB:F7          MREQ RD                    | Memory read from 001 -> F7
#007H T7  AB:001 DB:F7          MREQ RD                    | Memory read from 001 -> F7
#023H T8  AB:052 DB:09          MREQ    WR                 | Memory write to  052 <- 09
#026H T11 AB:051 DB:1B          MREQ    WR                 | Memory write to  051 <- 1B
#006H T6  AB:001 DB:F8          MREQ RD                    | Memory read from 001 -> F8
#007H T7  AB:001 DB:F8          MREQ RD                    | Memory read from 001 -> F8
#023H T8  AB:050 DB:08          MREQ    WR                 | Memory write to  050 <- 08
#026H T11 AB:04F DB:1B          MREQ    WR                 | Memory write to  04F <- 1B
#006H T6  AB:001 DB:F9          MREQ RD                    | Memory read from 001 -> F9
#007H T7  AB:001 DB:F9          MREQ RD                    | Memory read from 001 -> F9
#023H T8  AB:04E DB:07          MREQ    WR                 | Memory write to  04E <- 07
#026H T11 AB:04D DB:13          MREQ    WR                 | Memory write to  04D <- 13
#006H T6  AB:001 DB:FA          MREQ RD                    | Memory read from 001 -> FA
#007H T7  AB:001 DB:FA          MREQ RD                    | Memory read from 001 -> FA
#023H T8  AB:04C DB:06          MREQ    WR                 | Memory write to  04C <- 06
#026H T11 AB:04B DB:13          MREQ    WR                 | Memory write to  04B <- 13
#006H T6  AB:001 DB:FB          MREQ RD                    | Memory read from 001 -> FB
#007H T7  AB:001 DB:FB          MREQ RD                    | Memory read from 001 -> FB
#023H T8  AB:04A DB:05          MREQ    WR                 | Memory write to  04A <- 05
#026H T11 AB:049 DB:13          MREQ    WR                 | Memory write to  049 <- 13
#006H T6  AB:001 DB:FC          MREQ RD                    | Memory read from 001 -> FC
#007H T7  AB:001 DB:FC          MREQ RD                    | Memory read from 001 -> FC
#023H T8  AB:048 DB:04          MREQ    WR                 | Memory write to  048 <- 04
#026H T11 AB:047 DB:13          MREQ    WR                 | Memory write to  047 <- 13
#006H T6  AB:001 DB:FD          MREQ RD                    | Memory read from 001 -> FD
#007H T7  AB:001 DB:FD          MREQ RD                    | Memory read from 001 -> FD
#023H T8  AB:046 DB:03          MREQ    WR                 | Memory write to  046 <- 03
#026H T11 AB:045 DB:13          MREQ    WR                 | Memory write to  045 <- 13
#006H T6  AB:001 DB:FE          MREQ RD                    | Memory read from 001 -> FE
#007H T7  AB:001 DB:FE          MREQ RD                    | Memory read from 001 -> FE
#023H T8  AB:044 DB:02          MREQ    WR                 | Memory write to  044 <- 02
#026H T11 AB:043 DB:13          MREQ    WR                 | Memory write to  043 <- 13
